Message from henrique#0001:
{
  "channelId": "472227733988966410",
  "guildId": "472200926820827157",
  "id": "941712357967663175",
  "createdTimestamp": 1644592122309,
  "type": "DEFAULT",
  "content": "calma picpay, ctz q esse dinheirão todo não vai fazer diferença pra você?",
  "authorId": "897291486285156362",
  "nonce": "947883084991168512",
  "attachments": [
    "941712358202540053"
  ],
  "cleanContent": "calma picpay, ctz q esse dinheirão todo não vai fazer diferença pra você?"
}
Message from Barman#1975:
{
  "channelId": "831174452606926929",
  "guildId": "472200926820827157",
  "id": "941712359788015636",
  "createdTimestamp": 1644592122743,
  "type": "DEFAULT",
  "authorId": "903730942286364702",
  "embeds": [
    {
      "type": "rich",
      "title": "✏️ Mensagem Recebida",
      "description": "**⏰ Data:** 11/02/2022 12:08:42\n**🎯 Canal:** <#472227733988966410>\n**📝 Conteúdo:** calma picpay, ctz q esse dinheirão todo não vai fazer diferença pra você?\n**📎 Itens Fixados:** • [Screenshot_20220211-120724.png](https://media.discordapp.net/attachments/472227733988966410/941712358202540053/Screenshot_20220211-120724.png) (113 Kb)\n\n**🎲 ID de Registro:** ||ytsuf1p5t82xqanymlw3zjti0||",
      "color": 16438033,
      "timestamp": 1644592122309
    }
  ],
  "attachments": [
    "941712359808979014"
  ]
}
Message from henrique#0001:
{
  "channelId": "472227733988966410",
  "guildId": "472200926820827157",
  "id": "941712371896950845",
  "createdTimestamp": 1644592125630,
  "type": "DEFAULT",
  "content": "fml, hoje, rodízio de traveco, por minha conta",
  "authorId": "897291486285156362",
  "nonce": "947883142247612416",
  "cleanContent": "fml, hoje, rodízio de traveco, por minha conta"
}
Message from Barman#1975:
{
  "channelId": "831174452606926929",
  "guildId": "472200926820827157",
  "id": "941712372471582830",
  "createdTimestamp": 1644592125767,
  "type": "DEFAULT",
  "authorId": "903730942286364702",
  "embeds": [
    {
      "type": "rich",
      "title": "✏️ Mensagem Recebida",
      "description": "**⏰ Data:** 11/02/2022 12:08:45\n**🎯 Canal:** <#472227733988966410>\n**📝 Conteúdo:** fml, hoje, rodízio de traveco, por minha conta\n**🎲 ID de Registro:** ||si3nuoi0qrr68hko15gqwb2jf||",
      "color": 16438033,
      "timestamp": 1644592125630
    }
  ],
  "attachments": [
    "941712372530298890"
  ]
}
Message from henrique#0001:
{
  "channelId": "472227733988966410",
  "guildId": "472200926820827157",
  "id": "941712396555264090",
  "createdTimestamp": 1644592131509,
  "type": "DEFAULT",
  "content": "aproveita q é sexta",
  "authorId": "897291486285156362",
  "nonce": "947883180415778816",
  "cleanContent": "aproveita q é sexta"
}
Message from Barman#1975:
{
  "channelId": "831174452606926929",
  "guildId": "472200926820827157",
  "id": "941712397276676116",
  "createdTimestamp": 1644592131681,
  "type": "DEFAULT",
  "authorId": "903730942286364702",
  "embeds": [
    {
      "type": "rich",
      "title": "✏️ Mensagem Recebida",
      "description": "**⏰ Data:** 11/02/2022 12:08:51\n**🎯 Canal:** <#472227733988966410>\n**📝 Conteúdo:** aproveita q é sexta\n**🎲 ID de Registro:** ||pulcq5a7ftx8bbeqm1b858tyg||",
      "color": 16438033,
      "timestamp": 1644592131509
    }
  ],
  "attachments": [
    "941712397331206194"
  ]
}
Message from Ogoiab#0107:
{
  "channelId": "472227733988966410",
  "guildId": "472200926820827157",
  "id": "941716836247035924",
  "createdTimestamp": 1644593190014,
  "type": "DEFAULT",
  "content": "Estourei",
  "authorId": "475852256336543784",
  "nonce": "947887638424059904",
  "cleanContent": "Estourei"
}
Message from Barman#1975:
{
  "channelId": "831174452606926929",
  "guildId": "472200926820827157",
  "id": "941716837928947733",
  "createdTimestamp": 1644593190415,
  "type": "DEFAULT",
  "authorId": "903730942286364702",
  "embeds": [
    {
      "type": "rich",
      "title": "✏️ Mensagem Recebida",
      "description": "**⏰ Data:** 11/02/2022 12:26:30\n**🎯 Canal:** <#472227733988966410>\n**📝 Conteúdo:** Estourei\n**🎲 ID de Registro:** ||8m62sc68lpm35f6h6azgcj45s||",
      "color": 16438033,
      "timestamp": 1644593190014
    }
  ],
  "attachments": [
    "941716838163820624"
  ]
}
