Message from RockyAloW#1177:
{
  "channelId": "472228705893351435",
  "guildId": "472200926820827157",
  "id": "944698114625904651",
  "createdTimestamp": 1645303982169,
  "type": "DEFAULT",
  "content": "3p Chi Chi Chimo Chimo - (( Mitchino Timothy Kimi no Kimochi Lyrics))",
  "authorId": "389563969540456458",
  "nonce": "944698115099721728",
  "cleanContent": "3p Chi Chi Chimo Chimo - (( Mitchino Timothy Kimi no Kimochi Lyrics))"
}
Message from Barman#1975:
{
  "channelId": "831174452606926929",
  "guildId": "472200926820827157",
  "id": "944698119059284008",
  "createdTimestamp": 1645303983226,
  "type": "DEFAULT",
  "authorId": "903730942286364702",
  "embeds": [
    {
      "type": "rich",
      "title": "✏️ Mensagem Recebida",
      "description": "**⏰ Data:** 19/02/2022 17:53:02\n**🎯 Canal:** <#472228705893351435>\n**📝 Conteúdo:** 3p Chi Chi Chimo Chimo - (( Mitchino Timothy Kimi no Kimochi Lyrics))\n**🎲 ID de Registro:** ||4ej9skvudjnw64ji612qxliov||",
      "color": 16438033,
      "timestamp": 1645303982169
    }
  ],
  "attachments": [
    "944698119084466246"
  ]
}
Message from Miku Music#2160:
{
  "channelId": "472228705893351435",
  "guildId": "472200926820827157",
  "id": "944698142799056921",
  "createdTimestamp": 1645303988886,
  "type": "DEFAULT",
  "authorId": "822983883015454731",
  "embeds": [
    {
      "type": "rich",
      "color": 3447003,
      "fields": [
        {
          "value": "Chi Chi Chimo Chimo - (( Mitchino Timothy Kimi no Kimochi Lyrics))",
          "name": "Name",
          "inline": true
        },
        {
          "value": "216 seconds (3:36)",
          "name": "Duration",
          "inline": true
        },
        {
          "value": "RockyAloW#1177",
          "name": "Requested by",
          "inline": true
        }
      ]
    }
  ]
}
Message from Barman#1975:
{
  "channelId": "831174452606926929",
  "guildId": "472200926820827157",
  "id": "944698143939903518",
  "createdTimestamp": 1645303989158,
  "type": "DEFAULT",
  "authorId": "903730942286364702",
  "embeds": [
    {
      "type": "rich",
      "title": "✏️ Mensagem Recebida",
      "description": "**⏰ Data:** 19/02/2022 17:53:08\n**🎯 Canal:** <#472228705893351435>\n**📝 Conteúdo:** --\n**🎲 ID de Registro:** ||1o65io7k0f1s8slu3w7gtbkoz||",
      "color": 16438033,
      "timestamp": 1645303988886
    }
  ],
  "attachments": [
    "944698143977644132"
  ]
}
Message from Miku Music#2160 was updated:
{
  "old": {
    "channelId": "472228705893351435",
    "guildId": "472200926820827157",
    "id": "944698142799056921",
    "createdTimestamp": 1645303988886,
    "type": "DEFAULT",
    "authorId": "822983883015454731",
    "embeds": [
      {
        "type": "rich",
        "color": 3447003,
        "fields": [
          {
            "value": "Chi Chi Chimo Chimo - (( Mitchino Timothy Kimi no Kimochi Lyrics))",
            "name": "Name",
            "inline": true
          },
          {
            "value": "216 seconds (3:36)",
            "name": "Duration",
            "inline": true
          },
          {
            "value": "RockyAloW#1177",
            "name": "Requested by",
            "inline": true
          }
        ]
      }
    ]
  },
  "new": {
    "channelId": "472228705893351435",
    "guildId": "472200926820827157",
    "id": "944698142799056921",
    "createdTimestamp": 1645303988886,
    "type": "DEFAULT",
    "authorId": "822983883015454731",
    "embeds": [
      {
        "type": "rich",
        "color": 3447003,
        "fields": [
          {
            "value": "Chi Chi Chimo Chimo - (( Mitchino Timothy Kimi no Kimochi Lyrics))",
            "name": "Name",
            "inline": true
          },
          {
            "value": "216 seconds (3:36)",
            "name": "Duration",
            "inline": true
          },
          {
            "value": "RockyAloW#1177",
            "name": "Requested by",
            "inline": true
          }
        ]
      }
    ]
  }
}
Message from Barman#1975:
{
  "channelId": "831174452606926929",
  "guildId": "472200926820827157",
  "id": "944698145995116606",
  "createdTimestamp": 1645303989648,
  "type": "DEFAULT",
  "authorId": "903730942286364702",
  "embeds": [
    {
      "type": "rich",
      "title": "✂️ Mensagem Alterada",
      "description": "**⏰ Data:** 19/02/2022 17:53:08\n**🎯 Canal:** <#472228705893351435>\n**📝 Conteúdo Anterior:** --\n**📝 Conteúdo Novo:** --\n**🎲 ID de Registro:** shivauebjf84omxsrlsrh538x",
      "color": 16438033,
      "timestamp": 1645303988886
    }
  ],
  "attachments": [
    "944698146028658698"
  ]
}
Message from RockyAloW#1177:
{
  "channelId": "472228705893351435",
  "guildId": "472200926820827157",
  "id": "944698447687200899",
  "createdTimestamp": 1645304061577,
  "type": "DEFAULT",
  "content": "3p",
  "authorId": "389563969540456458",
  "nonce": "944698447838052352",
  "cleanContent": "3p"
}
Message from Miku Music#2160:
{
  "channelId": "472228705893351435",
  "guildId": "472200926820827157",
  "id": "944698447993393263",
  "createdTimestamp": 1645304061650,
  "type": "DEFAULT",
  "authorId": "822983883015454731",
  "embeds": [
    {
      "type": "rich",
      "description": "You didn't poivide want i want to play",
      "color": 15158332
    }
  ]
}
Message from Barman#1975:
{
  "channelId": "831174452606926929",
  "guildId": "472200926820827157",
  "id": "944698448341512212",
  "createdTimestamp": 1645304061733,
  "type": "DEFAULT",
  "authorId": "903730942286364702",
  "embeds": [
    {
      "type": "rich",
      "title": "✏️ Mensagem Recebida",
      "description": "**⏰ Data:** 19/02/2022 17:54:21\n**🎯 Canal:** <#472228705893351435>\n**📝 Conteúdo:** 3p\n**🎲 ID de Registro:** ||nksj3rv4tom015pcnq4ptehwo||",
      "color": 16438033,
      "timestamp": 1645304061577
    }
  ],
  "attachments": [
    "944698448379256853"
  ]
}
Message from Barman#1975:
{
  "channelId": "831174452606926929",
  "guildId": "472200926820827157",
  "id": "944698449138442240",
  "createdTimestamp": 1645304061923,
  "type": "DEFAULT",
  "authorId": "903730942286364702",
  "embeds": [
    {
      "type": "rich",
      "title": "✏️ Mensagem Recebida",
      "description": "**⏰ Data:** 19/02/2022 17:54:21\n**🎯 Canal:** <#472228705893351435>\n**📝 Conteúdo:** --\n**🎲 ID de Registro:** ||0m7b2z5lz82f6pab2d9t3t36y||",
      "color": 16438033,
      "timestamp": 1645304061650
    }
  ],
  "attachments": [
    "944698449163599884"
  ]
}
Message from RockyAloW#1177:
{
  "channelId": "472228705893351435",
  "guildId": "472200926820827157",
  "id": "944698462480498739",
  "createdTimestamp": 1645304065104,
  "type": "DEFAULT",
  "content": "3pause",
  "authorId": "389563969540456458",
  "nonce": "944698463117901824",
  "cleanContent": "3pause"
}
Message from Miku Music#2160:
{
  "channelId": "472228705893351435",
  "guildId": "472200926820827157",
  "id": "944698463319388240",
  "createdTimestamp": 1645304065304,
  "type": "DEFAULT",
  "authorId": "822983883015454731",
  "embeds": [
    {
      "type": "rich",
      "title": "Music has been paused!",
      "description": "⏸ Paused the music for you!",
      "color": 16776960
    }
  ]
}
Message from Barman#1975:
{
  "channelId": "831174452606926929",
  "guildId": "472200926820827157",
  "id": "944698463306801202",
  "createdTimestamp": 1645304065301,
  "type": "DEFAULT",
  "authorId": "903730942286364702",
  "embeds": [
    {
      "type": "rich",
      "title": "✏️ Mensagem Recebida",
      "description": "**⏰ Data:** 19/02/2022 17:54:25\n**🎯 Canal:** <#472228705893351435>\n**📝 Conteúdo:** 3pause\n**🎲 ID de Registro:** ||yu7tnp5yqgqxuomyen2e251kv||",
      "color": 16438033,
      "timestamp": 1645304065104
    }
  ],
  "attachments": [
    "944698463327780894"
  ]
}
Message from Barman#1975:
{
  "channelId": "831174452606926929",
  "guildId": "472200926820827157",
  "id": "944698463814316074",
  "createdTimestamp": 1645304065422,
  "type": "DEFAULT",
  "authorId": "903730942286364702",
  "embeds": [
    {
      "type": "rich",
      "title": "✏️ Mensagem Recebida",
      "description": "**⏰ Data:** 19/02/2022 17:54:25\n**🎯 Canal:** <#472228705893351435>\n**📝 Conteúdo:** --\n**🎲 ID de Registro:** ||m3gcnnued7dmq5pdw78kq1br0||",
      "color": 16438033,
      "timestamp": 1645304065304
    }
  ],
  "attachments": [
    "944698464233717840"
  ]
}
Message from RockyAloW#1177:
{
  "channelId": "472228705893351435",
  "guildId": "472200926820827157",
  "id": "944700253985189949",
  "createdTimestamp": 1645304492232,
  "type": "DEFAULT",
  "content": "3p",
  "authorId": "389563969540456458",
  "nonce": "944700254618386432",
  "cleanContent": "3p"
}
Message from Miku Music#2160:
{
  "channelId": "472228705893351435",
  "guildId": "472200926820827157",
  "id": "944700255117664296",
  "createdTimestamp": 1645304492502,
  "type": "DEFAULT",
  "authorId": "822983883015454731",
  "embeds": [
    {
      "type": "rich",
      "description": "You didn't poivide want i want to play",
      "color": 15158332
    }
  ]
}
Message from Barman#1975:
{
  "channelId": "831174452606926929",
  "guildId": "472200926820827157",
  "id": "944700255058919484",
  "createdTimestamp": 1645304492488,
  "type": "DEFAULT",
  "authorId": "903730942286364702",
  "embeds": [
    {
      "type": "rich",
      "title": "✏️ Mensagem Recebida",
      "description": "**⏰ Data:** 19/02/2022 18:01:32\n**🎯 Canal:** <#472228705893351435>\n**📝 Conteúdo:** 3p\n**🎲 ID de Registro:** ||554z41dqvogsyrk6c7p53widw||",
      "color": 16438033,
      "timestamp": 1645304492232
    }
  ],
  "attachments": [
    "944700255105089606"
  ]
}
Message from Barman#1975:
{
  "channelId": "831174452606926929",
  "guildId": "472200926820827157",
  "id": "944700256480800839",
  "createdTimestamp": 1645304492827,
  "type": "DEFAULT",
  "authorId": "903730942286364702",
  "embeds": [
    {
      "type": "rich",
      "title": "✏️ Mensagem Recebida",
      "description": "**⏰ Data:** 19/02/2022 18:01:32\n**🎯 Canal:** <#472228705893351435>\n**📝 Conteúdo:** --\n**🎲 ID de Registro:** ||qyc2k1kkjplghjguqrsj66efv||",
      "color": 16438033,
      "timestamp": 1645304492502
    }
  ],
  "attachments": [
    "944700256501792888"
  ]
}
Message from RockyAloW#1177:
{
  "channelId": "472228705893351435",
  "guildId": "472200926820827157",
  "id": "944700277880152075",
  "createdTimestamp": 1645304497929,
  "type": "DEFAULT",
  "content": "3pause",
  "authorId": "389563969540456458",
  "nonce": "944700278429450240",
  "cleanContent": "3pause"
}
Message from Miku Music#2160:
{
  "channelId": "472228705893351435",
  "guildId": "472200926820827157",
  "id": "944700278702235698",
  "createdTimestamp": 1645304498125,
  "type": "DEFAULT",
  "authorId": "822983883015454731",
  "embeds": [
    {
      "type": "rich",
      "description": "There is nothing playing in this server.",
      "color": 15158332
    }
  ]
}
Message from Barman#1975:
{
  "channelId": "831174452606926929",
  "guildId": "472200926820827157",
  "id": "944700278622543912",
  "createdTimestamp": 1645304498106,
  "type": "DEFAULT",
  "authorId": "903730942286364702",
  "embeds": [
    {
      "type": "rich",
      "title": "✏️ Mensagem Recebida",
      "description": "**⏰ Data:** 19/02/2022 18:01:37\n**🎯 Canal:** <#472228705893351435>\n**📝 Conteúdo:** 3pause\n**🎲 ID de Registro:** ||w7hl6tzk137gcsndt9vzqznv5||",
      "color": 16438033,
      "timestamp": 1645304497929
    }
  ],
  "attachments": [
    "944700278643499089"
  ]
}
Message from Barman#1975:
{
  "channelId": "831174452606926929",
  "guildId": "472200926820827157",
  "id": "944700279943749713",
  "createdTimestamp": 1645304498421,
  "type": "DEFAULT",
  "authorId": "903730942286364702",
  "embeds": [
    {
      "type": "rich",
      "title": "✏️ Mensagem Recebida",
      "description": "**⏰ Data:** 19/02/2022 18:01:38\n**🎯 Canal:** <#472228705893351435>\n**📝 Conteúdo:** --\n**🎲 ID de Registro:** ||mj04ky4ycxwetw09l96edcvjp||",
      "color": 16438033,
      "timestamp": 1645304498125
    }
  ],
  "attachments": [
    "944700279968899162"
  ]
}
Message from RockyAloW#1177:
{
  "channelId": "472228705893351435",
  "guildId": "472200926820827157",
  "id": "944700295391350885",
  "createdTimestamp": 1645304502104,
  "type": "DEFAULT",
  "content": "3despause",
  "authorId": "389563969540456458",
  "nonce": "944700295588347904",
  "cleanContent": "3despause"
}
Message from Barman#1975:
{
  "channelId": "831174452606926929",
  "guildId": "472200926820827157",
  "id": "944700295655587841",
  "createdTimestamp": 1645304502167,
  "type": "DEFAULT",
  "authorId": "903730942286364702",
  "embeds": [
    {
      "type": "rich",
      "title": "✏️ Mensagem Recebida",
      "description": "**⏰ Data:** 19/02/2022 18:01:42\n**🎯 Canal:** <#472228705893351435>\n**📝 Conteúdo:** 3despause\n**🎲 ID de Registro:** ||dr0cfdhfm4h6d9i2ikm5i6q00||",
      "color": 16438033,
      "timestamp": 1645304502104
    }
  ],
  "attachments": [
    "944700296033095750"
  ]
}
Message from RockyAloW#1177:
{
  "channelId": "472228705893351435",
  "guildId": "472200926820827157",
  "id": "944700306141368400",
  "createdTimestamp": 1645304504667,
  "type": "DEFAULT",
  "content": "3play",
  "authorId": "389563969540456458",
  "nonce": "944700306392875008",
  "cleanContent": "3play"
}
Message from Miku Music#2160:
{
  "channelId": "472228705893351435",
  "guildId": "472200926820827157",
  "id": "944700306548215808",
  "createdTimestamp": 1645304504764,
  "type": "DEFAULT",
  "authorId": "822983883015454731",
  "embeds": [
    {
      "type": "rich",
      "description": "You didn't poivide want i want to play",
      "color": 15158332
    }
  ]
}
Message from Barman#1975:
{
  "channelId": "831174452606926929",
  "guildId": "472200926820827157",
  "id": "944700306300751904",
  "createdTimestamp": 1645304504705,
  "type": "DEFAULT",
  "authorId": "903730942286364702",
  "embeds": [
    {
      "type": "rich",
      "title": "✏️ Mensagem Recebida",
      "description": "**⏰ Data:** 19/02/2022 18:01:44\n**🎯 Canal:** <#472228705893351435>\n**📝 Conteúdo:** 3play\n**🎲 ID de Registro:** ||1gezey51vgsvlph1rigagjmts||",
      "color": 16438033,
      "timestamp": 1645304504667
    }
  ],
  "attachments": [
    "944700306690830398"
  ]
}
Message from Barman#1975:
{
  "channelId": "831174452606926929",
  "guildId": "472200926820827157",
  "id": "944700307613577336",
  "createdTimestamp": 1645304505018,
  "type": "DEFAULT",
  "authorId": "903730942286364702",
  "embeds": [
    {
      "type": "rich",
      "title": "✏️ Mensagem Recebida",
      "description": "**⏰ Data:** 19/02/2022 18:01:44\n**🎯 Canal:** <#472228705893351435>\n**📝 Conteúdo:** --\n**🎲 ID de Registro:** ||qbvvc9pw7ptgk5lfl9njyjdg1||",
      "color": 16438033,
      "timestamp": 1645304504764
    }
  ],
  "attachments": [
    "944700307697467422"
  ]
}
Message from RockyAloW#1177:
{
  "channelId": "472228705893351435",
  "guildId": "472200926820827157",
  "id": "944700337351172236",
  "createdTimestamp": 1645304512108,
  "type": "DEFAULT",
  "content": "3p Chi Chi Chimo Chimo - (( Mitchino Timothy Kimi no Kimochi Lyrics))",
  "authorId": "389563969540456458",
  "nonce": "944700337460084736",
  "cleanContent": "3p Chi Chi Chimo Chimo - (( Mitchino Timothy Kimi no Kimochi Lyrics))"
}
Message from Barman#1975:
{
  "channelId": "831174452606926929",
  "guildId": "472200926820827157",
  "id": "944700337825153084",
  "createdTimestamp": 1645304512221,
  "type": "DEFAULT",
  "authorId": "903730942286364702",
  "embeds": [
    {
      "type": "rich",
      "title": "✏️ Mensagem Recebida",
      "description": "**⏰ Data:** 19/02/2022 18:01:52\n**🎯 Canal:** <#472228705893351435>\n**📝 Conteúdo:** 3p Chi Chi Chimo Chimo - (( Mitchino Timothy Kimi no Kimochi Lyrics))\n**🎲 ID de Registro:** ||wa3fd82nyjjckwzs642z46m2w||",
      "color": 16438033,
      "timestamp": 1645304512108
    }
  ],
  "attachments": [
    "944700337867079680"
  ]
}
Message from Miku Music#2160:
{
  "channelId": "472228705893351435",
  "guildId": "472200926820827157",
  "id": "944700347694342195",
  "createdTimestamp": 1645304514574,
  "type": "DEFAULT",
  "authorId": "822983883015454731",
  "embeds": [
    {
      "type": "rich",
      "color": 16776960,
      "fields": [
        {
          "value": "Chi Chi Chimo Chimo - (( Mitchino Timothy Kimi no Kimochi Lyrics))",
          "name": "Name",
          "inline": true
        },
        {
          "value": "216 seconds (3:36)",
          "name": "Duration",
          "inline": true
        },
        {
          "value": "RockyAloW#1177",
          "name": "Requested by",
          "inline": true
        }
      ]
    }
  ]
}
Message from Barman#1975:
{
  "channelId": "831174452606926929",
  "guildId": "472200926820827157",
  "id": "944700348466081843",
  "createdTimestamp": 1645304514758,
  "type": "DEFAULT",
  "authorId": "903730942286364702",
  "embeds": [
    {
      "type": "rich",
      "title": "✏️ Mensagem Recebida",
      "description": "**⏰ Data:** 19/02/2022 18:01:54\n**🎯 Canal:** <#472228705893351435>\n**📝 Conteúdo:** --\n**🎲 ID de Registro:** ||xmsnz727k8r4fyjyxqo4qgwpm||",
      "color": 16438033,
      "timestamp": 1645304514574
    }
  ],
  "attachments": [
    "944700348591902750"
  ]
}
Message from RockyAloW#1177:
{
  "channelId": "472228705893351435",
  "guildId": "472200926820827157",
  "id": "944700425066672188",
  "createdTimestamp": 1645304533021,
  "type": "DEFAULT",
  "content": "3play",
  "authorId": "389563969540456458",
  "nonce": "944700425288810496",
  "cleanContent": "3play"
}
Message from Miku Music#2160:
{
  "channelId": "472228705893351435",
  "guildId": "472200926820827157",
  "id": "944700425582555206",
  "createdTimestamp": 1645304533144,
  "type": "DEFAULT",
  "authorId": "822983883015454731",
  "embeds": [
    {
      "type": "rich",
      "description": "You didn't poivide want i want to play",
      "color": 15158332
    }
  ]
}
Message from Barman#1975:
{
  "channelId": "831174452606926929",
  "guildId": "472200926820827157",
  "id": "944700425565773874",
  "createdTimestamp": 1645304533140,
  "type": "DEFAULT",
  "authorId": "903730942286364702",
  "embeds": [
    {
      "type": "rich",
      "title": "✏️ Mensagem Recebida",
      "description": "**⏰ Data:** 19/02/2022 18:02:13\n**🎯 Canal:** <#472228705893351435>\n**📝 Conteúdo:** 3play\n**🎲 ID de Registro:** ||8i6pwuydm2j0bhqyvs8jsdomz||",
      "color": 16438033,
      "timestamp": 1645304533021
    }
  ],
  "attachments": [
    "944700425582575676"
  ]
}
Message from Barman#1975:
{
  "channelId": "831174452606926929",
  "guildId": "472200926820827157",
  "id": "944700426312384622",
  "createdTimestamp": 1645304533318,
  "type": "DEFAULT",
  "authorId": "903730942286364702",
  "embeds": [
    {
      "type": "rich",
      "title": "✏️ Mensagem Recebida",
      "description": "**⏰ Data:** 19/02/2022 18:02:13\n**🎯 Canal:** <#472228705893351435>\n**📝 Conteúdo:** --\n**🎲 ID de Registro:** ||yt7r2inqsdqm7n8nldwlkd2qu||",
      "color": 16438033,
      "timestamp": 1645304533144
    }
  ],
  "attachments": [
    "944700426337534043"
  ]
}
Message from RockyAloW#1177:
{
  "channelId": "472228705893351435",
  "guildId": "472200926820827157",
  "id": "944700450895167538",
  "createdTimestamp": 1645304539179,
  "type": "DEFAULT",
  "content": "3discconect",
  "authorId": "389563969540456458",
  "nonce": "944700451083780096",
  "cleanContent": "3discconect"
}
Message from Barman#1975:
{
  "channelId": "831174452606926929",
  "guildId": "472200926820827157",
  "id": "944700451297824788",
  "createdTimestamp": 1645304539275,
  "type": "DEFAULT",
  "authorId": "903730942286364702",
  "embeds": [
    {
      "type": "rich",
      "title": "✏️ Mensagem Recebida",
      "description": "**⏰ Data:** 19/02/2022 18:02:19\n**🎯 Canal:** <#472228705893351435>\n**📝 Conteúdo:** 3discconect\n**🎲 ID de Registro:** ||is3emjan3ohvw4bj6gttqp373||",
      "color": 16438033,
      "timestamp": 1645304539179
    }
  ],
  "attachments": [
    "944700451323011153"
  ]
}
Message from RockyAloW#1177:
{
  "channelId": "472228705893351435",
  "guildId": "472200926820827157",
  "id": "944700474781728790",
  "createdTimestamp": 1645304544874,
  "type": "DEFAULT",
  "content": "3leave]",
  "authorId": "389563969540456458",
  "nonce": "944700475423326208",
  "cleanContent": "3leave]"
}
Message from Barman#1975:
{
  "channelId": "831174452606926929",
  "guildId": "472200926820827157",
  "id": "944700475566088272",
  "createdTimestamp": 1645304545061,
  "type": "DEFAULT",
  "authorId": "903730942286364702",
  "embeds": [
    {
      "type": "rich",
      "title": "✏️ Mensagem Recebida",
      "description": "**⏰ Data:** 19/02/2022 18:02:24\n**🎯 Canal:** <#472228705893351435>\n**📝 Conteúdo:** 3leave]\n**🎲 ID de Registro:** ||edl0xcbc8swiurzz6y34216yu||",
      "color": 16438033,
      "timestamp": 1645304544874
    }
  ],
  "attachments": [
    "944700475595431976"
  ]
}
Message from RockyAloW#1177:
{
  "channelId": "472228705893351435",
  "guildId": "472200926820827157",
  "id": "944700485628219422",
  "createdTimestamp": 1645304547460,
  "type": "DEFAULT",
  "content": "3leave",
  "authorId": "389563969540456458",
  "nonce": "944700485762285568",
  "cleanContent": "3leave"
}
Message from Miku Music#2160:
{
  "channelId": "472228705893351435",
  "guildId": "472200926820827157",
  "id": "944700486051831908",
  "createdTimestamp": 1645304547561,
  "type": "DEFAULT",
  "authorId": "822983883015454731",
  "embeds": [
    {
      "type": "rich",
      "title": "Success",
      "description": "🎶 Left The Voice Channel.",
      "color": 3066993,
      "timestamp": 1645304547499
    }
  ]
}
Message from Barman#1975:
{
  "channelId": "831174452606926929",
  "guildId": "472200926820827157",
  "id": "944700486202839100",
  "createdTimestamp": 1645304547597,
  "type": "DEFAULT",
  "authorId": "903730942286364702",
  "embeds": [
    {
      "type": "rich",
      "title": "✏️ Mensagem Recebida",
      "description": "**⏰ Data:** 19/02/2022 18:02:27\n**🎯 Canal:** <#472228705893351435>\n**📝 Conteúdo:** 3leave\n**🎲 ID de Registro:** ||efkgqhltzakee3o6w1bvejnrb||",
      "color": 16438033,
      "timestamp": 1645304547460
    }
  ],
  "attachments": [
    "944700486303506452"
  ]
}
Message from Barman#1975:
{
  "channelId": "831174452606926929",
  "guildId": "472200926820827157",
  "id": "944700487159123968",
  "createdTimestamp": 1645304547825,
  "type": "DEFAULT",
  "authorId": "903730942286364702",
  "embeds": [
    {
      "type": "rich",
      "title": "✏️ Mensagem Recebida",
      "description": "**⏰ Data:** 19/02/2022 18:02:27\n**🎯 Canal:** <#472228705893351435>\n**📝 Conteúdo:** --\n**🎲 ID de Registro:** ||7eh7e10024gez8nn6tlwxssco||",
      "color": 16438033,
      "timestamp": 1645304547561
    }
  ],
  "attachments": [
    "944700487255613530"
  ]
}
Message from RockyAloW#1177:
{
  "channelId": "472228705893351435",
  "guildId": "472200926820827157",
  "id": "944700504607457291",
  "createdTimestamp": 1645304551985,
  "type": "DEFAULT",
  "content": "3p 3p Chi Chi Chimo Chimo - (( Mitchino Timothy Kimi no Kimochi Lyrics))",
  "authorId": "389563969540456458",
  "nonce": "944700505056083968",
  "cleanContent": "3p 3p Chi Chi Chimo Chimo - (( Mitchino Timothy Kimi no Kimochi Lyrics))"
}
Message from Barman#1975:
{
  "channelId": "831174452606926929",
  "guildId": "472200926820827157",
  "id": "944700505387577384",
  "createdTimestamp": 1645304552171,
  "type": "DEFAULT",
  "authorId": "903730942286364702",
  "embeds": [
    {
      "type": "rich",
      "title": "✏️ Mensagem Recebida",
      "description": "**⏰ Data:** 19/02/2022 18:02:31\n**🎯 Canal:** <#472228705893351435>\n**📝 Conteúdo:** 3p 3p Chi Chi Chimo Chimo - (( Mitchino Timothy Kimi no Kimochi Lyrics))\n**🎲 ID de Registro:** ||k0o488bosv8qxbpwarv2r2q0x||",
      "color": 16438033,
      "timestamp": 1645304551985
    }
  ],
  "attachments": [
    "944700505425318006"
  ]
}
Message from RockyAloW#1177:
{
  "channelId": "472228705893351435",
  "guildId": "472200926820827157",
  "id": "944700512857653360",
  "createdTimestamp": 1645304553952,
  "type": "DEFAULT",
  "content": "3p Chi Chi Chimo Chimo - (( Mitchino Timothy Kimi no Kimochi Lyrics))",
  "authorId": "389563969540456458",
  "nonce": "944700512987512832",
  "cleanContent": "3p Chi Chi Chimo Chimo - (( Mitchino Timothy Kimi no Kimochi Lyrics))"
}
Message from Barman#1975:
{
  "channelId": "831174452606926929",
  "guildId": "472200926820827157",
  "id": "944700513449042000",
  "createdTimestamp": 1645304554093,
  "type": "DEFAULT",
  "authorId": "903730942286364702",
  "embeds": [
    {
      "type": "rich",
      "title": "✏️ Mensagem Recebida",
      "description": "**⏰ Data:** 19/02/2022 18:02:33\n**🎯 Canal:** <#472228705893351435>\n**📝 Conteúdo:** 3p Chi Chi Chimo Chimo - (( Mitchino Timothy Kimi no Kimochi Lyrics))\n**🎲 ID de Registro:** ||cjpmw0pwzc5ra3nur8tvwmz4x||",
      "color": 16438033,
      "timestamp": 1645304553952
    }
  ],
  "attachments": [
    "944700513478393926"
  ]
}
Message from Miku Music#2160:
{
  "channelId": "472228705893351435",
  "guildId": "472200926820827157",
  "id": "944700521074274334",
  "createdTimestamp": 1645304555911,
  "type": "DEFAULT",
  "authorId": "822983883015454731",
  "embeds": [
    {
      "type": "rich",
      "color": 16776960,
      "fields": [
        {
          "value": "Chi Chi Chimo Chimo - (( Mitchino Timothy Kimi no Kimochi Lyrics))",
          "name": "Name",
          "inline": true
        },
        {
          "value": "216 seconds (3:36)",
          "name": "Duration",
          "inline": true
        },
        {
          "value": "RockyAloW#1177",
          "name": "Requested by",
          "inline": true
        }
      ]
    }
  ]
}
Message from Barman#1975:
{
  "channelId": "831174452606926929",
  "guildId": "472200926820827157",
  "id": "944700521632125029",
  "createdTimestamp": 1645304556044,
  "type": "DEFAULT",
  "authorId": "903730942286364702",
  "embeds": [
    {
      "type": "rich",
      "title": "✏️ Mensagem Recebida",
      "description": "**⏰ Data:** 19/02/2022 18:02:35\n**🎯 Canal:** <#472228705893351435>\n**📝 Conteúdo:** --\n**🎲 ID de Registro:** ||bhb42hy5e5qb7viviflzrdr73||",
      "color": 16438033,
      "timestamp": 1645304555911
    }
  ],
  "attachments": [
    "944700521736962079"
  ]
}
Message from Miku Music#2160:
{
  "channelId": "472228705893351435",
  "guildId": "472200926820827157",
  "id": "944700522986864660",
  "createdTimestamp": 1645304556367,
  "type": "DEFAULT",
  "authorId": "822983883015454731",
  "embeds": [
    {
      "type": "rich",
      "color": 3447003,
      "fields": [
        {
          "value": "Chi Chi Chimo Chimo - (( Mitchino Timothy Kimi no Kimochi Lyrics))",
          "name": "Name",
          "inline": true
        },
        {
          "value": "216 seconds (3:36)",
          "name": "Duration",
          "inline": true
        },
        {
          "value": "RockyAloW#1177",
          "name": "Requested by",
          "inline": true
        }
      ]
    }
  ]
}
Message from Barman#1975:
{
  "channelId": "831174452606926929",
  "guildId": "472200926820827157",
  "id": "944700523414683728",
  "createdTimestamp": 1645304556469,
  "type": "DEFAULT",
  "authorId": "903730942286364702",
  "embeds": [
    {
      "type": "rich",
      "title": "✏️ Mensagem Recebida",
      "description": "**⏰ Data:** 19/02/2022 18:02:36\n**🎯 Canal:** <#472228705893351435>\n**📝 Conteúdo:** --\n**🎲 ID de Registro:** ||3yxiqn3z7k75zm95ndhl04fwv||",
      "color": 16438033,
      "timestamp": 1645304556367
    }
  ],
  "attachments": [
    "944700523427270736"
  ]
}
Message from Miku Music#2160:
{
  "channelId": "472228705893351435",
  "guildId": "472200926820827157",
  "id": "944701429107552287",
  "createdTimestamp": 1645304772403,
  "type": "DEFAULT",
  "authorId": "822983883015454731",
  "embeds": [
    {
      "type": "rich",
      "color": 3447003,
      "fields": [
        {
          "value": "Chi Chi Chimo Chimo - (( Mitchino Timothy Kimi no Kimochi Lyrics))",
          "name": "Name",
          "inline": true
        },
        {
          "value": "216 seconds (3:36)",
          "name": "Duration",
          "inline": true
        },
        {
          "value": "RockyAloW#1177",
          "name": "Requested by",
          "inline": true
        }
      ]
    }
  ]
}
Message from Barman#1975:
{
  "channelId": "831174452606926929",
  "guildId": "472200926820827157",
  "id": "944701429690540033",
  "createdTimestamp": 1645304772542,
  "type": "DEFAULT",
  "authorId": "903730942286364702",
  "embeds": [
    {
      "type": "rich",
      "title": "✏️ Mensagem Recebida",
      "description": "**⏰ Data:** 19/02/2022 18:06:12\n**🎯 Canal:** <#472228705893351435>\n**📝 Conteúdo:** --\n**🎲 ID de Registro:** ||q0wrh5jbahxoeix0xvveszfxa||",
      "color": 16438033,
      "timestamp": 1645304772403
    }
  ],
  "attachments": [
    "944701429984133241"
  ]
}
Message from RockyAloW#1177:
{
  "channelId": "472228705893351435",
  "guildId": "472200926820827157",
  "id": "944701530987188274",
  "createdTimestamp": 1645304796693,
  "type": "DEFAULT",
  "content": "3s",
  "authorId": "389563969540456458",
  "nonce": "944701531171586048",
  "cleanContent": "3s"
}
Message from Barman#1975:
{
  "channelId": "831174452606926929",
  "guildId": "472200926820827157",
  "id": "944701531566006322",
  "createdTimestamp": 1645304796831,
  "type": "DEFAULT",
  "authorId": "903730942286364702",
  "embeds": [
    {
      "type": "rich",
      "title": "✏️ Mensagem Recebida",
      "description": "**⏰ Data:** 19/02/2022 18:06:36\n**🎯 Canal:** <#472228705893351435>\n**📝 Conteúdo:** 3s\n**🎲 ID de Registro:** ||0s858at7czgzfy2udi9sp83xy||",
      "color": 16438033,
      "timestamp": 1645304796693
    }
  ],
  "attachments": [
    "944701531612127282"
  ]
}
Message from RockyAloW#1177:
{
  "channelId": "472228705893351435",
  "guildId": "472200926820827157",
  "id": "944701562654171186",
  "createdTimestamp": 1645304804243,
  "type": "DEFAULT",
  "content": "3p Human",
  "authorId": "389563969540456458",
  "nonce": "944701562880524288",
  "cleanContent": "3p Human"
}
Message from Barman#1975:
{
  "channelId": "831174452606926929",
  "guildId": "472200926820827157",
  "id": "944701563149115464",
  "createdTimestamp": 1645304804361,
  "type": "DEFAULT",
  "authorId": "903730942286364702",
  "embeds": [
    {
      "type": "rich",
      "title": "✏️ Mensagem Recebida",
      "description": "**⏰ Data:** 19/02/2022 18:06:44\n**🎯 Canal:** <#472228705893351435>\n**📝 Conteúdo:** 3p Human\n**🎲 ID de Registro:** ||51y3p204sju47b2rvmvxmw1rr||",
      "color": 16438033,
      "timestamp": 1645304804243
    }
  ],
  "attachments": [
    "944701563174277170"
  ]
}
Message from Miku Music#2160:
{
  "channelId": "472228705893351435",
  "guildId": "472200926820827157",
  "id": "944701571852296263",
  "createdTimestamp": 1645304806436,
  "type": "DEFAULT",
  "authorId": "822983883015454731",
  "embeds": [
    {
      "type": "rich",
      "color": 3447003,
      "fields": [
        {
          "value": "Rag'n'Bone Man - Human (Official Video)",
          "name": "Name",
          "inline": true
        },
        {
          "value": "198 seconds (3:18)",
          "name": "Duration",
          "inline": true
        },
        {
          "value": "RockyAloW#1177",
          "name": "Requested by",
          "inline": true
        }
      ]
    }
  ]
}
Message from Barman#1975:
{
  "channelId": "831174452606926929",
  "guildId": "472200926820827157",
  "id": "944701572733083758",
  "createdTimestamp": 1645304806646,
  "type": "DEFAULT",
  "authorId": "903730942286364702",
  "embeds": [
    {
      "type": "rich",
      "title": "✏️ Mensagem Recebida",
      "description": "**⏰ Data:** 19/02/2022 18:06:46\n**🎯 Canal:** <#472228705893351435>\n**📝 Conteúdo:** --\n**🎲 ID de Registro:** ||pycr0dv7t1ty5q6jzliczdri2||",
      "color": 16438033,
      "timestamp": 1645304806436
    }
  ],
  "attachments": [
    "944701572754047027"
  ]
}
Message from RockyAloW#1177:
{
  "channelId": "472228705893351435",
  "guildId": "472200926820827157",
  "id": "944701628609626252",
  "createdTimestamp": 1645304819968,
  "type": "DEFAULT",
  "content": "3p Industry baby x E.T.",
  "authorId": "389563969540456458",
  "nonce": "944701628684959744",
  "cleanContent": "3p Industry baby x E.T."
}
Message from Barman#1975:
{
  "channelId": "831174452606926929",
  "guildId": "472200926820827157",
  "id": "944701629238747218",
  "createdTimestamp": 1645304820118,
  "type": "DEFAULT",
  "authorId": "903730942286364702",
  "embeds": [
    {
      "type": "rich",
      "title": "✏️ Mensagem Recebida",
      "description": "**⏰ Data:** 19/02/2022 18:06:59\n**🎯 Canal:** <#472228705893351435>\n**📝 Conteúdo:** 3p Industry baby x E.T.\n**🎲 ID de Registro:** ||mhivqyocbt2tuv6t8eunuo7si||",
      "color": 16438033,
      "timestamp": 1645304819968
    }
  ],
  "attachments": [
    "944701629284896888"
  ]
}
Message from Miku Music#2160:
{
  "channelId": "472228705893351435",
  "guildId": "472200926820827157",
  "id": "944701635987378216",
  "createdTimestamp": 1645304821727,
  "type": "DEFAULT",
  "authorId": "822983883015454731",
  "embeds": [
    {
      "type": "rich",
      "color": 16776960,
      "fields": [
        {
          "value": "Lil Nas X, Katy Perry - Industry Baby vs. E.T. (Mashup)",
          "name": "Name",
          "inline": true
        },
        {
          "value": "255 seconds (4:15)",
          "name": "Duration",
          "inline": true
        },
        {
          "value": "RockyAloW#1177",
          "name": "Requested by",
          "inline": true
        }
      ]
    }
  ]
}
Message from Barman#1975:
{
  "channelId": "831174452606926929",
  "guildId": "472200926820827157",
  "id": "944701636402630726",
  "createdTimestamp": 1645304821826,
  "type": "DEFAULT",
  "authorId": "903730942286364702",
  "embeds": [
    {
      "type": "rich",
      "title": "✏️ Mensagem Recebida",
      "description": "**⏰ Data:** 19/02/2022 18:07:01\n**🎯 Canal:** <#472228705893351435>\n**📝 Conteúdo:** --\n**🎲 ID de Registro:** ||jdw629i12xajphdv8oxgr826t||",
      "color": 16438033,
      "timestamp": 1645304821727
    }
  ],
  "attachments": [
    "944701636423585883"
  ]
}
Message from Miku Music#2160:
{
  "channelId": "472228705893351435",
  "guildId": "472200926820827157",
  "id": "944702406585905203",
  "createdTimestamp": 1645305005452,
  "type": "DEFAULT",
  "authorId": "822983883015454731",
  "embeds": [
    {
      "type": "rich",
      "color": 3447003,
      "fields": [
        {
          "value": "Lil Nas X, Katy Perry - Industry Baby vs. E.T. (Mashup)",
          "name": "Name",
          "inline": true
        },
        {
          "value": "255 seconds (4:15)",
          "name": "Duration",
          "inline": true
        },
        {
          "value": "RockyAloW#1177",
          "name": "Requested by",
          "inline": true
        }
      ]
    }
  ]
}
Message from Barman#1975:
{
  "channelId": "831174452606926929",
  "guildId": "472200926820827157",
  "id": "944702407156310066",
  "createdTimestamp": 1645305005588,
  "type": "DEFAULT",
  "authorId": "903730942286364702",
  "embeds": [
    {
      "type": "rich",
      "title": "✏️ Mensagem Recebida",
      "description": "**⏰ Data:** 19/02/2022 18:10:05\n**🎯 Canal:** <#472228705893351435>\n**📝 Conteúdo:** --\n**🎲 ID de Registro:** ||s483ej3ant5bqtnc0se3vu5ig||",
      "color": 16438033,
      "timestamp": 1645305005452
    }
  ],
  "attachments": [
    "944702407185690655"
  ]
}
Message from RockyAloW#1177:
{
  "channelId": "472228705893351435",
  "guildId": "472200926820827157",
  "id": "944702714825306122",
  "createdTimestamp": 1645305078942,
  "type": "DEFAULT",
  "content": "industry baby x gas gas gas",
  "authorId": "389563969540456458",
  "nonce": "944702714770620416",
  "cleanContent": "industry baby x gas gas gas"
}
Message from Barman#1975:
{
  "channelId": "831174452606926929",
  "guildId": "472200926820827157",
  "id": "944702715337011240",
  "createdTimestamp": 1645305079064,
  "type": "DEFAULT",
  "authorId": "903730942286364702",
  "embeds": [
    {
      "type": "rich",
      "title": "✏️ Mensagem Recebida",
      "description": "**⏰ Data:** 19/02/2022 18:11:18\n**🎯 Canal:** <#472228705893351435>\n**📝 Conteúdo:** industry baby x gas gas gas\n**🎲 ID de Registro:** ||hdsgsxmq1dzb5yxshxg702nib||",
      "color": 16438033,
      "timestamp": 1645305078942
    }
  ],
  "attachments": [
    "944702715357966376"
  ]
}
Message from RockyAloW#1177:
{
  "channelId": "472228705893351435",
  "guildId": "472200926820827157",
  "id": "944703548342534144",
  "createdTimestamp": 1645305277668,
  "type": "DEFAULT",
  "content": "3p industry baby x gas gas gas",
  "authorId": "389563969540456458",
  "nonce": "944703548573089792",
  "cleanContent": "3p industry baby x gas gas gas"
}
Message from Barman#1975:
{
  "channelId": "831174452606926929",
  "guildId": "472200926820827157",
  "id": "944703548757798963",
  "createdTimestamp": 1645305277767,
  "type": "DEFAULT",
  "authorId": "903730942286364702",
  "embeds": [
    {
      "type": "rich",
      "title": "✏️ Mensagem Recebida",
      "description": "**⏰ Data:** 19/02/2022 18:14:37\n**🎯 Canal:** <#472228705893351435>\n**📝 Conteúdo:** 3p industry baby x gas gas gas\n**🎲 ID de Registro:** ||nos27losbysfec3h3l4460lca||",
      "color": 16438033,
      "timestamp": 1645305277668
    }
  ],
  "attachments": [
    "944703548778741801"
  ]
}
Message from Miku Music#2160:
{
  "channelId": "472228705893351435",
  "guildId": "472200926820827157",
  "id": "944703558782169149",
  "createdTimestamp": 1645305280157,
  "type": "DEFAULT",
  "authorId": "822983883015454731",
  "embeds": [
    {
      "type": "rich",
      "color": 3447003,
      "fields": [
        {
          "value": "Industry Baby x Gas Gas Gas (Audio)",
          "name": "Name",
          "inline": true
        },
        {
          "value": "136 seconds (2:16)",
          "name": "Duration",
          "inline": true
        },
        {
          "value": "RockyAloW#1177",
          "name": "Requested by",
          "inline": true
        }
      ]
    }
  ]
}
Message from Barman#1975:
{
  "channelId": "831174452606926929",
  "guildId": "472200926820827157",
  "id": "944703559214190692",
  "createdTimestamp": 1645305280260,
  "type": "DEFAULT",
  "authorId": "903730942286364702",
  "embeds": [
    {
      "type": "rich",
      "title": "✏️ Mensagem Recebida",
      "description": "**⏰ Data:** 19/02/2022 18:14:40\n**🎯 Canal:** <#472228705893351435>\n**📝 Conteúdo:** --\n**🎲 ID de Registro:** ||7t1ks8vuffrfbub4f5rsimdf2||",
      "color": 16438033,
      "timestamp": 1645305280157
    }
  ],
  "attachments": [
    "944703559235141682"
  ]
}
Message from Miku Music#2160 was updated:
{
  "old": {
    "channelId": "472228705893351435",
    "guildId": "472200926820827157",
    "id": "944703558782169149",
    "createdTimestamp": 1645305280157,
    "type": "DEFAULT",
    "authorId": "822983883015454731",
    "embeds": [
      {
        "type": "rich",
        "color": 3447003,
        "fields": [
          {
            "value": "Industry Baby x Gas Gas Gas (Audio)",
            "name": "Name",
            "inline": true
          },
          {
            "value": "136 seconds (2:16)",
            "name": "Duration",
            "inline": true
          },
          {
            "value": "RockyAloW#1177",
            "name": "Requested by",
            "inline": true
          }
        ]
      }
    ]
  },
  "new": {
    "channelId": "472228705893351435",
    "guildId": "472200926820827157",
    "id": "944703558782169149",
    "createdTimestamp": 1645305280157,
    "type": "DEFAULT",
    "authorId": "822983883015454731",
    "embeds": [
      {
        "type": "rich",
        "color": 3447003,
        "fields": [
          {
            "value": "Industry Baby x Gas Gas Gas (Audio)",
            "name": "Name",
            "inline": true
          },
          {
            "value": "136 seconds (2:16)",
            "name": "Duration",
            "inline": true
          },
          {
            "value": "RockyAloW#1177",
            "name": "Requested by",
            "inline": true
          }
        ]
      }
    ]
  }
}
Message from Barman#1975:
{
  "channelId": "831174452606926929",
  "guildId": "472200926820827157",
  "id": "944703560933867631",
  "createdTimestamp": 1645305280670,
  "type": "DEFAULT",
  "authorId": "903730942286364702",
  "embeds": [
    {
      "type": "rich",
      "title": "✂️ Mensagem Alterada",
      "description": "**⏰ Data:** 19/02/2022 18:14:40\n**🎯 Canal:** <#472228705893351435>\n**📝 Conteúdo Anterior:** --\n**📝 Conteúdo Novo:** --\n**🎲 ID de Registro:** ux3v5gwql1h1kmrabpyno4cs8",
      "color": 16438033,
      "timestamp": 1645305280157
    }
  ],
  "attachments": [
    "944703560979984475"
  ]
}
Message from RockyAloW#1177:
{
  "channelId": "472228705893351435",
  "guildId": "472200926820827157",
  "id": "944704487807909989",
  "createdTimestamp": 1645305501654,
  "type": "DEFAULT",
  "content": "3p eminem without me",
  "authorId": "389563969540456458",
  "nonce": "944704487971356672",
  "cleanContent": "3p eminem without me"
}
Message from Barman#1975:
{
  "channelId": "831174452606926929",
  "guildId": "472200926820827157",
  "id": "944704488470630460",
  "createdTimestamp": 1645305501812,
  "type": "DEFAULT",
  "authorId": "903730942286364702",
  "embeds": [
    {
      "type": "rich",
      "title": "✏️ Mensagem Recebida",
      "description": "**⏰ Data:** 19/02/2022 18:18:21\n**🎯 Canal:** <#472228705893351435>\n**📝 Conteúdo:** 3p eminem without me\n**🎲 ID de Registro:** ||74n3256xw57h8uvej2ybnr615||",
      "color": 16438033,
      "timestamp": 1645305501654
    }
  ],
  "attachments": [
    "944704488487415818"
  ]
}
Message from Miku Music#2160:
{
  "channelId": "472228705893351435",
  "guildId": "472200926820827157",
  "id": "944704496569810954",
  "createdTimestamp": 1645305503743,
  "type": "DEFAULT",
  "authorId": "822983883015454731",
  "embeds": [
    {
      "type": "rich",
      "color": 3447003,
      "fields": [
        {
          "value": "Eminem - Without Me (Official Music Video)",
          "name": "Name",
          "inline": true
        },
        {
          "value": "298 seconds (4:58)",
          "name": "Duration",
          "inline": true
        },
        {
          "value": "RockyAloW#1177",
          "name": "Requested by",
          "inline": true
        }
      ]
    }
  ]
}
Message from Barman#1975:
{
  "channelId": "831174452606926929",
  "guildId": "472200926820827157",
  "id": "944704496720830475",
  "createdTimestamp": 1645305503779,
  "type": "DEFAULT",
  "authorId": "903730942286364702",
  "embeds": [
    {
      "type": "rich",
      "title": "✏️ Mensagem Recebida",
      "description": "**⏰ Data:** 19/02/2022 18:18:23\n**🎯 Canal:** <#472228705893351435>\n**📝 Conteúdo:** --\n**🎲 ID de Registro:** ||pulxzxivlcxw2de7ti73obgiv||",
      "color": 16438033,
      "timestamp": 1645305503743
    }
  ],
  "attachments": [
    "944704497073143828"
  ]
}
Message from RockyAloW#1177:
{
  "channelId": "472228705893351435",
  "guildId": "472200926820827157",
  "id": "944704537493643305",
  "createdTimestamp": 1645305513500,
  "type": "DEFAULT",
  "content": "3p eminem stan but its only dido",
  "authorId": "389563969540456458",
  "nonce": "944704537711607808",
  "cleanContent": "3p eminem stan but its only dido"
}
Message from Barman#1975:
{
  "channelId": "831174452606926929",
  "guildId": "472200926820827157",
  "id": "944704538236031056",
  "createdTimestamp": 1645305513677,
  "type": "DEFAULT",
  "authorId": "903730942286364702",
  "embeds": [
    {
      "type": "rich",
      "title": "✏️ Mensagem Recebida",
      "description": "**⏰ Data:** 19/02/2022 18:18:33\n**🎯 Canal:** <#472228705893351435>\n**📝 Conteúdo:** 3p eminem stan but its only dido\n**🎲 ID de Registro:** ||wvn9dxfofruln1644iu2duzvj||",
      "color": 16438033,
      "timestamp": 1645305513500
    }
  ],
  "attachments": [
    "944704538286387280"
  ]
}
Message from Miku Music#2160:
{
  "channelId": "472228705893351435",
  "guildId": "472200926820827157",
  "id": "944704546389762138",
  "createdTimestamp": 1645305515621,
  "type": "DEFAULT",
  "authorId": "822983883015454731",
  "embeds": [
    {
      "type": "rich",
      "color": 16776960,
      "fields": [
        {
          "value": "Stan but it's only Dido (slowed w/ reverb)",
          "name": "Name",
          "inline": true
        },
        {
          "value": "533 seconds (8:53)",
          "name": "Duration",
          "inline": true
        },
        {
          "value": "RockyAloW#1177",
          "name": "Requested by",
          "inline": true
        }
      ]
    }
  ]
}
Message from Barman#1975:
{
  "channelId": "831174452606926929",
  "guildId": "472200926820827157",
  "id": "944704546805010473",
  "createdTimestamp": 1645305515720,
  "type": "DEFAULT",
  "authorId": "903730942286364702",
  "embeds": [
    {
      "type": "rich",
      "title": "✏️ Mensagem Recebida",
      "description": "**⏰ Data:** 19/02/2022 18:18:35\n**🎯 Canal:** <#472228705893351435>\n**📝 Conteúdo:** --\n**🎲 ID de Registro:** ||dr735rpkuukr9p60nkcshep72||",
      "color": 16438033,
      "timestamp": 1645305515621
    }
  ],
  "attachments": [
    "944704546817585232"
  ]
}
Message from Miku Music#2160:
{
  "channelId": "472228705893351435",
  "guildId": "472200926820827157",
  "id": "944705748858978374",
  "createdTimestamp": 1645305802312,
  "type": "DEFAULT",
  "authorId": "822983883015454731",
  "embeds": [
    {
      "type": "rich",
      "color": 3447003,
      "fields": [
        {
          "value": "Stan but it's only Dido (slowed w/ reverb)",
          "name": "Name",
          "inline": true
        },
        {
          "value": "533 seconds (8:53)",
          "name": "Duration",
          "inline": true
        },
        {
          "value": "RockyAloW#1177",
          "name": "Requested by",
          "inline": true
        }
      ]
    }
  ]
}
Message from Barman#1975:
{
  "channelId": "831174452606926929",
  "guildId": "472200926820827157",
  "id": "944705749441998868",
  "createdTimestamp": 1645305802451,
  "type": "DEFAULT",
  "authorId": "903730942286364702",
  "embeds": [
    {
      "type": "rich",
      "title": "✏️ Mensagem Recebida",
      "description": "**⏰ Data:** 19/02/2022 18:23:22\n**🎯 Canal:** <#472228705893351435>\n**📝 Conteúdo:** --\n**🎲 ID de Registro:** ||boq7jo350f39lhy2fvxuobxmw||",
      "color": 16438033,
      "timestamp": 1645305802312
    }
  ],
  "attachments": [
    "944705749467168778"
  ]
}
Message from Fabimpk#0648:
{
  "channelId": "472227733988966410",
  "guildId": "472200926820827157",
  "id": "944710031947989072",
  "createdTimestamp": 1645306823480,
  "type": "DEFAULT",
  "authorId": "315127424062849024",
  "nonce": "944710020723900416",
  "attachments": [
    "944710031536959528"
  ]
}
Message from Barman#1975:
{
  "channelId": "831174452606926929",
  "guildId": "472200926820827157",
  "id": "944710033122410616",
  "createdTimestamp": 1645306823760,
  "type": "DEFAULT",
  "authorId": "903730942286364702",
  "embeds": [
    {
      "type": "rich",
      "title": "✏️ Mensagem Recebida",
      "description": "**⏰ Data:** 19/02/2022 18:40:23\n**🎯 Canal:** <#472227733988966410>\n**📝 Conteúdo:** --\n**📎 Itens Fixados:** • [unknown.png](https://media.discordapp.net/attachments/472227733988966410/944710031536959528/unknown.png) (3 Mb)\n\n**🎲 ID de Registro:** ||e8nulgmdlc3zyxs2wxyyo86jx||",
      "color": 16438033,
      "timestamp": 1645306823480
    }
  ],
  "attachments": [
    "944710033172746240"
  ]
}
Message from Fabimpk#0648:
{
  "channelId": "472227733988966410",
  "guildId": "472200926820827157",
  "id": "944710124080078949",
  "createdTimestamp": 1645306845446,
  "type": "DEFAULT",
  "authorId": "315127424062849024",
  "nonce": "944710113342521344",
  "attachments": [
    "944710123648073768"
  ]
}
Message from Barman#1975:
{
  "channelId": "831174452606926929",
  "guildId": "472200926820827157",
  "id": "944710124621156422",
  "createdTimestamp": 1645306845575,
  "type": "DEFAULT",
  "authorId": "903730942286364702",
  "embeds": [
    {
      "type": "rich",
      "title": "✏️ Mensagem Recebida",
      "description": "**⏰ Data:** 19/02/2022 18:40:45\n**🎯 Canal:** <#472227733988966410>\n**📝 Conteúdo:** --\n**📎 Itens Fixados:** • [unknown.png](https://media.discordapp.net/attachments/472227733988966410/944710123648073768/unknown.png) (3 Mb)\n\n**🎲 ID de Registro:** ||uwnx5ue8nz8io6k4yx9afiovy||",
      "color": 16438033,
      "timestamp": 1645306845446
    }
  ],
  "attachments": [
    "944710124637925430"
  ]
}
Message from Fabimpk#0648 was deleted:
{
  "channelId": "472227733988966410",
  "guildId": "472200926820827157",
  "id": "944710031947989072",
  "createdTimestamp": 1645306823480,
  "type": "DEFAULT",
  "authorId": "315127424062849024",
  "nonce": "944710020723900416",
  "attachments": [
    "944710031536959528"
  ]
}
Message from Barman#1975:
{
  "channelId": "831174452606926929",
  "guildId": "472200926820827157",
  "id": "944710132208664577",
  "createdTimestamp": 1645306847384,
  "type": "DEFAULT",
  "authorId": "903730942286364702",
  "embeds": [
    {
      "type": "rich",
      "title": "🗑️ Mensagem Deletada",
      "description": "**⏰ Data:** 19/02/2022 18:40:47\n**🎯 Canal:** <#472227733988966410>\n**📝 Conteúdo:** --\n**📎 Itens Fixados:** • [unknown.png](https://media.discordapp.net/attachments/472227733988966410/944710031536959528/unknown.png) (3 Mb)\n\n**🎲 ID de Registro:** ||7pyurrqk5uqn5eclzm9ep922p||",
      "color": 16438033,
      "timestamp": 1645306847423
    }
  ],
  "attachments": [
    "944710132678410270"
  ]
}
Message from Fabimpk#0648:
{
  "channelId": "472227733988966410",
  "guildId": "472200926820827157",
  "id": "944710442608119828",
  "createdTimestamp": 1645306921389,
  "type": "DEFAULT",
  "authorId": "315127424062849024",
  "nonce": "944710432478724096",
  "attachments": [
    "944710442264182874"
  ]
}
Message from Barman#1975:
{
  "channelId": "831174452606926929",
  "guildId": "472200926820827157",
  "id": "944710443430207570",
  "createdTimestamp": 1645306921585,
  "type": "DEFAULT",
  "authorId": "903730942286364702",
  "embeds": [
    {
      "type": "rich",
      "title": "✏️ Mensagem Recebida",
      "description": "**⏰ Data:** 19/02/2022 18:42:01\n**🎯 Canal:** <#472227733988966410>\n**📝 Conteúdo:** --\n**📎 Itens Fixados:** • [unknown.png](https://media.discordapp.net/attachments/472227733988966410/944710442264182874/unknown.png) (2 Mb)\n\n**🎲 ID de Registro:** ||ql6bpxhd5coxc4pctibxor34m||",
      "color": 16438033,
      "timestamp": 1645306921389
    }
  ],
  "attachments": [
    "944710443535044628"
  ]
}
Message from doxedbyvini#0130:
{
  "channelId": "472227733988966410",
  "guildId": "472200926820827157",
  "id": "945130251128803440",
  "createdTimestamp": 1645407011540,
  "type": "DEFAULT",
  "content": "?spoiler cu",
  "authorId": "599059525189894165",
  "nonce": "945130248930852864",
  "cleanContent": "?spoiler cu"
}
Message from Barman#1975:
{
  "channelId": "831174452606926929",
  "guildId": "472200926820827157",
  "id": "945130254190653530",
  "createdTimestamp": 1645407012270,
  "type": "DEFAULT",
  "authorId": "903730942286364702",
  "embeds": [
    {
      "type": "rich",
      "title": "✏️ Mensagem Recebida",
      "description": "**⏰ Data:** 20/02/2022 22:30:11\n**🎯 Canal:** <#472227733988966410>\n**📝 Conteúdo:** ?spoiler cu\n**🎲 ID de Registro:** ||w92fo066tofs4cs6vncdnhnn2||",
      "color": 16438033,
      "timestamp": 1645407011540
    }
  ],
  "attachments": [
    "945130254215831552"
  ]
}
Message from doxedbyvini#0130 was deleted:
{
  "channelId": "472227733988966410",
  "guildId": "472200926820827157",
  "id": "945130251128803440",
  "createdTimestamp": 1645407011540,
  "type": "DEFAULT",
  "content": "?spoiler cu",
  "authorId": "599059525189894165",
  "nonce": "945130248930852864",
  "cleanContent": "?spoiler cu"
}
Message from Barman#1975:
{
  "channelId": "831174452606926929",
  "guildId": "472200926820827157",
  "id": "945130268619075614",
  "createdTimestamp": 1645407015710,
  "type": "DEFAULT",
  "authorId": "903730942286364702",
  "embeds": [
    {
      "type": "rich",
      "title": "🗑️ Mensagem Deletada",
      "description": "**⏰ Data:** 19/02/2022 22:30:15\n**🎯 Canal:** <#472227733988966410>\n**📝 Conteúdo:** ?spoiler cu\n**🎲 ID de Registro:** ||c2y1u7viab8ybuo4sxvz80re0||",
      "color": 16438033,
      "timestamp": 1645320615626
    }
  ],
  "attachments": [
    "945130268648419348"
  ]
}
Message from doxedbyvini#0130:
{
  "channelId": "472227733988966410",
  "guildId": "472200926820827157",
  "id": "945130294653100052",
  "createdTimestamp": 1645407021917,
  "type": "DEFAULT",
  "content": "||cu||",
  "authorId": "599059525189894165",
  "nonce": "945130292111212544",
  "cleanContent": "||cu||"
}
Message from Barman#1975:
{
  "channelId": "831174452606926929",
  "guildId": "472200926820827157",
  "id": "945130295114494083",
  "createdTimestamp": 1645407022027,
  "type": "DEFAULT",
  "authorId": "903730942286364702",
  "embeds": [
    {
      "type": "rich",
      "title": "✏️ Mensagem Recebida",
      "description": "**⏰ Data:** 20/02/2022 22:30:21\n**🎯 Canal:** <#472227733988966410>\n**📝 Conteúdo:** ||cu||\n**🎲 ID de Registro:** ||djbr8kjmmxe51htmxct3rh1g4||",
      "color": 16438033,
      "timestamp": 1645407021917
    }
  ],
  "attachments": [
    "945130295139635241"
  ]
}
Message from doxedbyvini#0130:
{
  "channelId": "472227733988966410",
  "guildId": "472200926820827157",
  "id": "945130313233883166",
  "createdTimestamp": 1645407026347,
  "type": "DEFAULT",
  "content": "aeeeee poha",
  "authorId": "599059525189894165",
  "nonce": "945130310884917248",
  "cleanContent": "aeeeee poha"
}
Message from Barman#1975:
{
  "channelId": "831174452606926929",
  "guildId": "472200926820827157",
  "id": "945130313716211742",
  "createdTimestamp": 1645407026462,
  "type": "DEFAULT",
  "authorId": "903730942286364702",
  "embeds": [
    {
      "type": "rich",
      "title": "✏️ Mensagem Recebida",
      "description": "**⏰ Data:** 20/02/2022 22:30:26\n**🎯 Canal:** <#472227733988966410>\n**📝 Conteúdo:** aeeeee poha\n**🎲 ID de Registro:** ||6jton11bev7r35tzl618906r6||",
      "color": 16438033,
      "timestamp": 1645407026347
    }
  ],
  "attachments": [
    "945130313741381713"
  ]
}
