Message from RockyAloW#1177:
{
  "channelId": "472228705893351435",
  "guildId": "472200926820827157",
  "id": "946045125161787442",
  "createdTimestamp": 1645625134507,
  "type": "DEFAULT",
  "content": "3p industry baby x gas gas gas",
  "authorId": "389563969540456458",
  "nonce": "946045124670914560",
  "cleanContent": "3p industry baby x gas gas gas"
}
Message from Barman#1975:
{
  "channelId": "831174452606926929",
  "guildId": "472200926820827157",
  "id": "946045128546598942",
  "createdTimestamp": 1645625135314,
  "type": "DEFAULT",
  "authorId": "903730942286364702",
  "embeds": [
    {
      "type": "rich",
      "title": "✏️ Mensagem Recebida",
      "description": "**⏰ Data:** 23/02/2022 11:05:34\n**🎯 Canal:** <#472228705893351435>\n**📝 Conteúdo:** 3p industry baby x gas gas gas\n**🎲 ID de Registro:** ||qmcv4aagmxbgyuxldzzb6grai||",
      "color": 16438033,
      "timestamp": 1645625134507
    }
  ],
  "attachments": [
    "946045128580157450"
  ]
}
Message from Miku Music#2160:
{
  "channelId": "472228705893351435",
  "guildId": "472200926820827157",
  "id": "946045180442710086",
  "createdTimestamp": 1645625147687,
  "type": "DEFAULT",
  "authorId": "822983883015454731",
  "embeds": [
    {
      "type": "rich",
      "color": 3447003,
      "fields": [
        {
          "value": "Industry Baby x Gas Gas Gas (Audio)",
          "name": "Name",
          "inline": true
        },
        {
          "value": "136 seconds (2:16)",
          "name": "Duration",
          "inline": true
        },
        {
          "value": "RockyAloW#1177",
          "name": "Requested by",
          "inline": true
        }
      ]
    }
  ]
}
Message from Barman#1975:
{
  "channelId": "831174452606926929",
  "guildId": "472200926820827157",
  "id": "946045181071884328",
  "createdTimestamp": 1645625147837,
  "type": "DEFAULT",
  "authorId": "903730942286364702",
  "embeds": [
    {
      "type": "rich",
      "title": "✏️ Mensagem Recebida",
      "description": "**⏰ Data:** 23/02/2022 11:05:47\n**🎯 Canal:** <#472228705893351435>\n**📝 Conteúdo:** --\n**🎲 ID de Registro:** ||662flwxih64nj4dqpsjz0af1q||",
      "color": 16438033,
      "timestamp": 1645625147687
    }
  ],
  "attachments": [
    "946045181097037844"
  ]
}
Message from Miku Music#2160 was updated:
{
  "old": {
    "channelId": "472228705893351435",
    "guildId": "472200926820827157",
    "id": "946045180442710086",
    "createdTimestamp": 1645625147687,
    "type": "DEFAULT",
    "authorId": "822983883015454731",
    "embeds": [
      {
        "type": "rich",
        "color": 3447003,
        "fields": [
          {
            "value": "Industry Baby x Gas Gas Gas (Audio)",
            "name": "Name",
            "inline": true
          },
          {
            "value": "136 seconds (2:16)",
            "name": "Duration",
            "inline": true
          },
          {
            "value": "RockyAloW#1177",
            "name": "Requested by",
            "inline": true
          }
        ]
      }
    ]
  },
  "new": {
    "channelId": "472228705893351435",
    "guildId": "472200926820827157",
    "id": "946045180442710086",
    "createdTimestamp": 1645625147687,
    "type": "DEFAULT",
    "authorId": "822983883015454731",
    "embeds": [
      {
        "type": "rich",
        "color": 3447003,
        "fields": [
          {
            "value": "Industry Baby x Gas Gas Gas (Audio)",
            "name": "Name",
            "inline": true
          },
          {
            "value": "136 seconds (2:16)",
            "name": "Duration",
            "inline": true
          },
          {
            "value": "RockyAloW#1177",
            "name": "Requested by",
            "inline": true
          }
        ]
      }
    ]
  }
}
Message from Barman#1975:
{
  "channelId": "831174452606926929",
  "guildId": "472200926820827157",
  "id": "946045182955118662",
  "createdTimestamp": 1645625148286,
  "type": "DEFAULT",
  "authorId": "903730942286364702",
  "embeds": [
    {
      "type": "rich",
      "title": "✂️ Mensagem Alterada",
      "description": "**⏰ Data:** 23/02/2022 11:05:47\n**🎯 Canal:** <#472228705893351435>\n**📝 Conteúdo Anterior:** --\n**📝 Conteúdo Novo:** --\n**🎲 ID de Registro:** mqwlwfjrm1i57rxkviqbecwim",
      "color": 16438033,
      "timestamp": 1645625147687
    }
  ],
  "attachments": [
    "946045183039000647"
  ]
}
Message from Worm#5404:
{
  "channelId": "472228705893351435",
  "guildId": "472200926820827157",
  "id": "946140977985355837",
  "createdTimestamp": 1645647987601,
  "type": "DEFAULT",
  "content": "3p pau no cu pau na buceta",
  "authorId": "317837412279648256",
  "nonce": "946140967998586880",
  "cleanContent": "3p pau no cu pau na buceta"
}
Message from Barman#1975:
{
  "channelId": "831174452606926929",
  "guildId": "472200926820827157",
  "id": "946140980350959626",
  "createdTimestamp": 1645647988165,
  "type": "DEFAULT",
  "authorId": "903730942286364702",
  "embeds": [
    {
      "type": "rich",
      "title": "✏️ Mensagem Recebida",
      "description": "**⏰ Data:** 23/02/2022 17:26:27\n**🎯 Canal:** <#472228705893351435>\n**📝 Conteúdo:** 3p pau no cu pau na buceta\n**🎲 ID de Registro:** ||w2t1uztxd3byeztmm2nxyb420||",
      "color": 16438033,
      "timestamp": 1645647987601
    }
  ],
  "attachments": [
    "946140980384501801"
  ]
}
Message from Miku Music#2160:
{
  "channelId": "472228705893351435",
  "guildId": "472200926820827157",
  "id": "946140986092965888",
  "createdTimestamp": 1645647989534,
  "type": "DEFAULT",
  "authorId": "822983883015454731",
  "embeds": [
    {
      "type": "rich",
      "color": 3447003,
      "fields": [
        {
          "value": "PAU NO C PAU NA BCT, SENTA E KIKA NA CASSETA ( DJ RYAAN ) TIKTOK ORIGINAL",
          "name": "Name",
          "inline": true
        },
        {
          "value": "161 seconds (2:41)",
          "name": "Duration",
          "inline": true
        },
        {
          "value": "Worm#5404",
          "name": "Requested by",
          "inline": true
        }
      ]
    }
  ]
}
Message from Miku Music#2160 was updated:
{
  "old": {
    "channelId": "472228705893351435",
    "guildId": "472200926820827157",
    "id": "946140986092965888",
    "createdTimestamp": 1645647989534,
    "type": "DEFAULT",
    "authorId": "822983883015454731",
    "embeds": [
      {
        "type": "rich",
        "color": 3447003,
        "fields": [
          {
            "value": "PAU NO C PAU NA BCT, SENTA E KIKA NA CASSETA ( DJ RYAAN ) TIKTOK ORIGINAL",
            "name": "Name",
            "inline": true
          },
          {
            "value": "161 seconds (2:41)",
            "name": "Duration",
            "inline": true
          },
          {
            "value": "Worm#5404",
            "name": "Requested by",
            "inline": true
          }
        ]
      }
    ]
  },
  "new": {
    "channelId": "472228705893351435",
    "guildId": "472200926820827157",
    "id": "946140986092965888",
    "createdTimestamp": 1645647989534,
    "type": "DEFAULT",
    "authorId": "822983883015454731",
    "embeds": [
      {
        "type": "rich",
        "color": 3447003,
        "fields": [
          {
            "value": "PAU NO C PAU NA BCT, SENTA E KIKA NA CASSETA ( DJ RYAAN ) TIKTOK ORIGINAL",
            "name": "Name",
            "inline": true
          },
          {
            "value": "161 seconds (2:41)",
            "name": "Duration",
            "inline": true
          },
          {
            "value": "Worm#5404",
            "name": "Requested by",
            "inline": true
          }
        ]
      }
    ]
  }
}
Message from Barman#1975:
{
  "channelId": "831174452606926929",
  "guildId": "472200926820827157",
  "id": "946140986617262101",
  "createdTimestamp": 1645647989659,
  "type": "DEFAULT",
  "authorId": "903730942286364702",
  "embeds": [
    {
      "type": "rich",
      "title": "✏️ Mensagem Recebida",
      "description": "**⏰ Data:** 23/02/2022 17:26:29\n**🎯 Canal:** <#472228705893351435>\n**📝 Conteúdo:** --\n**🎲 ID de Registro:** ||ber01s0gxd10hijplj2l3swdw||",
      "color": 16438033,
      "timestamp": 1645647989534
    }
  ],
  "attachments": [
    "946140986705326140"
  ]
}
Message from Barman#1975:
{
  "channelId": "831174452606926929",
  "guildId": "472200926820827157",
  "id": "946140988693434471",
  "createdTimestamp": 1645647990154,
  "type": "DEFAULT",
  "authorId": "903730942286364702",
  "embeds": [
    {
      "type": "rich",
      "title": "✂️ Mensagem Alterada",
      "description": "**⏰ Data:** 23/02/2022 17:26:29\n**🎯 Canal:** <#472228705893351435>\n**📝 Conteúdo Anterior:** --\n**📝 Conteúdo Novo:** --\n**🎲 ID de Registro:** d6y6a0dxz34176k78cdzmoyzd",
      "color": 16438033,
      "timestamp": 1645647989534
    }
  ],
  "attachments": [
    "946140988794101810"
  ]
}
Message from Miku Music#2160:
{
  "channelId": "472228705893351435",
  "guildId": "472200926820827157",
  "id": "946140989536485477",
  "createdTimestamp": 1645647990355,
  "type": "DEFAULT",
  "authorId": "822983883015454731",
  "embeds": [
    {
      "type": "rich",
      "description": "An unexpected error has occurred.\nPossible type `Error: Status code: 403`",
      "color": 15158332
    }
  ]
}
Message from Barman#1975:
{
  "channelId": "831174452606926929",
  "guildId": "472200926820827157",
  "id": "946140989888806913",
  "createdTimestamp": 1645647990439,
  "type": "DEFAULT",
  "authorId": "903730942286364702",
  "embeds": [
    {
      "type": "rich",
      "title": "✏️ Mensagem Recebida",
      "description": "**⏰ Data:** 23/02/2022 17:26:30\n**🎯 Canal:** <#472228705893351435>\n**📝 Conteúdo:** --\n**🎲 ID de Registro:** ||cw6z584nb7ski03pxh2mizp5l||",
      "color": 16438033,
      "timestamp": 1645647990355
    }
  ],
  "attachments": [
    "946140990320836638"
  ]
}
Message from FonsecazZ#5155:
{
  "channelId": "472228705893351435",
  "guildId": "472200926820827157",
  "id": "946141922110627840",
  "createdTimestamp": 1645648212698,
  "type": "DEFAULT",
  "content": "3p pau no cu pau na buceta",
  "authorId": "752954400900907080",
  "nonce": "952312702154309632",
  "cleanContent": "3p pau no cu pau na buceta"
}
Message from Barman#1975:
{
  "channelId": "831174452606926929",
  "guildId": "472200926820827157",
  "id": "946141922840420362",
  "createdTimestamp": 1645648212872,
  "type": "DEFAULT",
  "authorId": "903730942286364702",
  "embeds": [
    {
      "type": "rich",
      "title": "✏️ Mensagem Recebida",
      "description": "**⏰ Data:** 23/02/2022 17:30:12\n**🎯 Canal:** <#472228705893351435>\n**📝 Conteúdo:** 3p pau no cu pau na buceta\n**🎲 ID de Registro:** ||hg2fxekfrxjk5dxfcqilzwwqy||",
      "color": 16438033,
      "timestamp": 1645648212698
    }
  ],
  "attachments": [
    "946141922886574080"
  ]
}
Message from Miku Music#2160:
{
  "channelId": "472228705893351435",
  "guildId": "472200926820827157",
  "id": "946141928230121502",
  "createdTimestamp": 1645648214157,
  "type": "DEFAULT",
  "authorId": "822983883015454731",
  "embeds": [
    {
      "type": "rich",
      "color": 3447003,
      "fields": [
        {
          "value": "PAU NO C PAU NA BCT, SENTA E KIKA NA CASSETA ( DJ RYAAN ) TIKTOK ORIGINAL",
          "name": "Name",
          "inline": true
        },
        {
          "value": "161 seconds (2:41)",
          "name": "Duration",
          "inline": true
        },
        {
          "value": "FonsecazZ#5155",
          "name": "Requested by",
          "inline": true
        }
      ]
    }
  ]
}
Message from Barman#1975:
{
  "channelId": "831174452606926929",
  "guildId": "472200926820827157",
  "id": "946141928943157248",
  "createdTimestamp": 1645648214327,
  "type": "DEFAULT",
  "authorId": "903730942286364702",
  "embeds": [
    {
      "type": "rich",
      "title": "✏️ Mensagem Recebida",
      "description": "**⏰ Data:** 23/02/2022 17:30:14\n**🎯 Canal:** <#472228705893351435>\n**📝 Conteúdo:** --\n**🎲 ID de Registro:** ||ixnjqhgbzg10qphj2vn3wiwu8||",
      "color": 16438033,
      "timestamp": 1645648214157
    }
  ],
  "attachments": [
    "946141928959905822"
  ]
}
Message from RockyAloW#1177:
{
  "channelId": "472228705893351435",
  "guildId": "472200926820827157",
  "id": "946142056294805544",
  "createdTimestamp": 1645648244690,
  "type": "DEFAULT",
  "content": "3p sensacional, essa mina quer sentar no pau",
  "authorId": "389563969540456458",
  "nonce": "946142050699444224",
  "cleanContent": "3p sensacional, essa mina quer sentar no pau"
}
Message from Barman#1975:
{
  "channelId": "831174452606926929",
  "guildId": "472200926820827157",
  "id": "946142056886181890",
  "createdTimestamp": 1645648244831,
  "type": "DEFAULT",
  "authorId": "903730942286364702",
  "embeds": [
    {
      "type": "rich",
      "title": "✏️ Mensagem Recebida",
      "description": "**⏰ Data:** 23/02/2022 17:30:44\n**🎯 Canal:** <#472228705893351435>\n**📝 Conteúdo:** 3p sensacional, essa mina quer sentar no pau\n**🎲 ID de Registro:** ||ebou71ytetfs2h5bh1q0wptsd||",
      "color": 16438033,
      "timestamp": 1645648244690
    }
  ],
  "attachments": [
    "946142056911343716"
  ]
}
Message from Miku Music#2160:
{
  "channelId": "472228705893351435",
  "guildId": "472200926820827157",
  "id": "946142062301036624",
  "createdTimestamp": 1645648246122,
  "type": "DEFAULT",
  "authorId": "822983883015454731",
  "embeds": [
    {
      "type": "rich",
      "color": 16776960,
      "fields": [
        {
          "value": "sensacional essa mina quer sentar no pau",
          "name": "Name",
          "inline": true
        },
        {
          "value": "30 seconds (0:30)",
          "name": "Duration",
          "inline": true
        },
        {
          "value": "RockyAloW#1177",
          "name": "Requested by",
          "inline": true
        }
      ]
    }
  ]
}
Message from Barman#1975:
{
  "channelId": "831174452606926929",
  "guildId": "472200926820827157",
  "id": "946142062816923688",
  "createdTimestamp": 1645648246245,
  "type": "DEFAULT",
  "authorId": "903730942286364702",
  "embeds": [
    {
      "type": "rich",
      "title": "✏️ Mensagem Recebida",
      "description": "**⏰ Data:** 23/02/2022 17:30:46\n**🎯 Canal:** <#472228705893351435>\n**📝 Conteúdo:** --\n**🎲 ID de Registro:** ||thcd8k6ppl0mzey9jefxistld||",
      "color": 16438033,
      "timestamp": 1645648246122
    }
  ],
  "attachments": [
    "946142062854697060"
  ]
}
Message from Miku Music#2160 was updated:
{
  "old": {
    "channelId": "472228705893351435",
    "guildId": "472200926820827157",
    "id": "946142062301036624",
    "createdTimestamp": 1645648246122,
    "type": "DEFAULT",
    "authorId": "822983883015454731",
    "embeds": [
      {
        "type": "rich",
        "color": 16776960,
        "fields": [
          {
            "value": "sensacional essa mina quer sentar no pau",
            "name": "Name",
            "inline": true
          },
          {
            "value": "30 seconds (0:30)",
            "name": "Duration",
            "inline": true
          },
          {
            "value": "RockyAloW#1177",
            "name": "Requested by",
            "inline": true
          }
        ]
      }
    ]
  },
  "new": {
    "channelId": "472228705893351435",
    "guildId": "472200926820827157",
    "id": "946142062301036624",
    "createdTimestamp": 1645648246122,
    "type": "DEFAULT",
    "authorId": "822983883015454731",
    "embeds": [
      {
        "type": "rich",
        "color": 16776960,
        "fields": [
          {
            "value": "sensacional essa mina quer sentar no pau",
            "name": "Name",
            "inline": true
          },
          {
            "value": "30 seconds (0:30)",
            "name": "Duration",
            "inline": true
          },
          {
            "value": "RockyAloW#1177",
            "name": "Requested by",
            "inline": true
          }
        ]
      }
    ]
  }
}
Message from Barman#1975:
{
  "channelId": "831174452606926929",
  "guildId": "472200926820827157",
  "id": "946142064075223102",
  "createdTimestamp": 1645648246545,
  "type": "DEFAULT",
  "authorId": "903730942286364702",
  "embeds": [
    {
      "type": "rich",
      "title": "✂️ Mensagem Alterada",
      "description": "**⏰ Data:** 23/02/2022 17:30:46\n**🎯 Canal:** <#472228705893351435>\n**📝 Conteúdo Anterior:** --\n**📝 Conteúdo Novo:** --\n**🎲 ID de Registro:** 175ekhoqt7c0n24841mtrgjii",
      "color": 16438033,
      "timestamp": 1645648246122
    }
  ],
  "attachments": [
    "946142064096182312"
  ]
}
Message from Worm#5404:
{
  "channelId": "472228705893351435",
  "guildId": "472200926820827157",
  "id": "946142072384159754",
  "createdTimestamp": 1645648248526,
  "type": "DEFAULT",
  "content": "3p if i lose it all",
  "authorId": "317837412279648256",
  "nonce": "946142062208614400",
  "cleanContent": "3p if i lose it all"
}
Message from Barman#1975:
{
  "channelId": "831174452606926929",
  "guildId": "472200926820827157",
  "id": "946142074292551810",
  "createdTimestamp": 1645648248981,
  "type": "DEFAULT",
  "authorId": "903730942286364702",
  "embeds": [
    {
      "type": "rich",
      "title": "✏️ Mensagem Recebida",
      "description": "**⏰ Data:** 23/02/2022 17:30:48\n**🎯 Canal:** <#472228705893351435>\n**📝 Conteúdo:** 3p if i lose it all\n**🎲 ID de Registro:** ||hvxx50q83euizpsdp9j31novg||",
      "color": 16438033,
      "timestamp": 1645648248526
    }
  ],
  "attachments": [
    "946142074355462154"
  ]
}
Message from Miku Music#2160:
{
  "channelId": "472228705893351435",
  "guildId": "472200926820827157",
  "id": "946142082622431284",
  "createdTimestamp": 1645648250967,
  "type": "DEFAULT",
  "authorId": "822983883015454731",
  "embeds": [
    {
      "type": "rich",
      "color": 16776960,
      "fields": [
        {
          "value": "Attack on Titan Season 4 Part 2 - Opening Full 『SiM - The Rumbling』",
          "name": "Name",
          "inline": true
        },
        {
          "value": "256 seconds (4:16)",
          "name": "Duration",
          "inline": true
        },
        {
          "value": "Worm#5404",
          "name": "Requested by",
          "inline": true
        }
      ]
    }
  ]
}
Message from Miku Music#2160 was updated:
{
  "old": {
    "channelId": "472228705893351435",
    "guildId": "472200926820827157",
    "id": "946142082622431284",
    "createdTimestamp": 1645648250967,
    "type": "DEFAULT",
    "authorId": "822983883015454731",
    "embeds": [
      {
        "type": "rich",
        "color": 16776960,
        "fields": [
          {
            "value": "Attack on Titan Season 4 Part 2 - Opening Full 『SiM - The Rumbling』",
            "name": "Name",
            "inline": true
          },
          {
            "value": "256 seconds (4:16)",
            "name": "Duration",
            "inline": true
          },
          {
            "value": "Worm#5404",
            "name": "Requested by",
            "inline": true
          }
        ]
      }
    ]
  },
  "new": {
    "channelId": "472228705893351435",
    "guildId": "472200926820827157",
    "id": "946142082622431284",
    "createdTimestamp": 1645648250967,
    "type": "DEFAULT",
    "authorId": "822983883015454731",
    "embeds": [
      {
        "type": "rich",
        "color": 16776960,
        "fields": [
          {
            "value": "Attack on Titan Season 4 Part 2 - Opening Full 『SiM - The Rumbling』",
            "name": "Name",
            "inline": true
          },
          {
            "value": "256 seconds (4:16)",
            "name": "Duration",
            "inline": true
          },
          {
            "value": "Worm#5404",
            "name": "Requested by",
            "inline": true
          }
        ]
      }
    ]
  }
}
Message from Barman#1975:
{
  "channelId": "831174452606926929",
  "guildId": "472200926820827157",
  "id": "946142083016700035",
  "createdTimestamp": 1645648251061,
  "type": "DEFAULT",
  "authorId": "903730942286364702",
  "embeds": [
    {
      "type": "rich",
      "title": "✏️ Mensagem Recebida",
      "description": "**⏰ Data:** 23/02/2022 17:30:50\n**🎯 Canal:** <#472228705893351435>\n**📝 Conteúdo:** --\n**🎲 ID de Registro:** ||4kdl8nz4o113qaf8tfy1n23kl||",
      "color": 16438033,
      "timestamp": 1645648250967
    }
  ],
  "attachments": [
    "946142083390005268"
  ]
}
Message from Barman#1975:
{
  "channelId": "831174452606926929",
  "guildId": "472200926820827157",
  "id": "946142084463738880",
  "createdTimestamp": 1645648251406,
  "type": "DEFAULT",
  "authorId": "903730942286364702",
  "embeds": [
    {
      "type": "rich",
      "title": "✂️ Mensagem Alterada",
      "description": "**⏰ Data:** 23/02/2022 17:30:50\n**🎯 Canal:** <#472228705893351435>\n**📝 Conteúdo Anterior:** --\n**📝 Conteúdo Novo:** --\n**🎲 ID de Registro:** aftq2mv37anjzwdaq86dz3flm",
      "color": 16438033,
      "timestamp": 1645648250967
    }
  ],
  "attachments": [
    "946142084556017785"
  ]
}
Message from RockyAloW#1177:
{
  "channelId": "472228705893351435",
  "guildId": "472200926820827157",
  "id": "946142261769539666",
  "createdTimestamp": 1645648293679,
  "type": "DEFAULT",
  "content": "3s",
  "authorId": "389563969540456458",
  "nonce": "946142256769794048",
  "cleanContent": "3s"
}
Message from Barman#1975:
{
  "channelId": "831174452606926929",
  "guildId": "472200926820827157",
  "id": "946142263036231700",
  "createdTimestamp": 1645648293981,
  "type": "DEFAULT",
  "authorId": "903730942286364702",
  "embeds": [
    {
      "type": "rich",
      "title": "✏️ Mensagem Recebida",
      "description": "**⏰ Data:** 23/02/2022 17:31:33\n**🎯 Canal:** <#472228705893351435>\n**📝 Conteúdo:** 3s\n**🎲 ID de Registro:** ||i785omwqmbig1ftqj0rzhkz2q||",
      "color": 16438033,
      "timestamp": 1645648293679
    }
  ],
  "attachments": [
    "946142263069798420"
  ]
}
Message from Miku Music#2160:
{
  "channelId": "472228705893351435",
  "guildId": "472200926820827157",
  "id": "946142263346597938",
  "createdTimestamp": 1645648294055,
  "type": "DEFAULT",
  "authorId": "822983883015454731",
  "embeds": [
    {
      "type": "rich",
      "color": 3447003,
      "fields": [
        {
          "value": "sensacional essa mina quer sentar no pau",
          "name": "Name",
          "inline": true
        },
        {
          "value": "30 seconds (0:30)",
          "name": "Duration",
          "inline": true
        },
        {
          "value": "RockyAloW#1177",
          "name": "Requested by",
          "inline": true
        }
      ]
    }
  ]
}
Message from Barman#1975:
{
  "channelId": "831174452606926929",
  "guildId": "472200926820827157",
  "id": "946142263891873852",
  "createdTimestamp": 1645648294185,
  "type": "DEFAULT",
  "authorId": "903730942286364702",
  "embeds": [
    {
      "type": "rich",
      "title": "✏️ Mensagem Recebida",
      "description": "**⏰ Data:** 23/02/2022 17:31:34\n**🎯 Canal:** <#472228705893351435>\n**📝 Conteúdo:** --\n**🎲 ID de Registro:** ||c08w07kp6dmms8fj4flcmvy17||",
      "color": 16438033,
      "timestamp": 1645648294055
    }
  ],
  "attachments": [
    "946142263929630850"
  ]
}
Message from Miku Music#2160:
{
  "channelId": "472228705893351435",
  "guildId": "472200926820827157",
  "id": "946142392325660702",
  "createdTimestamp": 1645648324806,
  "type": "DEFAULT",
  "authorId": "822983883015454731",
  "embeds": [
    {
      "type": "rich",
      "color": 3447003,
      "fields": [
        {
          "value": "Attack on Titan Season 4 Part 2 - Opening Full 『SiM - The Rumbling』",
          "name": "Name",
          "inline": true
        },
        {
          "value": "256 seconds (4:16)",
          "name": "Duration",
          "inline": true
        },
        {
          "value": "Worm#5404",
          "name": "Requested by",
          "inline": true
        }
      ]
    }
  ]
}
Message from Barman#1975:
{
  "channelId": "831174452606926929",
  "guildId": "472200926820827157",
  "id": "946142393156120616",
  "createdTimestamp": 1645648325004,
  "type": "DEFAULT",
  "authorId": "903730942286364702",
  "embeds": [
    {
      "type": "rich",
      "title": "✏️ Mensagem Recebida",
      "description": "**⏰ Data:** 23/02/2022 17:32:04\n**🎯 Canal:** <#472228705893351435>\n**📝 Conteúdo:** --\n**🎲 ID de Registro:** ||lzhx83g1uek16jgrbbdlyrdgz||",
      "color": 16438033,
      "timestamp": 1645648324806
    }
  ],
  "attachments": [
    "946142393210638446"
  ]
}
Message from RockyAloW#1177:
{
  "channelId": "472228705893351435",
  "guildId": "472200926820827157",
  "id": "946142464807436289",
  "createdTimestamp": 1645648342087,
  "type": "DEFAULT",
  "content": "3p música do pou",
  "authorId": "389563969540456458",
  "nonce": "946142459782496256",
  "cleanContent": "3p música do pou"
}
Message from Barman#1975:
{
  "channelId": "831174452606926929",
  "guildId": "472200926820827157",
  "id": "946142465415581757",
  "createdTimestamp": 1645648342232,
  "type": "DEFAULT",
  "authorId": "903730942286364702",
  "embeds": [
    {
      "type": "rich",
      "title": "✏️ Mensagem Recebida",
      "description": "**⏰ Data:** 23/02/2022 17:32:22\n**🎯 Canal:** <#472228705893351435>\n**📝 Conteúdo:** 3p música do pou\n**🎲 ID de Registro:** ||qonui6pqumyjlz54raqwlef0k||",
      "color": 16438033,
      "timestamp": 1645648342087
    }
  ],
  "attachments": [
    "946142465633701918"
  ]
}
Message from Miku Music#2160:
{
  "channelId": "472228705893351435",
  "guildId": "472200926820827157",
  "id": "946142473078603867",
  "createdTimestamp": 1645648344059,
  "type": "DEFAULT",
  "authorId": "822983883015454731",
  "embeds": [
    {
      "type": "rich",
      "color": 16776960,
      "fields": [
        {
          "value": "cancion del pou 10 horas",
          "name": "Name",
          "inline": true
        },
        {
          "value": "36001 seconds (10:00:01)",
          "name": "Duration",
          "inline": true
        },
        {
          "value": "RockyAloW#1177",
          "name": "Requested by",
          "inline": true
        }
      ]
    }
  ]
}
Message from Miku Music#2160 was updated:
{
  "old": {
    "channelId": "472228705893351435",
    "guildId": "472200926820827157",
    "id": "946142473078603867",
    "createdTimestamp": 1645648344059,
    "type": "DEFAULT",
    "authorId": "822983883015454731",
    "embeds": [
      {
        "type": "rich",
        "color": 16776960,
        "fields": [
          {
            "value": "cancion del pou 10 horas",
            "name": "Name",
            "inline": true
          },
          {
            "value": "36001 seconds (10:00:01)",
            "name": "Duration",
            "inline": true
          },
          {
            "value": "RockyAloW#1177",
            "name": "Requested by",
            "inline": true
          }
        ]
      }
    ]
  },
  "new": {
    "channelId": "472228705893351435",
    "guildId": "472200926820827157",
    "id": "946142473078603867",
    "createdTimestamp": 1645648344059,
    "type": "DEFAULT",
    "authorId": "822983883015454731",
    "embeds": [
      {
        "type": "rich",
        "color": 16776960,
        "fields": [
          {
            "value": "cancion del pou 10 horas",
            "name": "Name",
            "inline": true
          },
          {
            "value": "36001 seconds (10:00:01)",
            "name": "Duration",
            "inline": true
          },
          {
            "value": "RockyAloW#1177",
            "name": "Requested by",
            "inline": true
          }
        ]
      }
    ]
  }
}
Message from Barman#1975:
{
  "channelId": "831174452606926929",
  "guildId": "472200926820827157",
  "id": "946142473300885525",
  "createdTimestamp": 1645648344112,
  "type": "DEFAULT",
  "authorId": "903730942286364702",
  "embeds": [
    {
      "type": "rich",
      "title": "✏️ Mensagem Recebida",
      "description": "**⏰ Data:** 23/02/2022 17:32:24\n**🎯 Canal:** <#472228705893351435>\n**📝 Conteúdo:** --\n**🎲 ID de Registro:** ||j5mzo4c174lzhozqbux48iqrc||",
      "color": 16438033,
      "timestamp": 1645648344059
    }
  ],
  "attachments": [
    "946142473711919104"
  ]
}
Message from Barman#1975:
{
  "channelId": "831174452606926929",
  "guildId": "472200926820827157",
  "id": "946142474638856252",
  "createdTimestamp": 1645648344431,
  "type": "DEFAULT",
  "authorId": "903730942286364702",
  "embeds": [
    {
      "type": "rich",
      "title": "✂️ Mensagem Alterada",
      "description": "**⏰ Data:** 23/02/2022 17:32:24\n**🎯 Canal:** <#472228705893351435>\n**📝 Conteúdo Anterior:** --\n**📝 Conteúdo Novo:** --\n**🎲 ID de Registro:** 7qemqhexk64yt468acv6rp7c9",
      "color": 16438033,
      "timestamp": 1645648344059
    }
  ],
  "attachments": [
    "946142474659840081"
  ]
}
Message from RockyAloW#1177:
{
  "channelId": "472228705893351435",
  "guildId": "472200926820827157",
  "id": "946142500786143302",
  "createdTimestamp": 1645648350665,
  "type": "DEFAULT",
  "content": "3s",
  "authorId": "389563969540456458",
  "nonce": "946142495224365056",
  "cleanContent": "3s"
}
Message from Barman#1975:
{
  "channelId": "831174452606926929",
  "guildId": "472200926820827157",
  "id": "946142500849074237",
  "createdTimestamp": 1645648350680,
  "type": "DEFAULT",
  "authorId": "903730942286364702",
  "embeds": [
    {
      "type": "rich",
      "title": "✏️ Mensagem Recebida",
      "description": "**⏰ Data:** 23/02/2022 17:32:30\n**🎯 Canal:** <#472228705893351435>\n**📝 Conteúdo:** 3s\n**🎲 ID de Registro:** ||zontnlynl5ya5gyj21ocrvnmx||",
      "color": 16438033,
      "timestamp": 1645648350665
    }
  ],
  "attachments": [
    "946142501243346974"
  ]
}
Message from Miku Music#2160:
{
  "channelId": "472228705893351435",
  "guildId": "472200926820827157",
  "id": "946142501583061062",
  "createdTimestamp": 1645648350855,
  "type": "DEFAULT",
  "authorId": "822983883015454731",
  "embeds": [
    {
      "type": "rich",
      "color": 3447003,
      "fields": [
        {
          "value": "cancion del pou 10 horas",
          "name": "Name",
          "inline": true
        },
        {
          "value": "36001 seconds (10:00:01)",
          "name": "Duration",
          "inline": true
        },
        {
          "value": "RockyAloW#1177",
          "name": "Requested by",
          "inline": true
        }
      ]
    }
  ]
}
Message from Barman#1975:
{
  "channelId": "831174452606926929",
  "guildId": "472200926820827157",
  "id": "946142502107381841",
  "createdTimestamp": 1645648350980,
  "type": "DEFAULT",
  "authorId": "903730942286364702",
  "embeds": [
    {
      "type": "rich",
      "title": "✏️ Mensagem Recebida",
      "description": "**⏰ Data:** 23/02/2022 17:32:30\n**🎯 Canal:** <#472228705893351435>\n**📝 Conteúdo:** --\n**🎲 ID de Registro:** ||srsjeh7egr0lxzy2i7z9h9s30||",
      "color": 16438033,
      "timestamp": 1645648350855
    }
  ],
  "attachments": [
    "946142502124126359"
  ]
}
Message from RockyAloW#1177:
{
  "channelId": "472228705893351435",
  "guildId": "472200926820827157",
  "id": "946142735709130811",
  "createdTimestamp": 1645648406675,
  "type": "DEFAULT",
  "content": "3sa",
  "authorId": "389563969540456458",
  "nonce": "946142730352852992",
  "cleanContent": "3sa"
}
Message from Barman#1975:
{
  "channelId": "831174452606926929",
  "guildId": "472200926820827157",
  "id": "946142736266981426",
  "createdTimestamp": 1645648406808,
  "type": "DEFAULT",
  "authorId": "903730942286364702",
  "embeds": [
    {
      "type": "rich",
      "title": "✏️ Mensagem Recebida",
      "description": "**⏰ Data:** 23/02/2022 17:33:26\n**🎯 Canal:** <#472228705893351435>\n**📝 Conteúdo:** 3sa\n**🎲 ID de Registro:** ||pg1ppewtch96z02yh54dwev0z||",
      "color": 16438033,
      "timestamp": 1645648406675
    }
  ],
  "attachments": [
    "946142736321503272"
  ]
}
Message from RockyAloW#1177:
{
  "channelId": "472228705893351435",
  "guildId": "472200926820827157",
  "id": "946142743166595103",
  "createdTimestamp": 1645648408453,
  "type": "DEFAULT",
  "content": "3s",
  "authorId": "389563969540456458",
  "nonce": "946142737311203328",
  "cleanContent": "3s"
}
Message from Barman#1975:
{
  "channelId": "831174452606926929",
  "guildId": "472200926820827157",
  "id": "946142744898855003",
  "createdTimestamp": 1645648408866,
  "type": "DEFAULT",
  "authorId": "903730942286364702",
  "embeds": [
    {
      "type": "rich",
      "title": "✏️ Mensagem Recebida",
      "description": "**⏰ Data:** 23/02/2022 17:33:28\n**🎯 Canal:** <#472228705893351435>\n**📝 Conteúdo:** 3s\n**🎲 ID de Registro:** ||lwldba1w6l0dyusb517iocm0i||",
      "color": 16438033,
      "timestamp": 1645648408453
    }
  ],
  "attachments": [
    "946142744974360606"
  ]
}
Message from RockyAloW#1177:
{
  "channelId": "472228705893351435",
  "guildId": "472200926820827157",
  "id": "946147438245339216",
  "createdTimestamp": 1645649527847,
  "type": "DEFAULT",
  "content": "3p música do pou",
  "authorId": "389563969540456458",
  "nonce": "946147432733868032",
  "cleanContent": "3p música do pou"
}
Message from Barman#1975:
{
  "channelId": "831174452606926929",
  "guildId": "472200926820827157",
  "id": "946147440317308968",
  "createdTimestamp": 1645649528341,
  "type": "DEFAULT",
  "authorId": "903730942286364702",
  "embeds": [
    {
      "type": "rich",
      "title": "✏️ Mensagem Recebida",
      "description": "**⏰ Data:** 23/02/2022 17:52:07\n**🎯 Canal:** <#472228705893351435>\n**📝 Conteúdo:** 3p música do pou\n**🎲 ID de Registro:** ||gqdrpewv6pyzi5khct7dnlitw||",
      "color": 16438033,
      "timestamp": 1645649527847
    }
  ],
  "attachments": [
    "946147440371838986"
  ]
}
Message from Miku Music#2160:
{
  "channelId": "472228705893351435",
  "guildId": "472200926820827157",
  "id": "946147447976124517",
  "createdTimestamp": 1645649530167,
  "type": "DEFAULT",
  "authorId": "822983883015454731",
  "embeds": [
    {
      "type": "rich",
      "color": 3447003,
      "fields": [
        {
          "value": "cancion del pou 10 horas",
          "name": "Name",
          "inline": true
        },
        {
          "value": "36001 seconds (10:00:01)",
          "name": "Duration",
          "inline": true
        },
        {
          "value": "RockyAloW#1177",
          "name": "Requested by",
          "inline": true
        }
      ]
    }
  ]
}
Message from Barman#1975:
{
  "channelId": "831174452606926929",
  "guildId": "472200926820827157",
  "id": "946147448471040081",
  "createdTimestamp": 1645649530285,
  "type": "DEFAULT",
  "authorId": "903730942286364702",
  "embeds": [
    {
      "type": "rich",
      "title": "✏️ Mensagem Recebida",
      "description": "**⏰ Data:** 23/02/2022 17:52:10\n**🎯 Canal:** <#472228705893351435>\n**📝 Conteúdo:** --\n**🎲 ID de Registro:** ||xrmzcmm47iol20smnpyu1pxut||",
      "color": 16438033,
      "timestamp": 1645649530167
    }
  ],
  "attachments": [
    "946147448559128616"
  ]
}
Message from RockyAloW#1177:
{
  "channelId": "472228705893351435",
  "guildId": "472200926820827157",
  "id": "946147604075528212",
  "createdTimestamp": 1645649567384,
  "type": "DEFAULT",
  "content": "3s",
  "authorId": "389563969540456458",
  "nonce": "946147598689894400",
  "cleanContent": "3s"
}
Message from Barman#1975:
{
  "channelId": "831174452606926929",
  "guildId": "472200926820827157",
  "id": "946147604570447902",
  "createdTimestamp": 1645649567502,
  "type": "DEFAULT",
  "authorId": "903730942286364702",
  "embeds": [
    {
      "type": "rich",
      "title": "✏️ Mensagem Recebida",
      "description": "**⏰ Data:** 23/02/2022 17:52:47\n**🎯 Canal:** <#472228705893351435>\n**📝 Conteúdo:** 3s\n**🎲 ID de Registro:** ||va3hpsoen3r4yl2x3t9mc20hn||",
      "color": 16438033,
      "timestamp": 1645649567384
    }
  ],
  "attachments": [
    "946147604604014653"
  ]
}
Message from RockyAloW#1177:
{
  "channelId": "472228705893351435",
  "guildId": "472200926820827157",
  "id": "946147643267088404",
  "createdTimestamp": 1645649576728,
  "type": "DEFAULT",
  "content": "3p gas gas gas x industry baby",
  "authorId": "389563969540456458",
  "nonce": "946147637915025408",
  "cleanContent": "3p gas gas gas x industry baby"
}
Message from Barman#1975:
{
  "channelId": "831174452606926929",
  "guildId": "472200926820827157",
  "id": "946147643791409172",
  "createdTimestamp": 1645649576853,
  "type": "DEFAULT",
  "authorId": "903730942286364702",
  "embeds": [
    {
      "type": "rich",
      "title": "✏️ Mensagem Recebida",
      "description": "**⏰ Data:** 23/02/2022 17:52:56\n**🎯 Canal:** <#472228705893351435>\n**📝 Conteúdo:** 3p gas gas gas x industry baby\n**🎲 ID de Registro:** ||joxqc3yzul80izzfhn5undiqp||",
      "color": 16438033,
      "timestamp": 1645649576728
    }
  ],
  "attachments": [
    "946147643803963493"
  ]
}
Message from Miku Music#2160:
{
  "channelId": "472228705893351435",
  "guildId": "472200926820827157",
  "id": "946147652859461632",
  "createdTimestamp": 1645649579015,
  "type": "DEFAULT",
  "authorId": "822983883015454731",
  "embeds": [
    {
      "type": "rich",
      "color": 3447003,
      "fields": [
        {
          "value": "Industry Baby x Gas Gas Gas (Audio)",
          "name": "Name",
          "inline": true
        },
        {
          "value": "136 seconds (2:16)",
          "name": "Duration",
          "inline": true
        },
        {
          "value": "RockyAloW#1177",
          "name": "Requested by",
          "inline": true
        }
      ]
    }
  ]
}
Message from Barman#1975:
{
  "channelId": "831174452606926929",
  "guildId": "472200926820827157",
  "id": "946147653530566766",
  "createdTimestamp": 1645649579175,
  "type": "DEFAULT",
  "authorId": "903730942286364702",
  "embeds": [
    {
      "type": "rich",
      "title": "✏️ Mensagem Recebida",
      "description": "**⏰ Data:** 23/02/2022 17:52:59\n**🎯 Canal:** <#472228705893351435>\n**📝 Conteúdo:** --\n**🎲 ID de Registro:** ||lcnbptbxuxte8bts8sl04fz4d||",
      "color": 16438033,
      "timestamp": 1645649579015
    }
  ],
  "attachments": [
    "946147653559943228"
  ]
}
Message from RockyAloW#1177:
{
  "channelId": "472228705893351435",
  "guildId": "472200926820827157",
  "id": "946148122592182282",
  "createdTimestamp": 1645649691008,
  "type": "DEFAULT",
  "content": "3s",
  "authorId": "389563969540456458",
  "nonce": "946148116682244096",
  "cleanContent": "3s"
}
Message from Barman#1975:
{
  "channelId": "831174452606926929",
  "guildId": "472200926820827157",
  "id": "946148123116466238",
  "createdTimestamp": 1645649691133,
  "type": "DEFAULT",
  "authorId": "903730942286364702",
  "embeds": [
    {
      "type": "rich",
      "title": "✏️ Mensagem Recebida",
      "description": "**⏰ Data:** 23/02/2022 17:54:51\n**🎯 Canal:** <#472228705893351435>\n**📝 Conteúdo:** 3s\n**🎲 ID de Registro:** ||yxt7ywxhtnhs4l0p5zpown7o3||",
      "color": 16438033,
      "timestamp": 1645649691008
    }
  ],
  "attachments": [
    "946148123150008320"
  ]
}
Message from henrique#0001:
{
  "channelId": "472227733988966410",
  "guildId": "472200926820827157",
  "id": "946562737872445491",
  "createdTimestamp": 1645748542994,
  "type": "DEFAULT",
  "authorId": "897291486285156362",
  "nonce": "946562749033349120",
  "attachments": [
    "946562737759207464"
  ]
}
Message from Barman#1975:
{
  "channelId": "831174452606926929",
  "guildId": "472200926820827157",
  "id": "946562755941519400",
  "createdTimestamp": 1645748547302,
  "type": "DEFAULT",
  "authorId": "903730942286364702",
  "embeds": [
    {
      "type": "rich",
      "title": "✏️ Mensagem Recebida",
      "description": "**⏰ Data:** 24/02/2022 21:22:22\n**🎯 Canal:** <#472227733988966410>\n**📝 Conteúdo:** --\n**📎 Itens Fixados:** • [unknown.png](https://media.discordapp.net/attachments/472227733988966410/946562737759207464/unknown.png) (6 Kb)\n\n**🎲 ID de Registro:** ||gly8fpn541mxz2k1l21c4v35u||",
      "color": 16438033,
      "timestamp": 1645748542994
    }
  ],
  "attachments": [
    "946562755979251813"
  ]
}
Message from doxedbyvini#0130:
{
  "channelId": "472227733988966410",
  "guildId": "472200926820827157",
  "id": "946579868324339753",
  "createdTimestamp": 1645752627212,
  "type": "DEFAULT",
  "content": "https://www.youtube.com/watch?v=epm5LoILTnU",
  "authorId": "599059525189894165",
  "nonce": "946579864486412288",
  "cleanContent": "https://www.youtube.com/watch?v=epm5LoILTnU"
}
Message from doxedbyvini#0130 was updated:
{
  "old": {
    "channelId": "472227733988966410",
    "guildId": "472200926820827157",
    "id": "946579868324339753",
    "createdTimestamp": 1645752627212,
    "type": "DEFAULT",
    "content": "https://www.youtube.com/watch?v=epm5LoILTnU",
    "authorId": "599059525189894165",
    "nonce": "946579864486412288",
    "cleanContent": "https://www.youtube.com/watch?v=epm5LoILTnU"
  },
  "new": {
    "channelId": "472227733988966410",
    "guildId": "472200926820827157",
    "id": "946579868324339753",
    "createdTimestamp": 1645752627212,
    "type": "DEFAULT",
    "content": "https://www.youtube.com/watch?v=epm5LoILTnU",
    "authorId": "599059525189894165",
    "nonce": "946579864486412288",
    "embeds": [
      {
        "type": "video",
        "title": "OS SEGREDOS da BATERIA de LÍTIO #Boravê",
        "description": "► Conheça mais sobre baterias de lítio em https://bit.ly/mouralitio\n\nO lítio, metal que aparece no comecinho da tabela periódica, é muito especial para a indústria. Isso porque é usado na fabricação de remédios, de ligas metálicas de aeronaves e, principalmente, em baterias! Sim, tem lítio na bateria do seu celular! E nós fomos até Pernambuco, n...",
        "url": "https://www.youtube.com/watch?v=epm5LoILTnU",
        "color": 16711680
      }
    ],
    "cleanContent": "https://www.youtube.com/watch?v=epm5LoILTnU"
  }
}
Message from Barman#1975:
{
  "channelId": "831174452606926929",
  "guildId": "472200926820827157",
  "id": "946579871352639529",
  "createdTimestamp": 1645752627934,
  "type": "DEFAULT",
  "authorId": "903730942286364702",
  "embeds": [
    {
      "type": "rich",
      "title": "✏️ Mensagem Recebida",
      "description": "**⏰ Data:** 24/02/2022 22:30:27\n**🎯 Canal:** <#472227733988966410>\n**📝 Conteúdo:** https://www.youtube.com/watch?v=epm5LoILTnU\n**🎲 ID de Registro:** ||ngn3n0cns2uzxwnrf1gf4qwkn||",
      "color": 16438033,
      "timestamp": 1645752627212
    }
  ],
  "attachments": [
    "946579871696576532"
  ]
}
Message from Barman#1975:
{
  "channelId": "831174452606926929",
  "guildId": "472200926820827157",
  "id": "946579872132792422",
  "createdTimestamp": 1645752628120,
  "type": "DEFAULT",
  "authorId": "903730942286364702",
  "embeds": [
    {
      "type": "rich",
      "title": "✂️ Mensagem Alterada",
      "description": "**⏰ Data:** 24/02/2022 22:30:27\n**🎯 Canal:** <#472227733988966410>\n**📝 Conteúdo Anterior:** https://www.youtube.com/watch?v=epm5LoILTnU\n**📝 Conteúdo Novo:** https://www.youtube.com/watch?v=epm5LoILTnU\n**🎲 ID de Registro:** iup4v2zokgtfocg9ubivlh855",
      "color": 16438033,
      "timestamp": 1645752627212
    }
  ],
  "attachments": [
    "946579872606732338"
  ]
}
