Message from henrique#0001:
{
  "channelId": "472227733988966410",
  "guildId": "472200926820827157",
  "id": "947092373232549898",
  "createdTimestamp": 1645874817904,
  "type": "REPLY",
  "content": "Link do Grupo pra quem não tiver ⬇️\n• https://discord.gg/884HafWG9P\n(___É só copiar e mandar pra quem quiser entrar___)",
  "authorId": "897291486285156362",
  "nonce": "947092372565524480",
  "cleanContent": "Link do Grupo pra quem não tiver ⬇️\n• https://discord.gg/884HafWG9P\n(___É só copiar e mandar pra quem quiser entrar___)"
}
Message from Barman#1975:
{
  "channelId": "831174452606926929",
  "guildId": "472200926820827157",
  "id": "947092374608298024",
  "createdTimestamp": 1645874818232,
  "type": "DEFAULT",
  "authorId": "903730942286364702",
  "embeds": [
    {
      "type": "rich",
      "title": "✏️ Mensagem Recebida",
      "description": "**⏰ Data:** 26/02/2022 08:26:57\n**🎯 Canal:** <#472227733988966410>\n**📝 Conteúdo:** Link do Grupo pra quem não tiver ⬇️\n• https://discord.gg/884HafWG9P\n(___É só copiar e mandar pra quem quiser entrar___)\n**🎲 ID de Registro:** ||nzjr0qy47yirg5yimnbavuoq3||",
      "color": 16438033,
      "timestamp": 1645874817904
    }
  ],
  "attachments": [
    "947092374641836092"
  ]
}
Message from henrique#0001 was updated:
{
  "old": {
    "channelId": "472227733988966410",
    "guildId": "472200926820827157",
    "id": "947092373232549898",
    "createdTimestamp": 1645874817904,
    "type": "REPLY",
    "content": "Link do Grupo pra quem não tiver ⬇️\n• https://discord.gg/884HafWG9P\n(___É só copiar e mandar pra quem quiser entrar___)",
    "authorId": "897291486285156362",
    "nonce": "947092372565524480",
    "cleanContent": "Link do Grupo pra quem não tiver ⬇️\n• https://discord.gg/884HafWG9P\n(___É só copiar e mandar pra quem quiser entrar___)"
  },
  "new": {
    "channelId": "472227733988966410",
    "guildId": "472200926820827157",
    "id": "947092373232549898",
    "createdTimestamp": 1645874817904,
    "type": "REPLY",
    "content": "> Link do Grupo pra quem não tiver ⬇️\n> • https://discord.gg/884HafWG9P\n> (___É só copiar e mandar pra quem quiser entrar___)",
    "authorId": "897291486285156362",
    "nonce": "947092372565524480",
    "editedTimestamp": 1645874841158,
    "cleanContent": "> Link do Grupo pra quem não tiver ⬇️\n> • https://discord.gg/884HafWG9P\n> (___É só copiar e mandar pra quem quiser entrar___)"
  }
}
Message from Barman#1975:
{
  "channelId": "831174452606926929",
  "guildId": "472200926820827157",
  "id": "947092471194718258",
  "createdTimestamp": 1645874841260,
  "type": "DEFAULT",
  "authorId": "903730942286364702",
  "embeds": [
    {
      "type": "rich",
      "title": "✂️ Mensagem Alterada",
      "description": "**⏰ Data:** 26/02/2022 08:27:21\n**🎯 Canal:** <#472227733988966410>\n**📝 Conteúdo Anterior:** Link do Grupo pra quem não tiver ⬇️\n• https://discord.gg/884HafWG9P\n(___É só copiar e mandar pra quem quiser entrar___)\n**📝 Conteúdo Novo:** > Link do Grupo pra quem não tiver ⬇️\n> • https://discord.gg/884HafWG9P\n> (___É só copiar e mandar pra quem quiser entrar___)\n**🎲 ID de Registro:** z9g6deknt8frgmvgykpyyelnw",
      "color": 16438033,
      "timestamp": 1645874841158
    }
  ],
  "attachments": [
    "947092471236673536"
  ]
}
Message from Barman#1975:
{
  "channelId": "805791964435316826",
  "guildId": "472200926820827157",
  "id": "947214148608090113",
  "createdTimestamp": 1645903851416,
  "type": "DEFAULT",
  "authorId": "903730942286364702",
  "embeds": [
    {
      "type": "rich",
      "title": "💨 Um Membro Saiu de nossa Rede",
      "description": "Cerroni abandonou nosso navio, infelizmente não sabia nadar e foi devorado por tubarões...",
      "color": 16438033,
      "timestamp": 1645903851278
    }
  ]
}
Message from Barman#1975:
{
  "channelId": "831174452606926929",
  "guildId": "472200926820827157",
  "id": "947214149614698556",
  "createdTimestamp": 1645903851656,
  "type": "DEFAULT",
  "authorId": "903730942286364702",
  "embeds": [
    {
      "type": "rich",
      "title": "✏️ Mensagem Recebida",
      "description": "**⏰ Data:** 26/02/2022 16:30:51\n**🎯 Canal:** <#805791964435316826>\n**📝 Conteúdo:** --\n**🎲 ID de Registro:** ||tqix4r8zvkfmhlxt5o1c1pssl||",
      "color": 16438033,
      "timestamp": 1645903851416
    }
  ],
  "attachments": [
    "947214149694414869"
  ]
}
Message from RockyAloW#1177:
{
  "channelId": "472227733988966410",
  "guildId": "472200926820827157",
  "id": "947273127740702740",
  "createdTimestamp": 1645917913137,
  "type": "DEFAULT",
  "authorId": "389563969540456458",
  "nonce": "947273121277149184",
  "groupActivityApplicationId": "477175586805252107"
}
Message from Barman#1975:
{
  "channelId": "831174452606926929",
  "guildId": "472200926820827157",
  "id": "947273129506525185",
  "createdTimestamp": 1645917913558,
  "type": "DEFAULT",
  "authorId": "903730942286364702",
  "embeds": [
    {
      "type": "rich",
      "title": "✏️ Mensagem Recebida",
      "description": "**⏰ Data:** 26/02/2022 20:25:13\n**🎯 Canal:** <#472227733988966410>\n**📝 Conteúdo:** --\n**🎲 ID de Registro:** ||7zo542iias2sq1m9rbu9krxrt||",
      "color": 16438033,
      "timestamp": 1645917913137
    }
  ],
  "attachments": [
    "947273129745604648"
  ]
}
Message from RockyAloW#1177:
{
  "channelId": "472227733988966410",
  "guildId": "472200926820827157",
  "id": "947273352958074960",
  "createdTimestamp": 1645917966833,
  "type": "DEFAULT",
  "content": "DQBLXG",
  "authorId": "389563969540456458",
  "nonce": "947273346653880320",
  "cleanContent": "DQBLXG"
}
Message from Barman#1975:
{
  "channelId": "831174452606926929",
  "guildId": "472200926820827157",
  "id": "947273353394278481",
  "createdTimestamp": 1645917966937,
  "type": "DEFAULT",
  "authorId": "903730942286364702",
  "embeds": [
    {
      "type": "rich",
      "title": "✏️ Mensagem Recebida",
      "description": "**⏰ Data:** 26/02/2022 20:26:06\n**🎯 Canal:** <#472227733988966410>\n**📝 Conteúdo:** DQBLXG\n**🎲 ID de Registro:** ||eyrmby2m243uwk8bqrilykchd||",
      "color": 16438033,
      "timestamp": 1645917966833
    }
  ],
  "attachments": [
    "947273353566224434"
  ]
}
Message from RockyAloW#1177:
{
  "channelId": "472227733988966410",
  "guildId": "472200926820827157",
  "id": "947666824424730674",
  "createdTimestamp": 1646011777741,
  "type": "DEFAULT",
  "content": "BALRLG",
  "authorId": "389563969540456458",
  "nonce": "947666823942242304",
  "cleanContent": "BALRLG"
}
Message from Barman#1975:
{
  "channelId": "831174452606926929",
  "guildId": "472200926820827157",
  "id": "947666826400264252",
  "createdTimestamp": 1646011778212,
  "type": "DEFAULT",
  "authorId": "903730942286364702",
  "embeds": [
    {
      "type": "rich",
      "title": "✏️ Mensagem Recebida",
      "description": "**⏰ Data:** 27/02/2022 22:29:37\n**🎯 Canal:** <#472227733988966410>\n**📝 Conteúdo:** BALRLG\n**🎲 ID de Registro:** ||vdu6ddb0c4g7k3h63p3rbsvns||",
      "color": 16438033,
      "timestamp": 1646011777741
    }
  ],
  "attachments": [
    "947666826417033236"
  ]
}
