Message from RockyAloW#1177:
{
  "channelId": "472227733988966410",
  "guildId": "472200926820827157",
  "id": "947689717569318972",
  "createdTimestamp": 1646017235892,
  "type": "DEFAULT",
  "content": "NWPBLG",
  "authorId": "389563969540456458",
  "nonce": "947689717401387008",
  "cleanContent": "NWPBLG"
}
Message from Barman#1975:
{
  "channelId": "831174452606926929",
  "guildId": "472200926820827157",
  "id": "947689719288971265",
  "createdTimestamp": 1646017236302,
  "type": "DEFAULT",
  "authorId": "903730942286364702",
  "embeds": [
    {
      "type": "rich",
      "title": "✏️ Mensagem Recebida",
      "description": "**⏰ Data:** 28/02/2022 00:00:35\n**🎯 Canal:** <#472227733988966410>\n**📝 Conteúdo:** NWPBLG\n**🎲 ID de Registro:** ||ouriueggyklsgn8fow87ymqzo||",
      "color": 16438033,
      "timestamp": 1646017235892
    }
  ],
  "attachments": [
    "947689719590944808"
  ]
}
Message from Jota#2643:
{
  "channelId": "472227733988966410",
  "guildId": "472200926820827157",
  "id": "947704406017732618",
  "createdTimestamp": 1646020737891,
  "type": "DEFAULT",
  "content": "kd está digitando",
  "authorId": "385568422215548940",
  "nonce": "953875186195628032",
  "cleanContent": "kd está digitando"
}
Message from Barman#1975:
{
  "channelId": "831174452606926929",
  "guildId": "472200926820827157",
  "id": "947704407758360616",
  "createdTimestamp": 1646020738306,
  "type": "DEFAULT",
  "authorId": "903730942286364702",
  "embeds": [
    {
      "type": "rich",
      "title": "✏️ Mensagem Recebida",
      "description": "**⏰ Data:** 28/02/2022 00:58:57\n**🎯 Canal:** <#472227733988966410>\n**📝 Conteúdo:** kd está digitando\n**🎲 ID de Registro:** ||0zfezxgep4l5wv9ppz7klkgwl||",
      "color": 16438033,
      "timestamp": 1646020737891
    }
  ],
  "attachments": [
    "947704407804506192"
  ]
}
Message from henrique#0001:
{
  "channelId": "472227733988966410",
  "guildId": "472200926820827157",
  "id": "947855614586003497",
  "createdTimestamp": 1646056788823,
  "type": "DEFAULT",
  "content": "🤏 sinêp",
  "authorId": "897291486285156362",
  "nonce": "954026395833466880",
  "cleanContent": "🤏 sinêp"
}
Message from Barman#1975:
{
  "channelId": "831174452606926929",
  "guildId": "472200926820827157",
  "id": "947855616196616223",
  "createdTimestamp": 1646056789207,
  "type": "DEFAULT",
  "authorId": "903730942286364702",
  "embeds": [
    {
      "type": "rich",
      "title": "✏️ Mensagem Recebida",
      "description": "**⏰ Data:** 28/02/2022 10:59:48\n**🎯 Canal:** <#472227733988966410>\n**📝 Conteúdo:** 🤏 sinêp\n**🎲 ID de Registro:** ||cwd3bpmn8bo7y0z7gkyx5xkv1||",
      "color": 16438033,
      "timestamp": 1646056788823
    }
  ],
  "attachments": [
    "947855616632815656"
  ]
}
Message from RockyAloW#1177:
{
  "channelId": "472227733988966410",
  "guildId": "472200926820827157",
  "id": "947910696774021192",
  "createdTimestamp": 1646069921440,
  "type": "DEFAULT",
  "content": "SQDCEG",
  "authorId": "389563969540456458",
  "nonce": "947910685013049344",
  "cleanContent": "SQDCEG"
}
Message from Barman#1975:
{
  "channelId": "831174452606926929",
  "guildId": "472200926820827157",
  "id": "947910701387767809",
  "createdTimestamp": 1646069922540,
  "type": "DEFAULT",
  "authorId": "903730942286364702",
  "embeds": [
    {
      "type": "rich",
      "title": "✏️ Mensagem Recebida",
      "description": "**⏰ Data:** 28/02/2022 14:38:41\n**🎯 Canal:** <#472227733988966410>\n**📝 Conteúdo:** SQDCEG\n**🎲 ID de Registro:** ||ylp52tnyi0e3hg79sc3bi52jy||",
      "color": 16438033,
      "timestamp": 1646069921440
    }
  ],
  "attachments": [
    "947910701798789170"
  ]
}
Message from RockyAloW#1177:
{
  "channelId": "472227733988966410",
  "guildId": "472200926820827157",
  "id": "947911513371443260",
  "createdTimestamp": 1646070116132,
  "type": "DEFAULT",
  "content": "WXXIDG",
  "authorId": "389563969540456458",
  "nonce": "947911501589512192",
  "cleanContent": "WXXIDG"
}
Message from Barman#1975:
{
  "channelId": "831174452606926929",
  "guildId": "472200926820827157",
  "id": "947911514080292894",
  "createdTimestamp": 1646070116301,
  "type": "DEFAULT",
  "authorId": "903730942286364702",
  "embeds": [
    {
      "type": "rich",
      "title": "✏️ Mensagem Recebida",
      "description": "**⏰ Data:** 28/02/2022 14:41:56\n**🎯 Canal:** <#472227733988966410>\n**📝 Conteúdo:** WXXIDG\n**🎲 ID de Registro:** ||72iuotl1hz7vwsxy4ptk83uct||",
      "color": 16438033,
      "timestamp": 1646070116132
    }
  ],
  "attachments": [
    "947911514143199282"
  ]
}
Message from KD#7272:
{
  "channelId": "472227733988966410",
  "guildId": "472200926820827157",
  "id": "947924485628113006",
  "createdTimestamp": 1646073208959,
  "type": "DEFAULT",
  "content": "506286",
  "authorId": "776949453918699530",
  "nonce": "947924483115581440",
  "cleanContent": "506286"
}
Message from Barman#1975:
{
  "channelId": "831174452606926929",
  "guildId": "472200926820827157",
  "id": "947924488257929267",
  "createdTimestamp": 1646073209586,
  "type": "DEFAULT",
  "authorId": "903730942286364702",
  "embeds": [
    {
      "type": "rich",
      "title": "✏️ Mensagem Recebida",
      "description": "**⏰ Data:** 28/02/2022 15:33:28\n**🎯 Canal:** <#472227733988966410>\n**📝 Conteúdo:** 506286\n**🎲 ID de Registro:** ||kv8zgn726rgfydsqlilt3tggb||",
      "color": 16438033,
      "timestamp": 1646073208959
    }
  ],
  "attachments": [
    "947924488618655794"
  ]
}
Message from Erick Rodrigues#2992:
{
  "channelId": "472228705893351435",
  "guildId": "472200926820827157",
  "id": "947995665148051476",
  "createdTimestamp": 1646090179479,
  "type": "DEFAULT",
  "content": "3p 2 segundos",
  "authorId": "575714595059007518",
  "nonce": "954166437868470272",
  "cleanContent": "3p 2 segundos"
}
Message from Barman#1975:
{
  "channelId": "831174452606926929",
  "guildId": "472200926820827157",
  "id": "947995667278729257",
  "createdTimestamp": 1646090179987,
  "type": "DEFAULT",
  "authorId": "903730942286364702",
  "embeds": [
    {
      "type": "rich",
      "title": "✏️ Mensagem Recebida",
      "description": "**⏰ Data:** 28/02/2022 20:16:19\n**🎯 Canal:** <#472228705893351435>\n**📝 Conteúdo:** 3p 2 segundos\n**🎲 ID de Registro:** ||mmsjybsnc7sbkz2012ozb80k6||",
      "color": 16438033,
      "timestamp": 1646090179479
    }
  ],
  "attachments": [
    "947995667337469992"
  ]
}
Message from Miku Music#2160:
{
  "channelId": "472228705893351435",
  "guildId": "472200926820827157",
  "id": "947995706948476928",
  "createdTimestamp": 1646090189445,
  "type": "DEFAULT",
  "authorId": "822983883015454731",
  "embeds": [
    {
      "type": "rich",
      "color": 3447003,
      "fields": [
        {
          "value": "Dano - 2 Segundos (feat. Cruz Cafuné) [Videoclip Oficial]",
          "name": "Name",
          "inline": true
        },
        {
          "value": "261 seconds (4:21)",
          "name": "Duration",
          "inline": true
        },
        {
          "value": "Erick Rodrigues#2992",
          "name": "Requested by",
          "inline": true
        }
      ]
    }
  ]
}
Message from Barman#1975:
{
  "channelId": "831174452606926929",
  "guildId": "472200926820827157",
  "id": "947995707531460669",
  "createdTimestamp": 1646090189584,
  "type": "DEFAULT",
  "authorId": "903730942286364702",
  "embeds": [
    {
      "type": "rich",
      "title": "✏️ Mensagem Recebida",
      "description": "**⏰ Data:** 28/02/2022 20:16:29\n**🎯 Canal:** <#472228705893351435>\n**📝 Conteúdo:** --\n**🎲 ID de Registro:** ||xpd7z6msqjitthye0uqzn3pv0||",
      "color": 16438033,
      "timestamp": 1646090189445
    }
  ],
  "attachments": [
    "947995707594391572"
  ]
}
Message from Miku Music#2160 was updated:
{
  "old": {
    "channelId": "472228705893351435",
    "guildId": "472200926820827157",
    "id": "947995706948476928",
    "createdTimestamp": 1646090189445,
    "type": "DEFAULT",
    "authorId": "822983883015454731",
    "embeds": [
      {
        "type": "rich",
        "color": 3447003,
        "fields": [
          {
            "value": "Dano - 2 Segundos (feat. Cruz Cafuné) [Videoclip Oficial]",
            "name": "Name",
            "inline": true
          },
          {
            "value": "261 seconds (4:21)",
            "name": "Duration",
            "inline": true
          },
          {
            "value": "Erick Rodrigues#2992",
            "name": "Requested by",
            "inline": true
          }
        ]
      }
    ]
  },
  "new": {
    "channelId": "472228705893351435",
    "guildId": "472200926820827157",
    "id": "947995706948476928",
    "createdTimestamp": 1646090189445,
    "type": "DEFAULT",
    "authorId": "822983883015454731",
    "embeds": [
      {
        "type": "rich",
        "color": 3447003,
        "fields": [
          {
            "value": "Dano - 2 Segundos (feat. Cruz Cafuné) [Videoclip Oficial]",
            "name": "Name",
            "inline": true
          },
          {
            "value": "261 seconds (4:21)",
            "name": "Duration",
            "inline": true
          },
          {
            "value": "Erick Rodrigues#2992",
            "name": "Requested by",
            "inline": true
          }
        ]
      }
    ]
  }
}
Message from Barman#1975:
{
  "channelId": "831174452606926929",
  "guildId": "472200926820827157",
  "id": "947995710832377877",
  "createdTimestamp": 1646090190371,
  "type": "DEFAULT",
  "authorId": "903730942286364702",
  "embeds": [
    {
      "type": "rich",
      "title": "✂️ Mensagem Alterada",
      "description": "**⏰ Data:** 28/02/2022 20:16:29\n**🎯 Canal:** <#472228705893351435>\n**📝 Conteúdo Anterior:** --\n**📝 Conteúdo Novo:** --\n**🎲 ID de Registro:** 8rmrggbtkeict73t0uvxsmds2",
      "color": 16438033,
      "timestamp": 1646090189445
    }
  ],
  "attachments": [
    "947995711365087302"
  ]
}
Message from Erick Rodrigues#2992:
{
  "channelId": "472228705893351435",
  "guildId": "472200926820827157",
  "id": "947995760866230362",
  "createdTimestamp": 1646090202300,
  "type": "DEFAULT",
  "content": "3s",
  "authorId": "575714595059007518",
  "nonce": "954166541329367040",
  "cleanContent": "3s"
}
Message from Barman#1975:
{
  "channelId": "831174452606926929",
  "guildId": "472200926820827157",
  "id": "947995761625432064",
  "createdTimestamp": 1646090202481,
  "type": "DEFAULT",
  "authorId": "903730942286364702",
  "embeds": [
    {
      "type": "rich",
      "title": "✏️ Mensagem Recebida",
      "description": "**⏰ Data:** 28/02/2022 20:16:42\n**🎯 Canal:** <#472228705893351435>\n**📝 Conteúdo:** 3s\n**🎲 ID de Registro:** ||h1gm686j2mchswx5v57btme76||",
      "color": 16438033,
      "timestamp": 1646090202300
    }
  ],
  "attachments": [
    "947995761768034314"
  ]
}
Message from Erick Rodrigues#2992:
{
  "channelId": "472228705893351435",
  "guildId": "472200926820827157",
  "id": "947995784895414376",
  "createdTimestamp": 1646090208029,
  "type": "DEFAULT",
  "content": "3p Kid bengala gemendo estourado",
  "authorId": "575714595059007518",
  "nonce": "954166565798936576",
  "cleanContent": "3p Kid bengala gemendo estourado"
}
Message from Barman#1975:
{
  "channelId": "831174452606926929",
  "guildId": "472200926820827157",
  "id": "947995785855913985",
  "createdTimestamp": 1646090208258,
  "type": "DEFAULT",
  "authorId": "903730942286364702",
  "embeds": [
    {
      "type": "rich",
      "title": "✏️ Mensagem Recebida",
      "description": "**⏰ Data:** 28/02/2022 20:16:48\n**🎯 Canal:** <#472228705893351435>\n**📝 Conteúdo:** 3p Kid bengala gemendo estourado\n**🎲 ID de Registro:** ||jof1bp2kh3esoz6gq41mrvi5m||",
      "color": 16438033,
      "timestamp": 1646090208029
    }
  ],
  "attachments": [
    "947995785956564992"
  ]
}
Message from Miku Music#2160:
{
  "channelId": "472228705893351435",
  "guildId": "472200926820827157",
  "id": "947995824779059210",
  "createdTimestamp": 1646090217538,
  "type": "DEFAULT",
  "authorId": "822983883015454731",
  "embeds": [
    {
      "type": "rich",
      "color": 3447003,
      "fields": [
        {
          "value": "Kid Bengala's Gasm earrape",
          "name": "Name",
          "inline": true
        },
        {
          "value": "21 seconds (0:21)",
          "name": "Duration",
          "inline": true
        },
        {
          "value": "Erick Rodrigues#2992",
          "name": "Requested by",
          "inline": true
        }
      ]
    }
  ]
}
Message from Miku Music#2160 was updated:
{
  "old": {
    "channelId": "472228705893351435",
    "guildId": "472200926820827157",
    "id": "947995824779059210",
    "createdTimestamp": 1646090217538,
    "type": "DEFAULT",
    "authorId": "822983883015454731",
    "embeds": [
      {
        "type": "rich",
        "color": 3447003,
        "fields": [
          {
            "value": "Kid Bengala's Gasm earrape",
            "name": "Name",
            "inline": true
          },
          {
            "value": "21 seconds (0:21)",
            "name": "Duration",
            "inline": true
          },
          {
            "value": "Erick Rodrigues#2992",
            "name": "Requested by",
            "inline": true
          }
        ]
      }
    ]
  },
  "new": {
    "channelId": "472228705893351435",
    "guildId": "472200926820827157",
    "id": "947995824779059210",
    "createdTimestamp": 1646090217538,
    "type": "DEFAULT",
    "authorId": "822983883015454731",
    "embeds": [
      {
        "type": "rich",
        "color": 3447003,
        "fields": [
          {
            "value": "Kid Bengala's Gasm earrape",
            "name": "Name",
            "inline": true
          },
          {
            "value": "21 seconds (0:21)",
            "name": "Duration",
            "inline": true
          },
          {
            "value": "Erick Rodrigues#2992",
            "name": "Requested by",
            "inline": true
          }
        ]
      }
    ]
  }
}
Message from Barman#1975:
{
  "channelId": "831174452606926929",
  "guildId": "472200926820827157",
  "id": "947995825311727626",
  "createdTimestamp": 1646090217665,
  "type": "DEFAULT",
  "authorId": "903730942286364702",
  "embeds": [
    {
      "type": "rich",
      "title": "✏️ Mensagem Recebida",
      "description": "**⏰ Data:** 28/02/2022 20:16:57\n**🎯 Canal:** <#472228705893351435>\n**📝 Conteúdo:** --\n**🎲 ID de Registro:** ||zranb13m7r6tf3yd54ou97pdd||",
      "color": 16438033,
      "timestamp": 1646090217538
    }
  ],
  "attachments": [
    "947995825353682994"
  ]
}
Message from Barman#1975:
{
  "channelId": "831174452606926929",
  "guildId": "472200926820827157",
  "id": "947995826024742932",
  "createdTimestamp": 1646090217835,
  "type": "DEFAULT",
  "authorId": "903730942286364702",
  "embeds": [
    {
      "type": "rich",
      "title": "✂️ Mensagem Alterada",
      "description": "**⏰ Data:** 28/02/2022 20:16:57\n**🎯 Canal:** <#472228705893351435>\n**📝 Conteúdo Anterior:** --\n**📝 Conteúdo Novo:** --\n**🎲 ID de Registro:** rt0308f3pguy84mthl846osfn",
      "color": 16438033,
      "timestamp": 1646090217538
    }
  ],
  "attachments": [
    "947995826049929216"
  ]
}
Message from Erick Rodrigues#2992:
{
  "channelId": "472228705893351435",
  "guildId": "472200926820827157",
  "id": "947996064223473695",
  "createdTimestamp": 1646090274626,
  "type": "DEFAULT",
  "content": "3p Kid bengala gemendo estourado",
  "authorId": "575714595059007518",
  "nonce": "954166841830277120",
  "cleanContent": "3p Kid bengala gemendo estourado"
}
Message from Barman#1975:
{
  "channelId": "831174452606926929",
  "guildId": "472200926820827157",
  "id": "947996064965869609",
  "createdTimestamp": 1646090274803,
  "type": "DEFAULT",
  "authorId": "903730942286364702",
  "embeds": [
    {
      "type": "rich",
      "title": "✏️ Mensagem Recebida",
      "description": "**⏰ Data:** 28/02/2022 20:17:54\n**🎯 Canal:** <#472228705893351435>\n**📝 Conteúdo:** 3p Kid bengala gemendo estourado\n**🎲 ID de Registro:** ||ziwmovpvhs3ykld4kyy7tz4hh||",
      "color": 16438033,
      "timestamp": 1646090274626
    }
  ],
  "attachments": [
    "947996064982642718"
  ]
}
Message from Miku Music#2160:
{
  "channelId": "472228705893351435",
  "guildId": "472200926820827157",
  "id": "947996107009589319",
  "createdTimestamp": 1646090284827,
  "type": "DEFAULT",
  "authorId": "822983883015454731",
  "embeds": [
    {
      "type": "rich",
      "color": 3447003,
      "fields": [
        {
          "value": "Kid Bengala's Gasm earrape",
          "name": "Name",
          "inline": true
        },
        {
          "value": "21 seconds (0:21)",
          "name": "Duration",
          "inline": true
        },
        {
          "value": "Erick Rodrigues#2992",
          "name": "Requested by",
          "inline": true
        }
      ]
    }
  ]
}
Message from Barman#1975:
{
  "channelId": "831174452606926929",
  "guildId": "472200926820827157",
  "id": "947996107898765312",
  "createdTimestamp": 1646090285039,
  "type": "DEFAULT",
  "authorId": "903730942286364702",
  "embeds": [
    {
      "type": "rich",
      "title": "✏️ Mensagem Recebida",
      "description": "**⏰ Data:** 28/02/2022 20:18:04\n**🎯 Canal:** <#472228705893351435>\n**📝 Conteúdo:** --\n**🎲 ID de Registro:** ||8qt33t01d8v6xju13kyo3vdze||",
      "color": 16438033,
      "timestamp": 1646090284827
    }
  ],
  "attachments": [
    "947996107936497685"
  ]
}
Message from doxedbyvini#0130:
{
  "channelId": "472228705893351435",
  "guildId": "472200926820827157",
  "id": "948384614681042986",
  "createdTimestamp": 1646182912274,
  "type": "DEFAULT",
  "content": "3p kevin o chris - vai rebola pro pai (slowed + reverb)",
  "authorId": "599059525189894165",
  "nonce": "948384613762334720",
  "cleanContent": "3p kevin o chris - vai rebola pro pai (slowed + reverb)"
}
Message from Barman#1975:
{
  "channelId": "831174452606926929",
  "guildId": "472200926820827157",
  "id": "948384625707855903",
  "createdTimestamp": 1646182914903,
  "type": "DEFAULT",
  "authorId": "903730942286364702",
  "embeds": [
    {
      "type": "rich",
      "title": "✏️ Mensagem Recebida",
      "description": "**⏰ Data:** 01/03/2022 22:01:52\n**🎯 Canal:** <#472228705893351435>\n**📝 Conteúdo:** 3p kevin o chris - vai rebola pro pai (slowed + reverb)\n**🎲 ID de Registro:** ||ald55ggfg9d50vlsctgzzlt48||",
      "color": 16438033,
      "timestamp": 1646182912274
    }
  ],
  "attachments": [
    "948384626009858058"
  ]
}
Message from Miku Music#2160:
{
  "channelId": "472228705893351435",
  "guildId": "472200926820827157",
  "id": "948384633974833162",
  "createdTimestamp": 1646182916874,
  "type": "DEFAULT",
  "authorId": "822983883015454731",
  "embeds": [
    {
      "type": "rich",
      "color": 3447003,
      "fields": [
        {
          "value": "kevin o chris - vai rebola pro pai (slowed + reverb)",
          "name": "Name",
          "inline": true
        },
        {
          "value": "247 seconds (4:07)",
          "name": "Duration",
          "inline": true
        },
        {
          "value": "doxedbyvini#0130",
          "name": "Requested by",
          "inline": true
        }
      ]
    }
  ]
}
Message from Miku Music#2160 was updated:
{
  "old": {
    "channelId": "472228705893351435",
    "guildId": "472200926820827157",
    "id": "948384633974833162",
    "createdTimestamp": 1646182916874,
    "type": "DEFAULT",
    "authorId": "822983883015454731",
    "embeds": [
      {
        "type": "rich",
        "color": 3447003,
        "fields": [
          {
            "value": "kevin o chris - vai rebola pro pai (slowed + reverb)",
            "name": "Name",
            "inline": true
          },
          {
            "value": "247 seconds (4:07)",
            "name": "Duration",
            "inline": true
          },
          {
            "value": "doxedbyvini#0130",
            "name": "Requested by",
            "inline": true
          }
        ]
      }
    ]
  },
  "new": {
    "channelId": "472228705893351435",
    "guildId": "472200926820827157",
    "id": "948384633974833162",
    "createdTimestamp": 1646182916874,
    "type": "DEFAULT",
    "authorId": "822983883015454731",
    "embeds": [
      {
        "type": "rich",
        "color": 3447003,
        "fields": [
          {
            "value": "kevin o chris - vai rebola pro pai (slowed + reverb)",
            "name": "Name",
            "inline": true
          },
          {
            "value": "247 seconds (4:07)",
            "name": "Duration",
            "inline": true
          },
          {
            "value": "doxedbyvini#0130",
            "name": "Requested by",
            "inline": true
          }
        ]
      }
    ]
  }
}
Message from Barman#1975:
{
  "channelId": "831174452606926929",
  "guildId": "472200926820827157",
  "id": "948384635178586112",
  "createdTimestamp": 1646182917161,
  "type": "DEFAULT",
  "authorId": "903730942286364702",
  "embeds": [
    {
      "type": "rich",
      "title": "✏️ Mensagem Recebida",
      "description": "**⏰ Data:** 01/03/2022 22:01:56\n**🎯 Canal:** <#472228705893351435>\n**📝 Conteúdo:** --\n**🎲 ID de Registro:** ||pa39ngdzswoykim7bymkk8puu||",
      "color": 16438033,
      "timestamp": 1646182916874
    }
  ],
  "attachments": [
    "948384635212148776"
  ]
}
Message from Barman#1975:
{
  "channelId": "831174452606926929",
  "guildId": "472200926820827157",
  "id": "948384636587868241",
  "createdTimestamp": 1646182917497,
  "type": "DEFAULT",
  "authorId": "903730942286364702",
  "embeds": [
    {
      "type": "rich",
      "title": "✂️ Mensagem Alterada",
      "description": "**⏰ Data:** 01/03/2022 22:01:56\n**🎯 Canal:** <#472228705893351435>\n**📝 Conteúdo Anterior:** --\n**📝 Conteúdo Novo:** --\n**🎲 ID de Registro:** 3g8i784dz7q4w8vdiuypcbnwi",
      "color": 16438033,
      "timestamp": 1646182916874
    }
  ],
  "attachments": [
    "948384636986355732"
  ]
}
Message from doxedbyvini#0130:
{
  "channelId": "472228705893351435",
  "guildId": "472200926820827157",
  "id": "948385597733634129",
  "createdTimestamp": 1646183146652,
  "type": "DEFAULT",
  "content": "3p sou teu fan",
  "authorId": "599059525189894165",
  "nonce": "948385596886220800",
  "cleanContent": "3p sou teu fan"
}
Message from Barman#1975:
{
  "channelId": "831174452606926929",
  "guildId": "472200926820827157",
  "id": "948385598769598474",
  "createdTimestamp": 1646183146899,
  "type": "DEFAULT",
  "authorId": "903730942286364702",
  "embeds": [
    {
      "type": "rich",
      "title": "✏️ Mensagem Recebida",
      "description": "**⏰ Data:** 01/03/2022 22:05:46\n**🎯 Canal:** <#472228705893351435>\n**📝 Conteúdo:** 3p sou teu fan\n**🎲 ID de Registro:** ||2fwhlh6ny5ij4supnh8hc74da||",
      "color": 16438033,
      "timestamp": 1646183146652
    }
  ],
  "attachments": [
    "948385598794780733"
  ]
}
Message from Miku Music#2160:
{
  "channelId": "472228705893351435",
  "guildId": "472200926820827157",
  "id": "948385605396598854",
  "createdTimestamp": 1646183148479,
  "type": "DEFAULT",
  "authorId": "822983883015454731",
  "embeds": [
    {
      "type": "rich",
      "color": 16776960,
      "fields": [
        {
          "value": "Dennis & Bruno Martini feat Vitin - Sou Teu Fã (Video Oficial)",
          "name": "Name",
          "inline": true
        },
        {
          "value": "194 seconds (3:14)",
          "name": "Duration",
          "inline": true
        },
        {
          "value": "doxedbyvini#0130",
          "name": "Requested by",
          "inline": true
        }
      ]
    }
  ]
}
Message from Barman#1975:
{
  "channelId": "831174452606926929",
  "guildId": "472200926820827157",
  "id": "948385607141449789",
  "createdTimestamp": 1646183148895,
  "type": "DEFAULT",
  "authorId": "903730942286364702",
  "embeds": [
    {
      "type": "rich",
      "title": "✏️ Mensagem Recebida",
      "description": "**⏰ Data:** 01/03/2022 22:05:48\n**🎯 Canal:** <#472228705893351435>\n**📝 Conteúdo:** --\n**🎲 ID de Registro:** ||ok5o6bi70rjvfdhk71w67t51n||",
      "color": 16438033,
      "timestamp": 1646183148479
    }
  ],
  "attachments": [
    "948385607229517834"
  ]
}
Message from Miku Music#2160 was updated:
{
  "old": {
    "channelId": "472228705893351435",
    "guildId": "472200926820827157",
    "id": "948385605396598854",
    "createdTimestamp": 1646183148479,
    "type": "DEFAULT",
    "authorId": "822983883015454731",
    "embeds": [
      {
        "type": "rich",
        "color": 16776960,
        "fields": [
          {
            "value": "Dennis & Bruno Martini feat Vitin - Sou Teu Fã (Video Oficial)",
            "name": "Name",
            "inline": true
          },
          {
            "value": "194 seconds (3:14)",
            "name": "Duration",
            "inline": true
          },
          {
            "value": "doxedbyvini#0130",
            "name": "Requested by",
            "inline": true
          }
        ]
      }
    ]
  },
  "new": {
    "channelId": "472228705893351435",
    "guildId": "472200926820827157",
    "id": "948385605396598854",
    "createdTimestamp": 1646183148479,
    "type": "DEFAULT",
    "authorId": "822983883015454731",
    "embeds": [
      {
        "type": "rich",
        "color": 16776960,
        "fields": [
          {
            "value": "Dennis & Bruno Martini feat Vitin - Sou Teu Fã (Video Oficial)",
            "name": "Name",
            "inline": true
          },
          {
            "value": "194 seconds (3:14)",
            "name": "Duration",
            "inline": true
          },
          {
            "value": "doxedbyvini#0130",
            "name": "Requested by",
            "inline": true
          }
        ]
      }
    ]
  }
}
Message from Barman#1975:
{
  "channelId": "831174452606926929",
  "guildId": "472200926820827157",
  "id": "948385608756260904",
  "createdTimestamp": 1646183149280,
  "type": "DEFAULT",
  "authorId": "903730942286364702",
  "embeds": [
    {
      "type": "rich",
      "title": "✂️ Mensagem Alterada",
      "description": "**⏰ Data:** 01/03/2022 22:05:48\n**🎯 Canal:** <#472228705893351435>\n**📝 Conteúdo Anterior:** --\n**📝 Conteúdo Novo:** --\n**🎲 ID de Registro:** xlko47zl9c73eiok8tftsige0",
      "color": 16438033,
      "timestamp": 1646183148479
    }
  ],
  "attachments": [
    "948385608861114428"
  ]
}
Message from doxedbyvini#0130:
{
  "channelId": "472228705893351435",
  "guildId": "472200926820827157",
  "id": "948385612438851664",
  "createdTimestamp": 1646183150158,
  "type": "DEFAULT",
  "content": "3s",
  "authorId": "599059525189894165",
  "nonce": "948385611494981632",
  "cleanContent": "3s"
}
Message from Barman#1975:
{
  "channelId": "831174452606926929",
  "guildId": "472200926820827157",
  "id": "948385612967342110",
  "createdTimestamp": 1646183150284,
  "type": "DEFAULT",
  "authorId": "903730942286364702",
  "embeds": [
    {
      "type": "rich",
      "title": "✏️ Mensagem Recebida",
      "description": "**⏰ Data:** 01/03/2022 22:05:50\n**🎯 Canal:** <#472228705893351435>\n**📝 Conteúdo:** 3s\n**🎲 ID de Registro:** ||ivg54occlii7dk1wi4a7b19e8||",
      "color": 16438033,
      "timestamp": 1646183150158
    }
  ],
  "attachments": [
    "948385613000892506"
  ]
}
Message from Miku Music#2160:
{
  "channelId": "472228705893351435",
  "guildId": "472200926820827157",
  "id": "948385613269303346",
  "createdTimestamp": 1646183150356,
  "type": "DEFAULT",
  "authorId": "822983883015454731",
  "embeds": [
    {
      "type": "rich",
      "color": 3447003,
      "fields": [
        {
          "value": "Dennis & Bruno Martini feat Vitin - Sou Teu Fã (Video Oficial)",
          "name": "Name",
          "inline": true
        },
        {
          "value": "194 seconds (3:14)",
          "name": "Duration",
          "inline": true
        },
        {
          "value": "doxedbyvini#0130",
          "name": "Requested by",
          "inline": true
        }
      ]
    }
  ]
}
Message from Barman#1975:
{
  "channelId": "831174452606926929",
  "guildId": "472200926820827157",
  "id": "948385613843922994",
  "createdTimestamp": 1646183150493,
  "type": "DEFAULT",
  "authorId": "903730942286364702",
  "embeds": [
    {
      "type": "rich",
      "title": "✏️ Mensagem Recebida",
      "description": "**⏰ Data:** 01/03/2022 22:05:50\n**🎯 Canal:** <#472228705893351435>\n**📝 Conteúdo:** --\n**🎲 ID de Registro:** ||j1y402pcc1z9z41fqct1mfr3h||",
      "color": 16438033,
      "timestamp": 1646183150356
    }
  ],
  "attachments": [
    "948385613919453214"
  ]
}
