Message from Erick Rodrigues#2992:
{
  "channelId": "472228705893351435",
  "guildId": "472200926820827157",
  "id": "940890041885011978",
  "createdTimestamp": 1644396066877,
  "type": "DEFAULT",
  "content": "3p 10 horas bode gritando",
  "authorId": "575714595059007518",
  "nonce": "947060822578823168",
  "cleanContent": "3p 10 horas bode gritando"
}
Message from Miku Music#2160:
{
  "channelId": "472228705893351435",
  "guildId": "472200926820827157",
  "id": "940890042786807868",
  "createdTimestamp": 1644396067092,
  "type": "DEFAULT",
  "authorId": "822983883015454731",
  "embeds": [
    {
      "type": "rich",
      "description": "I'm sorry but you need to be in a voice channel to play music!",
      "color": 15158332
    }
  ]
}
Message from Barman#1975:
{
  "channelId": "831174452606926929",
  "guildId": "472200926820827157",
  "id": "940890042950352916",
  "createdTimestamp": 1644396067131,
  "type": "DEFAULT",
  "authorId": "903730942286364702",
  "embeds": [
    {
      "type": "rich",
      "title": "✏️ Mensagem Recebida",
      "description": "**⏰ Data:** 09/02/2022 05:41:06\n**🎯 Canal:** <#472228705893351435>\n**📝 Conteúdo:** 3p 10 horas bode gritando\n**🎲 ID de Registro:** ||uzhrl4dfvobim3iqwu6iosngu||",
      "color": 16438033,
      "timestamp": 1644396066877
    }
  ],
  "attachments": [
    "940890042988130384"
  ]
}
Message from Barman#1975:
{
  "channelId": "831174452606926929",
  "guildId": "472200926820827157",
  "id": "940890043629842432",
  "createdTimestamp": 1644396067293,
  "type": "DEFAULT",
  "authorId": "903730942286364702",
  "embeds": [
    {
      "type": "rich",
      "title": "✏️ Mensagem Recebida",
      "description": "**⏰ Data:** 09/02/2022 05:41:07\n**🎯 Canal:** <#472228705893351435>\n**📝 Conteúdo:** --\n**🎲 ID de Registro:** ||hgnufijqz4xv27wptvyxybayf||",
      "color": 16438033,
      "timestamp": 1644396067092
    }
  ],
  "attachments": [
    "940890043646631966"
  ]
}
Message from Erick Rodrigues#2992:
{
  "channelId": "472228705893351435",
  "guildId": "472200926820827157",
  "id": "940890067096981555",
  "createdTimestamp": 1644396072888,
  "type": "DEFAULT",
  "content": "3p",
  "authorId": "575714595059007518",
  "nonce": "947060847945973760",
  "cleanContent": "3p"
}
Message from Miku Music#2160:
{
  "channelId": "472228705893351435",
  "guildId": "472200926820827157",
  "id": "940890067629654116",
  "createdTimestamp": 1644396073015,
  "type": "DEFAULT",
  "authorId": "822983883015454731",
  "embeds": [
    {
      "type": "rich",
      "description": "I'm sorry but you need to be in a voice channel to play music!",
      "color": 15158332
    }
  ]
}
Message from Barman#1975:
{
  "channelId": "831174452606926929",
  "guildId": "472200926820827157",
  "id": "940890067713544213",
  "createdTimestamp": 1644396073035,
  "type": "DEFAULT",
  "authorId": "903730942286364702",
  "embeds": [
    {
      "type": "rich",
      "title": "✏️ Mensagem Recebida",
      "description": "**⏰ Data:** 09/02/2022 05:41:12\n**🎯 Canal:** <#472228705893351435>\n**📝 Conteúdo:** 3p\n**🎲 ID de Registro:** ||cle98ze81hgnr8htl7t8z7jzd||",
      "color": 16438033,
      "timestamp": 1644396072888
    }
  ],
  "attachments": [
    "940890067747110932"
  ]
}
Message from Barman#1975:
{
  "channelId": "831174452606926929",
  "guildId": "472200926820827157",
  "id": "940890068451749889",
  "createdTimestamp": 1644396073211,
  "type": "DEFAULT",
  "authorId": "903730942286364702",
  "embeds": [
    {
      "type": "rich",
      "title": "✏️ Mensagem Recebida",
      "description": "**⏰ Data:** 09/02/2022 05:41:13\n**🎯 Canal:** <#472228705893351435>\n**📝 Conteúdo:** --\n**🎲 ID de Registro:** ||dgwv860flees3e1wmk47300og||",
      "color": 16438033,
      "timestamp": 1644396073015
    }
  ],
  "attachments": [
    "940890068762116106"
  ]
}
Message from Erick Rodrigues#2992:
{
  "channelId": "472228705893351435",
  "guildId": "472200926820827157",
  "id": "940890176023056384",
  "createdTimestamp": 1644396098858,
  "type": "DEFAULT",
  "content": "3p 10 horas bode gritando",
  "authorId": "575714595059007518",
  "nonce": "947060956779773952",
  "cleanContent": "3p 10 horas bode gritando"
}
Message from Barman#1975:
{
  "channelId": "831174452606926929",
  "guildId": "472200926820827157",
  "id": "940890176392163358",
  "createdTimestamp": 1644396098946,
  "type": "DEFAULT",
  "authorId": "903730942286364702",
  "embeds": [
    {
      "type": "rich",
      "title": "✏️ Mensagem Recebida",
      "description": "**⏰ Data:** 09/02/2022 05:41:38\n**🎯 Canal:** <#472228705893351435>\n**📝 Conteúdo:** 3p 10 horas bode gritando\n**🎲 ID de Registro:** ||h4hku0b73g6hn1tkts13vc7xb||",
      "color": 16438033,
      "timestamp": 1644396098858
    }
  ],
  "attachments": [
    "940890176408916019"
  ]
}
Message from Miku Music#2160:
{
  "channelId": "472228705893351435",
  "guildId": "472200926820827157",
  "id": "940890209007063070",
  "createdTimestamp": 1644396106722,
  "type": "DEFAULT",
  "authorId": "822983883015454731",
  "embeds": [
    {
      "type": "rich",
      "color": 3447003,
      "fields": [
        {
          "value": "The screaming sheep 6 hours",
          "name": "Name",
          "inline": true
        },
        {
          "value": "21600 seconds (6:00:00)",
          "name": "Duration",
          "inline": true
        },
        {
          "value": "Erick Rodrigues#2992",
          "name": "Requested by",
          "inline": true
        }
      ]
    }
  ]
}
Message from Barman#1975:
{
  "channelId": "831174452606926929",
  "guildId": "472200926820827157",
  "id": "940890209237757963",
  "createdTimestamp": 1644396106777,
  "type": "DEFAULT",
  "authorId": "903730942286364702",
  "embeds": [
    {
      "type": "rich",
      "title": "✏️ Mensagem Recebida",
      "description": "**⏰ Data:** 09/02/2022 05:41:46\n**🎯 Canal:** <#472228705893351435>\n**📝 Conteúdo:** --\n**🎲 ID de Registro:** ||zhq0881al7892rned6lo26s48||",
      "color": 16438033,
      "timestamp": 1644396106722
    }
  ],
  "attachments": [
    "940890209539731496"
  ]
}
Message from Miku Music#2160 was updated:
{
  "old": {
    "channelId": "472228705893351435",
    "guildId": "472200926820827157",
    "id": "940890209007063070",
    "createdTimestamp": 1644396106722,
    "type": "DEFAULT",
    "authorId": "822983883015454731",
    "embeds": [
      {
        "type": "rich",
        "color": 3447003,
        "fields": [
          {
            "value": "The screaming sheep 6 hours",
            "name": "Name",
            "inline": true
          },
          {
            "value": "21600 seconds (6:00:00)",
            "name": "Duration",
            "inline": true
          },
          {
            "value": "Erick Rodrigues#2992",
            "name": "Requested by",
            "inline": true
          }
        ]
      }
    ]
  },
  "new": {
    "channelId": "472228705893351435",
    "guildId": "472200926820827157",
    "id": "940890209007063070",
    "createdTimestamp": 1644396106722,
    "type": "DEFAULT",
    "authorId": "822983883015454731",
    "embeds": [
      {
        "type": "rich",
        "color": 3447003,
        "fields": [
          {
            "value": "The screaming sheep 6 hours",
            "name": "Name",
            "inline": true
          },
          {
            "value": "21600 seconds (6:00:00)",
            "name": "Duration",
            "inline": true
          },
          {
            "value": "Erick Rodrigues#2992",
            "name": "Requested by",
            "inline": true
          }
        ]
      }
    ]
  }
}
Message from Barman#1975:
{
  "channelId": "831174452606926929",
  "guildId": "472200926820827157",
  "id": "940890219815772190",
  "createdTimestamp": 1644396109299,
  "type": "DEFAULT",
  "authorId": "903730942286364702",
  "embeds": [
    {
      "type": "rich",
      "title": "✂️ Mensagem Alterada",
      "description": "**⏰ Data:** 09/02/2022 05:41:46\n**🎯 Canal:** <#472228705893351435>\n**📝 Conteúdo Anterior:** --\n**📝 Conteúdo Novo:** --\n**🎲 ID de Registro:** mmhhdkkh414xamt1633pozf13",
      "color": 16438033,
      "timestamp": 1644396106722
    }
  ],
  "attachments": [
    "940890219832561664"
  ]
}
Message from Barman#1975:
{
  "channelId": "805791911558381568",
  "guildId": "472200926820827157",
  "id": "941491932763406446",
  "createdTimestamp": 1644539568845,
  "type": "DEFAULT",
  "content": "<@928315491540410449>",
  "authorId": "903730942286364702",
  "embeds": [
    {
      "type": "rich",
      "title": "🚩 Membro Novo! Seja muito bem-vindo(a) pererecahsuicidah ao ButecoGamer🍻🎮",
      "description": "Muito legal te ver por aqui, pererecahsuicidah! Espero que consiga socializar em nossa comunidade, nosso intuito é fazer você conhecer novas pessoas, fazer novas amizades, zoar e se divertir com todos nossos membros.",
      "color": 16438033,
      "timestamp": 1644539568765,
      "fields": [
        {
          "value": "- 🔗 [Convite do Servidor](https://discord.gg/884HafWG9P)\n- 📞 [WhatsApp Oficial](https://chat.whatsapp.com/H2HidKT1AmyH9D6Gm55Aok)",
          "name": "📎 Links Relacionados:"
        },
        {
          "value": "- <#846106097663737887>\n- <#472225709738426368>\n- <#472225914114146315>",
          "name": "🗺 Seções Importantes:"
        },
        {
          "value": "- <#472409959695384579> 📝\n- <#472227733988966410> 📝\n- <#913210275379937331> 🔊",
          "name": "🌐 Comunidade:"
        }
      ]
    }
  ],
  "cleanContent": "@​pererecahsuicidah"
}
Message from Barman#1975:
{
  "channelId": "831174452606926929",
  "guildId": "472200926820827157",
  "id": "941491933921034311",
  "createdTimestamp": 1644539569121,
  "type": "DEFAULT",
  "authorId": "903730942286364702",
  "embeds": [
    {
      "type": "rich",
      "title": "✏️ Mensagem Recebida",
      "description": "**⏰ Data:** 10/02/2022 21:32:48\n**🎯 Canal:** <#805791911558381568>\n**📝 Conteúdo:** <@928315491540410449>\n**🎲 ID de Registro:** ||rtbxpf3jfif8lcaqweikk5gyi||",
      "color": 16438033,
      "timestamp": 1644539568845
    }
  ],
  "attachments": [
    "941491934281760839"
  ]
}
Message from Barman#1975 was updated:
{
  "old": {
    "channelId": "805791911558381568",
    "guildId": "472200926820827157",
    "id": "941491932763406446",
    "createdTimestamp": 1644539568845,
    "type": "DEFAULT",
    "content": "<@928315491540410449>",
    "authorId": "903730942286364702",
    "embeds": [
      {
        "type": "rich",
        "title": "🚩 Membro Novo! Seja muito bem-vindo(a) pererecahsuicidah ao ButecoGamer🍻🎮",
        "description": "Muito legal te ver por aqui, pererecahsuicidah! Espero que consiga socializar em nossa comunidade, nosso intuito é fazer você conhecer novas pessoas, fazer novas amizades, zoar e se divertir com todos nossos membros.",
        "color": 16438033,
        "timestamp": 1644539568765,
        "fields": [
          {
            "value": "- 🔗 [Convite do Servidor](https://discord.gg/884HafWG9P)\n- 📞 [WhatsApp Oficial](https://chat.whatsapp.com/H2HidKT1AmyH9D6Gm55Aok)",
            "name": "📎 Links Relacionados:"
          },
          {
            "value": "- <#846106097663737887>\n- <#472225709738426368>\n- <#472225914114146315>",
            "name": "🗺 Seções Importantes:"
          },
          {
            "value": "- <#472409959695384579> 📝\n- <#472227733988966410> 📝\n- <#913210275379937331> 🔊",
            "name": "🌐 Comunidade:"
          }
        ]
      }
    ],
    "cleanContent": "@​pererecahsuicidah"
  },
  "new": {
    "channelId": "805791911558381568",
    "guildId": "472200926820827157",
    "id": "941491932763406446",
    "createdTimestamp": 1644539568845,
    "type": "DEFAULT",
    "content": "<@928315491540410449>",
    "authorId": "903730942286364702",
    "embeds": [
      {
        "type": "rich",
        "title": "🚩 Membro Novo! Seja muito bem-vindo(a) pererecahsuicidah ao ButecoGamer🍻🎮",
        "description": "Muito legal te ver por aqui, pererecahsuicidah! Espero que consiga socializar em nossa comunidade, nosso intuito é fazer você conhecer novas pessoas, fazer novas amizades, zoar e se divertir com todos nossos membros.",
        "color": 16438033,
        "timestamp": 1644539568765,
        "fields": [
          {
            "value": "- 🔗 [Convite do Servidor](https://discord.gg/884HafWG9P)\n- 📞 [WhatsApp Oficial](https://chat.whatsapp.com/H2HidKT1AmyH9D6Gm55Aok)",
            "name": "📎 Links Relacionados:"
          },
          {
            "value": "- <#846106097663737887>\n- <#472225709738426368>\n- <#472225914114146315>",
            "name": "🗺 Seções Importantes:"
          },
          {
            "value": "- <#472409959695384579> 📝\n- <#472227733988966410> 📝\n- <#913210275379937331> 🔊",
            "name": "🌐 Comunidade:"
          }
        ]
      }
    ],
    "cleanContent": "@​pererecahsuicidah"
  }
}
Message from Barman#1975:
{
  "channelId": "831174452606926929",
  "guildId": "472200926820827157",
  "id": "941491942762610718",
  "createdTimestamp": 1644539571229,
  "type": "DEFAULT",
  "authorId": "903730942286364702",
  "embeds": [
    {
      "type": "rich",
      "title": "✂️ Mensagem Alterada",
      "description": "**⏰ Data:** 10/02/2022 21:32:48\n**🎯 Canal:** <#805791911558381568>\n**📝 Conteúdo Anterior:** <@928315491540410449>\n**📝 Conteúdo Novo:** <@928315491540410449>\n**🎲 ID de Registro:** 1o1nheqhjnx8zya6573cmg0tc",
      "color": 16438033,
      "timestamp": 1644539568845
    }
  ],
  "attachments": [
    "941491942880063508"
  ]
}
