Message from katsts3s#0946:
{
  "channelId": "472228705893351435",
  "guildId": "472200926820827157",
  "id": "951533833579274290",
  "createdTimestamp": 1646933744569,
  "type": "DEFAULT",
  "content": "3p dias de luta dias de gloria",
  "authorId": "599059525189894165",
  "nonce": "951533837085573120",
  "cleanContent": "3p dias de luta dias de gloria"
}
Message from Barman#1975:
{
  "channelId": "831174452606926929",
  "guildId": "472200926820827157",
  "id": "951533834959208478",
  "createdTimestamp": 1646933744898,
  "type": "DEFAULT",
  "authorId": "903730942286364702",
  "embeds": [
    {
      "type": "rich",
      "title": "✏️ Mensagem Recebida",
      "description": "**⏰ Data:** 10/03/2022 14:35:44\n**🎯 Canal:** <#472228705893351435>\n**📝 Conteúdo:** 3p dias de luta dias de gloria\n**🎲 ID de Registro:** ||7r1i23nvidkgvp98rpp2cg73k||",
      "color": 16438033,
      "timestamp": 1646933744569
    }
  ],
  "attachments": [
    "951533834988556288"
  ]
}
Message from Miku Music#2160:
{
  "channelId": "472228705893351435",
  "guildId": "472200926820827157",
  "id": "951533857000288277",
  "createdTimestamp": 1646933750153,
  "type": "DEFAULT",
  "authorId": "822983883015454731",
  "embeds": [
    {
      "type": "rich",
      "color": 3447003,
      "fields": [
        {
          "value": "Charlie Brown Jr. - Dias De Luta, Dias De Glória",
          "name": "Name",
          "inline": true
        },
        {
          "value": "146 seconds (2:26)",
          "name": "Duration",
          "inline": true
        },
        {
          "value": "katsts3s#0946",
          "name": "Requested by",
          "inline": true
        }
      ]
    }
  ]
}
Message from Barman#1975:
{
  "channelId": "831174452606926929",
  "guildId": "472200926820827157",
  "id": "951533857633632317",
  "createdTimestamp": 1646933750304,
  "type": "DEFAULT",
  "authorId": "903730942286364702",
  "embeds": [
    {
      "type": "rich",
      "title": "✏️ Mensagem Recebida",
      "description": "**⏰ Data:** 10/03/2022 14:35:50\n**🎯 Canal:** <#472228705893351435>\n**📝 Conteúdo:** --\n**🎲 ID de Registro:** ||ure6mjcss5zcs8wobwugsh41e||",
      "color": 16438033,
      "timestamp": 1646933750153
    }
  ],
  "attachments": [
    "951533857717485618"
  ]
}
Message from MuriloP#0087:
{
  "channelId": "472227733988966410",
  "guildId": "472200926820827157",
  "id": "951601014832791654",
  "createdTimestamp": 1646949761828,
  "type": "DEFAULT",
  "content": "O lixo radioativo deve ser colocado em embalagens específicas e lançados em locais revestidos de concreto. Feito isso, devem permanecer intactos por um período que pode variar entre cinquenta e trezentos anos.",
  "authorId": "458379983400730624",
  "nonce": "951601022403346432",
  "cleanContent": "O lixo radioativo deve ser colocado em embalagens específicas e lançados em locais revestidos de concreto. Feito isso, devem permanecer intactos por um período que pode variar entre cinquenta e trezentos anos."
}
Message from Barman#1975:
{
  "channelId": "831174452606926929",
  "guildId": "472200926820827157",
  "id": "951601017563263026",
  "createdTimestamp": 1646949762479,
  "type": "DEFAULT",
  "authorId": "903730942286364702",
  "embeds": [
    {
      "type": "rich",
      "title": "✏️ Mensagem Recebida",
      "description": "**⏰ Data:** 10/03/2022 19:02:41\n**🎯 Canal:** <#472227733988966410>\n**📝 Conteúdo:** O lixo radioativo deve ser colocado em embalagens específicas e lançados em locais revestidos de concreto. Feito isso, devem permanecer intactos por um período que pode variar entre cinquenta e trezentos anos.\n**🎲 ID de Registro:** ||ewxpol9o2ge0ti0iqntm8ru65||",
      "color": 16438033,
      "timestamp": 1646949761828
    }
  ],
  "attachments": [
    "951601017617809418"
  ]
}
Message from FonsecazZ#5155:
{
  "channelId": "472409959695384579",
  "guildId": "472200926820827157",
  "id": "951607626649727056",
  "createdTimestamp": 1646951338208,
  "type": "DEFAULT",
  "content": "Fonsecazzz",
  "authorId": "752954400900907080",
  "nonce": "951607633557585920",
  "cleanContent": "Fonsecazzz"
}
Message from Barman#1975:
{
  "channelId": "831174452606926929",
  "guildId": "472200926820827157",
  "id": "951607627547291668",
  "createdTimestamp": 1646951338422,
  "type": "DEFAULT",
  "authorId": "903730942286364702",
  "embeds": [
    {
      "type": "rich",
      "title": "✏️ Mensagem Recebida",
      "description": "**⏰ Data:** 10/03/2022 19:28:58\n**🎯 Canal:** <#472409959695384579>\n**📝 Conteúdo:** Fonsecazzz\n**🎲 ID de Registro:** ||timzemz44b2oeww02b3gvczgm||",
      "color": 16438033,
      "timestamp": 1646951338208
    }
  ],
  "attachments": [
    "951607627589242901"
  ]
}
Message from RockyAloW#1177:
{
  "channelId": "472409959695384579",
  "guildId": "472200926820827157",
  "id": "951607686598910122",
  "createdTimestamp": 1646951352501,
  "type": "DEFAULT",
  "content": "RockyAloW",
  "authorId": "389563969540456458",
  "nonce": "951607648246038528",
  "cleanContent": "RockyAloW"
}
Message from Barman#1975:
{
  "channelId": "831174452606926929",
  "guildId": "472200926820827157",
  "id": "951607687265792011",
  "createdTimestamp": 1646951352660,
  "type": "DEFAULT",
  "authorId": "903730942286364702",
  "embeds": [
    {
      "type": "rich",
      "title": "✏️ Mensagem Recebida",
      "description": "**⏰ Data:** 10/03/2022 19:29:12\n**🎯 Canal:** <#472409959695384579>\n**📝 Conteúdo:** RockyAloW\n**🎲 ID de Registro:** ||cvd0tkhbv2up21i5d7mqi6sjx||",
      "color": 16438033,
      "timestamp": 1646951352501
    }
  ],
  "attachments": [
    "951607687282589706"
  ]
}
Message from henrique#0001:
{
  "channelId": "472409959695384579",
  "guildId": "472200926820827157",
  "id": "951609279201300490",
  "createdTimestamp": 1646951732207,
  "type": "DEFAULT",
  "content": "henrique",
  "authorId": "897291486285156362",
  "nonce": "957780060113207296",
  "cleanContent": "henrique"
}
Message from Barman#1975:
{
  "channelId": "831174452606926929",
  "guildId": "472200926820827157",
  "id": "951609279721386035",
  "createdTimestamp": 1646951732331,
  "type": "DEFAULT",
  "authorId": "903730942286364702",
  "embeds": [
    {
      "type": "rich",
      "title": "✏️ Mensagem Recebida",
      "description": "**⏰ Data:** 10/03/2022 19:35:32\n**🎯 Canal:** <#472409959695384579>\n**📝 Conteúdo:** henrique\n**🎲 ID de Registro:** ||lbify7mmvkrtlon2qj2vf5zs2||",
      "color": 16438033,
      "timestamp": 1646951732207
    }
  ],
  "attachments": [
    "951609279750742026"
  ]
}
