Message from henrique#0001:
{
  "channelId": "472227733988966410",
  "guildId": "472200926820827157",
  "id": "952155245746745364",
  "createdTimestamp": 1647081900775,
  "type": "DEFAULT",
  "content": "cabeça de bagre, canela de ambu, você fala que gosta e eu como seu cu",
  "authorId": "897291486285156362",
  "nonce": "958326026641866752",
  "cleanContent": "cabeça de bagre, canela de ambu, você fala que gosta e eu como seu cu"
}
Message from Barman#1975:
{
  "channelId": "831174452606926929",
  "guildId": "472200926820827157",
  "id": "952155246392655883",
  "createdTimestamp": 1647081900929,
  "type": "DEFAULT",
  "authorId": "903730942286364702",
  "embeds": [
    {
      "type": "rich",
      "title": "✏️ Mensagem Recebida",
      "description": "**⏰ Data:** 12/03/2022 07:45:00\n**🎯 Canal:** <#472227733988966410>\n**📝 Conteúdo:** cabeça de bagre, canela de ambu, você fala que gosta e eu como seu cu\n**🎲 ID de Registro:** ||xcn8ig3atol53pqbgvwrykii3||",
      "color": 16438033,
      "timestamp": 1647081900775
    }
  ],
  "attachments": [
    "952155246782734416"
  ]
}
Message from henrique#0001:
{
  "channelId": "472227733988966410",
  "guildId": "472200926820827157",
  "id": "952155483261796383",
  "createdTimestamp": 1647081957403,
  "type": "DEFAULT",
  "content": "eu fiz a viola de pau de candeia, seu cu joga bosta, meu pau cabeceia, nós vai disputar no campo da sereia, meu pau endurece, seu cu que bambeia m",
  "authorId": "897291486285156362",
  "nonce": "958326263649402880",
  "cleanContent": "eu fiz a viola de pau de candeia, seu cu joga bosta, meu pau cabeceia, nós vai disputar no campo da sereia, meu pau endurece, seu cu que bambeia m"
}
Message from Barman#1975:
{
  "channelId": "831174452606926929",
  "guildId": "472200926820827157",
  "id": "952155483869970432",
  "createdTimestamp": 1647081957548,
  "type": "DEFAULT",
  "authorId": "903730942286364702",
  "embeds": [
    {
      "type": "rich",
      "title": "✏️ Mensagem Recebida",
      "description": "**⏰ Data:** 12/03/2022 07:45:57\n**🎯 Canal:** <#472227733988966410>\n**📝 Conteúdo:** eu fiz a viola de pau de candeia, seu cu joga bosta, meu pau cabeceia, nós vai disputar no campo da sereia, meu pau endurece, seu cu que bambeia m\n**🎲 ID de Registro:** ||3epmyeyo34nzjqxqzya08736y||",
      "color": 16438033,
      "timestamp": 1647081957403
    }
  ],
  "attachments": [
    "952155483962236938"
  ]
}
Message from henrique#0001:
{
  "channelId": "472227733988966410",
  "guildId": "472200926820827157",
  "id": "952155587750289418",
  "createdTimestamp": 1647081982315,
  "type": "DEFAULT",
  "content": "gostei desse verso e fiquei animado, se cê ta me ouvindo já empurrei o saco",
  "authorId": "897291486285156362",
  "nonce": "958326368901267456",
  "cleanContent": "gostei desse verso e fiquei animado, se cê ta me ouvindo já empurrei o saco"
}
Message from Barman#1975:
{
  "channelId": "831174452606926929",
  "guildId": "472200926820827157",
  "id": "952155588236832798",
  "createdTimestamp": 1647081982431,
  "type": "DEFAULT",
  "authorId": "903730942286364702",
  "embeds": [
    {
      "type": "rich",
      "title": "✏️ Mensagem Recebida",
      "description": "**⏰ Data:** 12/03/2022 07:46:22\n**🎯 Canal:** <#472227733988966410>\n**📝 Conteúdo:** gostei desse verso e fiquei animado, se cê ta me ouvindo já empurrei o saco\n**🎲 ID de Registro:** ||y25jyx6isd0bx0r0t45jzg1os||",
      "color": 16438033,
      "timestamp": 1647081982315
    }
  ],
  "attachments": [
    "952155588282962000"
  ]
}
Message from henrique#0001:
{
  "channelId": "472227733988966410",
  "guildId": "472200926820827157",
  "id": "952155742851448903",
  "createdTimestamp": 1647082019294,
  "type": "DEFAULT",
  "content": "eu sou la do norte mas vim cá pro sul, se eu empurro minhas bola arrebento seu cu",
  "authorId": "897291486285156362",
  "nonce": "958326524145041408",
  "cleanContent": "eu sou la do norte mas vim cá pro sul, se eu empurro minhas bola arrebento seu cu"
}
Message from Barman#1975:
{
  "channelId": "831174452606926929",
  "guildId": "472200926820827157",
  "id": "952155743333806110",
  "createdTimestamp": 1647082019409,
  "type": "DEFAULT",
  "authorId": "903730942286364702",
  "embeds": [
    {
      "type": "rich",
      "title": "✏️ Mensagem Recebida",
      "description": "**⏰ Data:** 12/03/2022 07:46:59\n**🎯 Canal:** <#472227733988966410>\n**📝 Conteúdo:** eu sou la do norte mas vim cá pro sul, se eu empurro minhas bola arrebento seu cu\n**🎲 ID de Registro:** ||nc4vaooylttfwes1uvj6cbzpr||",
      "color": 16438033,
      "timestamp": 1647082019294
    }
  ],
  "attachments": [
    "952155743396724776"
  ]
}
Message from henrique#0001:
{
  "channelId": "472227733988966410",
  "guildId": "472200926820827157",
  "id": "952156389206265896",
  "createdTimestamp": 1647082173397,
  "type": "DEFAULT",
  "content": "trabalho em Ibirité mas eu moro em Betim, se eu te mostro minhas bolas, cê fica doidin",
  "authorId": "897291486285156362",
  "nonce": "958327170004942848",
  "cleanContent": "trabalho em Ibirité mas eu moro em Betim, se eu te mostro minhas bolas, cê fica doidin"
}
Message from Barman#1975:
{
  "channelId": "831174452606926929",
  "guildId": "472200926820827157",
  "id": "952156389613125642",
  "createdTimestamp": 1647082173494,
  "type": "DEFAULT",
  "authorId": "903730942286364702",
  "embeds": [
    {
      "type": "rich",
      "title": "✏️ Mensagem Recebida",
      "description": "**⏰ Data:** 12/03/2022 07:49:33\n**🎯 Canal:** <#472227733988966410>\n**📝 Conteúdo:** trabalho em Ibirité mas eu moro em Betim, se eu te mostro minhas bolas, cê fica doidin\n**🎲 ID de Registro:** ||zc4djiy88ekid8v5mwwnk3fk1||",
      "color": 16438033,
      "timestamp": 1647082173397
    }
  ],
  "attachments": [
    "952156389688614992"
  ]
}
Message from henrique#0001:
{
  "channelId": "472227733988966410",
  "guildId": "472200926820827157",
  "id": "952156566797307995",
  "createdTimestamp": 1647082215738,
  "type": "DEFAULT",
  "content": "pelo de sapo, e pé de minhoca, você de 4 e eu cercando a piroca",
  "authorId": "897291486285156362",
  "nonce": "958327347629522944",
  "cleanContent": "pelo de sapo, e pé de minhoca, você de 4 e eu cercando a piroca"
}
Message from Barman#1975:
{
  "channelId": "831174452606926929",
  "guildId": "472200926820827157",
  "id": "952156567539687444",
  "createdTimestamp": 1647082215915,
  "type": "DEFAULT",
  "authorId": "903730942286364702",
  "embeds": [
    {
      "type": "rich",
      "title": "✏️ Mensagem Recebida",
      "description": "**⏰ Data:** 12/03/2022 07:50:15\n**🎯 Canal:** <#472227733988966410>\n**📝 Conteúdo:** pelo de sapo, e pé de minhoca, você de 4 e eu cercando a piroca\n**🎲 ID de Registro:** ||difleuibukgoj15p7k56g3ibz||",
      "color": 16438033,
      "timestamp": 1647082215738
    }
  ],
  "attachments": [
    "952156567615189032"
  ]
}
Message from henrique#0001:
{
  "channelId": "472227733988966410",
  "guildId": "472200926820827157",
  "id": "952156658849681428",
  "createdTimestamp": 1647082237685,
  "type": "DEFAULT",
  "content": "chega cantando, parecendo um galo, se você marcar, vou socar até o talo",
  "authorId": "897291486285156362",
  "nonce": "958327437500874752",
  "cleanContent": "chega cantando, parecendo um galo, se você marcar, vou socar até o talo"
}
Message from Barman#1975:
{
  "channelId": "831174452606926929",
  "guildId": "472200926820827157",
  "id": "952156659243941898",
  "createdTimestamp": 1647082237779,
  "type": "DEFAULT",
  "authorId": "903730942286364702",
  "embeds": [
    {
      "type": "rich",
      "title": "✏️ Mensagem Recebida",
      "description": "**⏰ Data:** 12/03/2022 07:50:37\n**🎯 Canal:** <#472227733988966410>\n**📝 Conteúdo:** chega cantando, parecendo um galo, se você marcar, vou socar até o talo\n**🎲 ID de Registro:** ||r6fjd2hdrl1y7t5h0helx0rv5||",
      "color": 16438033,
      "timestamp": 1647082237685
    }
  ],
  "attachments": [
    "952156659315253248"
  ]
}
Message from henrique#0001:
{
  "channelId": "472227733988966410",
  "guildId": "472200926820827157",
  "id": "952221175117922364",
  "createdTimestamp": 1647097619562,
  "type": "DEFAULT",
  "authorId": "897291486285156362",
  "nonce": "952221174241165312",
  "attachments": [
    "952221174924988456"
  ]
}
Message from Barman#1975:
{
  "channelId": "831174452606926929",
  "guildId": "472200926820827157",
  "id": "952221176330072174",
  "createdTimestamp": 1647097619851,
  "type": "DEFAULT",
  "authorId": "903730942286364702",
  "embeds": [
    {
      "type": "rich",
      "title": "✏️ Mensagem Recebida",
      "description": "**⏰ Data:** 12/03/2022 12:06:59\n**🎯 Canal:** <#472227733988966410>\n**📝 Conteúdo:** --\n**📎 Itens Fixados:** • [unknown.png](https://media.discordapp.net/attachments/472227733988966410/952221174924988456/unknown.png) (133 Kb)\n\n**🎲 ID de Registro:** ||7nmt0f2zufpdyf4jug9unz48w||",
      "color": 16438033,
      "timestamp": 1647097619562
    }
  ],
  "attachments": [
    "952221176409772073"
  ]
}
