Message from vinicin#1658:
{
  "channelId": "472228705893351435",
  "guildId": "472200926820827157",
  "id": "953697564077723648",
  "createdTimestamp": 1647449618120,
  "type": "DEFAULT",
  "content": "3p to doidinho pra ver o seu",
  "authorId": "599059525189894165",
  "nonce": "953697560147525632",
  "cleanContent": "3p to doidinho pra ver o seu"
}
Message from Barman#1975:
{
  "channelId": "831174452606926929",
  "guildId": "472200926820827157",
  "id": "953697565147287612",
  "createdTimestamp": 1647449618375,
  "type": "DEFAULT",
  "authorId": "903730942286364702",
  "embeds": [
    {
      "type": "rich",
      "title": "✏️ Mensagem Recebida",
      "description": "**⏰ Data:** 16/03/2022 13:53:38\n**🎯 Canal:** <#472228705893351435>\n**📝 Conteúdo:** 3p to doidinho pra ver o seu\n**🎲 ID de Registro:** ||j8r4sdkto7f4wj3c0m7x73mx1||",
      "color": 16438033,
      "timestamp": 1647449618120
    }
  ],
  "attachments": [
    "953697565205987338"
  ]
}
Message from Miku Music#2160:
{
  "channelId": "472228705893351435",
  "guildId": "472200926820827157",
  "id": "953697583837093918",
  "createdTimestamp": 1647449622831,
  "type": "DEFAULT",
  "authorId": "822983883015454731",
  "embeds": [
    {
      "type": "rich",
      "color": 3447003,
      "fields": [
        {
          "value": "VAI REBOLA TRAVA VS TÔ DOIDINHO PRA VER O SEU PIERCING NO PEITO, VAPO ALIEN [TIK TOK] LB SILVESTRE",
          "name": "Name",
          "inline": true
        },
        {
          "value": "172 seconds (2:52)",
          "name": "Duration",
          "inline": true
        },
        {
          "value": "vinicin#1658",
          "name": "Requested by",
          "inline": true
        }
      ]
    }
  ]
}
Message from Miku Music#2160 was updated:
{
  "old": {
    "channelId": "472228705893351435",
    "guildId": "472200926820827157",
    "id": "953697583837093918",
    "createdTimestamp": 1647449622831,
    "type": "DEFAULT",
    "authorId": "822983883015454731",
    "embeds": [
      {
        "type": "rich",
        "color": 3447003,
        "fields": [
          {
            "value": "VAI REBOLA TRAVA VS TÔ DOIDINHO PRA VER O SEU PIERCING NO PEITO, VAPO ALIEN [TIK TOK] LB SILVESTRE",
            "name": "Name",
            "inline": true
          },
          {
            "value": "172 seconds (2:52)",
            "name": "Duration",
            "inline": true
          },
          {
            "value": "vinicin#1658",
            "name": "Requested by",
            "inline": true
          }
        ]
      }
    ]
  },
  "new": {
    "channelId": "472228705893351435",
    "guildId": "472200926820827157",
    "id": "953697583837093918",
    "createdTimestamp": 1647449622831,
    "type": "DEFAULT",
    "authorId": "822983883015454731",
    "embeds": [
      {
        "type": "rich",
        "color": 3447003,
        "fields": [
          {
            "value": "VAI REBOLA TRAVA VS TÔ DOIDINHO PRA VER O SEU PIERCING NO PEITO, VAPO ALIEN [TIK TOK] LB SILVESTRE",
            "name": "Name",
            "inline": true
          },
          {
            "value": "172 seconds (2:52)",
            "name": "Duration",
            "inline": true
          },
          {
            "value": "vinicin#1658",
            "name": "Requested by",
            "inline": true
          }
        ]
      }
    ]
  }
}
Message from Barman#1975:
{
  "channelId": "831174452606926929",
  "guildId": "472200926820827157",
  "id": "953697583962918933",
  "createdTimestamp": 1647449622861,
  "type": "DEFAULT",
  "authorId": "903730942286364702",
  "embeds": [
    {
      "type": "rich",
      "title": "✏️ Mensagem Recebida",
      "description": "**⏰ Data:** 16/03/2022 13:53:42\n**🎯 Canal:** <#472228705893351435>\n**📝 Conteúdo:** --\n**🎲 ID de Registro:** ||ozcdw9qta2jpiur4ka8i9kcno||",
      "color": 16438033,
      "timestamp": 1647449622831
    }
  ],
  "attachments": [
    "953697584407531641"
  ]
}
Message from Barman#1975:
{
  "channelId": "831174452606926929",
  "guildId": "472200926820827157",
  "id": "953697585179275344",
  "createdTimestamp": 1647449623151,
  "type": "DEFAULT",
  "authorId": "903730942286364702",
  "embeds": [
    {
      "type": "rich",
      "title": "✂️ Mensagem Alterada",
      "description": "**⏰ Data:** 16/03/2022 13:53:42\n**🎯 Canal:** <#472228705893351435>\n**📝 Conteúdo Anterior:** --\n**📝 Conteúdo Novo:** --\n**🎲 ID de Registro:** my82ihoy6hw2e77emszpbyzb2",
      "color": 16438033,
      "timestamp": 1647449622831
    }
  ],
  "attachments": [
    "953697585317679164"
  ]
}
Message from vinicin#1658:
{
  "channelId": "472228705893351435",
  "guildId": "472200926820827157",
  "id": "953697604301115452",
  "createdTimestamp": 1647449627710,
  "type": "DEFAULT",
  "content": "3s",
  "authorId": "599059525189894165",
  "nonce": "953697603239804928",
  "cleanContent": "3s"
}
Message from Barman#1975:
{
  "channelId": "831174452606926929",
  "guildId": "472200926820827157",
  "id": "953697604812832768",
  "createdTimestamp": 1647449627832,
  "type": "DEFAULT",
  "authorId": "903730942286364702",
  "embeds": [
    {
      "type": "rich",
      "title": "✏️ Mensagem Recebida",
      "description": "**⏰ Data:** 16/03/2022 13:53:47\n**🎯 Canal:** <#472228705893351435>\n**📝 Conteúdo:** 3s\n**🎲 ID de Registro:** ||h4ueblyrds8gidnmjnp6h3ga0||",
      "color": 16438033,
      "timestamp": 1647449627710
    }
  ],
  "attachments": [
    "953697604842180658"
  ]
}
Message from vinicin#1658:
{
  "channelId": "472228705893351435",
  "guildId": "472200926820827157",
  "id": "953751223008395354",
  "createdTimestamp": 1647462411406,
  "type": "DEFAULT",
  "content": "3p to doidinho pra ver o seu pi",
  "authorId": "599059525189894165",
  "nonce": "953751221812854784",
  "cleanContent": "3p to doidinho pra ver o seu pi"
}
Message from Barman#1975:
{
  "channelId": "831174452606926929",
  "guildId": "472200926820827157",
  "id": "953751223826264175",
  "createdTimestamp": 1647462411601,
  "type": "DEFAULT",
  "authorId": "903730942286364702",
  "embeds": [
    {
      "type": "rich",
      "title": "✏️ Mensagem Recebida",
      "description": "**⏰ Data:** 16/03/2022 17:26:51\n**🎯 Canal:** <#472228705893351435>\n**📝 Conteúdo:** 3p to doidinho pra ver o seu pi\n**🎲 ID de Registro:** ||v26919yhsn8nivb9fajj5e8ul||",
      "color": 16438033,
      "timestamp": 1647462411406
    }
  ],
  "attachments": [
    "953751223973056613"
  ]
}
Message from Miku Music#2160:
{
  "channelId": "472228705893351435",
  "guildId": "472200926820827157",
  "id": "953751235939426314",
  "createdTimestamp": 1647462414489,
  "type": "DEFAULT",
  "authorId": "822983883015454731",
  "embeds": [
    {
      "type": "rich",
      "color": 3447003,
      "fields": [
        {
          "value": "VAI REBOLA TRAVA vs TO DOIDINHO PRA VER O SEU PIERCING NO PEITO - REMIX TIK TOK (DJ LB Silvestre)",
          "name": "Name",
          "inline": true
        },
        {
          "value": "129 seconds (2:09)",
          "name": "Duration",
          "inline": true
        },
        {
          "value": "vinicin#1658",
          "name": "Requested by",
          "inline": true
        }
      ]
    }
  ]
}
Message from Miku Music#2160 was updated:
{
  "old": {
    "channelId": "472228705893351435",
    "guildId": "472200926820827157",
    "id": "953751235939426314",
    "createdTimestamp": 1647462414489,
    "type": "DEFAULT",
    "authorId": "822983883015454731",
    "embeds": [
      {
        "type": "rich",
        "color": 3447003,
        "fields": [
          {
            "value": "VAI REBOLA TRAVA vs TO DOIDINHO PRA VER O SEU PIERCING NO PEITO - REMIX TIK TOK (DJ LB Silvestre)",
            "name": "Name",
            "inline": true
          },
          {
            "value": "129 seconds (2:09)",
            "name": "Duration",
            "inline": true
          },
          {
            "value": "vinicin#1658",
            "name": "Requested by",
            "inline": true
          }
        ]
      }
    ]
  },
  "new": {
    "channelId": "472228705893351435",
    "guildId": "472200926820827157",
    "id": "953751235939426314",
    "createdTimestamp": 1647462414489,
    "type": "DEFAULT",
    "authorId": "822983883015454731",
    "embeds": [
      {
        "type": "rich",
        "color": 3447003,
        "fields": [
          {
            "value": "VAI REBOLA TRAVA vs TO DOIDINHO PRA VER O SEU PIERCING NO PEITO - REMIX TIK TOK (DJ LB Silvestre)",
            "name": "Name",
            "inline": true
          },
          {
            "value": "129 seconds (2:09)",
            "name": "Duration",
            "inline": true
          },
          {
            "value": "vinicin#1658",
            "name": "Requested by",
            "inline": true
          }
        ]
      }
    ]
  }
}
Message from Barman#1975:
{
  "channelId": "831174452606926929",
  "guildId": "472200926820827157",
  "id": "953751236698595398",
  "createdTimestamp": 1647462414670,
  "type": "DEFAULT",
  "authorId": "903730942286364702",
  "embeds": [
    {
      "type": "rich",
      "title": "✏️ Mensagem Recebida",
      "description": "**⏰ Data:** 16/03/2022 17:26:54\n**🎯 Canal:** <#472228705893351435>\n**📝 Conteúdo:** --\n**🎲 ID de Registro:** ||gkmmi1xjdb73jr31nx8hkj8yj||",
      "color": 16438033,
      "timestamp": 1647462414489
    }
  ],
  "attachments": [
    "953751236748935178"
  ]
}
Message from Barman#1975:
{
  "channelId": "831174452606926929",
  "guildId": "472200926820827157",
  "id": "953751237579386910",
  "createdTimestamp": 1647462414880,
  "type": "DEFAULT",
  "authorId": "903730942286364702",
  "embeds": [
    {
      "type": "rich",
      "title": "✂️ Mensagem Alterada",
      "description": "**⏰ Data:** 16/03/2022 17:26:54\n**🎯 Canal:** <#472228705893351435>\n**📝 Conteúdo Anterior:** --\n**📝 Conteúdo Novo:** --\n**🎲 ID de Registro:** wydj0vs0fm3mtr5ltmbxu61s3",
      "color": 16438033,
      "timestamp": 1647462414489
    }
  ],
  "attachments": [
    "953751237625520158"
  ]
}
Message from RockyAloW#1177:
{
  "channelId": "472228705893351435",
  "guildId": "472200926820827157",
  "id": "953774123241328680",
  "createdTimestamp": 1647467871247,
  "type": "DEFAULT",
  "content": "3p Bones - Imagine dragons",
  "authorId": "389563969540456458",
  "nonce": "953774122809163776",
  "cleanContent": "3p Bones - Imagine dragons"
}
Message from Barman#1975:
{
  "channelId": "831174452606926929",
  "guildId": "472200926820827157",
  "id": "953774124315082752",
  "createdTimestamp": 1647467871503,
  "type": "DEFAULT",
  "authorId": "903730942286364702",
  "embeds": [
    {
      "type": "rich",
      "title": "✏️ Mensagem Recebida",
      "description": "**⏰ Data:** 16/03/2022 18:57:51\n**🎯 Canal:** <#472228705893351435>\n**📝 Conteúdo:** 3p Bones - Imagine dragons\n**🎲 ID de Registro:** ||bpvv2qon0bglzi01limtxsedg||",
      "color": 16438033,
      "timestamp": 1647467871247
    }
  ],
  "attachments": [
    "953774124348629033"
  ]
}
Message from Miku Music#2160:
{
  "channelId": "472228705893351435",
  "guildId": "472200926820827157",
  "id": "953774137820713051",
  "createdTimestamp": 1647467874723,
  "type": "DEFAULT",
  "authorId": "822983883015454731",
  "embeds": [
    {
      "type": "rich",
      "color": 3447003,
      "fields": [
        {
          "value": "Imagine Dragons - Bones (Official Lyric Video)",
          "name": "Name",
          "inline": true
        },
        {
          "value": "166 seconds (2:46)",
          "name": "Duration",
          "inline": true
        },
        {
          "value": "RockyAloW#1177",
          "name": "Requested by",
          "inline": true
        }
      ]
    }
  ]
}
Message from Barman#1975:
{
  "channelId": "831174452606926929",
  "guildId": "472200926820827157",
  "id": "953774138395328647",
  "createdTimestamp": 1647467874860,
  "type": "DEFAULT",
  "authorId": "903730942286364702",
  "embeds": [
    {
      "type": "rich",
      "title": "✏️ Mensagem Recebida",
      "description": "**⏰ Data:** 16/03/2022 18:57:54\n**🎯 Canal:** <#472228705893351435>\n**📝 Conteúdo:** --\n**🎲 ID de Registro:** ||1k4obp1uoc6d3vu7kl4inf0wc||",
      "color": 16438033,
      "timestamp": 1647467874723
    }
  ],
  "attachments": [
    "953774138667974667"
  ]
}
Message from vinicin#1658:
{
  "channelId": "472228705893351435",
  "guildId": "472200926820827157",
  "id": "953778463351910492",
  "createdTimestamp": 1647468906010,
  "type": "DEFAULT",
  "content": "3p VAI REBOLA TRAVA vs TO DOIDINHO PRA VER O SEU PIERCING NO PEITO - REMIX TIK TOK (DJ LB Silvestre)",
  "authorId": "599059525189894165",
  "nonce": "953778462580015104",
  "cleanContent": "3p VAI REBOLA TRAVA vs TO DOIDINHO PRA VER O SEU PIERCING NO PEITO - REMIX TIK TOK (DJ LB Silvestre)"
}
Message from Barman#1975:
{
  "channelId": "831174452606926929",
  "guildId": "472200926820827157",
  "id": "953778464392110151",
  "createdTimestamp": 1647468906258,
  "type": "DEFAULT",
  "authorId": "903730942286364702",
  "embeds": [
    {
      "type": "rich",
      "title": "✏️ Mensagem Recebida",
      "description": "**⏰ Data:** 16/03/2022 19:15:06\n**🎯 Canal:** <#472228705893351435>\n**📝 Conteúdo:** 3p VAI REBOLA TRAVA vs TO DOIDINHO PRA VER O SEU PIERCING NO PEITO - REMIX TIK TOK (DJ LB Silvestre)\n**🎲 ID de Registro:** ||4gfer8ylb0j5r0tl906tfjy5p||",
      "color": 16438033,
      "timestamp": 1647468906010
    }
  ],
  "attachments": [
    "953778464580861982"
  ]
}
Message from Miku Music#2160:
{
  "channelId": "472228705893351435",
  "guildId": "472200926820827157",
  "id": "953778476438155326",
  "createdTimestamp": 1647468909130,
  "type": "DEFAULT",
  "authorId": "822983883015454731",
  "embeds": [
    {
      "type": "rich",
      "color": 3447003,
      "fields": [
        {
          "value": "VAI REBOLA TRAVA VS TÔ DOIDINHO PRA VER O SEU PIERCING NO PEITO, VAPO ALIEN [TIK TOK] LB SILVESTRE",
          "name": "Name",
          "inline": true
        },
        {
          "value": "172 seconds (2:52)",
          "name": "Duration",
          "inline": true
        },
        {
          "value": "vinicin#1658",
          "name": "Requested by",
          "inline": true
        }
      ]
    }
  ]
}
Message from Barman#1975:
{
  "channelId": "831174452606926929",
  "guildId": "472200926820827157",
  "id": "953778477000163368",
  "createdTimestamp": 1647468909264,
  "type": "DEFAULT",
  "authorId": "903730942286364702",
  "embeds": [
    {
      "type": "rich",
      "title": "✏️ Mensagem Recebida",
      "description": "**⏰ Data:** 16/03/2022 19:15:09\n**🎯 Canal:** <#472228705893351435>\n**📝 Conteúdo:** --\n**🎲 ID de Registro:** ||h88qudiefh2ewifx2jpzh25ld||",
      "color": 16438033,
      "timestamp": 1647468909130
    }
  ],
  "attachments": [
    "953778477075664896"
  ]
}
Message from Miku Music#2160 was updated:
{
  "old": {
    "channelId": "472228705893351435",
    "guildId": "472200926820827157",
    "id": "953778476438155326",
    "createdTimestamp": 1647468909130,
    "type": "DEFAULT",
    "authorId": "822983883015454731",
    "embeds": [
      {
        "type": "rich",
        "color": 3447003,
        "fields": [
          {
            "value": "VAI REBOLA TRAVA VS TÔ DOIDINHO PRA VER O SEU PIERCING NO PEITO, VAPO ALIEN [TIK TOK] LB SILVESTRE",
            "name": "Name",
            "inline": true
          },
          {
            "value": "172 seconds (2:52)",
            "name": "Duration",
            "inline": true
          },
          {
            "value": "vinicin#1658",
            "name": "Requested by",
            "inline": true
          }
        ]
      }
    ]
  },
  "new": {
    "channelId": "472228705893351435",
    "guildId": "472200926820827157",
    "id": "953778476438155326",
    "createdTimestamp": 1647468909130,
    "type": "DEFAULT",
    "authorId": "822983883015454731",
    "embeds": [
      {
        "type": "rich",
        "color": 3447003,
        "fields": [
          {
            "value": "VAI REBOLA TRAVA VS TÔ DOIDINHO PRA VER O SEU PIERCING NO PEITO, VAPO ALIEN [TIK TOK] LB SILVESTRE",
            "name": "Name",
            "inline": true
          },
          {
            "value": "172 seconds (2:52)",
            "name": "Duration",
            "inline": true
          },
          {
            "value": "vinicin#1658",
            "name": "Requested by",
            "inline": true
          }
        ]
      }
    ]
  }
}
Message from Barman#1975:
{
  "channelId": "831174452606926929",
  "guildId": "472200926820827157",
  "id": "953778478606602260",
  "createdTimestamp": 1647468909647,
  "type": "DEFAULT",
  "authorId": "903730942286364702",
  "embeds": [
    {
      "type": "rich",
      "title": "✂️ Mensagem Alterada",
      "description": "**⏰ Data:** 16/03/2022 19:15:09\n**🎯 Canal:** <#472228705893351435>\n**📝 Conteúdo Anterior:** --\n**📝 Conteúdo Novo:** --\n**🎲 ID de Registro:** 9ubojvmyyz0pokddafc4oap0t",
      "color": 16438033,
      "timestamp": 1647468909130
    }
  ],
  "attachments": [
    "953778478728224848"
  ]
}
Message from vinicin#1658:
{
  "channelId": "472228705893351435",
  "guildId": "472200926820827157",
  "id": "953778500488282182",
  "createdTimestamp": 1647468914864,
  "type": "DEFAULT",
  "content": "3s",
  "authorId": "599059525189894165",
  "nonce": "953778499221454848",
  "cleanContent": "3s"
}
Message from Barman#1975:
{
  "channelId": "831174452606926929",
  "guildId": "472200926820827157",
  "id": "953778501071290498",
  "createdTimestamp": 1647468915003,
  "type": "DEFAULT",
  "authorId": "903730942286364702",
  "embeds": [
    {
      "type": "rich",
      "title": "✏️ Mensagem Recebida",
      "description": "**⏰ Data:** 16/03/2022 19:15:14\n**🎯 Canal:** <#472228705893351435>\n**📝 Conteúdo:** 3s\n**🎲 ID de Registro:** ||6ob751mhzutg0s4ub7hehbifw||",
      "color": 16438033,
      "timestamp": 1647468914864
    }
  ],
  "attachments": [
    "953778501096448021"
  ]
}
Message from vinicin#1658:
{
  "channelId": "472228705893351435",
  "guildId": "472200926820827157",
  "id": "954179449446862909",
  "createdTimestamp": 1647564508545,
  "type": "DEFAULT",
  "content": "3p gemidão do zap",
  "authorId": "599059525189894165",
  "nonce": "954179439439118336",
  "cleanContent": "3p gemidão do zap"
}
Message from Barman#1975:
{
  "channelId": "831174452606926929",
  "guildId": "472200926820827157",
  "id": "954179449996312616",
  "createdTimestamp": 1647564508676,
  "type": "DEFAULT",
  "authorId": "903730942286364702",
  "embeds": [
    {
      "type": "rich",
      "title": "✏️ Mensagem Recebida",
      "description": "**⏰ Data:** 17/03/2022 21:48:28\n**🎯 Canal:** <#472228705893351435>\n**📝 Conteúdo:** 3p gemidão do zap\n**🎲 ID de Registro:** ||cu85e7jot27vciripy34fo5jw||",
      "color": 16438033,
      "timestamp": 1647564508545
    }
  ],
  "attachments": [
    "954179450067623966"
  ]
}
Message from Miku Music#2160:
{
  "channelId": "472228705893351435",
  "guildId": "472200926820827157",
  "id": "954179472469426266",
  "createdTimestamp": 1647564514034,
  "type": "DEFAULT",
  "authorId": "822983883015454731",
  "embeds": [
    {
      "type": "rich",
      "color": 3447003,
      "fields": [
        {
          "value": "Gemidão do zap",
          "name": "Name",
          "inline": true
        },
        {
          "value": "39 seconds (0:39)",
          "name": "Duration",
          "inline": true
        },
        {
          "value": "vinicin#1658",
          "name": "Requested by",
          "inline": true
        }
      ]
    }
  ]
}
Message from Barman#1975:
{
  "channelId": "831174452606926929",
  "guildId": "472200926820827157",
  "id": "954179473304068096",
  "createdTimestamp": 1647564514233,
  "type": "DEFAULT",
  "authorId": "903730942286364702",
  "embeds": [
    {
      "type": "rich",
      "title": "✏️ Mensagem Recebida",
      "description": "**⏰ Data:** 17/03/2022 21:48:34\n**🎯 Canal:** <#472228705893351435>\n**📝 Conteúdo:** --\n**🎲 ID de Registro:** ||eecb2pxwvombq7mrwssirq3nh||",
      "color": 16438033,
      "timestamp": 1647564514034
    }
  ],
  "attachments": [
    "954179473392144394"
  ]
}
Message from Miku Music#2160 was updated:
{
  "old": {
    "channelId": "472228705893351435",
    "guildId": "472200926820827157",
    "id": "954179472469426266",
    "createdTimestamp": 1647564514034,
    "type": "DEFAULT",
    "authorId": "822983883015454731",
    "embeds": [
      {
        "type": "rich",
        "color": 3447003,
        "fields": [
          {
            "value": "Gemidão do zap",
            "name": "Name",
            "inline": true
          },
          {
            "value": "39 seconds (0:39)",
            "name": "Duration",
            "inline": true
          },
          {
            "value": "vinicin#1658",
            "name": "Requested by",
            "inline": true
          }
        ]
      }
    ]
  },
  "new": {
    "channelId": "472228705893351435",
    "guildId": "472200926820827157",
    "id": "954179472469426266",
    "createdTimestamp": 1647564514034,
    "type": "DEFAULT",
    "authorId": "822983883015454731",
    "embeds": [
      {
        "type": "rich",
        "color": 3447003,
        "fields": [
          {
            "value": "Gemidão do zap",
            "name": "Name",
            "inline": true
          },
          {
            "value": "39 seconds (0:39)",
            "name": "Duration",
            "inline": true
          },
          {
            "value": "vinicin#1658",
            "name": "Requested by",
            "inline": true
          }
        ]
      }
    ]
  }
}
Message from Barman#1975:
{
  "channelId": "831174452606926929",
  "guildId": "472200926820827157",
  "id": "954179474352640052",
  "createdTimestamp": 1647564514483,
  "type": "DEFAULT",
  "authorId": "903730942286364702",
  "embeds": [
    {
      "type": "rich",
      "title": "✂️ Mensagem Alterada",
      "description": "**⏰ Data:** 17/03/2022 21:48:34\n**🎯 Canal:** <#472228705893351435>\n**📝 Conteúdo Anterior:** --\n**📝 Conteúdo Novo:** --\n**🎲 ID de Registro:** g1yb6knl9ege6gvsdub5m2hd1",
      "color": 16438033,
      "timestamp": 1647564514034
    }
  ],
  "attachments": [
    "954179474507833384"
  ]
}
