Message from Worm#5404:
{
  "channelId": "472227733988966410",
  "guildId": "472200926820827157",
  "id": "954778486386614282",
  "createdTimestamp": 1647707330081,
  "type": "REPLY",
  "content": "kkkkkkkkkkk pprt",
  "authorId": "317837412279648256",
  "nonce": "954778485220442112",
  "cleanContent": "kkkkkkkkkkk pprt"
}
Message from Barman#1975:
{
  "channelId": "831174452606926929",
  "guildId": "472200926820827157",
  "id": "954778490627031220",
  "createdTimestamp": 1647707331092,
  "type": "DEFAULT",
  "authorId": "903730942286364702",
  "embeds": [
    {
      "type": "rich",
      "title": "✏️ Mensagem Recebida",
      "description": "**⏰ Data:** 19/03/2022 13:28:50\n**🎯 Canal:** <#472227733988966410>\n**📝 Conteúdo:** kkkkkkkkkkk pprt\n**🎲 ID de Registro:** ||eqq3eth3h0b51sxo0od4kl48e||",
      "color": 16438033,
      "timestamp": 1647707330081
    }
  ],
  "attachments": [
    "954778490648018984"
  ]
}
Message from RockyAloW#1177:
{
  "channelId": "472228705893351435",
  "guildId": "472200926820827157",
  "id": "954786706752667739",
  "createdTimestamp": 1647709289969,
  "type": "DEFAULT",
  "content": "3p prayer in c",
  "authorId": "389563969540456458",
  "nonce": "954786706714787840",
  "cleanContent": "3p prayer in c"
}
Message from Barman#1975:
{
  "channelId": "831174452606926929",
  "guildId": "472200926820827157",
  "id": "954786707738349608",
  "createdTimestamp": 1647709290204,
  "type": "DEFAULT",
  "authorId": "903730942286364702",
  "embeds": [
    {
      "type": "rich",
      "title": "✏️ Mensagem Recebida",
      "description": "**⏰ Data:** 19/03/2022 14:01:29\n**🎯 Canal:** <#472228705893351435>\n**📝 Conteúdo:** 3p prayer in c\n**🎲 ID de Registro:** ||09x8s56k8no20ygtrkwdpxdaz||",
      "color": 16438033,
      "timestamp": 1647709289969
    }
  ],
  "attachments": [
    "954786707767722054"
  ]
}
Message from Miku Music#2160:
{
  "channelId": "472228705893351435",
  "guildId": "472200926820827157",
  "id": "954786724020617227",
  "createdTimestamp": 1647709294086,
  "type": "DEFAULT",
  "authorId": "822983883015454731",
  "embeds": [
    {
      "type": "rich",
      "color": 3447003,
      "fields": [
        {
          "value": "Lilly Wood & The Prick and Robin Schulz - Prayer In C (Robin Schulz Remix) (Official)",
          "name": "Name",
          "inline": true
        },
        {
          "value": "194 seconds (3:14)",
          "name": "Duration",
          "inline": true
        },
        {
          "value": "RockyAloW#1177",
          "name": "Requested by",
          "inline": true
        }
      ]
    }
  ]
}
Message from Barman#1975:
{
  "channelId": "831174452606926929",
  "guildId": "472200926820827157",
  "id": "954786724410712115",
  "createdTimestamp": 1647709294179,
  "type": "DEFAULT",
  "authorId": "903730942286364702",
  "embeds": [
    {
      "type": "rich",
      "title": "✏️ Mensagem Recebida",
      "description": "**⏰ Data:** 19/03/2022 14:01:34\n**🎯 Canal:** <#472228705893351435>\n**📝 Conteúdo:** --\n**🎲 ID de Registro:** ||4y1iq9md1s7hblbsihj268fok||",
      "color": 16438033,
      "timestamp": 1647709294086
    }
  ],
  "attachments": [
    "954786724872081418"
  ]
}
Message from Miku Music#2160 was updated:
{
  "old": {
    "channelId": "472228705893351435",
    "guildId": "472200926820827157",
    "id": "954786724020617227",
    "createdTimestamp": 1647709294086,
    "type": "DEFAULT",
    "authorId": "822983883015454731",
    "embeds": [
      {
        "type": "rich",
        "color": 3447003,
        "fields": [
          {
            "value": "Lilly Wood & The Prick and Robin Schulz - Prayer In C (Robin Schulz Remix) (Official)",
            "name": "Name",
            "inline": true
          },
          {
            "value": "194 seconds (3:14)",
            "name": "Duration",
            "inline": true
          },
          {
            "value": "RockyAloW#1177",
            "name": "Requested by",
            "inline": true
          }
        ]
      }
    ]
  },
  "new": {
    "channelId": "472228705893351435",
    "guildId": "472200926820827157",
    "id": "954786724020617227",
    "createdTimestamp": 1647709294086,
    "type": "DEFAULT",
    "authorId": "822983883015454731",
    "embeds": [
      {
        "type": "rich",
        "color": 3447003,
        "fields": [
          {
            "value": "Lilly Wood & The Prick and Robin Schulz - Prayer In C (Robin Schulz Remix) (Official)",
            "name": "Name",
            "inline": true
          },
          {
            "value": "194 seconds (3:14)",
            "name": "Duration",
            "inline": true
          },
          {
            "value": "RockyAloW#1177",
            "name": "Requested by",
            "inline": true
          }
        ]
      }
    ]
  }
}
Message from Barman#1975:
{
  "channelId": "831174452606926929",
  "guildId": "472200926820827157",
  "id": "954786725719314452",
  "createdTimestamp": 1647709294491,
  "type": "DEFAULT",
  "authorId": "903730942286364702",
  "embeds": [
    {
      "type": "rich",
      "title": "✂️ Mensagem Alterada",
      "description": "**⏰ Data:** 19/03/2022 14:01:34\n**🎯 Canal:** <#472228705893351435>\n**📝 Conteúdo Anterior:** --\n**📝 Conteúdo Novo:** --\n**🎲 ID de Registro:** 5hzyrd02vnt1hoy65glyg1ofg",
      "color": 16438033,
      "timestamp": 1647709294086
    }
  ],
  "attachments": [
    "954786725765476382"
  ]
}
Message from RockyAloW#1177:
{
  "channelId": "472228705893351435",
  "guildId": "472200926820827157",
  "id": "954786992326062080",
  "createdTimestamp": 1647709358055,
  "type": "DEFAULT",
  "content": "3s",
  "authorId": "389563969540456458",
  "nonce": "954786992091037696",
  "cleanContent": "3s"
}
Message from Barman#1975:
{
  "channelId": "831174452606926929",
  "guildId": "472200926820827157",
  "id": "954786992967778444",
  "createdTimestamp": 1647709358208,
  "type": "DEFAULT",
  "authorId": "903730942286364702",
  "embeds": [
    {
      "type": "rich",
      "title": "✏️ Mensagem Recebida",
      "description": "**⏰ Data:** 19/03/2022 14:02:38\n**🎯 Canal:** <#472228705893351435>\n**📝 Conteúdo:** 3s\n**🎲 ID de Registro:** ||f6syuwq4mpkt9yk33jrrjduji||",
      "color": 16438033,
      "timestamp": 1647709358055
    }
  ],
  "attachments": [
    "954786993009733723"
  ]
}
Message from RockyAloW#1177:
{
  "channelId": "472228705893351435",
  "guildId": "472200926820827157",
  "id": "954796161632452688",
  "createdTimestamp": 1647711544188,
  "type": "DEFAULT",
  "content": "3p bones - imagine dragons",
  "authorId": "389563969540456458",
  "nonce": "954796161443561472",
  "cleanContent": "3p bones - imagine dragons"
}
Message from Barman#1975:
{
  "channelId": "831174452606926929",
  "guildId": "472200926820827157",
  "id": "954796162324520990",
  "createdTimestamp": 1647711544353,
  "type": "DEFAULT",
  "authorId": "903730942286364702",
  "embeds": [
    {
      "type": "rich",
      "title": "✏️ Mensagem Recebida",
      "description": "**⏰ Data:** 19/03/2022 14:39:04\n**🎯 Canal:** <#472228705893351435>\n**📝 Conteúdo:** 3p bones - imagine dragons\n**🎲 ID de Registro:** ||158iw32afct1hk1r00vkbuvnk||",
      "color": 16438033,
      "timestamp": 1647711544188
    }
  ],
  "attachments": [
    "954796162370646066"
  ]
}
Message from Miku Music#2160:
{
  "channelId": "472228705893351435",
  "guildId": "472200926820827157",
  "id": "954796172915130388",
  "createdTimestamp": 1647711546878,
  "type": "DEFAULT",
  "authorId": "822983883015454731",
  "embeds": [
    {
      "type": "rich",
      "color": 3447003,
      "fields": [
        {
          "value": "Imagine Dragons - Bones (Official Lyric Video)",
          "name": "Name",
          "inline": true
        },
        {
          "value": "166 seconds (2:46)",
          "name": "Duration",
          "inline": true
        },
        {
          "value": "RockyAloW#1177",
          "name": "Requested by",
          "inline": true
        }
      ]
    }
  ]
}
Message from Barman#1975:
{
  "channelId": "831174452606926929",
  "guildId": "472200926820827157",
  "id": "954796173561069628",
  "createdTimestamp": 1647711547032,
  "type": "DEFAULT",
  "authorId": "903730942286364702",
  "embeds": [
    {
      "type": "rich",
      "title": "✏️ Mensagem Recebida",
      "description": "**⏰ Data:** 19/03/2022 14:39:06\n**🎯 Canal:** <#472228705893351435>\n**📝 Conteúdo:** --\n**🎲 ID de Registro:** ||ps0ndr4w74jnekaqo06mnul04||",
      "color": 16438033,
      "timestamp": 1647711546878
    }
  ],
  "attachments": [
    "954796173644927096"
  ]
}
