Message from Barman#1975:
{
  "channelId": "805791911558381568",
  "guildId": "472200926820827157",
  "id": "955954145213448232",
  "createdTimestamp": 1647987628988,
  "type": "DEFAULT",
  "content": "<@592041637325307926>",
  "authorId": "903730942286364702",
  "embeds": [
    {
      "type": "rich",
      "title": "🚩 Membro Novo! Seja muito bem-vindo(a) MHK_LOBO MAU ao ButecoGamer🍻🎮",
      "description": "Muito legal te ver por aqui, MHK_LOBO MAU! Espero que consiga socializar em nossa comunidade, nosso intuito é fazer você conhecer novas pessoas, fazer novas amizades, zoar e se divertir com todos nossos membros.",
      "color": 16438033,
      "timestamp": 1647987628908,
      "fields": [
        {
          "value": "- 🔗 [Convite do Servidor](https://discord.gg/884HafWG9P)\n- 📞 [WhatsApp Oficial](https://chat.whatsapp.com/H2HidKT1AmyH9D6Gm55Aok)",
          "name": "📎 Links Relacionados:"
        },
        {
          "value": "- <#846106097663737887>\n- <#472225709738426368>\n- <#472225914114146315>",
          "name": "🗺 Seções Importantes:"
        },
        {
          "value": "- <#472409959695384579> 📝\n- <#472227733988966410> 📝\n- <#913210275379937331> 🔊",
          "name": "🌐 Comunidade:"
        }
      ]
    }
  ],
  "cleanContent": "@​MHK_LOBO MAU"
}
Message from Barman#1975:
{
  "channelId": "831174452606926929",
  "guildId": "472200926820827157",
  "id": "955954145922277387",
  "createdTimestamp": 1647987629157,
  "type": "DEFAULT",
  "authorId": "903730942286364702",
  "embeds": [
    {
      "type": "rich",
      "title": "✏️ Mensagem Recebida",
      "description": "**⏰ Data:** 22/03/2022 19:20:28\n**🎯 Canal:** <#805791911558381568>\n**📝 Conteúdo:** <@592041637325307926>\n**🎲 ID de Registro:** ||h549gv7z2y0kdncvgibmydost||",
      "color": 16438033,
      "timestamp": 1647987628988
    }
  ],
  "attachments": [
    "955954146329120768"
  ]
}
Message from Barman#1975 was updated:
{
  "old": {
    "channelId": "805791911558381568",
    "guildId": "472200926820827157",
    "id": "955954145213448232",
    "createdTimestamp": 1647987628988,
    "type": "DEFAULT",
    "content": "<@592041637325307926>",
    "authorId": "903730942286364702",
    "embeds": [
      {
        "type": "rich",
        "title": "🚩 Membro Novo! Seja muito bem-vindo(a) MHK_LOBO MAU ao ButecoGamer🍻🎮",
        "description": "Muito legal te ver por aqui, MHK_LOBO MAU! Espero que consiga socializar em nossa comunidade, nosso intuito é fazer você conhecer novas pessoas, fazer novas amizades, zoar e se divertir com todos nossos membros.",
        "color": 16438033,
        "timestamp": 1647987628908,
        "fields": [
          {
            "value": "- 🔗 [Convite do Servidor](https://discord.gg/884HafWG9P)\n- 📞 [WhatsApp Oficial](https://chat.whatsapp.com/H2HidKT1AmyH9D6Gm55Aok)",
            "name": "📎 Links Relacionados:"
          },
          {
            "value": "- <#846106097663737887>\n- <#472225709738426368>\n- <#472225914114146315>",
            "name": "🗺 Seções Importantes:"
          },
          {
            "value": "- <#472409959695384579> 📝\n- <#472227733988966410> 📝\n- <#913210275379937331> 🔊",
            "name": "🌐 Comunidade:"
          }
        ]
      }
    ],
    "cleanContent": "@​MHK_LOBO MAU"
  },
  "new": {
    "channelId": "805791911558381568",
    "guildId": "472200926820827157",
    "id": "955954145213448232",
    "createdTimestamp": 1647987628988,
    "type": "DEFAULT",
    "content": "<@592041637325307926>",
    "authorId": "903730942286364702",
    "embeds": [
      {
        "type": "rich",
        "title": "🚩 Membro Novo! Seja muito bem-vindo(a) MHK_LOBO MAU ao ButecoGamer🍻🎮",
        "description": "Muito legal te ver por aqui, MHK_LOBO MAU! Espero que consiga socializar em nossa comunidade, nosso intuito é fazer você conhecer novas pessoas, fazer novas amizades, zoar e se divertir com todos nossos membros.",
        "color": 16438033,
        "timestamp": 1647987628908,
        "fields": [
          {
            "value": "- 🔗 [Convite do Servidor](https://discord.gg/884HafWG9P)\n- 📞 [WhatsApp Oficial](https://chat.whatsapp.com/H2HidKT1AmyH9D6Gm55Aok)",
            "name": "📎 Links Relacionados:"
          },
          {
            "value": "- <#846106097663737887>\n- <#472225709738426368>\n- <#472225914114146315>",
            "name": "🗺 Seções Importantes:"
          },
          {
            "value": "- <#472409959695384579> 📝\n- <#472227733988966410> 📝\n- <#913210275379937331> 🔊",
            "name": "🌐 Comunidade:"
          }
        ]
      }
    ],
    "cleanContent": "@​MHK_LOBO MAU"
  }
}
Message from Barman#1975:
{
  "channelId": "831174452606926929",
  "guildId": "472200926820827157",
  "id": "955954157959929876",
  "createdTimestamp": 1647987632027,
  "type": "DEFAULT",
  "authorId": "903730942286364702",
  "embeds": [
    {
      "type": "rich",
      "title": "✂️ Mensagem Alterada",
      "description": "**⏰ Data:** 22/03/2022 19:20:28\n**🎯 Canal:** <#805791911558381568>\n**📝 Conteúdo Anterior:** <@592041637325307926>\n**📝 Conteúdo Novo:** <@592041637325307926>\n**🎲 ID de Registro:** 755ej1gkp3ytbdhyk4ghq4upl",
      "color": 16438033,
      "timestamp": 1647987628988
    }
  ],
  "attachments": [
    "955954158081556501"
  ]
}
Message from RockyAloW#1177:
{
  "channelId": "472227733988966410",
  "guildId": "472200926820827157",
  "id": "956343788916326471",
  "createdTimestamp": 1648080527286,
  "type": "DEFAULT",
  "content": "Wtfkkkkkk",
  "authorId": "389563969540456458",
  "nonce": "962514567756251136",
  "cleanContent": "Wtfkkkkkk"
}
Message from Barman#1975:
{
  "channelId": "831174452606926929",
  "guildId": "472200926820827157",
  "id": "956343789704863745",
  "createdTimestamp": 1648080527474,
  "type": "DEFAULT",
  "authorId": "903730942286364702",
  "embeds": [
    {
      "type": "rich",
      "title": "✏️ Mensagem Recebida",
      "description": "**⏰ Data:** 23/03/2022 21:08:47\n**🎯 Canal:** <#472227733988966410>\n**📝 Conteúdo:** Wtfkkkkkk\n**🎲 ID de Registro:** ||s3zvh6trjzzhbxvbpkhlwh8gg||",
      "color": 16438033,
      "timestamp": 1648080527286
    }
  ],
  "attachments": [
    "956343789977501776"
  ]
}
Message from FonsecazZ#5155:
{
  "channelId": "472227733988966410",
  "guildId": "472200926820827157",
  "id": "956351884648648764",
  "createdTimestamp": 1648082457459,
  "type": "DEFAULT",
  "content": "https://www.radmin-vpn.com/",
  "authorId": "752954400900907080",
  "nonce": "956351891355205632",
  "embeds": [
    {
      "type": "link",
      "title": "Radmin VPN | Download Free VPN",
      "description": "Radmin VPN allows you to securely connect computers, located behind firewalls. Download it Free.",
      "url": "https://www.radmin-vpn.com/"
    }
  ],
  "cleanContent": "https://www.radmin-vpn.com/"
}
Message from Barman#1975:
{
  "channelId": "831174452606926929",
  "guildId": "472200926820827157",
  "id": "956351885386870784",
  "createdTimestamp": 1648082457635,
  "type": "DEFAULT",
  "authorId": "903730942286364702",
  "embeds": [
    {
      "type": "rich",
      "title": "✏️ Mensagem Recebida",
      "description": "**⏰ Data:** 23/03/2022 21:40:57\n**🎯 Canal:** <#472227733988966410>\n**📝 Conteúdo:** https://www.radmin-vpn.com/\n**🎲 ID de Registro:** ||rz8ip3ed1z8y4ohpqfknwp11g||",
      "color": 16438033,
      "timestamp": 1648082457459
    }
  ],
  "attachments": [
    "956351885412032522"
  ]
}
Message from FonsecazZ#5155:
{
  "channelId": "472227733988966410",
  "guildId": "472200926820827157",
  "id": "956353305771135056",
  "createdTimestamp": 1648082796281,
  "type": "DEFAULT",
  "content": "https://www.mediafire.com/file/wfxojqbyay6mfos/Stardew.Valley.v1.5.4.rar/file",
  "authorId": "752954400900907080",
  "nonce": "956353312347652096",
  "embeds": [
    {
      "type": "article",
      "title": "Stardew.Valley.v1.5.4",
      "url": "https://www.mediafire.com/file/wfxojqbyay6mfos/Stardew.Valley.v1.5.4.rar/file"
    }
  ],
  "cleanContent": "https://www.mediafire.com/file/wfxojqbyay6mfos/Stardew.Valley.v1.5.4.rar/file"
}
Message from Barman#1975:
{
  "channelId": "831174452606926929",
  "guildId": "472200926820827157",
  "id": "956353306475782144",
  "createdTimestamp": 1648082796449,
  "type": "DEFAULT",
  "authorId": "903730942286364702",
  "embeds": [
    {
      "type": "rich",
      "title": "✏️ Mensagem Recebida",
      "description": "**⏰ Data:** 23/03/2022 21:46:36\n**🎯 Canal:** <#472227733988966410>\n**📝 Conteúdo:** https://www.mediafire.com/file/wfxojqbyay6mfos/Stardew.Valley.v1.5.4.rar/file\n**🎲 ID de Registro:** ||1hereknhji1poz5f2uao7tap6||",
      "color": 16438033,
      "timestamp": 1648082796281
    }
  ],
  "attachments": [
    "956353306513539202"
  ]
}
Message from GSG#9827:
{
  "channelId": "472228705893351435",
  "guildId": "472200926820827157",
  "id": "956355365153415219",
  "createdTimestamp": 1648083287276,
  "type": "DEFAULT",
  "content": "3p I made the john cena commercial prank call into an actual commercial im sorry",
  "authorId": "331954679078453260",
  "nonce": "956355352910102528",
  "cleanContent": "3p I made the john cena commercial prank call into an actual commercial im sorry"
}
Message from Barman#1975:
{
  "channelId": "831174452606926929",
  "guildId": "472200926820827157",
  "id": "956355366428508201",
  "createdTimestamp": 1648083287580,
  "type": "DEFAULT",
  "authorId": "903730942286364702",
  "embeds": [
    {
      "type": "rich",
      "title": "✏️ Mensagem Recebida",
      "description": "**⏰ Data:** 23/03/2022 21:54:47\n**🎯 Canal:** <#472228705893351435>\n**📝 Conteúdo:** 3p I made the john cena commercial prank call into an actual commercial im sorry\n**🎲 ID de Registro:** ||jv2ro6jwxxgjien8ezl1lqhex||",
      "color": 16438033,
      "timestamp": 1648083287276
    }
  ],
  "attachments": [
    "956355366457864242"
  ]
}
Message from GSG#9827 was deleted:
{
  "channelId": "472228705893351435",
  "guildId": "472200926820827157",
  "id": "956355365153415219",
  "createdTimestamp": 1648083287276,
  "type": "DEFAULT",
  "content": "3p I made the john cena commercial prank call into an actual commercial im sorry",
  "authorId": "331954679078453260",
  "nonce": "956355352910102528",
  "cleanContent": "3p I made the john cena commercial prank call into an actual commercial im sorry"
}
Message from Barman#1975:
{
  "channelId": "831174452606926929",
  "guildId": "472200926820827157",
  "id": "956355402029731890",
  "createdTimestamp": 1648083296068,
  "type": "DEFAULT",
  "authorId": "903730942286364702",
  "embeds": [
    {
      "type": "rich",
      "title": "🗑️ Mensagem Deletada",
      "description": "**⏰ Data:** 22/03/2022 21:54:55\n**🎯 Canal:** <#472228705893351435>\n**📝 Conteúdo:** 3p I made the john cena commercial prank call into an actual commercial im sorry\n**🎲 ID de Registro:** ||fp5txl9ikmxbzgz8dzvvtjcwp||",
      "color": 16438033,
      "timestamp": 1647996895883
    }
  ],
  "attachments": [
    "956355402080079892"
  ]
}
Message from FonsecazZ#5155:
{
  "channelId": "472227733988966410",
  "guildId": "472200926820827157",
  "id": "956356551411630110",
  "createdTimestamp": 1648083570102,
  "type": "DEFAULT",
  "content": "jprealcriaducv",
  "authorId": "752954400900907080",
  "nonce": "962527331442753536",
  "cleanContent": "jprealcriaducv"
}
Message from Barman#1975:
{
  "channelId": "831174452606926929",
  "guildId": "472200926820827157",
  "id": "956356551923355648",
  "createdTimestamp": 1648083570224,
  "type": "DEFAULT",
  "authorId": "903730942286364702",
  "embeds": [
    {
      "type": "rich",
      "title": "✏️ Mensagem Recebida",
      "description": "**⏰ Data:** 23/03/2022 21:59:30\n**🎯 Canal:** <#472227733988966410>\n**📝 Conteúdo:** jprealcriaducv\n**🎲 ID de Registro:** ||lne90xefdmt9ovu01326vw5w0||",
      "color": 16438033,
      "timestamp": 1648083570102
    }
  ],
  "attachments": [
    "956356551956889650"
  ]
}
Message from FonsecazZ#5155:
{
  "channelId": "472227733988966410",
  "guildId": "472200926820827157",
  "id": "956356573062656093",
  "createdTimestamp": 1648083575264,
  "type": "DEFAULT",
  "content": "tropadoluan",
  "authorId": "752954400900907080",
  "nonce": "962527354205241344",
  "cleanContent": "tropadoluan"
}
Message from Barman#1975:
{
  "channelId": "831174452606926929",
  "guildId": "472200926820827157",
  "id": "956356574249631785",
  "createdTimestamp": 1648083575547,
  "type": "DEFAULT",
  "authorId": "903730942286364702",
  "embeds": [
    {
      "type": "rich",
      "title": "✏️ Mensagem Recebida",
      "description": "**⏰ Data:** 23/03/2022 21:59:35\n**🎯 Canal:** <#472227733988966410>\n**📝 Conteúdo:** tropadoluan\n**🎲 ID de Registro:** ||05ka3e3ox8gxh3fzl2lrvpddl||",
      "color": 16438033,
      "timestamp": 1648083575264
    }
  ],
  "attachments": [
    "956356574287396924"
  ]
}
