Message from henrique#0001:
{
  "channelId": "472227733988966410",
  "guildId": "472200926820827157",
  "id": "956274511949475900",
  "createdTimestamp": 1648064010370,
  "type": "DEFAULT",
  "content": "carai achei o rafa na GC kkkk",
  "authorId": "897291486285156362",
  "nonce": "956274512008052736",
  "attachments": [
    "956274511668461568"
  ],
  "cleanContent": "carai achei o rafa na GC kkkk"
}
Message from Barman#1975:
{
  "channelId": "831174452606926929",
  "guildId": "472200926820827157",
  "id": "956274513266495518",
  "createdTimestamp": 1648064010684,
  "type": "DEFAULT",
  "authorId": "903730942286364702",
  "embeds": [
    {
      "type": "rich",
      "title": "✏️ Mensagem Recebida",
      "description": "**⏰ Data:** 23/03/2022 16:33:30\n**🎯 Canal:** <#472227733988966410>\n**📝 Conteúdo:** carai achei o rafa na GC kkkk\n**📎 Itens Fixados:** • [unknown.png](https://media.discordapp.net/attachments/472227733988966410/956274511668461568/unknown.png) (34 Kb)\n\n**🎲 ID de Registro:** ||ilq2h4cy4jdra67d3ffsrp9be||",
      "color": 16438033,
      "timestamp": 1648064010370
    }
  ],
  "attachments": [
    "956274513321009222"
  ]
}
Message from Barman#1975:
{
  "channelId": "805791911558381568",
  "guildId": "472200926820827157",
  "id": "956308360850993162",
  "createdTimestamp": 1648072080577,
  "type": "DEFAULT",
  "content": "<@557697669917704204>",
  "authorId": "903730942286364702",
  "embeds": [
    {
      "type": "rich",
      "title": "🚩 Membro Novo! Seja muito bem-vindo(a) luar ao ButecoGamer🍻🎮",
      "description": "Saudações luar. Com muito prazer te convido à imergir em nosso Servidor. O ButecoGamer🍻🎮 é uma comunidade de amigos e amigas, onde nos reunimos para jogar, conversar, e todo o resto, espero que goste!",
      "color": 16438033,
      "timestamp": 1648072080452,
      "fields": [
        {
          "value": "- 🔗 [Convite do Servidor](https://discord.gg/884HafWG9P)\n- 📞 [WhatsApp Oficial](https://chat.whatsapp.com/H2HidKT1AmyH9D6Gm55Aok)",
          "name": "📎 Links Relacionados:"
        },
        {
          "value": "- <#846106097663737887>\n- <#472225709738426368>\n- <#472225914114146315>",
          "name": "🗺 Seções Importantes:"
        },
        {
          "value": "- <#472409959695384579> 📝\n- <#472227733988966410> 📝\n- <#913210275379937331> 🔊",
          "name": "🌐 Comunidade:"
        }
      ]
    }
  ],
  "cleanContent": "@​luar"
}
Message from Barman#1975:
{
  "channelId": "831174452606926929",
  "guildId": "472200926820827157",
  "id": "956308361622736917",
  "createdTimestamp": 1648072080761,
  "type": "DEFAULT",
  "authorId": "903730942286364702",
  "embeds": [
    {
      "type": "rich",
      "title": "✏️ Mensagem Recebida",
      "description": "**⏰ Data:** 23/03/2022 18:48:00\n**🎯 Canal:** <#805791911558381568>\n**📝 Conteúdo:** <@557697669917704204>\n**🎲 ID de Registro:** ||jt6mfnivprl6u1dy62cwttup4||",
      "color": 16438033,
      "timestamp": 1648072080577
    }
  ],
  "attachments": [
    "956308361861808168"
  ]
}
Message from Barman#1975:
{
  "channelId": "805791911558381568",
  "guildId": "472200926820827157",
  "id": "956309110691885086",
  "createdTimestamp": 1648072259353,
  "type": "DEFAULT",
  "content": "<@382248616749694976>",
  "authorId": "903730942286364702",
  "embeds": [
    {
      "type": "rich",
      "title": "🚩 Membro Novo! Seja muito bem-vindo(a) Souszblessed7remkkjsz. ao ButecoGamer🍻🎮",
      "description": "Olá Souszblessed7remkkjsz.! Seja muito bem vindo(a) à nossa Rede. Somos uma pequena comunidade de amigos e amigas onde costumamos conversar e jogar diariamente.",
      "color": 16438033,
      "timestamp": 1648072259280,
      "fields": [
        {
          "value": "- 🔗 [Convite do Servidor](https://discord.gg/884HafWG9P)\n- 📞 [WhatsApp Oficial](https://chat.whatsapp.com/H2HidKT1AmyH9D6Gm55Aok)",
          "name": "📎 Links Relacionados:"
        },
        {
          "value": "- <#846106097663737887>\n- <#472225709738426368>\n- <#472225914114146315>",
          "name": "🗺 Seções Importantes:"
        },
        {
          "value": "- <#472409959695384579> 📝\n- <#472227733988966410> 📝\n- <#913210275379937331> 🔊",
          "name": "🌐 Comunidade:"
        }
      ]
    }
  ],
  "cleanContent": "@​Souszblessed7remkkjsz."
}
Message from Barman#1975:
{
  "channelId": "831174452606926929",
  "guildId": "472200926820827157",
  "id": "956309111295852564",
  "createdTimestamp": 1648072259497,
  "type": "DEFAULT",
  "authorId": "903730942286364702",
  "embeds": [
    {
      "type": "rich",
      "title": "✏️ Mensagem Recebida",
      "description": "**⏰ Data:** 23/03/2022 18:50:59\n**🎯 Canal:** <#805791911558381568>\n**📝 Conteúdo:** <@382248616749694976>\n**🎲 ID de Registro:** ||gm5q60p8cjmik8ovpfpndh9dg||",
      "color": 16438033,
      "timestamp": 1648072259353
    }
  ],
  "attachments": [
    "956309111383924746"
  ]
}
Message from vinicin#1658:
{
  "channelId": "472227733988966410",
  "guildId": "472200926820827157",
  "id": "956313551503495188",
  "createdTimestamp": 1648073318125,
  "type": "REPLY",
  "content": "rafa ta com uns papo diferente",
  "authorId": "599059525189894165",
  "nonce": "956313552266723328",
  "cleanContent": "rafa ta com uns papo diferente"
}
Message from Barman#1975:
{
  "channelId": "831174452606926929",
  "guildId": "472200926820827157",
  "id": "956313552329793607",
  "createdTimestamp": 1648073318322,
  "type": "DEFAULT",
  "authorId": "903730942286364702",
  "embeds": [
    {
      "type": "rich",
      "title": "✏️ Mensagem Recebida",
      "description": "**⏰ Data:** 23/03/2022 19:08:38\n**🎯 Canal:** <#472227733988966410>\n**📝 Conteúdo:** rafa ta com uns papo diferente\n**🎲 ID de Registro:** ||oxaa186h5pk7fq8bt0bz6hmom||",
      "color": 16438033,
      "timestamp": 1648073318125
    }
  ],
  "attachments": [
    "956313552354947113"
  ]
}
Message from Worm#5404:
{
  "channelId": "472228705893351435",
  "guildId": "472200926820827157",
  "id": "956711382055780374",
  "createdTimestamp": 1648168168320,
  "type": "DEFAULT",
  "content": "3p automotivo to com o piru desgovernado",
  "authorId": "317837412279648256",
  "nonce": "956711368851980288",
  "cleanContent": "3p automotivo to com o piru desgovernado"
}
Message from Barman#1975:
{
  "channelId": "831174452606926929",
  "guildId": "472200926820827157",
  "id": "956711383674814514",
  "createdTimestamp": 1648168168706,
  "type": "DEFAULT",
  "authorId": "903730942286364702",
  "embeds": [
    {
      "type": "rich",
      "title": "✏️ Mensagem Recebida",
      "description": "**⏰ Data:** 24/03/2022 21:29:28\n**🎯 Canal:** <#472228705893351435>\n**📝 Conteúdo:** 3p automotivo to com o piru desgovernado\n**🎲 ID de Registro:** ||zmm1g99fk2clfjiqhqrb6chs7||",
      "color": 16438033,
      "timestamp": 1648168168320
    }
  ],
  "attachments": [
    "956711383720939580"
  ]
}
Message from Barman#1975:
{
  "channelId": "805791964435316826",
  "guildId": "472200926820827157",
  "id": "956736092294484058",
  "createdTimestamp": 1648174059700,
  "type": "DEFAULT",
  "authorId": "903730942286364702",
  "embeds": [
    {
      "type": "rich",
      "title": "💨 Um Membro Saiu de nossa Rede",
      "description": "Batalhão, temos um soldado ferido! Deem adeus à noshii...",
      "color": 16438033,
      "timestamp": 1648174059504
    }
  ]
}
Message from Barman#1975:
{
  "channelId": "831174452606926929",
  "guildId": "472200926820827157",
  "id": "956736093074645052",
  "createdTimestamp": 1648174059886,
  "type": "DEFAULT",
  "authorId": "903730942286364702",
  "embeds": [
    {
      "type": "rich",
      "title": "✏️ Mensagem Recebida",
      "description": "**⏰ Data:** 24/03/2022 23:07:39\n**🎯 Canal:** <#805791964435316826>\n**📝 Conteúdo:** --\n**🎲 ID de Registro:** ||6f7ol2wiq011xdsi2t0lh3esy||",
      "color": 16438033,
      "timestamp": 1648174059700
    }
  ],
  "attachments": [
    "956736093150146600"
  ]
}
