Message from doxedbyvini#0130:
{
  "channelId": "472227733988966410",
  "guildId": "472200926820827157",
  "id": "948601232057041007",
  "createdTimestamp": 1646234557881,
  "type": "DEFAULT",
  "authorId": "599059525189894165",
  "nonce": "948601227187322880",
  "attachments": [
    "948601231885086790"
  ]
}
Message from Barman#1975:
{
  "channelId": "831174452606926929",
  "guildId": "472200926820827157",
  "id": "948601233894150144",
  "createdTimestamp": 1646234558319,
  "type": "DEFAULT",
  "authorId": "903730942286364702",
  "embeds": [
    {
      "type": "rich",
      "title": "✏️ Mensagem Recebida",
      "description": "**⏰ Data:** 02/03/2022 12:22:37\n**🎯 Canal:** <#472227733988966410>\n**📝 Conteúdo:** --\n**📎 Itens Fixados:** • [unknown.png](https://media.discordapp.net/attachments/472227733988966410/948601231885086790/unknown.png) (708 Kb)\n\n**🎲 ID de Registro:** ||kzz3zn81qn4ngvhvts7ce7cnb||",
      "color": 16438033,
      "timestamp": 1646234557881
    }
  ],
  "attachments": [
    "948601233910935622"
  ]
}
Message from doxedbyvini#0130:
{
  "channelId": "472227733988966410",
  "guildId": "472200926820827157",
  "id": "948601254823755816",
  "createdTimestamp": 1646234563309,
  "type": "DEFAULT",
  "content": "nivy",
  "authorId": "599059525189894165",
  "nonce": "948601250931277824",
  "cleanContent": "nivy"
}
Message from Barman#1975:
{
  "channelId": "831174452606926929",
  "guildId": "472200926820827157",
  "id": "948601255377391718",
  "createdTimestamp": 1646234563441,
  "type": "DEFAULT",
  "authorId": "903730942286364702",
  "embeds": [
    {
      "type": "rich",
      "title": "✏️ Mensagem Recebida",
      "description": "**⏰ Data:** 02/03/2022 12:22:43\n**🎯 Canal:** <#472227733988966410>\n**📝 Conteúdo:** nivy\n**🎲 ID de Registro:** ||pyota0mkpbjuxpv6xuh0ops7x||",
      "color": 16438033,
      "timestamp": 1646234563309
    }
  ],
  "attachments": [
    "948601255553548298"
  ]
}
Message from doxedbyvini#0130:
{
  "channelId": "472227733988966410",
  "guildId": "472200926820827157",
  "id": "948601307315454062",
  "createdTimestamp": 1646234575824,
  "type": "DEFAULT",
  "content": "pqp",
  "authorId": "599059525189894165",
  "nonce": "948601305524338688",
  "cleanContent": "pqp"
}
Message from Barman#1975:
{
  "channelId": "831174452606926929",
  "guildId": "472200926820827157",
  "id": "948601307709722625",
  "createdTimestamp": 1646234575918,
  "type": "DEFAULT",
  "authorId": "903730942286364702",
  "embeds": [
    {
      "type": "rich",
      "title": "✏️ Mensagem Recebida",
      "description": "**⏰ Data:** 02/03/2022 12:22:55\n**🎯 Canal:** <#472227733988966410>\n**📝 Conteúdo:** pqp\n**🎲 ID de Registro:** ||rtz7ukp3vjm2ktr5y1t9c8gm2||",
      "color": 16438033,
      "timestamp": 1646234575824
    }
  ],
  "attachments": [
    "948601307923640340"
  ]
}
Message from doxedbyvini#0130 was deleted:
{
  "channelId": "472227733988966410",
  "guildId": "472200926820827157",
  "id": "948601232057041007",
  "createdTimestamp": 1646234557881,
  "type": "DEFAULT",
  "authorId": "599059525189894165",
  "nonce": "948601227187322880",
  "attachments": [
    "948601231885086790"
  ]
}
Message from Barman#1975:
{
  "channelId": "831174452606926929",
  "guildId": "472200926820827157",
  "id": "948601328559603752",
  "createdTimestamp": 1646234580889,
  "type": "DEFAULT",
  "authorId": "903730942286364702",
  "embeds": [
    {
      "type": "rich",
      "title": "🗑️ Mensagem Deletada",
      "description": "**⏰ Data:** 02/03/2022 12:23:00\n**🎯 Canal:** <#472227733988966410>\n**📝 Conteúdo:** --\n**📎 Itens Fixados:** • [unknown.png](https://media.discordapp.net/attachments/472227733988966410/948601231885086790/unknown.png) (708 Kb)\n\n**🎲 ID de Registro:** ||l28b04rwxxidu78ugcsh4rhlg||",
      "color": 16438033,
      "timestamp": 1646234580786
    }
  ],
  "attachments": [
    "948601328601555004"
  ]
}
Message from doxedbyvini#0130 was deleted:
{
  "channelId": "472227733988966410",
  "guildId": "472200926820827157",
  "id": "948601307315454062",
  "createdTimestamp": 1646234575824,
  "type": "DEFAULT",
  "content": "pqp",
  "authorId": "599059525189894165",
  "nonce": "948601305524338688",
  "cleanContent": "pqp"
}
Message from Barman#1975:
{
  "channelId": "831174452606926929",
  "guildId": "472200926820827157",
  "id": "948601342790881291",
  "createdTimestamp": 1646234584282,
  "type": "DEFAULT",
  "authorId": "903730942286364702",
  "embeds": [
    {
      "type": "rich",
      "title": "🗑️ Mensagem Deletada",
      "description": "**⏰ Data:** 02/03/2022 12:23:04\n**🎯 Canal:** <#472227733988966410>\n**📝 Conteúdo:** pqp\n**🎲 ID de Registro:** ||tsorkrqq7p2n2it3u2cmdznp3||",
      "color": 16438033,
      "timestamp": 1646234584205
    }
  ],
  "attachments": [
    "948601342946078740"
  ]
}
Message from doxedbyvini#0130 was deleted:
{
  "channelId": "472227733988966410",
  "guildId": "472200926820827157",
  "id": "948601254823755816",
  "createdTimestamp": 1646234563309,
  "type": "DEFAULT",
  "content": "nivy",
  "authorId": "599059525189894165",
  "nonce": "948601250931277824",
  "cleanContent": "nivy"
}
Message from Barman#1975:
{
  "channelId": "831174452606926929",
  "guildId": "472200926820827157",
  "id": "948601357613531196",
  "createdTimestamp": 1646234587816,
  "type": "DEFAULT",
  "authorId": "903730942286364702",
  "embeds": [
    {
      "type": "rich",
      "title": "🗑️ Mensagem Deletada",
      "description": "**⏰ Data:** 02/03/2022 12:23:07\n**🎯 Canal:** <#472227733988966410>\n**📝 Conteúdo:** nivy\n**🎲 ID de Registro:** ||nbok9s7qcmo6gavhf743rbbyd||",
      "color": 16438033,
      "timestamp": 1646234587673
    }
  ],
  "attachments": [
    "948601357647093840"
  ]
}
Message from doxedbyvini#0130:
{
  "channelId": "472227733988966410",
  "guildId": "472200926820827157",
  "id": "948601695674449940",
  "createdTimestamp": 1646234668416,
  "type": "DEFAULT",
  "authorId": "599059525189894165",
  "nonce": "948601690842464256",
  "attachments": [
    "948601695468912700"
  ]
}
Message from Barman#1975:
{
  "channelId": "831174452606926929",
  "guildId": "472200926820827157",
  "id": "948601696119054366",
  "createdTimestamp": 1646234668522,
  "type": "DEFAULT",
  "authorId": "903730942286364702",
  "embeds": [
    {
      "type": "rich",
      "title": "✏️ Mensagem Recebida",
      "description": "**⏰ Data:** 02/03/2022 12:24:28\n**🎯 Canal:** <#472227733988966410>\n**📝 Conteúdo:** --\n**📎 Itens Fixados:** • [unknown.png](https://media.discordapp.net/attachments/472227733988966410/948601695468912700/unknown.png) (708 Kb)\n\n**🎲 ID de Registro:** ||nzoykwtrfr8wgqh5scxw7lk0a||",
      "color": 16438033,
      "timestamp": 1646234668416
    }
  ],
  "attachments": [
    "948601696131633212"
  ]
}
Message from doxedbyvini#0130:
{
  "channelId": "472227733988966410",
  "guildId": "472200926820827157",
  "id": "948601705422008360",
  "createdTimestamp": 1646234670740,
  "type": "DEFAULT",
  "content": "que mulher",
  "authorId": "599059525189894165",
  "nonce": "948601703698006016",
  "cleanContent": "que mulher"
}
Message from Barman#1975:
{
  "channelId": "831174452606926929",
  "guildId": "472200926820827157",
  "id": "948601705807884308",
  "createdTimestamp": 1646234670832,
  "type": "DEFAULT",
  "authorId": "903730942286364702",
  "embeds": [
    {
      "type": "rich",
      "title": "✏️ Mensagem Recebida",
      "description": "**⏰ Data:** 02/03/2022 12:24:30\n**🎯 Canal:** <#472227733988966410>\n**📝 Conteúdo:** que mulher\n**🎲 ID de Registro:** ||9cfna3g4yluqpyy5mjevuq1p4||",
      "color": 16438033,
      "timestamp": 1646234670740
    }
  ],
  "attachments": [
    "948601705828868126"
  ]
}
Message from doxedbyvini#0130:
{
  "channelId": "472227733988966410",
  "guildId": "472200926820827157",
  "id": "948601762904952872",
  "createdTimestamp": 1646234684445,
  "type": "DEFAULT",
  "content": "quase chega aos pes do forever",
  "authorId": "599059525189894165",
  "nonce": "948601761143193600",
  "cleanContent": "quase chega aos pes do forever"
}
Message from Barman#1975:
{
  "channelId": "831174452606926929",
  "guildId": "472200926820827157",
  "id": "948601763429232770",
  "createdTimestamp": 1646234684570,
  "type": "DEFAULT",
  "authorId": "903730942286364702",
  "embeds": [
    {
      "type": "rich",
      "title": "✏️ Mensagem Recebida",
      "description": "**⏰ Data:** 02/03/2022 12:24:44\n**🎯 Canal:** <#472227733988966410>\n**📝 Conteúdo:** quase chega aos pes do forever\n**🎲 ID de Registro:** ||ash5sgfru4d4q8j1wtm5e21zp||",
      "color": 16438033,
      "timestamp": 1646234684445
    }
  ],
  "attachments": [
    "948601763513131059"
  ]
}
Message from henrique#0001:
{
  "channelId": "472227733988966410",
  "guildId": "472200926820827157",
  "id": "948601902298452048",
  "createdTimestamp": 1646234717679,
  "type": "DEFAULT",
  "authorId": "897291486285156362",
  "nonce": "948601909437005824",
  "attachments": [
    "948601902101331988"
  ]
}
Message from Barman#1975:
{
  "channelId": "831174452606926929",
  "guildId": "472200926820827157",
  "id": "948601902768218202",
  "createdTimestamp": 1646234717791,
  "type": "DEFAULT",
  "authorId": "903730942286364702",
  "embeds": [
    {
      "type": "rich",
      "title": "✏️ Mensagem Recebida",
      "description": "**⏰ Data:** 02/03/2022 12:25:17\n**🎯 Canal:** <#472227733988966410>\n**📝 Conteúdo:** --\n**📎 Itens Fixados:** • [unknown.png](https://media.discordapp.net/attachments/472227733988966410/948601902101331988/unknown.png) (882 Kb)\n\n**🎲 ID de Registro:** ||6dtv8867d7l70xudb3mkohs9q||",
      "color": 16438033,
      "timestamp": 1646234717679
    }
  ],
  "attachments": [
    "948601902789173258"
  ]
}
Message from henrique#0001:
{
  "channelId": "472227733988966410",
  "guildId": "472200926820827157",
  "id": "948601927388774431",
  "createdTimestamp": 1646234723661,
  "type": "DEFAULT",
  "content": "nem perto",
  "authorId": "897291486285156362",
  "nonce": "948601937433985024",
  "cleanContent": "nem perto"
}
Message from Barman#1975:
{
  "channelId": "831174452606926929",
  "guildId": "472200926820827157",
  "id": "948601927975981116",
  "createdTimestamp": 1646234723801,
  "type": "DEFAULT",
  "authorId": "903730942286364702",
  "embeds": [
    {
      "type": "rich",
      "title": "✏️ Mensagem Recebida",
      "description": "**⏰ Data:** 02/03/2022 12:25:23\n**🎯 Canal:** <#472227733988966410>\n**📝 Conteúdo:** nem perto\n**🎲 ID de Registro:** ||3ii1hacgaqifp9q3wr5jvwswb||",
      "color": 16438033,
      "timestamp": 1646234723661
    }
  ],
  "attachments": [
    "948601928001138778"
  ]
}
