Message from doxedbyvini#0130:
{
  "channelId": "472228705893351435",
  "guildId": "472200926820827157",
  "id": "949461332833493032",
  "createdTimestamp": 1646439621886,
  "type": "DEFAULT",
  "content": "3p mystic bonde da ecko",
  "authorId": "599059525189894165",
  "nonce": "949461331348553728",
  "cleanContent": "3p mystic bonde da ecko"
}
Message from Barman#1975:
{
  "channelId": "831174452606926929",
  "guildId": "472200926820827157",
  "id": "949461335756926976",
  "createdTimestamp": 1646439622583,
  "type": "DEFAULT",
  "authorId": "903730942286364702",
  "embeds": [
    {
      "type": "rich",
      "title": "✏️ Mensagem Recebida",
      "description": "**⏰ Data:** 04/03/2022 21:20:21\n**🎯 Canal:** <#472228705893351435>\n**📝 Conteúdo:** 3p mystic bonde da ecko\n**🎲 ID de Registro:** ||e8ncb0ws0b6k7tllp0j6yg3ou||",
      "color": 16438033,
      "timestamp": 1646439621886
    }
  ],
  "attachments": [
    "949461335807262790"
  ]
}
Message from Miku Music#2160:
{
  "channelId": "472228705893351435",
  "guildId": "472200926820827157",
  "id": "949461364471119925",
  "createdTimestamp": 1646439629429,
  "type": "DEFAULT",
  "authorId": "822983883015454731",
  "embeds": [
    {
      "type": "rich",
      "color": 3447003,
      "fields": [
        {
          "value": "MYSTIC! - BONDE DA ECKO (ft. Cabralzin, Neto, Uxie Kid, Bocão) (Prod. @djdudurody & shots!)",
          "name": "Name",
          "inline": true
        },
        {
          "value": "149 seconds (2:29)",
          "name": "Duration",
          "inline": true
        },
        {
          "value": "doxedbyvini#0130",
          "name": "Requested by",
          "inline": true
        }
      ]
    }
  ]
}
Message from Barman#1975:
{
  "channelId": "831174452606926929",
  "guildId": "472200926820827157",
  "id": "949461365590982726",
  "createdTimestamp": 1646439629696,
  "type": "DEFAULT",
  "authorId": "903730942286364702",
  "embeds": [
    {
      "type": "rich",
      "title": "✏️ Mensagem Recebida",
      "description": "**⏰ Data:** 04/03/2022 21:20:29\n**🎯 Canal:** <#472228705893351435>\n**📝 Conteúdo:** --\n**🎲 ID de Registro:** ||91gnb1joz744k8imt08ejc14u||",
      "color": 16438033,
      "timestamp": 1646439629429
    }
  ],
  "attachments": [
    "949461365695860746"
  ]
}
Message from Miku Music#2160 was updated:
{
  "old": {
    "channelId": "472228705893351435",
    "guildId": "472200926820827157",
    "id": "949461364471119925",
    "createdTimestamp": 1646439629429,
    "type": "DEFAULT",
    "authorId": "822983883015454731",
    "embeds": [
      {
        "type": "rich",
        "color": 3447003,
        "fields": [
          {
            "value": "MYSTIC! - BONDE DA ECKO (ft. Cabralzin, Neto, Uxie Kid, Bocão) (Prod. @djdudurody & shots!)",
            "name": "Name",
            "inline": true
          },
          {
            "value": "149 seconds (2:29)",
            "name": "Duration",
            "inline": true
          },
          {
            "value": "doxedbyvini#0130",
            "name": "Requested by",
            "inline": true
          }
        ]
      }
    ]
  },
  "new": {
    "channelId": "472228705893351435",
    "guildId": "472200926820827157",
    "id": "949461364471119925",
    "createdTimestamp": 1646439629429,
    "type": "DEFAULT",
    "authorId": "822983883015454731",
    "embeds": [
      {
        "type": "rich",
        "color": 3447003,
        "fields": [
          {
            "value": "MYSTIC! - BONDE DA ECKO (ft. Cabralzin, Neto, Uxie Kid, Bocão) (Prod. @djdudurody & shots!)",
            "name": "Name",
            "inline": true
          },
          {
            "value": "149 seconds (2:29)",
            "name": "Duration",
            "inline": true
          },
          {
            "value": "doxedbyvini#0130",
            "name": "Requested by",
            "inline": true
          }
        ]
      }
    ]
  }
}
Message from Barman#1975:
{
  "channelId": "831174452606926929",
  "guildId": "472200926820827157",
  "id": "949461366333399113",
  "createdTimestamp": 1646439629873,
  "type": "DEFAULT",
  "authorId": "903730942286364702",
  "embeds": [
    {
      "type": "rich",
      "title": "✂️ Mensagem Alterada",
      "description": "**⏰ Data:** 04/03/2022 21:20:29\n**🎯 Canal:** <#472228705893351435>\n**📝 Conteúdo Anterior:** --\n**📝 Conteúdo Novo:** --\n**🎲 ID de Registro:** 58fm3nozwb0lon4ikoh89ibxn",
      "color": 16438033,
      "timestamp": 1646439629429
    }
  ],
  "attachments": [
    "949461366807330816"
  ]
}
Message from doxedbyvini#0130:
{
  "channelId": "472228705893351435",
  "guildId": "472200926820827157",
  "id": "949462387470241873",
  "createdTimestamp": 1646439873331,
  "type": "DEFAULT",
  "content": "3p garota de ipanema",
  "authorId": "599059525189894165",
  "nonce": "949462386006294528",
  "cleanContent": "3p garota de ipanema"
}
Message from Barman#1975:
{
  "channelId": "831174452606926929",
  "guildId": "472200926820827157",
  "id": "949462387931619328",
  "createdTimestamp": 1646439873441,
  "type": "DEFAULT",
  "authorId": "903730942286364702",
  "embeds": [
    {
      "type": "rich",
      "title": "✏️ Mensagem Recebida",
      "description": "**⏰ Data:** 04/03/2022 21:24:33\n**🎯 Canal:** <#472228705893351435>\n**📝 Conteúdo:** 3p garota de ipanema\n**🎲 ID de Registro:** ||cznxkeiv0r7o4qn9wmcx1u2as||",
      "color": 16438033,
      "timestamp": 1646439873331
    }
  ],
  "attachments": [
    "949462387977760778"
  ]
}
Message from Miku Music#2160:
{
  "channelId": "472228705893351435",
  "guildId": "472200926820827157",
  "id": "949462408911532133",
  "createdTimestamp": 1646439878443,
  "type": "DEFAULT",
  "authorId": "822983883015454731",
  "embeds": [
    {
      "type": "rich",
      "color": 3447003,
      "fields": [
        {
          "value": "Garota De Ipanema",
          "name": "Name",
          "inline": true
        },
        {
          "value": "243 seconds (4:03)",
          "name": "Duration",
          "inline": true
        },
        {
          "value": "doxedbyvini#0130",
          "name": "Requested by",
          "inline": true
        }
      ]
    }
  ]
}
Message from Barman#1975:
{
  "channelId": "831174452606926929",
  "guildId": "472200926820827157",
  "id": "949462409704271983",
  "createdTimestamp": 1646439878632,
  "type": "DEFAULT",
  "authorId": "903730942286364702",
  "embeds": [
    {
      "type": "rich",
      "title": "✏️ Mensagem Recebida",
      "description": "**⏰ Data:** 04/03/2022 21:24:38\n**🎯 Canal:** <#472228705893351435>\n**📝 Conteúdo:** --\n**🎲 ID de Registro:** ||nla87kcfi0ritfylb16272cq3||",
      "color": 16438033,
      "timestamp": 1646439878443
    }
  ],
  "attachments": [
    "949462409725235220"
  ]
}
Message from Miku Music#2160 was updated:
{
  "old": {
    "channelId": "472228705893351435",
    "guildId": "472200926820827157",
    "id": "949462408911532133",
    "createdTimestamp": 1646439878443,
    "type": "DEFAULT",
    "authorId": "822983883015454731",
    "embeds": [
      {
        "type": "rich",
        "color": 3447003,
        "fields": [
          {
            "value": "Garota De Ipanema",
            "name": "Name",
            "inline": true
          },
          {
            "value": "243 seconds (4:03)",
            "name": "Duration",
            "inline": true
          },
          {
            "value": "doxedbyvini#0130",
            "name": "Requested by",
            "inline": true
          }
        ]
      }
    ]
  },
  "new": {
    "channelId": "472228705893351435",
    "guildId": "472200926820827157",
    "id": "949462408911532133",
    "createdTimestamp": 1646439878443,
    "type": "DEFAULT",
    "authorId": "822983883015454731",
    "embeds": [
      {
        "type": "rich",
        "color": 3447003,
        "fields": [
          {
            "value": "Garota De Ipanema",
            "name": "Name",
            "inline": true
          },
          {
            "value": "243 seconds (4:03)",
            "name": "Duration",
            "inline": true
          },
          {
            "value": "doxedbyvini#0130",
            "name": "Requested by",
            "inline": true
          }
        ]
      }
    ]
  }
}
Message from Barman#1975:
{
  "channelId": "831174452606926929",
  "guildId": "472200926820827157",
  "id": "949462410501161020",
  "createdTimestamp": 1646439878822,
  "type": "DEFAULT",
  "authorId": "903730942286364702",
  "embeds": [
    {
      "type": "rich",
      "title": "✂️ Mensagem Alterada",
      "description": "**⏰ Data:** 04/03/2022 21:24:38\n**🎯 Canal:** <#472228705893351435>\n**📝 Conteúdo Anterior:** --\n**📝 Conteúdo Novo:** --\n**🎲 ID de Registro:** 211t5befxi2ilxncu0kri8lby",
      "color": 16438033,
      "timestamp": 1646439878443
    }
  ],
  "attachments": [
    "949462410547306496"
  ]
}
Message from doxedbyvini#0130:
{
  "channelId": "472228705893351435",
  "guildId": "472200926820827157",
  "id": "949462743633788928",
  "createdTimestamp": 1646439958247,
  "type": "DEFAULT",
  "content": "3p chove chuva",
  "authorId": "599059525189894165",
  "nonce": "949462742169812992",
  "cleanContent": "3p chove chuva"
}
Message from Barman#1975:
{
  "channelId": "831174452606926929",
  "guildId": "472200926820827157",
  "id": "949462744090959893",
  "createdTimestamp": 1646439958356,
  "type": "DEFAULT",
  "authorId": "903730942286364702",
  "embeds": [
    {
      "type": "rich",
      "title": "✏️ Mensagem Recebida",
      "description": "**⏰ Data:** 04/03/2022 21:25:58\n**🎯 Canal:** <#472228705893351435>\n**📝 Conteúdo:** 3p chove chuva\n**🎲 ID de Registro:** ||rbbr7k9cm86inge4pxjb1k11m||",
      "color": 16438033,
      "timestamp": 1646439958247
    }
  ],
  "attachments": [
    "949462744543940608"
  ]
}
Message from Miku Music#2160:
{
  "channelId": "472228705893351435",
  "guildId": "472200926820827157",
  "id": "949462756342509588",
  "createdTimestamp": 1646439961277,
  "type": "DEFAULT",
  "authorId": "822983883015454731",
  "embeds": [
    {
      "type": "rich",
      "color": 16776960,
      "fields": [
        {
          "value": "Jorge Ben - Chove Chuva (Áudio Oficial)",
          "name": "Name",
          "inline": true
        },
        {
          "value": "187 seconds (3:07)",
          "name": "Duration",
          "inline": true
        },
        {
          "value": "doxedbyvini#0130",
          "name": "Requested by",
          "inline": true
        }
      ]
    }
  ]
}
Message from Barman#1975:
{
  "channelId": "831174452606926929",
  "guildId": "472200926820827157",
  "id": "949462756766130217",
  "createdTimestamp": 1646439961378,
  "type": "DEFAULT",
  "authorId": "903730942286364702",
  "embeds": [
    {
      "type": "rich",
      "title": "✏️ Mensagem Recebida",
      "description": "**⏰ Data:** 04/03/2022 21:26:01\n**🎯 Canal:** <#472228705893351435>\n**📝 Conteúdo:** --\n**🎲 ID de Registro:** ||5ogx213vq75jk1wg1ongmn18o||",
      "color": 16438033,
      "timestamp": 1646439961277
    }
  ],
  "attachments": [
    "949462757118443580"
  ]
}
Message from doxedbyvini#0130:
{
  "channelId": "472228705893351435",
  "guildId": "472200926820827157",
  "id": "949462891260702771",
  "createdTimestamp": 1646439993444,
  "type": "DEFAULT",
  "content": "3p meu novo mundo charlie",
  "authorId": "599059525189894165",
  "nonce": "949462889612181504",
  "cleanContent": "3p meu novo mundo charlie"
}
Message from Barman#1975:
{
  "channelId": "831174452606926929",
  "guildId": "472200926820827157",
  "id": "949462891701104700",
  "createdTimestamp": 1646439993549,
  "type": "DEFAULT",
  "authorId": "903730942286364702",
  "embeds": [
    {
      "type": "rich",
      "title": "✏️ Mensagem Recebida",
      "description": "**⏰ Data:** 04/03/2022 21:26:33\n**🎯 Canal:** <#472228705893351435>\n**📝 Conteúdo:** 3p meu novo mundo charlie\n**🎲 ID de Registro:** ||w1mo1n7q578abmk1pr4u7lbkk||",
      "color": 16438033,
      "timestamp": 1646439993444
    }
  ],
  "attachments": [
    "949462891734638633"
  ]
}
Message from Miku Music#2160:
{
  "channelId": "472228705893351435",
  "guildId": "472200926820827157",
  "id": "949462903004737576",
  "createdTimestamp": 1646439996244,
  "type": "DEFAULT",
  "authorId": "822983883015454731",
  "embeds": [
    {
      "type": "rich",
      "color": 16776960,
      "fields": [
        {
          "value": "Charlie Brown Jr. - Meu Novo Mundo \\*OFICIAL HD\\*",
          "name": "Name",
          "inline": true
        },
        {
          "value": "224 seconds (3:44)",
          "name": "Duration",
          "inline": true
        },
        {
          "value": "doxedbyvini#0130",
          "name": "Requested by",
          "inline": true
        }
      ]
    }
  ]
}
Message from Barman#1975:
{
  "channelId": "831174452606926929",
  "guildId": "472200926820827157",
  "id": "949462903591960578",
  "createdTimestamp": 1646439996384,
  "type": "DEFAULT",
  "authorId": "903730942286364702",
  "embeds": [
    {
      "type": "rich",
      "title": "✏️ Mensagem Recebida",
      "description": "**⏰ Data:** 04/03/2022 21:26:36\n**🎯 Canal:** <#472228705893351435>\n**📝 Conteúdo:** --\n**🎲 ID de Registro:** ||pkmv18up2ilrbytegptx2fy6w||",
      "color": 16438033,
      "timestamp": 1646439996244
    }
  ],
  "attachments": [
    "949462903650672680"
  ]
}
Message from Miku Music#2160 was updated:
{
  "old": {
    "channelId": "472228705893351435",
    "guildId": "472200926820827157",
    "id": "949462903004737576",
    "createdTimestamp": 1646439996244,
    "type": "DEFAULT",
    "authorId": "822983883015454731",
    "embeds": [
      {
        "type": "rich",
        "color": 16776960,
        "fields": [
          {
            "value": "Charlie Brown Jr. - Meu Novo Mundo \\*OFICIAL HD\\*",
            "name": "Name",
            "inline": true
          },
          {
            "value": "224 seconds (3:44)",
            "name": "Duration",
            "inline": true
          },
          {
            "value": "doxedbyvini#0130",
            "name": "Requested by",
            "inline": true
          }
        ]
      }
    ]
  },
  "new": {
    "channelId": "472228705893351435",
    "guildId": "472200926820827157",
    "id": "949462903004737576",
    "createdTimestamp": 1646439996244,
    "type": "DEFAULT",
    "authorId": "822983883015454731",
    "embeds": [
      {
        "type": "rich",
        "color": 16776960,
        "fields": [
          {
            "value": "Charlie Brown Jr. - Meu Novo Mundo \\*OFICIAL HD\\*",
            "name": "Name",
            "inline": true
          },
          {
            "value": "224 seconds (3:44)",
            "name": "Duration",
            "inline": true
          },
          {
            "value": "doxedbyvini#0130",
            "name": "Requested by",
            "inline": true
          }
        ]
      }
    ]
  }
}
Message from Barman#1975:
{
  "channelId": "831174452606926929",
  "guildId": "472200926820827157",
  "id": "949462904514674719",
  "createdTimestamp": 1646439996604,
  "type": "DEFAULT",
  "authorId": "903730942286364702",
  "embeds": [
    {
      "type": "rich",
      "title": "✂️ Mensagem Alterada",
      "description": "**⏰ Data:** 04/03/2022 21:26:36\n**🎯 Canal:** <#472228705893351435>\n**📝 Conteúdo Anterior:** --\n**📝 Conteúdo Novo:** --\n**🎲 ID de Registro:** dlfrnb6m5jcyc01xjy5mwdm5y",
      "color": 16438033,
      "timestamp": 1646439996244
    }
  ],
  "attachments": [
    "949462904531460206"
  ]
}
Message from doxedbyvini#0130:
{
  "channelId": "472228705893351435",
  "guildId": "472200926820827157",
  "id": "949463038514311240",
  "createdTimestamp": 1646440028552,
  "type": "DEFAULT",
  "content": "3p tamo ai na atividade",
  "authorId": "599059525189894165",
  "nonce": "949463037306208256",
  "cleanContent": "3p tamo ai na atividade"
}
Message from Barman#1975:
{
  "channelId": "831174452606926929",
  "guildId": "472200926820827157",
  "id": "949463039319609354",
  "createdTimestamp": 1646440028744,
  "type": "DEFAULT",
  "authorId": "903730942286364702",
  "embeds": [
    {
      "type": "rich",
      "title": "✏️ Mensagem Recebida",
      "description": "**⏰ Data:** 04/03/2022 21:27:08\n**🎯 Canal:** <#472228705893351435>\n**📝 Conteúdo:** 3p tamo ai na atividade\n**🎲 ID de Registro:** ||9zvwim087squo3eb2zjpgsnee||",
      "color": 16438033,
      "timestamp": 1646440028552
    }
  ],
  "attachments": [
    "949463039340597269"
  ]
}
Message from Miku Music#2160:
{
  "channelId": "472228705893351435",
  "guildId": "472200926820827157",
  "id": "949463049096536124",
  "createdTimestamp": 1646440031075,
  "type": "DEFAULT",
  "authorId": "822983883015454731",
  "embeds": [
    {
      "type": "rich",
      "color": 16776960,
      "fields": [
        {
          "value": "Tamo Ai Na Atividade",
          "name": "Name",
          "inline": true
        },
        {
          "value": "220 seconds (3:40)",
          "name": "Duration",
          "inline": true
        },
        {
          "value": "doxedbyvini#0130",
          "name": "Requested by",
          "inline": true
        }
      ]
    }
  ]
}
Message from Barman#1975:
{
  "channelId": "831174452606926929",
  "guildId": "472200926820827157",
  "id": "949463049486618644",
  "createdTimestamp": 1646440031168,
  "type": "DEFAULT",
  "authorId": "903730942286364702",
  "embeds": [
    {
      "type": "rich",
      "title": "✏️ Mensagem Recebida",
      "description": "**⏰ Data:** 04/03/2022 21:27:11\n**🎯 Canal:** <#472228705893351435>\n**📝 Conteúdo:** --\n**🎲 ID de Registro:** ||cn8wncltkpggl5n0xvep6f51w||",
      "color": 16438033,
      "timestamp": 1646440031075
    }
  ],
  "attachments": [
    "949463049503375360"
  ]
}
Message from Miku Music#2160 was updated:
{
  "old": {
    "channelId": "472228705893351435",
    "guildId": "472200926820827157",
    "id": "949463049096536124",
    "createdTimestamp": 1646440031075,
    "type": "DEFAULT",
    "authorId": "822983883015454731",
    "embeds": [
      {
        "type": "rich",
        "color": 16776960,
        "fields": [
          {
            "value": "Tamo Ai Na Atividade",
            "name": "Name",
            "inline": true
          },
          {
            "value": "220 seconds (3:40)",
            "name": "Duration",
            "inline": true
          },
          {
            "value": "doxedbyvini#0130",
            "name": "Requested by",
            "inline": true
          }
        ]
      }
    ]
  },
  "new": {
    "channelId": "472228705893351435",
    "guildId": "472200926820827157",
    "id": "949463049096536124",
    "createdTimestamp": 1646440031075,
    "type": "DEFAULT",
    "authorId": "822983883015454731",
    "embeds": [
      {
        "type": "rich",
        "color": 16776960,
        "fields": [
          {
            "value": "Tamo Ai Na Atividade",
            "name": "Name",
            "inline": true
          },
          {
            "value": "220 seconds (3:40)",
            "name": "Duration",
            "inline": true
          },
          {
            "value": "doxedbyvini#0130",
            "name": "Requested by",
            "inline": true
          }
        ]
      }
    ]
  }
}
Message from Barman#1975:
{
  "channelId": "831174452606926929",
  "guildId": "472200926820827157",
  "id": "949463050728112178",
  "createdTimestamp": 1646440031464,
  "type": "DEFAULT",
  "authorId": "903730942286364702",
  "embeds": [
    {
      "type": "rich",
      "title": "✂️ Mensagem Alterada",
      "description": "**⏰ Data:** 04/03/2022 21:27:11\n**🎯 Canal:** <#472228705893351435>\n**📝 Conteúdo Anterior:** --\n**📝 Conteúdo Novo:** --\n**🎲 ID de Registro:** bvu894uyt89bnpdgbjl6piezc",
      "color": 16438033,
      "timestamp": 1646440031075
    }
  ],
  "attachments": [
    "949463050765877278"
  ]
}
Message from doxedbyvini#0130:
{
  "channelId": "472228705893351435",
  "guildId": "472200926820827157",
  "id": "949463080184729600",
  "createdTimestamp": 1646440038487,
  "type": "DEFAULT",
  "content": "3p",
  "authorId": "599059525189894165",
  "nonce": "949463078678822912",
  "cleanContent": "3p"
}
Message from Miku Music#2160:
{
  "channelId": "472228705893351435",
  "guildId": "472200926820827157",
  "id": "949463080289583165",
  "createdTimestamp": 1646440038512,
  "type": "DEFAULT",
  "authorId": "822983883015454731",
  "embeds": [
    {
      "type": "rich",
      "description": "You didn't poivide want i want to play",
      "color": 15158332
    }
  ]
}
Message from Barman#1975:
{
  "channelId": "831174452606926929",
  "guildId": "472200926820827157",
  "id": "949463080625139713",
  "createdTimestamp": 1646440038592,
  "type": "DEFAULT",
  "authorId": "903730942286364702",
  "embeds": [
    {
      "type": "rich",
      "title": "✏️ Mensagem Recebida",
      "description": "**⏰ Data:** 04/03/2022 21:27:18\n**🎯 Canal:** <#472228705893351435>\n**📝 Conteúdo:** 3p\n**🎲 ID de Registro:** ||5xzrr21o5qu91jyw3g96k4dl8||",
      "color": 16438033,
      "timestamp": 1646440038487
    }
  ],
  "attachments": [
    "949463080658669598"
  ]
}
Message from Barman#1975:
{
  "channelId": "831174452606926929",
  "guildId": "472200926820827157",
  "id": "949463080897757225",
  "createdTimestamp": 1646440038657,
  "type": "DEFAULT",
  "authorId": "903730942286364702",
  "embeds": [
    {
      "type": "rich",
      "title": "✏️ Mensagem Recebida",
      "description": "**⏰ Data:** 04/03/2022 21:27:18\n**🎯 Canal:** <#472228705893351435>\n**📝 Conteúdo:** --\n**🎲 ID de Registro:** ||t3el706lz3e16mdp3i8vbtm2j||",
      "color": 16438033,
      "timestamp": 1646440038512
    }
  ],
  "attachments": [
    "949463081317183548"
  ]
}
Message from doxedbyvini#0130:
{
  "channelId": "472228705893351435",
  "guildId": "472200926820827157",
  "id": "949463091979124796",
  "createdTimestamp": 1646440041299,
  "type": "DEFAULT",
  "content": "3s",
  "authorId": "599059525189894165",
  "nonce": "949463090607423488",
  "cleanContent": "3s"
}
Message from Barman#1975:
{
  "channelId": "831174452606926929",
  "guildId": "472200926820827157",
  "id": "949463091920371763",
  "createdTimestamp": 1646440041285,
  "type": "DEFAULT",
  "authorId": "903730942286364702",
  "embeds": [
    {
      "type": "rich",
      "title": "✏️ Mensagem Recebida",
      "description": "**⏰ Data:** 04/03/2022 21:27:21\n**🎯 Canal:** <#472228705893351435>\n**📝 Conteúdo:** 3s\n**🎲 ID de Registro:** ||0bqfb1bht6gv8qpeiwhypjrrs||",
      "color": 16438033,
      "timestamp": 1646440041299
    }
  ],
  "attachments": [
    "949463092356603974"
  ]
}
Message from Miku Music#2160:
{
  "channelId": "472228705893351435",
  "guildId": "472200926820827157",
  "id": "949463092906061865",
  "createdTimestamp": 1646440041520,
  "type": "DEFAULT",
  "authorId": "822983883015454731",
  "embeds": [
    {
      "type": "rich",
      "color": 3447003,
      "fields": [
        {
          "value": "Jorge Ben - Chove Chuva (Áudio Oficial)",
          "name": "Name",
          "inline": true
        },
        {
          "value": "187 seconds (3:07)",
          "name": "Duration",
          "inline": true
        },
        {
          "value": "doxedbyvini#0130",
          "name": "Requested by",
          "inline": true
        }
      ]
    }
  ]
}
Message from Barman#1975:
{
  "channelId": "831174452606926929",
  "guildId": "472200926820827157",
  "id": "949463093799424010",
  "createdTimestamp": 1646440041733,
  "type": "DEFAULT",
  "authorId": "903730942286364702",
  "embeds": [
    {
      "type": "rich",
      "title": "✏️ Mensagem Recebida",
      "description": "**⏰ Data:** 04/03/2022 21:27:21\n**🎯 Canal:** <#472228705893351435>\n**📝 Conteúdo:** --\n**🎲 ID de Registro:** ||0yd9b4zuvpt7uknq58v4q82x3||",
      "color": 16438033,
      "timestamp": 1646440041520
    }
  ],
  "attachments": [
    "949463093891706980"
  ]
}
Message from doxedbyvini#0130:
{
  "channelId": "472228705893351435",
  "guildId": "472200926820827157",
  "id": "949463746613501992",
  "createdTimestamp": 1646440197376,
  "type": "DEFAULT",
  "content": "3p remix betowven3s",
  "authorId": "599059525189894165",
  "nonce": "949463745086619648",
  "cleanContent": "3p remix betowven3s"
}
Message from Barman#1975:
{
  "channelId": "831174452606926929",
  "guildId": "472200926820827157",
  "id": "949463747137785957",
  "createdTimestamp": 1646440197501,
  "type": "DEFAULT",
  "authorId": "903730942286364702",
  "embeds": [
    {
      "type": "rich",
      "title": "✏️ Mensagem Recebida",
      "description": "**⏰ Data:** 04/03/2022 21:29:57\n**🎯 Canal:** <#472228705893351435>\n**📝 Conteúdo:** 3p remix betowven3s\n**🎲 ID de Registro:** ||yns7nxszt4202ex8rdp4nmbja||",
      "color": 16438033,
      "timestamp": 1646440197376
    }
  ],
  "attachments": [
    "949463747188101230"
  ]
}
Message from Miku Music#2160:
{
  "channelId": "472228705893351435",
  "guildId": "472200926820827157",
  "id": "949463759993335848",
  "createdTimestamp": 1646440200566,
  "type": "DEFAULT",
  "authorId": "822983883015454731",
  "embeds": [
    {
      "type": "rich",
      "color": 16776960,
      "fields": [
        {
          "value": "Beethoven - Für Elise (Klutch Dubstep Trap Remix)",
          "name": "Name",
          "inline": true
        },
        {
          "value": "144 seconds (2:24)",
          "name": "Duration",
          "inline": true
        },
        {
          "value": "doxedbyvini#0130",
          "name": "Requested by",
          "inline": true
        }
      ]
    }
  ]
}
Message from Barman#1975:
{
  "channelId": "831174452606926929",
  "guildId": "472200926820827157",
  "id": "949463760479862854",
  "createdTimestamp": 1646440200682,
  "type": "DEFAULT",
  "authorId": "903730942286364702",
  "embeds": [
    {
      "type": "rich",
      "title": "✏️ Mensagem Recebida",
      "description": "**⏰ Data:** 04/03/2022 21:30:00\n**🎯 Canal:** <#472228705893351435>\n**📝 Conteúdo:** --\n**🎲 ID de Registro:** ||uyl0xg215tmd5pp071eo2i73b||",
      "color": 16438033,
      "timestamp": 1646440200566
    }
  ],
  "attachments": [
    "949463760580517949"
  ]
}
Message from Miku Music#2160 was updated:
{
  "old": {
    "channelId": "472228705893351435",
    "guildId": "472200926820827157",
    "id": "949463759993335848",
    "createdTimestamp": 1646440200566,
    "type": "DEFAULT",
    "authorId": "822983883015454731",
    "embeds": [
      {
        "type": "rich",
        "color": 16776960,
        "fields": [
          {
            "value": "Beethoven - Für Elise (Klutch Dubstep Trap Remix)",
            "name": "Name",
            "inline": true
          },
          {
            "value": "144 seconds (2:24)",
            "name": "Duration",
            "inline": true
          },
          {
            "value": "doxedbyvini#0130",
            "name": "Requested by",
            "inline": true
          }
        ]
      }
    ]
  },
  "new": {
    "channelId": "472228705893351435",
    "guildId": "472200926820827157",
    "id": "949463759993335848",
    "createdTimestamp": 1646440200566,
    "type": "DEFAULT",
    "authorId": "822983883015454731",
    "embeds": [
      {
        "type": "rich",
        "color": 16776960,
        "fields": [
          {
            "value": "Beethoven - Für Elise (Klutch Dubstep Trap Remix)",
            "name": "Name",
            "inline": true
          },
          {
            "value": "144 seconds (2:24)",
            "name": "Duration",
            "inline": true
          },
          {
            "value": "doxedbyvini#0130",
            "name": "Requested by",
            "inline": true
          }
        ]
      }
    ]
  }
}
Message from Barman#1975:
{
  "channelId": "831174452606926929",
  "guildId": "472200926820827157",
  "id": "949463761419382854",
  "createdTimestamp": 1646440200906,
  "type": "DEFAULT",
  "authorId": "903730942286364702",
  "embeds": [
    {
      "type": "rich",
      "title": "✂️ Mensagem Alterada",
      "description": "**⏰ Data:** 04/03/2022 21:30:00\n**🎯 Canal:** <#472228705893351435>\n**📝 Conteúdo Anterior:** --\n**📝 Conteúdo Novo:** --\n**🎲 ID de Registro:** 9casl4owuzgupxpqvduwfggao",
      "color": 16438033,
      "timestamp": 1646440200566
    }
  ],
  "attachments": [
    "949463761549426799"
  ]
}
Message from doxedbyvini#0130:
{
  "channelId": "472228705893351435",
  "guildId": "472200926820827157",
  "id": "949463774723727372",
  "createdTimestamp": 1646440204078,
  "type": "DEFAULT",
  "content": "3s",
  "authorId": "599059525189894165",
  "nonce": "949463773511417856",
  "cleanContent": "3s"
}
Message from Barman#1975:
{
  "channelId": "831174452606926929",
  "guildId": "472200926820827157",
  "id": "949463775478689812",
  "createdTimestamp": 1646440204258,
  "type": "DEFAULT",
  "authorId": "903730942286364702",
  "embeds": [
    {
      "type": "rich",
      "title": "✏️ Mensagem Recebida",
      "description": "**⏰ Data:** 04/03/2022 21:30:04\n**🎯 Canal:** <#472228705893351435>\n**📝 Conteúdo:** 3s\n**🎲 ID de Registro:** ||l4g7v55lkld6quzk6ni0t50nh||",
      "color": 16438033,
      "timestamp": 1646440204078
    }
  ],
  "attachments": [
    "949463775503843458"
  ]
}
Message from Miku Music#2160:
{
  "channelId": "472228705893351435",
  "guildId": "472200926820827157",
  "id": "949463775961030678",
  "createdTimestamp": 1646440204373,
  "type": "DEFAULT",
  "authorId": "822983883015454731",
  "embeds": [
    {
      "type": "rich",
      "color": 3447003,
      "fields": [
        {
          "value": "Charlie Brown Jr. - Meu Novo Mundo \\*OFICIAL HD\\*",
          "name": "Name",
          "inline": true
        },
        {
          "value": "224 seconds (3:44)",
          "name": "Duration",
          "inline": true
        },
        {
          "value": "doxedbyvini#0130",
          "name": "Requested by",
          "inline": true
        }
      ]
    }
  ]
}
Message from Barman#1975:
{
  "channelId": "831174452606926929",
  "guildId": "472200926820827157",
  "id": "949463776732782673",
  "createdTimestamp": 1646440204557,
  "type": "DEFAULT",
  "authorId": "903730942286364702",
  "embeds": [
    {
      "type": "rich",
      "title": "✏️ Mensagem Recebida",
      "description": "**⏰ Data:** 04/03/2022 21:30:04\n**🎯 Canal:** <#472228705893351435>\n**📝 Conteúdo:** --\n**🎲 ID de Registro:** ||31fh55j7stqax6l3gs05v2fzf||",
      "color": 16438033,
      "timestamp": 1646440204373
    }
  ],
  "attachments": [
    "949463776749563974"
  ]
}
Message from Miku Music#2160:
{
  "channelId": "472228705893351435",
  "guildId": "472200926820827157",
  "id": "949464719205478501",
  "createdTimestamp": 1646440429260,
  "type": "DEFAULT",
  "authorId": "822983883015454731",
  "embeds": [
    {
      "type": "rich",
      "color": 3447003,
      "fields": [
        {
          "value": "Tamo Ai Na Atividade",
          "name": "Name",
          "inline": true
        },
        {
          "value": "220 seconds (3:40)",
          "name": "Duration",
          "inline": true
        },
        {
          "value": "doxedbyvini#0130",
          "name": "Requested by",
          "inline": true
        }
      ]
    }
  ]
}
Message from Barman#1975:
{
  "channelId": "831174452606926929",
  "guildId": "472200926820827157",
  "id": "949464720031764530",
  "createdTimestamp": 1646440429457,
  "type": "DEFAULT",
  "authorId": "903730942286364702",
  "embeds": [
    {
      "type": "rich",
      "title": "✏️ Mensagem Recebida",
      "description": "**⏰ Data:** 04/03/2022 21:33:49\n**🎯 Canal:** <#472228705893351435>\n**📝 Conteúdo:** --\n**🎲 ID de Registro:** ||kgryporjups8474gygt75pql1||",
      "color": 16438033,
      "timestamp": 1646440429260
    }
  ],
  "attachments": [
    "949464720090464316"
  ]
}
Message from Miku Music#2160:
{
  "channelId": "472228705893351435",
  "guildId": "472200926820827157",
  "id": "949465644577984524",
  "createdTimestamp": 1646440649886,
  "type": "DEFAULT",
  "authorId": "822983883015454731",
  "embeds": [
    {
      "type": "rich",
      "color": 3447003,
      "fields": [
        {
          "value": "Beethoven - Für Elise (Klutch Dubstep Trap Remix)",
          "name": "Name",
          "inline": true
        },
        {
          "value": "144 seconds (2:24)",
          "name": "Duration",
          "inline": true
        },
        {
          "value": "doxedbyvini#0130",
          "name": "Requested by",
          "inline": true
        }
      ]
    }
  ]
}
Message from Barman#1975:
{
  "channelId": "831174452606926929",
  "guildId": "472200926820827157",
  "id": "949465645181972550",
  "createdTimestamp": 1646440650030,
  "type": "DEFAULT",
  "authorId": "903730942286364702",
  "embeds": [
    {
      "type": "rich",
      "title": "✏️ Mensagem Recebida",
      "description": "**⏰ Data:** 04/03/2022 21:37:29\n**🎯 Canal:** <#472228705893351435>\n**📝 Conteúdo:** --\n**🎲 ID de Registro:** ||mpbqi7d8tnnx2mid69tvqygh0||",
      "color": 16438033,
      "timestamp": 1646440649886
    }
  ],
  "attachments": [
    "949465645257457714"
  ]
}
Message from doxedbyvini#0130:
{
  "channelId": "472228705893351435",
  "guildId": "472200926820827157",
  "id": "949466304472047616",
  "createdTimestamp": 1646440807217,
  "type": "DEFAULT",
  "content": "sou teu fan",
  "authorId": "599059525189894165",
  "nonce": "949466302722867200",
  "cleanContent": "sou teu fan"
}
Message from Barman#1975:
{
  "channelId": "831174452606926929",
  "guildId": "472200926820827157",
  "id": "949466305159921704",
  "createdTimestamp": 1646440807381,
  "type": "DEFAULT",
  "authorId": "903730942286364702",
  "embeds": [
    {
      "type": "rich",
      "title": "✏️ Mensagem Recebida",
      "description": "**⏰ Data:** 04/03/2022 21:40:07\n**🎯 Canal:** <#472228705893351435>\n**📝 Conteúdo:** sou teu fan\n**🎲 ID de Registro:** ||l1twzwfjbwsh9kmjr2xyumrsj||",
      "color": 16438033,
      "timestamp": 1646440807217
    }
  ],
  "attachments": [
    "949466305193443358"
  ]
}
Message from doxedbyvini#0130:
{
  "channelId": "472228705893351435",
  "guildId": "472200926820827157",
  "id": "949466336768192513",
  "createdTimestamp": 1646440814917,
  "type": "DEFAULT",
  "content": "3p sou teu fan",
  "authorId": "599059525189894165",
  "nonce": "949466335358746624",
  "cleanContent": "3p sou teu fan"
}
Message from Barman#1975:
{
  "channelId": "831174452606926929",
  "guildId": "472200926820827157",
  "id": "949466337179226143",
  "createdTimestamp": 1646440815015,
  "type": "DEFAULT",
  "authorId": "903730942286364702",
  "embeds": [
    {
      "type": "rich",
      "title": "✏️ Mensagem Recebida",
      "description": "**⏰ Data:** 04/03/2022 21:40:14\n**🎯 Canal:** <#472228705893351435>\n**📝 Conteúdo:** 3p sou teu fan\n**🎲 ID de Registro:** ||inoehoh7mnjp7q8jdldphtmnk||",
      "color": 16438033,
      "timestamp": 1646440814917
    }
  ],
  "attachments": [
    "949466337250525264"
  ]
}
Message from Miku Music#2160:
{
  "channelId": "472228705893351435",
  "guildId": "472200926820827157",
  "id": "949466346645766204",
  "createdTimestamp": 1646440817272,
  "type": "DEFAULT",
  "authorId": "822983883015454731",
  "embeds": [
    {
      "type": "rich",
      "color": 3447003,
      "fields": [
        {
          "value": "Dennis & Bruno Martini feat Vitin - Sou Teu Fã (Video Oficial)",
          "name": "Name",
          "inline": true
        },
        {
          "value": "194 seconds (3:14)",
          "name": "Duration",
          "inline": true
        },
        {
          "value": "doxedbyvini#0130",
          "name": "Requested by",
          "inline": true
        }
      ]
    }
  ]
}
Message from Barman#1975:
{
  "channelId": "831174452606926929",
  "guildId": "472200926820827157",
  "id": "949466347073601566",
  "createdTimestamp": 1646440817374,
  "type": "DEFAULT",
  "authorId": "903730942286364702",
  "embeds": [
    {
      "type": "rich",
      "title": "✏️ Mensagem Recebida",
      "description": "**⏰ Data:** 04/03/2022 21:40:17\n**🎯 Canal:** <#472228705893351435>\n**📝 Conteúdo:** --\n**🎲 ID de Registro:** ||388xcewfxdt7tkw74k8ouxhvu||",
      "color": 16438033,
      "timestamp": 1646440817272
    }
  ],
  "attachments": [
    "949466347161677996"
  ]
}
Message from Miku Music#2160 was updated:
{
  "old": {
    "channelId": "472228705893351435",
    "guildId": "472200926820827157",
    "id": "949466346645766204",
    "createdTimestamp": 1646440817272,
    "type": "DEFAULT",
    "authorId": "822983883015454731",
    "embeds": [
      {
        "type": "rich",
        "color": 3447003,
        "fields": [
          {
            "value": "Dennis & Bruno Martini feat Vitin - Sou Teu Fã (Video Oficial)",
            "name": "Name",
            "inline": true
          },
          {
            "value": "194 seconds (3:14)",
            "name": "Duration",
            "inline": true
          },
          {
            "value": "doxedbyvini#0130",
            "name": "Requested by",
            "inline": true
          }
        ]
      }
    ]
  },
  "new": {
    "channelId": "472228705893351435",
    "guildId": "472200926820827157",
    "id": "949466346645766204",
    "createdTimestamp": 1646440817272,
    "type": "DEFAULT",
    "authorId": "822983883015454731",
    "embeds": [
      {
        "type": "rich",
        "color": 3447003,
        "fields": [
          {
            "value": "Dennis & Bruno Martini feat Vitin - Sou Teu Fã (Video Oficial)",
            "name": "Name",
            "inline": true
          },
          {
            "value": "194 seconds (3:14)",
            "name": "Duration",
            "inline": true
          },
          {
            "value": "doxedbyvini#0130",
            "name": "Requested by",
            "inline": true
          }
        ]
      }
    ]
  }
}
Message from Barman#1975:
{
  "channelId": "831174452606926929",
  "guildId": "472200926820827157",
  "id": "949466348159926302",
  "createdTimestamp": 1646440817633,
  "type": "DEFAULT",
  "authorId": "903730942286364702",
  "embeds": [
    {
      "type": "rich",
      "title": "✂️ Mensagem Alterada",
      "description": "**⏰ Data:** 04/03/2022 21:40:17\n**🎯 Canal:** <#472228705893351435>\n**📝 Conteúdo Anterior:** --\n**📝 Conteúdo Novo:** --\n**🎲 ID de Registro:** yz18b90occahurxcic0dfbfw3",
      "color": 16438033,
      "timestamp": 1646440817272
    }
  ],
  "attachments": [
    "949466348327690280"
  ]
}
Message from doxedbyvini#0130:
{
  "channelId": "472228705893351435",
  "guildId": "472200926820827157",
  "id": "949466374911180820",
  "createdTimestamp": 1646440824011,
  "type": "DEFAULT",
  "content": "3p falling",
  "authorId": "599059525189894165",
  "nonce": "949466373354946560",
  "cleanContent": "3p falling"
}
Message from Barman#1975:
{
  "channelId": "831174452606926929",
  "guildId": "472200926820827157",
  "id": "949466375380955167",
  "createdTimestamp": 1646440824123,
  "type": "DEFAULT",
  "authorId": "903730942286364702",
  "embeds": [
    {
      "type": "rich",
      "title": "✏️ Mensagem Recebida",
      "description": "**⏰ Data:** 04/03/2022 21:40:24\n**🎯 Canal:** <#472228705893351435>\n**📝 Conteúdo:** 3p falling\n**🎲 ID de Registro:** ||sqkfezy26txxins2o7q5k4gst||",
      "color": 16438033,
      "timestamp": 1646440824011
    }
  ],
  "attachments": [
    "949466375397715980"
  ]
}
Message from Miku Music#2160:
{
  "channelId": "472228705893351435",
  "guildId": "472200926820827157",
  "id": "949466388370718750",
  "createdTimestamp": 1646440827220,
  "type": "DEFAULT",
  "authorId": "822983883015454731",
  "embeds": [
    {
      "type": "rich",
      "color": 16776960,
      "fields": [
        {
          "value": "Trevor Daniel - Falling (Lyrics)",
          "name": "Name",
          "inline": true
        },
        {
          "value": "160 seconds (2:40)",
          "name": "Duration",
          "inline": true
        },
        {
          "value": "doxedbyvini#0130",
          "name": "Requested by",
          "inline": true
        }
      ]
    }
  ]
}
Message from Barman#1975:
{
  "channelId": "831174452606926929",
  "guildId": "472200926820827157",
  "id": "949466388802723890",
  "createdTimestamp": 1646440827323,
  "type": "DEFAULT",
  "authorId": "903730942286364702",
  "embeds": [
    {
      "type": "rich",
      "title": "✏️ Mensagem Recebida",
      "description": "**⏰ Data:** 04/03/2022 21:40:27\n**🎯 Canal:** <#472228705893351435>\n**📝 Conteúdo:** --\n**🎲 ID de Registro:** ||yxw6783o8yny35wvk7upnx1mu||",
      "color": 16438033,
      "timestamp": 1646440827220
    }
  ],
  "attachments": [
    "949466388827873360"
  ]
}
Message from Miku Music#2160:
{
  "channelId": "472228705893351435",
  "guildId": "472200926820827157",
  "id": "949467160793722930",
  "createdTimestamp": 1646441011380,
  "type": "DEFAULT",
  "authorId": "822983883015454731",
  "embeds": [
    {
      "type": "rich",
      "color": 3447003,
      "fields": [
        {
          "value": "Trevor Daniel - Falling (Lyrics)",
          "name": "Name",
          "inline": true
        },
        {
          "value": "160 seconds (2:40)",
          "name": "Duration",
          "inline": true
        },
        {
          "value": "doxedbyvini#0130",
          "name": "Requested by",
          "inline": true
        }
      ]
    }
  ]
}
Message from Barman#1975:
{
  "channelId": "831174452606926929",
  "guildId": "472200926820827157",
  "id": "949467161791971338",
  "createdTimestamp": 1646441011618,
  "type": "DEFAULT",
  "authorId": "903730942286364702",
  "embeds": [
    {
      "type": "rich",
      "title": "✏️ Mensagem Recebida",
      "description": "**⏰ Data:** 04/03/2022 21:43:31\n**🎯 Canal:** <#472228705893351435>\n**📝 Conteúdo:** --\n**🎲 ID de Registro:** ||3k1glwdv8s1wzp0iuyjsob3mj||",
      "color": 16438033,
      "timestamp": 1646441011380
    }
  ],
  "attachments": [
    "949467161812951111"
  ]
}
Message from doxedbyvini#0130:
{
  "channelId": "472228705893351435",
  "guildId": "472200926820827157",
  "id": "949467633726677042",
  "createdTimestamp": 1646441124136,
  "type": "DEFAULT",
  "content": "3ds",
  "authorId": "599059525189894165",
  "nonce": "949467632296263680",
  "cleanContent": "3ds"
}
Message from Barman#1975:
{
  "channelId": "831174452606926929",
  "guildId": "472200926820827157",
  "id": "949467634464849990",
  "createdTimestamp": 1646441124312,
  "type": "DEFAULT",
  "authorId": "903730942286364702",
  "embeds": [
    {
      "type": "rich",
      "title": "✏️ Mensagem Recebida",
      "description": "**⏰ Data:** 04/03/2022 21:45:24\n**🎯 Canal:** <#472228705893351435>\n**📝 Conteúdo:** 3ds\n**🎲 ID de Registro:** ||cr6e4azmlnl7f0nt6l5lqgywd||",
      "color": 16438033,
      "timestamp": 1646441124136
    }
  ],
  "attachments": [
    "949467634490032128"
  ]
}
Message from doxedbyvini#0130:
{
  "channelId": "472228705893351435",
  "guildId": "472200926820827157",
  "id": "949467644455706724",
  "createdTimestamp": 1646441126694,
  "type": "DEFAULT",
  "content": "3s[",
  "authorId": "599059525189894165",
  "nonce": "949467643025293312",
  "cleanContent": "3s["
}
Message from Barman#1975:
{
  "channelId": "831174452606926929",
  "guildId": "472200926820827157",
  "id": "949467644946419712",
  "createdTimestamp": 1646441126811,
  "type": "DEFAULT",
  "authorId": "903730942286364702",
  "embeds": [
    {
      "type": "rich",
      "title": "✏️ Mensagem Recebida",
      "description": "**⏰ Data:** 04/03/2022 21:45:26\n**🎯 Canal:** <#472228705893351435>\n**📝 Conteúdo:** 3s[\n**🎲 ID de Registro:** ||jp0msmaod7pxfkqi07z4q59eu||",
      "color": 16438033,
      "timestamp": 1646441126694
    }
  ],
  "attachments": [
    "949467645026131968"
  ]
}
Message from doxedbyvini#0130:
{
  "channelId": "472228705893351435",
  "guildId": "472200926820827157",
  "id": "949467654513635378",
  "createdTimestamp": 1646441129092,
  "type": "DEFAULT",
  "content": "3s",
  "authorId": "599059525189894165",
  "nonce": "949467652202430464",
  "cleanContent": "3s"
}
Message from Barman#1975:
{
  "channelId": "831174452606926929",
  "guildId": "472200926820827157",
  "id": "949467654727548959",
  "createdTimestamp": 1646441129143,
  "type": "DEFAULT",
  "authorId": "903730942286364702",
  "embeds": [
    {
      "type": "rich",
      "title": "✏️ Mensagem Recebida",
      "description": "**⏰ Data:** 04/03/2022 21:45:29\n**🎯 Canal:** <#472228705893351435>\n**📝 Conteúdo:** 3s\n**🎲 ID de Registro:** ||urus89xn45kj248kjaaohxcbf||",
      "color": 16438033,
      "timestamp": 1646441129092
    }
  ],
  "attachments": [
    "949467655088254976"
  ]
}
Message from henrique#0001:
{
  "channelId": "472228705893351435",
  "guildId": "472200926820827157",
  "id": "949468098854027294",
  "createdTimestamp": 1646441235031,
  "type": "DEFAULT",
  "content": "3p https://www.youtube.com/watch?v=sCxJUS_c6is",
  "authorId": "897291486285156362",
  "nonce": "949468104017051648",
  "embeds": [
    {
      "type": "video",
      "title": "PRINCIPE OURO NEGRO MANDA REQUEIDO PARA CR7 E NEYMAR JR",
      "description": "AI MINHA VOAIDA FOI POSTEIDO ATRASEEEEIDO",
      "url": "https://www.youtube.com/watch?v=sCxJUS_c6is",
      "color": 16711680
    }
  ],
  "cleanContent": "3p https://www.youtube.com/watch?v=sCxJUS_c6is"
}
Message from Barman#1975:
{
  "channelId": "831174452606926929",
  "guildId": "472200926820827157",
  "id": "949468099747389440",
  "createdTimestamp": 1646441235244,
  "type": "DEFAULT",
  "authorId": "903730942286364702",
  "embeds": [
    {
      "type": "rich",
      "title": "✏️ Mensagem Recebida",
      "description": "**⏰ Data:** 04/03/2022 21:47:15\n**🎯 Canal:** <#472228705893351435>\n**📝 Conteúdo:** 3p https://www.youtube.com/watch?v=sCxJUS_c6is\n**🎲 ID de Registro:** ||t82q341ujama3svvihfe6xyp0||",
      "color": 16438033,
      "timestamp": 1646441235031
    }
  ],
  "attachments": [
    "949468099764191282"
  ]
}
Message from Miku Music#2160:
{
  "channelId": "472228705893351435",
  "guildId": "472200926820827157",
  "id": "949468103937507338",
  "createdTimestamp": 1646441236243,
  "type": "DEFAULT",
  "authorId": "822983883015454731",
  "embeds": [
    {
      "type": "rich",
      "color": 3447003,
      "fields": [
        {
          "value": "PRINCIPE OURO NEGRO MANDA REQUEIDO PARA CR7 E NEYMAR JR",
          "name": "Name",
          "inline": true
        },
        {
          "value": "70",
          "name": "Duration",
          "inline": true
        },
        {
          "value": "henrique#0001",
          "name": "Requested by",
          "inline": true
        }
      ]
    }
  ]
}
Message from Miku Music#2160 was updated:
{
  "old": {
    "channelId": "472228705893351435",
    "guildId": "472200926820827157",
    "id": "949468103937507338",
    "createdTimestamp": 1646441236243,
    "type": "DEFAULT",
    "authorId": "822983883015454731",
    "embeds": [
      {
        "type": "rich",
        "color": 3447003,
        "fields": [
          {
            "value": "PRINCIPE OURO NEGRO MANDA REQUEIDO PARA CR7 E NEYMAR JR",
            "name": "Name",
            "inline": true
          },
          {
            "value": "70",
            "name": "Duration",
            "inline": true
          },
          {
            "value": "henrique#0001",
            "name": "Requested by",
            "inline": true
          }
        ]
      }
    ]
  },
  "new": {
    "channelId": "472228705893351435",
    "guildId": "472200926820827157",
    "id": "949468103937507338",
    "createdTimestamp": 1646441236243,
    "type": "DEFAULT",
    "authorId": "822983883015454731",
    "embeds": [
      {
        "type": "rich",
        "color": 3447003,
        "fields": [
          {
            "value": "PRINCIPE OURO NEGRO MANDA REQUEIDO PARA CR7 E NEYMAR JR",
            "name": "Name",
            "inline": true
          },
          {
            "value": "70",
            "name": "Duration",
            "inline": true
          },
          {
            "value": "henrique#0001",
            "name": "Requested by",
            "inline": true
          }
        ]
      }
    ]
  }
}
Message from Barman#1975:
{
  "channelId": "831174452606926929",
  "guildId": "472200926820827157",
  "id": "949468104440832051",
  "createdTimestamp": 1646441236363,
  "type": "DEFAULT",
  "authorId": "903730942286364702",
  "embeds": [
    {
      "type": "rich",
      "title": "✏️ Mensagem Recebida",
      "description": "**⏰ Data:** 04/03/2022 21:47:16\n**🎯 Canal:** <#472228705893351435>\n**📝 Conteúdo:** --\n**🎲 ID de Registro:** ||qlx54olnx0vwldrggorrjrogx||",
      "color": 16438033,
      "timestamp": 1646441236243
    }
  ],
  "attachments": [
    "949468104486953010"
  ]
}
Message from Barman#1975:
{
  "channelId": "831174452606926929",
  "guildId": "472200926820827157",
  "id": "949468105527140402",
  "createdTimestamp": 1646441236622,
  "type": "DEFAULT",
  "authorId": "903730942286364702",
  "embeds": [
    {
      "type": "rich",
      "title": "✂️ Mensagem Alterada",
      "description": "**⏰ Data:** 04/03/2022 21:47:16\n**🎯 Canal:** <#472228705893351435>\n**📝 Conteúdo Anterior:** --\n**📝 Conteúdo Novo:** --\n**🎲 ID de Registro:** n6k9edt8oz7op8mbx2xm6fob6",
      "color": 16438033,
      "timestamp": 1646441236243
    }
  ],
  "attachments": [
    "949468105564884992"
  ]
}
Message from henrique#0001:
{
  "channelId": "472228705893351435",
  "guildId": "472200926820827157",
  "id": "949468160493490216",
  "createdTimestamp": 1646441249727,
  "type": "DEFAULT",
  "content": "3loop",
  "authorId": "897291486285156362",
  "nonce": "949468165958533120",
  "cleanContent": "3loop"
}
Message from Barman#1975:
{
  "channelId": "831174452606926929",
  "guildId": "472200926820827157",
  "id": "949468160896159744",
  "createdTimestamp": 1646441249823,
  "type": "DEFAULT",
  "authorId": "903730942286364702",
  "embeds": [
    {
      "type": "rich",
      "title": "✏️ Mensagem Recebida",
      "description": "**⏰ Data:** 04/03/2022 21:47:29\n**🎯 Canal:** <#472228705893351435>\n**📝 Conteúdo:** 3loop\n**🎲 ID de Registro:** ||x8k8d7s00pnc1rd5tq3m9gjne||",
      "color": 16438033,
      "timestamp": 1646441249727
    }
  ],
  "attachments": [
    "949468160925503508"
  ]
}
Message from Miku Music#2160:
{
  "channelId": "472228705893351435",
  "guildId": "472200926820827157",
  "id": "949468161378512966",
  "createdTimestamp": 1646441249938,
  "type": "DEFAULT",
  "authorId": "822983883015454731",
  "embeds": [
    {
      "type": "rich",
      "description": "🔁  **|**  Loop is **`enabled`**",
      "color": 3066993
    }
  ]
}
Message from Barman#1975:
{
  "channelId": "831174452606926929",
  "guildId": "472200926820827157",
  "id": "949468161768587295",
  "createdTimestamp": 1646441250031,
  "type": "DEFAULT",
  "authorId": "903730942286364702",
  "embeds": [
    {
      "type": "rich",
      "title": "✏️ Mensagem Recebida",
      "description": "**⏰ Data:** 04/03/2022 21:47:29\n**🎯 Canal:** <#472228705893351435>\n**📝 Conteúdo:** --\n**🎲 ID de Registro:** ||kg6xt8du1r6m0zy61uj898qio||",
      "color": 16438033,
      "timestamp": 1646441249938
    }
  ],
  "attachments": [
    "949468161835687996"
  ]
}
Message from Miku Music#2160:
{
  "channelId": "472228705893351435",
  "guildId": "472200926820827157",
  "id": "949468400290234378",
  "createdTimestamp": 1646441306899,
  "type": "DEFAULT",
  "authorId": "822983883015454731",
  "embeds": [
    {
      "type": "rich",
      "color": 3447003,
      "fields": [
        {
          "value": "PRINCIPE OURO NEGRO MANDA REQUEIDO PARA CR7 E NEYMAR JR",
          "name": "Name",
          "inline": true
        },
        {
          "value": "70",
          "name": "Duration",
          "inline": true
        },
        {
          "value": "henrique#0001",
          "name": "Requested by",
          "inline": true
        }
      ]
    }
  ]
}
Message from Barman#1975:
{
  "channelId": "831174452606926929",
  "guildId": "472200926820827157",
  "id": "949468401108127784",
  "createdTimestamp": 1646441307094,
  "type": "DEFAULT",
  "authorId": "903730942286364702",
  "embeds": [
    {
      "type": "rich",
      "title": "✏️ Mensagem Recebida",
      "description": "**⏰ Data:** 04/03/2022 21:48:26\n**🎯 Canal:** <#472228705893351435>\n**📝 Conteúdo:** --\n**🎲 ID de Registro:** ||lkgzjb6kqfp13qehtltwz1q5k||",
      "color": 16438033,
      "timestamp": 1646441306899
    }
  ],
  "attachments": [
    "949468401242357770"
  ]
}
Message from Miku Music#2160:
{
  "channelId": "472228705893351435",
  "guildId": "472200926820827157",
  "id": "949468402865549352",
  "createdTimestamp": 1646441307513,
  "type": "DEFAULT",
  "authorId": "822983883015454731",
  "embeds": [
    {
      "type": "rich",
      "description": "An unexpected error has occurred.\nPossible type `Error: Status code: 403`",
      "color": 15158332
    }
  ]
}
Message from Barman#1975:
{
  "channelId": "831174452606926929",
  "guildId": "472200926820827157",
  "id": "949468403339493376",
  "createdTimestamp": 1646441307626,
  "type": "DEFAULT",
  "authorId": "903730942286364702",
  "embeds": [
    {
      "type": "rich",
      "title": "✏️ Mensagem Recebida",
      "description": "**⏰ Data:** 04/03/2022 21:48:27\n**🎯 Canal:** <#472228705893351435>\n**📝 Conteúdo:** --\n**🎲 ID de Registro:** ||2ydxlb3h436srlgmc2xpvvh7r||",
      "color": 16438033,
      "timestamp": 1646441307513
    }
  ],
  "attachments": [
    "949468403381465138"
  ]
}
Message from henrique#0001:
{
  "channelId": "472228705893351435",
  "guildId": "472200926820827157",
  "id": "949468560655274034",
  "createdTimestamp": 1646441345133,
  "type": "DEFAULT",
  "content": "ah 😦",
  "authorId": "897291486285156362",
  "nonce": "949468565973499904",
  "cleanContent": "ah 😦"
}
Message from Barman#1975:
{
  "channelId": "831174452606926929",
  "guildId": "472200926820827157",
  "id": "949468561586421791",
  "createdTimestamp": 1646441345355,
  "type": "DEFAULT",
  "authorId": "903730942286364702",
  "embeds": [
    {
      "type": "rich",
      "title": "✏️ Mensagem Recebida",
      "description": "**⏰ Data:** 04/03/2022 21:49:05\n**🎯 Canal:** <#472228705893351435>\n**📝 Conteúdo:** ah 😦\n**🎲 ID de Registro:** ||jw1py14sysd7oiqqy4w8wm6vp||",
      "color": 16438033,
      "timestamp": 1646441345133
    }
  ],
  "attachments": [
    "949468561758384148"
  ]
}
Message from henrique#0001:
{
  "channelId": "472228705893351435",
  "guildId": "472200926820827157",
  "id": "949468565239656448",
  "createdTimestamp": 1646441346226,
  "type": "DEFAULT",
  "content": "merda",
  "authorId": "897291486285156362",
  "nonce": "949468570729840640",
  "cleanContent": "merda"
}
Message from Barman#1975:
{
  "channelId": "831174452606926929",
  "guildId": "472200926820827157",
  "id": "949468565654872104",
  "createdTimestamp": 1646441346325,
  "type": "DEFAULT",
  "authorId": "903730942286364702",
  "embeds": [
    {
      "type": "rich",
      "title": "✏️ Mensagem Recebida",
      "description": "**⏰ Data:** 04/03/2022 21:49:06\n**🎯 Canal:** <#472228705893351435>\n**📝 Conteúdo:** merda\n**🎲 ID de Registro:** ||4c7vc7bi5fpka10up5csqpqgn||",
      "color": 16438033,
      "timestamp": 1646441346226
    }
  ],
  "attachments": [
    "949468565680062534"
  ]
}
Message from henrique#0001:
{
  "channelId": "472228705893351435",
  "guildId": "472200926820827157",
  "id": "949468583354834964",
  "createdTimestamp": 1646441350545,
  "type": "DEFAULT",
  "content": "seu bot bosta",
  "authorId": "897291486285156362",
  "nonce": "949468588635324416",
  "cleanContent": "seu bot bosta"
}
Message from Barman#1975:
{
  "channelId": "831174452606926929",
  "guildId": "472200926820827157",
  "id": "949468583799427083",
  "createdTimestamp": 1646441350651,
  "type": "DEFAULT",
  "authorId": "903730942286364702",
  "embeds": [
    {
      "type": "rich",
      "title": "✏️ Mensagem Recebida",
      "description": "**⏰ Data:** 04/03/2022 21:49:10\n**🎯 Canal:** <#472228705893351435>\n**📝 Conteúdo:** seu bot bosta\n**🎲 ID de Registro:** ||fn7hrzg7rvu5op4a46695h4qt||",
      "color": 16438033,
      "timestamp": 1646441350545
    }
  ],
  "attachments": [
    "949468583816208405"
  ]
}
Message from henrique#0001:
{
  "channelId": "472228705893351435",
  "guildId": "472200926820827157",
  "id": "949468618113056848",
  "createdTimestamp": 1646441358832,
  "type": "DEFAULT",
  "content": "quando tiver o barman vc vai deixar de existir",
  "authorId": "897291486285156362",
  "nonce": "949468623523545088",
  "cleanContent": "quando tiver o barman vc vai deixar de existir"
}
Message from Barman#1975:
{
  "channelId": "831174452606926929",
  "guildId": "472200926820827157",
  "id": "949468618540851230",
  "createdTimestamp": 1646441358934,
  "type": "DEFAULT",
  "authorId": "903730942286364702",
  "embeds": [
    {
      "type": "rich",
      "title": "✏️ Mensagem Recebida",
      "description": "**⏰ Data:** 04/03/2022 21:49:18\n**🎯 Canal:** <#472228705893351435>\n**📝 Conteúdo:** quando tiver o barman vc vai deixar de existir\n**🎲 ID de Registro:** ||p5flb744ck40ld1v3z5p9kpev||",
      "color": 16438033,
      "timestamp": 1646441358832
    }
  ],
  "attachments": [
    "949468618561835008"
  ]
}
Message from henrique#0001:
{
  "channelId": "472228705893351435",
  "guildId": "472200926820827157",
  "id": "949468637322969109",
  "createdTimestamp": 1646441363412,
  "type": "DEFAULT",
  "content": "seu.. cocosvaldo",
  "authorId": "897291486285156362",
  "nonce": "949468642943172608",
  "cleanContent": "seu.. cocosvaldo"
}
Message from Barman#1975:
{
  "channelId": "831174452606926929",
  "guildId": "472200926820827157",
  "id": "949468637885005874",
  "createdTimestamp": 1646441363546,
  "type": "DEFAULT",
  "authorId": "903730942286364702",
  "embeds": [
    {
      "type": "rich",
      "title": "✏️ Mensagem Recebida",
      "description": "**⏰ Data:** 04/03/2022 21:49:23\n**🎯 Canal:** <#472228705893351435>\n**📝 Conteúdo:** seu.. cocosvaldo\n**🎲 ID de Registro:** ||ykgzhtkp6llfzku9njcc3yncw||",
      "color": 16438033,
      "timestamp": 1646441363412
    }
  ],
  "attachments": [
    "949468637910151168"
  ]
}
Message from henrique#0001:
{
  "channelId": "472228705893351435",
  "guildId": "472200926820827157",
  "id": "949476689975586836",
  "createdTimestamp": 1646443283314,
  "type": "DEFAULT",
  "content": "3p https://www.youtube.com/watch?v=rwq4MpWHcOA",
  "authorId": "897291486285156362",
  "nonce": "949476695629365248",
  "embeds": [
    {
      "type": "video",
      "title": "1 HORA DE SUPER IDOL",
      "description": "Compartilha aí se gostou\nEscreva nos comentários ideias para vídeos de 1 hora\nInstagram: @jaotaborda \nhttps://www.instagram.com/jaotaborda/\n\nDeixa o Like aí\nDeixa o Like aí\n\nVídeos de 1 Hora sobre qualquer coisa que vc pensar",
      "url": "https://www.youtube.com/watch?v=rwq4MpWHcOA",
      "color": 16711680
    }
  ],
  "cleanContent": "3p https://www.youtube.com/watch?v=rwq4MpWHcOA"
}
Message from Barman#1975:
{
  "channelId": "831174452606926929",
  "guildId": "472200926820827157",
  "id": "949476691464560640",
  "createdTimestamp": 1646443283669,
  "type": "DEFAULT",
  "authorId": "903730942286364702",
  "embeds": [
    {
      "type": "rich",
      "title": "✏️ Mensagem Recebida",
      "description": "**⏰ Data:** 04/03/2022 22:21:23\n**🎯 Canal:** <#472228705893351435>\n**📝 Conteúdo:** 3p https://www.youtube.com/watch?v=rwq4MpWHcOA\n**🎲 ID de Registro:** ||j35ar3rqv6lbetzur2m4xg21m||",
      "color": 16438033,
      "timestamp": 1646443283314
    }
  ],
  "attachments": [
    "949476691531689994"
  ]
}
Message from Miku Music#2160:
{
  "channelId": "472228705893351435",
  "guildId": "472200926820827157",
  "id": "949476694866153502",
  "createdTimestamp": 1646443284480,
  "type": "DEFAULT",
  "authorId": "822983883015454731",
  "embeds": [
    {
      "type": "rich",
      "color": 3447003,
      "fields": [
        {
          "value": "1 HORA DE SUPER IDOL",
          "name": "Name",
          "inline": true
        },
        {
          "value": "3600",
          "name": "Duration",
          "inline": true
        },
        {
          "value": "henrique#0001",
          "name": "Requested by",
          "inline": true
        }
      ]
    }
  ]
}
Message from Barman#1975:
{
  "channelId": "831174452606926929",
  "guildId": "472200926820827157",
  "id": "949476695348494416",
  "createdTimestamp": 1646443284595,
  "type": "DEFAULT",
  "authorId": "903730942286364702",
  "embeds": [
    {
      "type": "rich",
      "title": "✏️ Mensagem Recebida",
      "description": "**⏰ Data:** 04/03/2022 22:21:24\n**🎯 Canal:** <#472228705893351435>\n**📝 Conteúdo:** --\n**🎲 ID de Registro:** ||3ptkqhksn373t4j7rs73es5wa||",
      "color": 16438033,
      "timestamp": 1646443284480
    }
  ],
  "attachments": [
    "949476695369457714"
  ]
}
Message from Miku Music#2160 was updated:
{
  "old": {
    "channelId": "472228705893351435",
    "guildId": "472200926820827157",
    "id": "949476694866153502",
    "createdTimestamp": 1646443284480,
    "type": "DEFAULT",
    "authorId": "822983883015454731",
    "embeds": [
      {
        "type": "rich",
        "color": 3447003,
        "fields": [
          {
            "value": "1 HORA DE SUPER IDOL",
            "name": "Name",
            "inline": true
          },
          {
            "value": "3600",
            "name": "Duration",
            "inline": true
          },
          {
            "value": "henrique#0001",
            "name": "Requested by",
            "inline": true
          }
        ]
      }
    ]
  },
  "new": {
    "channelId": "472228705893351435",
    "guildId": "472200926820827157",
    "id": "949476694866153502",
    "createdTimestamp": 1646443284480,
    "type": "DEFAULT",
    "authorId": "822983883015454731",
    "embeds": [
      {
        "type": "rich",
        "color": 3447003,
        "fields": [
          {
            "value": "1 HORA DE SUPER IDOL",
            "name": "Name",
            "inline": true
          },
          {
            "value": "3600",
            "name": "Duration",
            "inline": true
          },
          {
            "value": "henrique#0001",
            "name": "Requested by",
            "inline": true
          }
        ]
      }
    ]
  }
}
Message from Barman#1975:
{
  "channelId": "831174452606926929",
  "guildId": "472200926820827157",
  "id": "949476696304791563",
  "createdTimestamp": 1646443284823,
  "type": "DEFAULT",
  "authorId": "903730942286364702",
  "embeds": [
    {
      "type": "rich",
      "title": "✂️ Mensagem Alterada",
      "description": "**⏰ Data:** 04/03/2022 22:21:24\n**🎯 Canal:** <#472228705893351435>\n**📝 Conteúdo Anterior:** --\n**📝 Conteúdo Novo:** --\n**🎲 ID de Registro:** g2j11m3m8qktlqg4nju4bni06",
      "color": 16438033,
      "timestamp": 1646443284480
    }
  ],
  "attachments": [
    "949476696355139684"
  ]
}
Message from henrique#0001:
{
  "channelId": "472228705893351435",
  "guildId": "472200926820827157",
  "id": "949476964887068733",
  "createdTimestamp": 1646443348858,
  "type": "DEFAULT",
  "content": ".p https://www.youtube.com/watch?v=rwq4MpWHcOA",
  "authorId": "897291486285156362",
  "nonce": "949476970549215232",
  "embeds": [
    {
      "type": "video",
      "title": "1 HORA DE SUPER IDOL",
      "description": "Compartilha aí se gostou\nEscreva nos comentários ideias para vídeos de 1 hora\nInstagram: @jaotaborda \nhttps://www.instagram.com/jaotaborda/\n\nDeixa o Like aí\nDeixa o Like aí\n\nVídeos de 1 Hora sobre qualquer coisa que vc pensar",
      "url": "https://www.youtube.com/watch?v=rwq4MpWHcOA",
      "color": 16711680
    }
  ],
  "cleanContent": ".p https://www.youtube.com/watch?v=rwq4MpWHcOA"
}
Message from Hydra#1214:
{
  "channelId": "472228705893351435",
  "guildId": "472200926820827157",
  "id": "949476965532962816",
  "createdTimestamp": 1646443349012,
  "type": "DEFAULT",
  "authorId": "547905866255433758",
  "embeds": [
    {
      "type": "rich",
      "description": "As of recent events we've removed YouTube as a supported platform from Hydra. You can read more about it in [this article](https://hydra.bot/articles/why-is-youtube-support-removed).",
      "color": 16757042
    }
  ]
}
Message from Barman#1975:
{
  "channelId": "831174452606926929",
  "guildId": "472200926820827157",
  "id": "949476965608468510",
  "createdTimestamp": 1646443349030,
  "type": "DEFAULT",
  "authorId": "903730942286364702",
  "embeds": [
    {
      "type": "rich",
      "title": "✏️ Mensagem Recebida",
      "description": "**⏰ Data:** 04/03/2022 22:22:28\n**🎯 Canal:** <#472228705893351435>\n**📝 Conteúdo:** .p https://www.youtube.com/watch?v=rwq4MpWHcOA\n**🎲 ID de Registro:** ||mgvpn3tc1tupckrwqf7xwncr4||",
      "color": 16438033,
      "timestamp": 1646443348858
    }
  ],
  "attachments": [
    "949476965654626374"
  ]
}
Message from Barman#1975:
{
  "channelId": "831174452606926929",
  "guildId": "472200926820827157",
  "id": "949476966292127774",
  "createdTimestamp": 1646443349193,
  "type": "DEFAULT",
  "authorId": "903730942286364702",
  "embeds": [
    {
      "type": "rich",
      "title": "✏️ Mensagem Recebida",
      "description": "**⏰ Data:** 04/03/2022 22:22:29\n**🎯 Canal:** <#472228705893351435>\n**📝 Conteúdo:** --\n**🎲 ID de Registro:** ||f5mw337b2kj5lrm2r2br6lf1h||",
      "color": 16438033,
      "timestamp": 1646443349012
    }
  ],
  "attachments": [
    "949476966313123980"
  ]
}
Message from ChillBot#5961:
{
  "channelId": "472228705893351435",
  "guildId": "472200926820827157",
  "id": "949477018104377445",
  "createdTimestamp": 1646443361546,
  "type": "APPLICATION_COMMAND",
  "authorId": "793143330455420938",
  "nonce": "949477022717968384",
  "embeds": [
    {
      "type": "rich",
      "description": "<:music:872105726183624774> <@897291486285156362>, Successfully joined <#913210275379937331>.\n<a:cdEmote:845962133233467452> You can get 24/7 playback by voting for the bot [here](https://chillbot.me/vote \"Vote for ChillBot\").",
      "color": 15158588
    }
  ],
  "components": [
    {
      "type": "ACTION_ROW",
      "components": [
        {
          "type": "BUTTON",
          "label": "Vote for ChillBot",
          "style": "LINK",
          "url": "https://chillbot.me/vote"
        }
      ]
    }
  ],
  "webhookId": "793143330455420938",
  "applicationId": "793143330455420938"
}
Message from Barman#1975:
{
  "channelId": "831174452606926929",
  "guildId": "472200926820827157",
  "id": "949477019056500796",
  "createdTimestamp": 1646443361773,
  "type": "DEFAULT",
  "authorId": "903730942286364702",
  "embeds": [
    {
      "type": "rich",
      "title": "✏️ Mensagem Recebida",
      "description": "**⏰ Data:** 04/03/2022 22:22:41\n**🎯 Canal:** <#472228705893351435>\n**📝 Conteúdo:** --\n**🎲 ID de Registro:** ||tbwj31m89224ijwzw459d5bpe||",
      "color": 16438033,
      "timestamp": 1646443361546
    }
  ],
  "attachments": [
    "949477019073282088"
  ]
}
Message from henrique#0001:
{
  "channelId": "472228705893351435",
  "guildId": "472200926820827157",
  "id": "949481865868374016",
  "createdTimestamp": 1646444517343,
  "type": "DEFAULT",
  "content": "3p https://www.youtube.com/watch?v=sCxJUS_c6is",
  "authorId": "897291486285156362",
  "nonce": "949481871316615168",
  "embeds": [
    {
      "type": "video",
      "title": "PRINCIPE OURO NEGRO MANDA REQUEIDO PARA CR7 E NEYMAR JR",
      "description": "AI MINHA VOAIDA FOI POSTEIDO ATRASEEEEIDO",
      "url": "https://www.youtube.com/watch?v=sCxJUS_c6is",
      "color": 16711680
    }
  ],
  "cleanContent": "3p https://www.youtube.com/watch?v=sCxJUS_c6is"
}
Message from henrique#0001:
{
  "channelId": "472228705893351435",
  "guildId": "472200926820827157",
  "id": "949481867722256404",
  "createdTimestamp": 1646444517785,
  "type": "DEFAULT",
  "content": "3s",
  "authorId": "897291486285156362",
  "nonce": "949481873426350080",
  "cleanContent": "3s"
}
Message from Barman#1975:
{
  "channelId": "831174452606926929",
  "guildId": "472200926820827157",
  "id": "949481868523343964",
  "createdTimestamp": 1646444517976,
  "type": "DEFAULT",
  "authorId": "903730942286364702",
  "embeds": [
    {
      "type": "rich",
      "title": "✏️ Mensagem Recebida",
      "description": "**⏰ Data:** 04/03/2022 22:41:57\n**🎯 Canal:** <#472228705893351435>\n**📝 Conteúdo:** 3p https://www.youtube.com/watch?v=sCxJUS_c6is\n**🎲 ID de Registro:** ||unpmbteaq8mcyly0qrd8s2ml3||",
      "color": 16438033,
      "timestamp": 1646444517343
    }
  ],
  "attachments": [
    "949481868611444736"
  ]
}
Message from Miku Music#2160:
{
  "channelId": "472228705893351435",
  "guildId": "472200926820827157",
  "id": "949481869513203802",
  "createdTimestamp": 1646444518212,
  "type": "DEFAULT",
  "authorId": "822983883015454731",
  "embeds": [
    {
      "type": "rich",
      "color": 16776960,
      "fields": [
        {
          "value": "PRINCIPE OURO NEGRO MANDA REQUEIDO PARA CR7 E NEYMAR JR",
          "name": "Name",
          "inline": true
        },
        {
          "value": "70",
          "name": "Duration",
          "inline": true
        },
        {
          "value": "henrique#0001",
          "name": "Requested by",
          "inline": true
        }
      ]
    }
  ]
}
Message from Barman#1975:
{
  "channelId": "831174452606926929",
  "guildId": "472200926820827157",
  "id": "949481869605474334",
  "createdTimestamp": 1646444518234,
  "type": "DEFAULT",
  "authorId": "903730942286364702",
  "embeds": [
    {
      "type": "rich",
      "title": "✏️ Mensagem Recebida",
      "description": "**⏰ Data:** 04/03/2022 22:41:57\n**🎯 Canal:** <#472228705893351435>\n**📝 Conteúdo:** 3s\n**🎲 ID de Registro:** ||yjc5evp8lypqdl7hc814noc73||",
      "color": 16438033,
      "timestamp": 1646444517785
    }
  ],
  "attachments": [
    "949481869664202752"
  ]
}
Message from Barman#1975:
{
  "channelId": "831174452606926929",
  "guildId": "472200926820827157",
  "id": "949481870498881576",
  "createdTimestamp": 1646444518447,
  "type": "DEFAULT",
  "authorId": "903730942286364702",
  "embeds": [
    {
      "type": "rich",
      "title": "✏️ Mensagem Recebida",
      "description": "**⏰ Data:** 04/03/2022 22:41:58\n**🎯 Canal:** <#472228705893351435>\n**📝 Conteúdo:** --\n**🎲 ID de Registro:** ||400km1vjboybblg7f88jacske||",
      "color": 16438033,
      "timestamp": 1646444518212
    }
  ],
  "attachments": [
    "949481870532431923"
  ]
}
Message from henrique#0001:
{
  "channelId": "472228705893351435",
  "guildId": "472200926820827157",
  "id": "949481925465231430",
  "createdTimestamp": 1646444531552,
  "type": "DEFAULT",
  "content": "3s",
  "authorId": "897291486285156362",
  "nonce": "949481931332911104",
  "cleanContent": "3s"
}
Message from Miku Music#2160:
{
  "channelId": "472228705893351435",
  "guildId": "472200926820827157",
  "id": "949481925909835806",
  "createdTimestamp": 1646444531658,
  "type": "DEFAULT",
  "authorId": "822983883015454731",
  "embeds": [
    {
      "type": "rich",
      "description": "There is nothing playing that I could skip for you.",
      "color": 15158332
    }
  ]
}
Message from Barman#1975:
{
  "channelId": "831174452606926929",
  "guildId": "472200926820827157",
  "id": "949481926086000700",
  "createdTimestamp": 1646444531700,
  "type": "DEFAULT",
  "authorId": "903730942286364702",
  "embeds": [
    {
      "type": "rich",
      "title": "✏️ Mensagem Recebida",
      "description": "**⏰ Data:** 04/03/2022 22:42:11\n**🎯 Canal:** <#472228705893351435>\n**📝 Conteúdo:** 3s\n**🎲 ID de Registro:** ||oqps18gw7sx28y0ad05r4gzkw||",
      "color": 16438033,
      "timestamp": 1646444531552
    }
  ],
  "attachments": [
    "949481926144712744"
  ]
}
Message from Barman#1975:
{
  "channelId": "831174452606926929",
  "guildId": "472200926820827157",
  "id": "949481926585098261",
  "createdTimestamp": 1646444531819,
  "type": "DEFAULT",
  "authorId": "903730942286364702",
  "embeds": [
    {
      "type": "rich",
      "title": "✏️ Mensagem Recebida",
      "description": "**⏰ Data:** 04/03/2022 22:42:11\n**🎯 Canal:** <#472228705893351435>\n**📝 Conteúdo:** --\n**🎲 ID de Registro:** ||5p25knx3ltzplp2jt0eg6l83j||",
      "color": 16438033,
      "timestamp": 1646444531658
    }
  ],
  "attachments": [
    "949481926819983380"
  ]
}
Message from henrique#0001:
{
  "channelId": "472228705893351435",
  "guildId": "472200926820827157",
  "id": "949481938379472896",
  "createdTimestamp": 1646444534631,
  "type": "DEFAULT",
  "content": "3p https://www.youtube.com/watch?v=sCxJUS_c6is",
  "authorId": "897291486285156362",
  "nonce": "949481944213618688",
  "embeds": [
    {
      "type": "video",
      "title": "PRINCIPE OURO NEGRO MANDA REQUEIDO PARA CR7 E NEYMAR JR",
      "description": "AI MINHA VOAIDA FOI POSTEIDO ATRASEEEEIDO",
      "url": "https://www.youtube.com/watch?v=sCxJUS_c6is",
      "color": 16711680
    }
  ],
  "cleanContent": "3p https://www.youtube.com/watch?v=sCxJUS_c6is"
}
Message from Barman#1975:
{
  "channelId": "831174452606926929",
  "guildId": "472200926820827157",
  "id": "949481939168022560",
  "createdTimestamp": 1646444534819,
  "type": "DEFAULT",
  "authorId": "903730942286364702",
  "embeds": [
    {
      "type": "rich",
      "title": "✏️ Mensagem Recebida",
      "description": "**⏰ Data:** 04/03/2022 22:42:14\n**🎯 Canal:** <#472228705893351435>\n**📝 Conteúdo:** 3p https://www.youtube.com/watch?v=sCxJUS_c6is\n**🎲 ID de Registro:** ||sjdtvwnqvfuxsohgvgcyw2e21||",
      "color": 16438033,
      "timestamp": 1646444534631
    }
  ],
  "attachments": [
    "949481939193200640"
  ]
}
Message from Miku Music#2160:
{
  "channelId": "472228705893351435",
  "guildId": "472200926820827157",
  "id": "949481941902700584",
  "createdTimestamp": 1646444535471,
  "type": "DEFAULT",
  "authorId": "822983883015454731",
  "embeds": [
    {
      "type": "rich",
      "color": 3447003,
      "fields": [
        {
          "value": "PRINCIPE OURO NEGRO MANDA REQUEIDO PARA CR7 E NEYMAR JR",
          "name": "Name",
          "inline": true
        },
        {
          "value": "70",
          "name": "Duration",
          "inline": true
        },
        {
          "value": "henrique#0001",
          "name": "Requested by",
          "inline": true
        }
      ]
    }
  ]
}
Message from Barman#1975:
{
  "channelId": "831174452606926929",
  "guildId": "472200926820827157",
  "id": "949481941902704641",
  "createdTimestamp": 1646444535471,
  "type": "DEFAULT",
  "authorId": "903730942286364702",
  "embeds": [
    {
      "type": "rich",
      "title": "✏️ Mensagem Recebida",
      "description": "**⏰ Data:** 04/03/2022 22:42:15\n**🎯 Canal:** <#472228705893351435>\n**📝 Conteúdo:** --\n**🎲 ID de Registro:** ||v90qcmkss5dczdf3f2mymnlzg||",
      "color": 16438033,
      "timestamp": 1646444535471
    }
  ],
  "attachments": [
    "949481942343110697"
  ]
}
Message from henrique#0001:
{
  "channelId": "472228705893351435",
  "guildId": "472200926820827157",
  "id": "949482028691247114",
  "createdTimestamp": 1646444556163,
  "type": "DEFAULT",
  "content": "3p",
  "authorId": "897291486285156362",
  "nonce": "949482034386960384",
  "cleanContent": "3p"
}
Message from Miku Music#2160:
{
  "channelId": "472228705893351435",
  "guildId": "472200926820827157",
  "id": "949482029098074152",
  "createdTimestamp": 1646444556260,
  "type": "DEFAULT",
  "authorId": "822983883015454731",
  "embeds": [
    {
      "type": "rich",
      "description": "You didn't poivide want i want to play",
      "color": 15158332
    }
  ]
}
Message from Barman#1975:
{
  "channelId": "831174452606926929",
  "guildId": "472200926820827157",
  "id": "949482029462986866",
  "createdTimestamp": 1646444556347,
  "type": "DEFAULT",
  "authorId": "903730942286364702",
  "embeds": [
    {
      "type": "rich",
      "title": "✏️ Mensagem Recebida",
      "description": "**⏰ Data:** 04/03/2022 22:42:36\n**🎯 Canal:** <#472228705893351435>\n**📝 Conteúdo:** 3p\n**🎲 ID de Registro:** ||qkdr7ksbdu1xoh2i0kpi263w8||",
      "color": 16438033,
      "timestamp": 1646444556163
    }
  ],
  "attachments": [
    "949482029869830174"
  ]
}
Message from Barman#1975:
{
  "channelId": "831174452606926929",
  "guildId": "472200926820827157",
  "id": "949482030637391922",
  "createdTimestamp": 1646444556627,
  "type": "DEFAULT",
  "authorId": "903730942286364702",
  "embeds": [
    {
      "type": "rich",
      "title": "✏️ Mensagem Recebida",
      "description": "**⏰ Data:** 04/03/2022 22:42:36\n**🎯 Canal:** <#472228705893351435>\n**📝 Conteúdo:** --\n**🎲 ID de Registro:** ||y91kmy9vg0oflmipq8p20tywv||",
      "color": 16438033,
      "timestamp": 1646444556260
    }
  ],
  "attachments": [
    "949482030654189609"
  ]
}
Message from henrique#0001:
{
  "channelId": "472228705893351435",
  "guildId": "472200926820827157",
  "id": "949482035376955412",
  "createdTimestamp": 1646444557757,
  "type": "DEFAULT",
  "content": "3s",
  "authorId": "897291486285156362",
  "nonce": "949482041110429696",
  "cleanContent": "3s"
}
Message from Barman#1975:
{
  "channelId": "831174452606926929",
  "guildId": "472200926820827157",
  "id": "949482035934789652",
  "createdTimestamp": 1646444557890,
  "type": "DEFAULT",
  "authorId": "903730942286364702",
  "embeds": [
    {
      "type": "rich",
      "title": "✏️ Mensagem Recebida",
      "description": "**⏰ Data:** 04/03/2022 22:42:37\n**🎯 Canal:** <#472228705893351435>\n**📝 Conteúdo:** 3s\n**🎲 ID de Registro:** ||bz2yqrlgyl0c6tx2b3hsk0vmf||",
      "color": 16438033,
      "timestamp": 1646444557757
    }
  ],
  "attachments": [
    "949482035955773541"
  ]
}
Message from henrique#0001:
{
  "channelId": "472228705893351435",
  "guildId": "472200926820827157",
  "id": "949487420808781904",
  "createdTimestamp": 1646445841744,
  "type": "DEFAULT",
  "content": "3p https://www.youtube.com/watch?v=05cCm7cLkhk",
  "authorId": "897291486285156362",
  "nonce": "949487426663874560",
  "embeds": [
    {
      "type": "video",
      "title": "Um gnomo estava andando em cima do asfalto (Daviz45) (Animação)",
      "description": "vídeo extra pra não ter apenas animações do whindersson no canal kkkk\n\nProximo video do whindersson vai ser no outro ano 🙂\n\nDono do áudio: https://youtu.be/yI0MiLGrYsc\n\nvídeo que usei de inspiração para animar: https://youtu.be/HQl8sI0-O8A\n\nsketch: https://youtu.be/A_o3Am1iCa0",
      "url": "https://www.youtube.com/watch?v=05cCm7cLkhk",
      "color": 16711680
    }
  ],
  "cleanContent": "3p https://www.youtube.com/watch?v=05cCm7cLkhk"
}
Message from Miku Music#2160:
{
  "channelId": "472228705893351435",
  "guildId": "472200926820827157",
  "id": "949487424722063450",
  "createdTimestamp": 1646445842677,
  "type": "DEFAULT",
  "authorId": "822983883015454731",
  "embeds": [
    {
      "type": "rich",
      "color": 3447003,
      "fields": [
        {
          "value": "Um gnomo estava andando em cima do asfalto (Daviz45) (Animação)",
          "name": "Name",
          "inline": true
        },
        {
          "value": "34",
          "name": "Duration",
          "inline": true
        },
        {
          "value": "henrique#0001",
          "name": "Requested by",
          "inline": true
        }
      ]
    }
  ]
}
Message from Miku Music#2160 was updated:
{
  "old": {
    "channelId": "472228705893351435",
    "guildId": "472200926820827157",
    "id": "949487424722063450",
    "createdTimestamp": 1646445842677,
    "type": "DEFAULT",
    "authorId": "822983883015454731",
    "embeds": [
      {
        "type": "rich",
        "color": 3447003,
        "fields": [
          {
            "value": "Um gnomo estava andando em cima do asfalto (Daviz45) (Animação)",
            "name": "Name",
            "inline": true
          },
          {
            "value": "34",
            "name": "Duration",
            "inline": true
          },
          {
            "value": "henrique#0001",
            "name": "Requested by",
            "inline": true
          }
        ]
      }
    ]
  },
  "new": {
    "channelId": "472228705893351435",
    "guildId": "472200926820827157",
    "id": "949487424722063450",
    "createdTimestamp": 1646445842677,
    "type": "DEFAULT",
    "authorId": "822983883015454731",
    "embeds": [
      {
        "type": "rich",
        "color": 3447003,
        "fields": [
          {
            "value": "Um gnomo estava andando em cima do asfalto (Daviz45) (Animação)",
            "name": "Name",
            "inline": true
          },
          {
            "value": "34",
            "name": "Duration",
            "inline": true
          },
          {
            "value": "henrique#0001",
            "name": "Requested by",
            "inline": true
          }
        ]
      }
    ]
  }
}
Message from henrique#0001:
{
  "channelId": "472228705893351435",
  "guildId": "472200926820827157",
  "id": "949487566862831638",
  "createdTimestamp": 1646445876566,
  "type": "DEFAULT",
  "content": "3p https://www.youtube.com/watch?v=pcb_rJcRYpA",
  "authorId": "897291486285156362",
  "nonce": "949487573217050624",
  "cleanContent": "3p https://www.youtube.com/watch?v=pcb_rJcRYpA"
}
Message from henrique#0001 was updated:
{
  "old": {
    "channelId": "472228705893351435",
    "guildId": "472200926820827157",
    "id": "949487566862831638",
    "createdTimestamp": 1646445876566,
    "type": "DEFAULT",
    "content": "3p https://www.youtube.com/watch?v=pcb_rJcRYpA",
    "authorId": "897291486285156362",
    "nonce": "949487573217050624",
    "cleanContent": "3p https://www.youtube.com/watch?v=pcb_rJcRYpA"
  },
  "new": {
    "channelId": "472228705893351435",
    "guildId": "472200926820827157",
    "id": "949487566862831638",
    "createdTimestamp": 1646445876566,
    "type": "DEFAULT",
    "content": "3p https://www.youtube.com/watch?v=pcb_rJcRYpA",
    "authorId": "897291486285156362",
    "nonce": "949487573217050624",
    "embeds": [
      {
        "type": "video",
        "title": "A vingança do gnomo (Daviz45) (Animação)",
        "description": "Vídeo original (Daviz45): https://youtu.be/6vpJMbqPF_Y\n\nesboço desta animação: https://youtu.be/LclYAHBJVhs\n\nParte 2 do Gnomo no asfalto 🐸\n\nDesculpe a a demora pra postar vídeo 😔\n\nessa animação foi feita em um programa diferente que ainda estou aprendendo a usar, por isso algumas coisas estão diferentes",
        "url": "https://www.youtube.com/watch?v=pcb_rJcRYpA",
        "color": 16711680
      }
    ],
    "cleanContent": "3p https://www.youtube.com/watch?v=pcb_rJcRYpA"
  }
}
Message from Miku Music#2160:
{
  "channelId": "472228705893351435",
  "guildId": "472200926820827157",
  "id": "949487571535286323",
  "createdTimestamp": 1646445877680,
  "type": "DEFAULT",
  "authorId": "822983883015454731",
  "embeds": [
    {
      "type": "rich",
      "color": 16776960,
      "fields": [
        {
          "value": "A vingança do gnomo (Daviz45) (Animação)",
          "name": "Name",
          "inline": true
        },
        {
          "value": "39",
          "name": "Duration",
          "inline": true
        },
        {
          "value": "henrique#0001",
          "name": "Requested by",
          "inline": true
        }
      ]
    }
  ]
}
Message from Miku Music#2160 was updated:
{
  "old": {
    "channelId": "472228705893351435",
    "guildId": "472200926820827157",
    "id": "949487571535286323",
    "createdTimestamp": 1646445877680,
    "type": "DEFAULT",
    "authorId": "822983883015454731",
    "embeds": [
      {
        "type": "rich",
        "color": 16776960,
        "fields": [
          {
            "value": "A vingança do gnomo (Daviz45) (Animação)",
            "name": "Name",
            "inline": true
          },
          {
            "value": "39",
            "name": "Duration",
            "inline": true
          },
          {
            "value": "henrique#0001",
            "name": "Requested by",
            "inline": true
          }
        ]
      }
    ]
  },
  "new": {
    "channelId": "472228705893351435",
    "guildId": "472200926820827157",
    "id": "949487571535286323",
    "createdTimestamp": 1646445877680,
    "type": "DEFAULT",
    "authorId": "822983883015454731",
    "embeds": [
      {
        "type": "rich",
        "color": 16776960,
        "fields": [
          {
            "value": "A vingança do gnomo (Daviz45) (Animação)",
            "name": "Name",
            "inline": true
          },
          {
            "value": "39",
            "name": "Duration",
            "inline": true
          },
          {
            "value": "henrique#0001",
            "name": "Requested by",
            "inline": true
          }
        ]
      }
    ]
  }
}
Message from henrique#0001:
{
  "channelId": "472228705893351435",
  "guildId": "472200926820827157",
  "id": "949487602631843840",
  "createdTimestamp": 1646445885094,
  "type": "DEFAULT",
  "content": "3s",
  "authorId": "897291486285156362",
  "nonce": "949487608583421952",
  "cleanContent": "3s"
}
Message from Miku Music#2160:
{
  "channelId": "472228705893351435",
  "guildId": "472200926820827157",
  "id": "949487603101605938",
  "createdTimestamp": 1646445885206,
  "type": "DEFAULT",
  "authorId": "822983883015454731",
  "embeds": [
    {
      "type": "rich",
      "description": "There is nothing playing that I could skip for you.",
      "color": 15158332
    }
  ]
}
Message from henrique#0001:
{
  "channelId": "472228705893351435",
  "guildId": "472200926820827157",
  "id": "949487612073222164",
  "createdTimestamp": 1646445887345,
  "type": "DEFAULT",
  "content": "3p https://www.youtube.com/watch?v=pcb_rJcRYpA",
  "authorId": "897291486285156362",
  "nonce": "949487618037383168",
  "embeds": [
    {
      "type": "video",
      "title": "A vingança do gnomo (Daviz45) (Animação)",
      "description": "Vídeo original (Daviz45): https://youtu.be/6vpJMbqPF_Y\n\nesboço desta animação: https://youtu.be/LclYAHBJVhs\n\nParte 2 do Gnomo no asfalto 🐸\n\nDesculpe a a demora pra postar vídeo 😔\n\nessa animação foi feita em um programa diferente que ainda estou aprendendo a usar, por isso algumas coisas estão diferentes",
      "url": "https://www.youtube.com/watch?v=pcb_rJcRYpA",
      "color": 16711680
    }
  ],
  "cleanContent": "3p https://www.youtube.com/watch?v=pcb_rJcRYpA"
}
Message from Miku Music#2160:
{
  "channelId": "472228705893351435",
  "guildId": "472200926820827157",
  "id": "949487616095563807",
  "createdTimestamp": 1646445888304,
  "type": "DEFAULT",
  "authorId": "822983883015454731",
  "embeds": [
    {
      "type": "rich",
      "color": 3447003,
      "fields": [
        {
          "value": "A vingança do gnomo (Daviz45) (Animação)",
          "name": "Name",
          "inline": true
        },
        {
          "value": "39",
          "name": "Duration",
          "inline": true
        },
        {
          "value": "henrique#0001",
          "name": "Requested by",
          "inline": true
        }
      ]
    }
  ]
}
Message from Barman#1975:
{
  "channelId": "831174452606926929",
  "guildId": "472200926820827157",
  "id": "949487616657608714",
  "createdTimestamp": 1646445888438,
  "type": "DEFAULT",
  "authorId": "903730942286364702",
  "embeds": [
    {
      "type": "rich",
      "title": "✏️ Mensagem Recebida",
      "description": "**⏰ Data:** 04/03/2022 23:04:02\n**🎯 Canal:** <#472228705893351435>\n**📝 Conteúdo:** --\n**🎲 ID de Registro:** ||q8ac1e94ewrdprskpqpy1gbec||",
      "color": 16438033,
      "timestamp": 1646445842677
    }
  ],
  "attachments": [
    "949487616749887488"
  ]
}
Message from Barman#1975:
{
  "channelId": "831174452606926929",
  "guildId": "472200926820827157",
  "id": "949487634194001931",
  "createdTimestamp": 1646445892619,
  "type": "DEFAULT",
  "authorId": "903730942286364702",
  "embeds": [
    {
      "type": "rich",
      "title": "✂️ Mensagem Alterada",
      "description": "**⏰ Data:** 04/03/2022 23:04:02\n**🎯 Canal:** <#472228705893351435>\n**📝 Conteúdo Anterior:** --\n**📝 Conteúdo Novo:** --\n**🎲 ID de Registro:** jv5kzemhx9bpv7657y9blqc2e",
      "color": 16438033,
      "timestamp": 1646445842677
    }
  ],
  "attachments": [
    "949487634730848266"
  ]
}
Message from Barman#1975:
{
  "channelId": "831174452606926929",
  "guildId": "472200926820827157",
  "id": "949487636282769409",
  "createdTimestamp": 1646445893117,
  "type": "DEFAULT",
  "authorId": "903730942286364702",
  "embeds": [
    {
      "type": "rich",
      "title": "✏️ Mensagem Recebida",
      "description": "**⏰ Data:** 04/03/2022 23:04:36\n**🎯 Canal:** <#472228705893351435>\n**📝 Conteúdo:** 3p https://www.youtube.com/watch?v=pcb_rJcRYpA\n**🎲 ID de Registro:** ||szi7fworjitngeplczildwbmr||",
      "color": 16438033,
      "timestamp": 1646445876566
    }
  ],
  "attachments": [
    "949487636744134707"
  ]
}
Message from Barman#1975:
{
  "channelId": "831174452606926929",
  "guildId": "472200926820827157",
  "id": "949487637696241705",
  "createdTimestamp": 1646445893454,
  "type": "DEFAULT",
  "authorId": "903730942286364702",
  "embeds": [
    {
      "type": "rich",
      "title": "✂️ Mensagem Alterada",
      "description": "**⏰ Data:** 04/03/2022 23:04:36\n**🎯 Canal:** <#472228705893351435>\n**📝 Conteúdo Anterior:** 3p https://www.youtube.com/watch?v=pcb_rJcRYpA\n**📝 Conteúdo Novo:** 3p https://www.youtube.com/watch?v=pcb_rJcRYpA\n**🎲 ID de Registro:** bxvgoc0y5grniloqyvb5xcdd1",
      "color": 16438033,
      "timestamp": 1646445876566
    }
  ],
  "attachments": [
    "949487638228914226"
  ]
}
Message from Barman#1975:
{
  "channelId": "831174452606926929",
  "guildId": "472200926820827157",
  "id": "949487638639956029",
  "createdTimestamp": 1646445893679,
  "type": "DEFAULT",
  "authorId": "903730942286364702",
  "embeds": [
    {
      "type": "rich",
      "title": "✏️ Mensagem Recebida",
      "description": "**⏰ Data:** 04/03/2022 23:04:37\n**🎯 Canal:** <#472228705893351435>\n**📝 Conteúdo:** --\n**🎲 ID de Registro:** ||6e6q80zn4v1z1ujijthnto4fq||",
      "color": 16438033,
      "timestamp": 1646445877680
    }
  ],
  "attachments": [
    "949487638979706930"
  ]
}
Message from Barman#1975:
{
  "channelId": "831174452606926929",
  "guildId": "472200926820827157",
  "id": "949487639768227890",
  "createdTimestamp": 1646445893948,
  "type": "DEFAULT",
  "authorId": "903730942286364702",
  "embeds": [
    {
      "type": "rich",
      "title": "✂️ Mensagem Alterada",
      "description": "**⏰ Data:** 04/03/2022 23:04:37\n**🎯 Canal:** <#472228705893351435>\n**📝 Conteúdo Anterior:** --\n**📝 Conteúdo Novo:** --\n**🎲 ID de Registro:** faqlvwtpcbvtp5vw8ct04djiv",
      "color": 16438033,
      "timestamp": 1646445877680
    }
  ],
  "attachments": [
    "949487639856300082"
  ]
}
Message from Barman#1975:
{
  "channelId": "831174452606926929",
  "guildId": "472200926820827157",
  "id": "949487640657420289",
  "createdTimestamp": 1646445894160,
  "type": "DEFAULT",
  "authorId": "903730942286364702",
  "embeds": [
    {
      "type": "rich",
      "title": "✏️ Mensagem Recebida",
      "description": "**⏰ Data:** 04/03/2022 23:04:45\n**🎯 Canal:** <#472228705893351435>\n**📝 Conteúdo:** 3s\n**🎲 ID de Registro:** ||2i4nwgvuw1ba0j15u8vd4zh7f||",
      "color": 16438033,
      "timestamp": 1646445885094
    }
  ],
  "attachments": [
    "949487640888115220"
  ]
}
Message from Barman#1975:
{
  "channelId": "831174452606926929",
  "guildId": "472200926820827157",
  "id": "949487641626288209",
  "createdTimestamp": 1646445894391,
  "type": "DEFAULT",
  "authorId": "903730942286364702",
  "embeds": [
    {
      "type": "rich",
      "title": "✏️ Mensagem Recebida",
      "description": "**⏰ Data:** 04/03/2022 23:04:45\n**🎯 Canal:** <#472228705893351435>\n**📝 Conteúdo:** --\n**🎲 ID de Registro:** ||leu102sicctw8vwmdvbjsiufj||",
      "color": 16438033,
      "timestamp": 1646445885206
    }
  ],
  "attachments": [
    "949487641643089960"
  ]
}
Message from Barman#1975:
{
  "channelId": "831174452606926929",
  "guildId": "472200926820827157",
  "id": "949487670667657267",
  "createdTimestamp": 1646445901315,
  "type": "DEFAULT",
  "authorId": "903730942286364702",
  "embeds": [
    {
      "type": "rich",
      "title": "✏️ Mensagem Recebida",
      "description": "**⏰ Data:** 04/03/2022 23:04:47\n**🎯 Canal:** <#472228705893351435>\n**📝 Conteúdo:** 3p https://www.youtube.com/watch?v=pcb_rJcRYpA\n**🎲 ID de Registro:** ||ulkdox3bqs56kteqeez1b57vf||",
      "color": 16438033,
      "timestamp": 1646445887345
    }
  ],
  "attachments": [
    "949487670759948308"
  ]
}
Message from Barman#1975:
{
  "channelId": "831174452606926929",
  "guildId": "472200926820827157",
  "id": "949487671435227147",
  "createdTimestamp": 1646445901498,
  "type": "DEFAULT",
  "authorId": "903730942286364702",
  "embeds": [
    {
      "type": "rich",
      "title": "✏️ Mensagem Recebida",
      "description": "**⏰ Data:** 04/03/2022 23:04:48\n**🎯 Canal:** <#472228705893351435>\n**📝 Conteúdo:** --\n**🎲 ID de Registro:** ||mimw7hqigh1o83mmmq1gfzqrw||",
      "color": 16438033,
      "timestamp": 1646445888304
    }
  ],
  "attachments": [
    "949487671846252574"
  ]
}
