Message from betinh01#7001:
{
  "channelId": "472227733988966410",
  "guildId": "472200926820827157",
  "id": "950529376389316689",
  "createdTimestamp": 1646694263313,
  "type": "DEFAULT",
  "content": "Pode causar queimaduras na pele e, dentro do corpo, dependendo da quantidade e intensidade da dose, causar mutações genéticas e danos irreversíveis às células.",
  "authorId": "903626054218965012",
  "nonce": "950529374304600064",
  "cleanContent": "Pode causar queimaduras na pele e, dentro do corpo, dependendo da quantidade e intensidade da dose, causar mutações genéticas e danos irreversíveis às células."
}
Message from Barman#1975:
{
  "channelId": "831174452606926929",
  "guildId": "472200926820827157",
  "id": "950529378348073020",
  "createdTimestamp": 1646694263780,
  "type": "DEFAULT",
  "authorId": "903730942286364702",
  "embeds": [
    {
      "type": "rich",
      "title": "✏️ Mensagem Recebida",
      "description": "**⏰ Data:** 07/03/2022 20:04:23\n**🎯 Canal:** <#472227733988966410>\n**📝 Conteúdo:** Pode causar queimaduras na pele e, dentro do corpo, dependendo da quantidade e intensidade da dose, causar mutações genéticas e danos irreversíveis às células.\n**🎲 ID de Registro:** ||a95y40ttn51sgztiwhrupawfb||",
      "color": 16438033,
      "timestamp": 1646694263313
    }
  ],
  "attachments": [
    "950529378419359765"
  ]
}
Message from RockyAloW#1177:
{
  "channelId": "472228705893351435",
  "guildId": "472200926820827157",
  "id": "950533623973576704",
  "createdTimestamp": 1646695276016,
  "type": "DEFAULT",
  "content": "3p música do pou",
  "authorId": "389563969540456458",
  "nonce": "950533592784568320",
  "cleanContent": "3p música do pou"
}
Message from Barman#1975:
{
  "channelId": "831174452606926929",
  "guildId": "472200926820827157",
  "id": "950533625433182218",
  "createdTimestamp": 1646695276364,
  "type": "DEFAULT",
  "authorId": "903730942286364702",
  "embeds": [
    {
      "type": "rich",
      "title": "✏️ Mensagem Recebida",
      "description": "**⏰ Data:** 07/03/2022 20:21:16\n**🎯 Canal:** <#472228705893351435>\n**📝 Conteúdo:** 3p música do pou\n**🎲 ID de Registro:** ||tnp4rop0inx6klkhevd3gjty1||",
      "color": 16438033,
      "timestamp": 1646695276016
    }
  ],
  "attachments": [
    "950533625483501618"
  ]
}
Message from Miku Music#2160:
{
  "channelId": "472228705893351435",
  "guildId": "472200926820827157",
  "id": "950533651181993984",
  "createdTimestamp": 1646695282503,
  "type": "DEFAULT",
  "authorId": "822983883015454731",
  "embeds": [
    {
      "type": "rich",
      "color": 3447003,
      "fields": [
        {
          "value": "cancion del pou 10 horas",
          "name": "Name",
          "inline": true
        },
        {
          "value": "36001 seconds (10:00:01)",
          "name": "Duration",
          "inline": true
        },
        {
          "value": "RockyAloW#1177",
          "name": "Requested by",
          "inline": true
        }
      ]
    }
  ]
}
Message from Miku Music#2160 was updated:
{
  "old": {
    "channelId": "472228705893351435",
    "guildId": "472200926820827157",
    "id": "950533651181993984",
    "createdTimestamp": 1646695282503,
    "type": "DEFAULT",
    "authorId": "822983883015454731",
    "embeds": [
      {
        "type": "rich",
        "color": 3447003,
        "fields": [
          {
            "value": "cancion del pou 10 horas",
            "name": "Name",
            "inline": true
          },
          {
            "value": "36001 seconds (10:00:01)",
            "name": "Duration",
            "inline": true
          },
          {
            "value": "RockyAloW#1177",
            "name": "Requested by",
            "inline": true
          }
        ]
      }
    ]
  },
  "new": {
    "channelId": "472228705893351435",
    "guildId": "472200926820827157",
    "id": "950533651181993984",
    "createdTimestamp": 1646695282503,
    "type": "DEFAULT",
    "authorId": "822983883015454731",
    "embeds": [
      {
        "type": "rich",
        "color": 3447003,
        "fields": [
          {
            "value": "cancion del pou 10 horas",
            "name": "Name",
            "inline": true
          },
          {
            "value": "36001 seconds (10:00:01)",
            "name": "Duration",
            "inline": true
          },
          {
            "value": "RockyAloW#1177",
            "name": "Requested by",
            "inline": true
          }
        ]
      }
    ]
  }
}
Message from Barman#1975:
{
  "channelId": "831174452606926929",
  "guildId": "472200926820827157",
  "id": "950533651735674880",
  "createdTimestamp": 1646695282635,
  "type": "DEFAULT",
  "authorId": "903730942286364702",
  "embeds": [
    {
      "type": "rich",
      "title": "✏️ Mensagem Recebida",
      "description": "**⏰ Data:** 07/03/2022 20:21:22\n**🎯 Canal:** <#472228705893351435>\n**📝 Conteúdo:** --\n**🎲 ID de Registro:** ||13ymdr5zjzvre9k4qjpkc4297||",
      "color": 16438033,
      "timestamp": 1646695282503
    }
  ],
  "attachments": [
    "950533651756621844"
  ]
}
Message from Barman#1975:
{
  "channelId": "831174452606926929",
  "guildId": "472200926820827157",
  "id": "950533652322873435",
  "createdTimestamp": 1646695282775,
  "type": "DEFAULT",
  "authorId": "903730942286364702",
  "embeds": [
    {
      "type": "rich",
      "title": "✂️ Mensagem Alterada",
      "description": "**⏰ Data:** 07/03/2022 20:21:22\n**🎯 Canal:** <#472228705893351435>\n**📝 Conteúdo Anterior:** --\n**📝 Conteúdo Novo:** --\n**🎲 ID de Registro:** lnocb8n4eu5kjvxdlk6qe1mhl",
      "color": 16438033,
      "timestamp": 1646695282503
    }
  ],
  "attachments": [
    "950533652750684160"
  ]
}
Message from RockyAloW#1177:
{
  "channelId": "472228705893351435",
  "guildId": "472200926820827157",
  "id": "950536311012475031",
  "createdTimestamp": 1646695916656,
  "type": "DEFAULT",
  "content": "3s",
  "authorId": "389563969540456458",
  "nonce": "950536310756474880",
  "cleanContent": "3s"
}
Message from Barman#1975:
{
  "channelId": "831174452606926929",
  "guildId": "472200926820827157",
  "id": "950536312241401907",
  "createdTimestamp": 1646695916949,
  "type": "DEFAULT",
  "authorId": "903730942286364702",
  "embeds": [
    {
      "type": "rich",
      "title": "✏️ Mensagem Recebida",
      "description": "**⏰ Data:** 07/03/2022 20:31:56\n**🎯 Canal:** <#472228705893351435>\n**📝 Conteúdo:** 3s\n**🎲 ID de Registro:** ||d43h8rp78jv0y0s04x3bgyjit||",
      "color": 16438033,
      "timestamp": 1646695916656
    }
  ],
  "attachments": [
    "950536312304320592"
  ]
}
Message from RockyAloW#1177:
{
  "channelId": "472228705893351435",
  "guildId": "472200926820827157",
  "id": "950537341460688906",
  "createdTimestamp": 1646696162334,
  "type": "DEFAULT",
  "content": "3p https://www.youtube.com/watch?v=sCxJUS_c6is",
  "authorId": "389563969540456458",
  "nonce": "950537341015949312",
  "embeds": [
    {
      "type": "video",
      "title": "PRINCIPE OURO NEGRO MANDA REQUEIDO PARA CR7 E NEYMAR JR",
      "description": "AI MINHA VOAIDA FOI POSTEIDO ATRASEEEEIDO",
      "url": "https://www.youtube.com/watch?v=sCxJUS_c6is",
      "color": 16711680
    }
  ],
  "cleanContent": "3p https://www.youtube.com/watch?v=sCxJUS_c6is"
}
Message from Barman#1975:
{
  "channelId": "831174452606926929",
  "guildId": "472200926820827157",
  "id": "950537343100670002",
  "createdTimestamp": 1646696162725,
  "type": "DEFAULT",
  "authorId": "903730942286364702",
  "embeds": [
    {
      "type": "rich",
      "title": "✏️ Mensagem Recebida",
      "description": "**⏰ Data:** 07/03/2022 20:36:02\n**🎯 Canal:** <#472228705893351435>\n**📝 Conteúdo:** 3p https://www.youtube.com/watch?v=sCxJUS_c6is\n**🎲 ID de Registro:** ||ehfuaxifgpk3iqltwx3t6h6d4||",
      "color": 16438033,
      "timestamp": 1646696162334
    }
  ],
  "attachments": [
    "950537343117426698"
  ]
}
Message from Miku Music#2160:
{
  "channelId": "472228705893351435",
  "guildId": "472200926820827157",
  "id": "950537346946830387",
  "createdTimestamp": 1646696163642,
  "type": "DEFAULT",
  "authorId": "822983883015454731",
  "embeds": [
    {
      "type": "rich",
      "color": 3447003,
      "fields": [
        {
          "value": "PRINCIPE OURO NEGRO MANDA REQUEIDO PARA CR7 E NEYMAR JR",
          "name": "Name",
          "inline": true
        },
        {
          "value": "70",
          "name": "Duration",
          "inline": true
        },
        {
          "value": "RockyAloW#1177",
          "name": "Requested by",
          "inline": true
        }
      ]
    }
  ]
}
Message from Barman#1975:
{
  "channelId": "831174452606926929",
  "guildId": "472200926820827157",
  "id": "950537347391442984",
  "createdTimestamp": 1646696163748,
  "type": "DEFAULT",
  "authorId": "903730942286364702",
  "embeds": [
    {
      "type": "rich",
      "title": "✏️ Mensagem Recebida",
      "description": "**⏰ Data:** 07/03/2022 20:36:03\n**🎯 Canal:** <#472228705893351435>\n**📝 Conteúdo:** --\n**🎲 ID de Registro:** ||44kskvnfpq4b4ixratol2kgpd||",
      "color": 16438033,
      "timestamp": 1646696163642
    }
  ],
  "attachments": [
    "950537347416596520"
  ]
}
Message from Miku Music#2160 was updated:
{
  "old": {
    "channelId": "472228705893351435",
    "guildId": "472200926820827157",
    "id": "950537346946830387",
    "createdTimestamp": 1646696163642,
    "type": "DEFAULT",
    "authorId": "822983883015454731",
    "embeds": [
      {
        "type": "rich",
        "color": 3447003,
        "fields": [
          {
            "value": "PRINCIPE OURO NEGRO MANDA REQUEIDO PARA CR7 E NEYMAR JR",
            "name": "Name",
            "inline": true
          },
          {
            "value": "70",
            "name": "Duration",
            "inline": true
          },
          {
            "value": "RockyAloW#1177",
            "name": "Requested by",
            "inline": true
          }
        ]
      }
    ]
  },
  "new": {
    "channelId": "472228705893351435",
    "guildId": "472200926820827157",
    "id": "950537346946830387",
    "createdTimestamp": 1646696163642,
    "type": "DEFAULT",
    "authorId": "822983883015454731",
    "embeds": [
      {
        "type": "rich",
        "color": 3447003,
        "fields": [
          {
            "value": "PRINCIPE OURO NEGRO MANDA REQUEIDO PARA CR7 E NEYMAR JR",
            "name": "Name",
            "inline": true
          },
          {
            "value": "70",
            "name": "Duration",
            "inline": true
          },
          {
            "value": "RockyAloW#1177",
            "name": "Requested by",
            "inline": true
          }
        ]
      }
    ]
  }
}
Message from Barman#1975:
{
  "channelId": "831174452606926929",
  "guildId": "472200926820827157",
  "id": "950537348767162469",
  "createdTimestamp": 1646696164076,
  "type": "DEFAULT",
  "authorId": "903730942286364702",
  "embeds": [
    {
      "type": "rich",
      "title": "✂️ Mensagem Alterada",
      "description": "**⏰ Data:** 07/03/2022 20:36:03\n**🎯 Canal:** <#472228705893351435>\n**📝 Conteúdo Anterior:** --\n**📝 Conteúdo Novo:** --\n**🎲 ID de Registro:** pavc2ehc7wtxpk5l2d7ccpvn0",
      "color": 16438033,
      "timestamp": 1646696163642
    }
  ],
  "attachments": [
    "950537349094326312"
  ]
}
Message from doxedbyvini#0130:
{
  "channelId": "472227733988966410",
  "guildId": "472200926820827157",
  "id": "950537619551449108",
  "createdTimestamp": 1646696228636,
  "type": "DEFAULT",
  "authorId": "599059525189894165",
  "nonce": "950537611477254144",
  "attachments": [
    "950537619270418502"
  ]
}
Message from Barman#1975:
{
  "channelId": "831174452606926929",
  "guildId": "472200926820827157",
  "id": "950537620558069800",
  "createdTimestamp": 1646696228876,
  "type": "DEFAULT",
  "authorId": "903730942286364702",
  "embeds": [
    {
      "type": "rich",
      "title": "✏️ Mensagem Recebida",
      "description": "**⏰ Data:** 07/03/2022 20:37:08\n**🎯 Canal:** <#472227733988966410>\n**📝 Conteúdo:** --\n**📎 Itens Fixados:** • [unknown.png](https://media.discordapp.net/attachments/472227733988966410/950537619270418502/unknown.png) (521 Kb)\n\n**🎲 ID de Registro:** ||k1gq30z7larnxvt3lyybug154||",
      "color": 16438033,
      "timestamp": 1646696228636
    }
  ],
  "attachments": [
    "950537620583239680"
  ]
}
Message from doxedbyvini#0130 was deleted:
{
  "channelId": "472227733988966410",
  "guildId": "472200926820827157",
  "id": "950537619551449108",
  "createdTimestamp": 1646696228636,
  "type": "DEFAULT",
  "authorId": "599059525189894165",
  "nonce": "950537611477254144",
  "attachments": [
    "950537619270418502"
  ]
}
Message from Barman#1975:
{
  "channelId": "831174452606926929",
  "guildId": "472200926820827157",
  "id": "950537633849802763",
  "createdTimestamp": 1646696232045,
  "type": "DEFAULT",
  "authorId": "903730942286364702",
  "embeds": [
    {
      "type": "rich",
      "title": "🗑️ Mensagem Deletada",
      "description": "**⏰ Data:** 07/03/2022 20:37:12\n**🎯 Canal:** <#472227733988966410>\n**📝 Conteúdo:** --\n**📎 Itens Fixados:** • [unknown.png](https://media.discordapp.net/attachments/472227733988966410/950537619270418502/unknown.png) (521 Kb)\n\n**🎲 ID de Registro:** ||tdqrh9mt3d806pvjprxy4dvkg||",
      "color": 16438033,
      "timestamp": 1646696232040
    }
  ],
  "attachments": [
    "950537634088902707"
  ]
}
