Message from doxedbyvini#0130:
{
  "channelId": "472228705893351435",
  "guildId": "472200926820827157",
  "id": "951241579333570680",
  "createdTimestamp": 1646864065727,
  "type": "DEFAULT",
  "content": "3p meu novo mundo",
  "authorId": "599059525189894165",
  "nonce": "951241579698323456",
  "cleanContent": "3p meu novo mundo"
}
Message from Barman#1975:
{
  "channelId": "831174452606926929",
  "guildId": "472200926820827157",
  "id": "951241582441545760",
  "createdTimestamp": 1646864066468,
  "type": "DEFAULT",
  "authorId": "903730942286364702",
  "embeds": [
    {
      "type": "rich",
      "title": "✏️ Mensagem Recebida",
      "description": "**⏰ Data:** 09/03/2022 19:14:25\n**🎯 Canal:** <#472228705893351435>\n**📝 Conteúdo:** 3p meu novo mundo\n**🎲 ID de Registro:** ||m1dm6smgnroeem3fe1tou35v7||",
      "color": 16438033,
      "timestamp": 1646864065727
    }
  ],
  "attachments": [
    "951241582496067665"
  ]
}
Message from Miku Music#2160:
{
  "channelId": "472228705893351435",
  "guildId": "472200926820827157",
  "id": "951241614758658109",
  "createdTimestamp": 1646864074173,
  "type": "DEFAULT",
  "authorId": "822983883015454731",
  "embeds": [
    {
      "type": "rich",
      "color": 3447003,
      "fields": [
        {
          "value": "Charlie Brown Jr. - Meu Novo Mundo \\*OFICIAL HD\\*",
          "name": "Name",
          "inline": true
        },
        {
          "value": "224 seconds (3:44)",
          "name": "Duration",
          "inline": true
        },
        {
          "value": "doxedbyvini#0130",
          "name": "Requested by",
          "inline": true
        }
      ]
    }
  ]
}
Message from Miku Music#2160 was updated:
{
  "old": {
    "channelId": "472228705893351435",
    "guildId": "472200926820827157",
    "id": "951241614758658109",
    "createdTimestamp": 1646864074173,
    "type": "DEFAULT",
    "authorId": "822983883015454731",
    "embeds": [
      {
        "type": "rich",
        "color": 3447003,
        "fields": [
          {
            "value": "Charlie Brown Jr. - Meu Novo Mundo \\*OFICIAL HD\\*",
            "name": "Name",
            "inline": true
          },
          {
            "value": "224 seconds (3:44)",
            "name": "Duration",
            "inline": true
          },
          {
            "value": "doxedbyvini#0130",
            "name": "Requested by",
            "inline": true
          }
        ]
      }
    ]
  },
  "new": {
    "channelId": "472228705893351435",
    "guildId": "472200926820827157",
    "id": "951241614758658109",
    "createdTimestamp": 1646864074173,
    "type": "DEFAULT",
    "authorId": "822983883015454731",
    "embeds": [
      {
        "type": "rich",
        "color": 3447003,
        "fields": [
          {
            "value": "Charlie Brown Jr. - Meu Novo Mundo \\*OFICIAL HD\\*",
            "name": "Name",
            "inline": true
          },
          {
            "value": "224 seconds (3:44)",
            "name": "Duration",
            "inline": true
          },
          {
            "value": "doxedbyvini#0130",
            "name": "Requested by",
            "inline": true
          }
        ]
      }
    ]
  }
}
Message from Barman#1975:
{
  "channelId": "831174452606926929",
  "guildId": "472200926820827157",
  "id": "951241615228424272",
  "createdTimestamp": 1646864074285,
  "type": "DEFAULT",
  "authorId": "903730942286364702",
  "embeds": [
    {
      "type": "rich",
      "title": "✏️ Mensagem Recebida",
      "description": "**⏰ Data:** 09/03/2022 19:14:34\n**🎯 Canal:** <#472228705893351435>\n**📝 Conteúdo:** --\n**🎲 ID de Registro:** ||6k40sep4iw622xduq5jdn3dft||",
      "color": 16438033,
      "timestamp": 1646864074173
    }
  ],
  "attachments": [
    "951241615253598218"
  ]
}
Message from Barman#1975:
{
  "channelId": "831174452606926929",
  "guildId": "472200926820827157",
  "id": "951241616037920798",
  "createdTimestamp": 1646864074478,
  "type": "DEFAULT",
  "authorId": "903730942286364702",
  "embeds": [
    {
      "type": "rich",
      "title": "✂️ Mensagem Alterada",
      "description": "**⏰ Data:** 09/03/2022 19:14:34\n**🎯 Canal:** <#472228705893351435>\n**📝 Conteúdo Anterior:** --\n**📝 Conteúdo Novo:** --\n**🎲 ID de Registro:** zh0k206bvmcwntit5hn2yzdpn",
      "color": 16438033,
      "timestamp": 1646864074173
    }
  ],
  "attachments": [
    "951241616063094814"
  ]
}
Message from doxedbyvini#0130:
{
  "channelId": "472228705893351435",
  "guildId": "472200926820827157",
  "id": "951245604472909874",
  "createdTimestamp": 1646865025395,
  "type": "DEFAULT",
  "content": "3p tamo ai na atividade",
  "authorId": "599059525189894165",
  "nonce": "951245604942512128",
  "cleanContent": "3p tamo ai na atividade"
}
Message from Barman#1975:
{
  "channelId": "831174452606926929",
  "guildId": "472200926820827157",
  "id": "951245605164961814",
  "createdTimestamp": 1646865025560,
  "type": "DEFAULT",
  "authorId": "903730942286364702",
  "embeds": [
    {
      "type": "rich",
      "title": "✏️ Mensagem Recebida",
      "description": "**⏰ Data:** 09/03/2022 19:30:25\n**🎯 Canal:** <#472228705893351435>\n**📝 Conteúdo:** 3p tamo ai na atividade\n**🎲 ID de Registro:** ||mdnxzzh45kzxutmx5dg4mc1e8||",
      "color": 16438033,
      "timestamp": 1646865025395
    }
  ],
  "attachments": [
    "951245605248827452"
  ]
}
Message from Miku Music#2160:
{
  "channelId": "472228705893351435",
  "guildId": "472200926820827157",
  "id": "951245624043503656",
  "createdTimestamp": 1646865030061,
  "type": "DEFAULT",
  "authorId": "822983883015454731",
  "embeds": [
    {
      "type": "rich",
      "color": 3447003,
      "fields": [
        {
          "value": "Tamo Ai Na Atividade",
          "name": "Name",
          "inline": true
        },
        {
          "value": "220 seconds (3:40)",
          "name": "Duration",
          "inline": true
        },
        {
          "value": "doxedbyvini#0130",
          "name": "Requested by",
          "inline": true
        }
      ]
    }
  ]
}
Message from Barman#1975:
{
  "channelId": "831174452606926929",
  "guildId": "472200926820827157",
  "id": "951245624676855818",
  "createdTimestamp": 1646865030212,
  "type": "DEFAULT",
  "authorId": "903730942286364702",
  "embeds": [
    {
      "type": "rich",
      "title": "✏️ Mensagem Recebida",
      "description": "**⏰ Data:** 09/03/2022 19:30:30\n**🎯 Canal:** <#472228705893351435>\n**📝 Conteúdo:** --\n**🎲 ID de Registro:** ||9bd89yuebti7oyaezztegpwd4||",
      "color": 16438033,
      "timestamp": 1646865030061
    }
  ],
  "attachments": [
    "951245624697847818"
  ]
}
Message from valentine ☾#5642:
{
  "channelId": "472227733988966410",
  "guildId": "472200926820827157",
  "id": "951250316492431360",
  "createdTimestamp": 1646866148828,
  "type": "DEFAULT",
  "content": ".",
  "authorId": "654405767922974751",
  "nonce": "957421096582250496",
  "cleanContent": "."
}
Message from Barman#1975:
{
  "channelId": "831174452606926929",
  "guildId": "472200926820827157",
  "id": "951250317465514044",
  "createdTimestamp": 1646866149060,
  "type": "DEFAULT",
  "authorId": "903730942286364702",
  "embeds": [
    {
      "type": "rich",
      "title": "✏️ Mensagem Recebida",
      "description": "**⏰ Data:** 09/03/2022 19:49:08\n**🎯 Canal:** <#472227733988966410>\n**📝 Conteúdo:** .\n**🎲 ID de Registro:** ||sfygfh2e1rhwo26u49pyphsiy||",
      "color": 16438033,
      "timestamp": 1646866148828
    }
  ],
  "attachments": [
    "951250317494878218"
  ]
}
Message from RockyAloW#1177:
{
  "channelId": "472227733988966410",
  "guildId": "472200926820827157",
  "id": "951250325568892988",
  "createdTimestamp": 1646866150992,
  "type": "DEFAULT",
  "content": ".",
  "authorId": "389563969540456458",
  "nonce": "951250301589913600",
  "cleanContent": "."
}
Message from Barman#1975:
{
  "channelId": "831174452606926929",
  "guildId": "472200926820827157",
  "id": "951250326042845214",
  "createdTimestamp": 1646866151105,
  "type": "DEFAULT",
  "authorId": "903730942286364702",
  "embeds": [
    {
      "type": "rich",
      "title": "✏️ Mensagem Recebida",
      "description": "**⏰ Data:** 09/03/2022 19:49:10\n**🎯 Canal:** <#472227733988966410>\n**📝 Conteúdo:** .\n**🎲 ID de Registro:** ||wgmiydesncqnsna678ty2cu7y||",
      "color": 16438033,
      "timestamp": 1646866150992
    }
  ],
  "attachments": [
    "951250326068023406"
  ]
}
Message from RockyAloW#1177:
{
  "channelId": "472227733988966410",
  "guildId": "472200926820827157",
  "id": "951250348159426570",
  "createdTimestamp": 1646866156378,
  "type": "DEFAULT",
  "content": "amogus",
  "authorId": "389563969540456458",
  "nonce": "951250323974914048",
  "cleanContent": "amogus"
}
Message from Barman#1975:
{
  "channelId": "831174452606926929",
  "guildId": "472200926820827157",
  "id": "951250348645961728",
  "createdTimestamp": 1646866156494,
  "type": "DEFAULT",
  "authorId": "903730942286364702",
  "embeds": [
    {
      "type": "rich",
      "title": "✏️ Mensagem Recebida",
      "description": "**⏰ Data:** 09/03/2022 19:49:16\n**🎯 Canal:** <#472227733988966410>\n**📝 Conteúdo:** amogus\n**🎲 ID de Registro:** ||vrqb5xcxtspkvxm4m62znxxqo||",
      "color": 16438033,
      "timestamp": 1646866156378
    }
  ],
  "attachments": [
    "951250348671123487"
  ]
}
Message from valentine ☾#5642:
{
  "channelId": "472227733988966410",
  "guildId": "472200926820827157",
  "id": "951250379453132880",
  "createdTimestamp": 1646866163839,
  "type": "DEFAULT",
  "content": "sus",
  "authorId": "654405767922974751",
  "nonce": "957421160205647872",
  "cleanContent": "sus"
}
Message from Barman#1975:
{
  "channelId": "831174452606926929",
  "guildId": "472200926820827157",
  "id": "951250379868348436",
  "createdTimestamp": 1646866163938,
  "type": "DEFAULT",
  "authorId": "903730942286364702",
  "embeds": [
    {
      "type": "rich",
      "title": "✏️ Mensagem Recebida",
      "description": "**⏰ Data:** 09/03/2022 19:49:23\n**🎯 Canal:** <#472227733988966410>\n**📝 Conteúdo:** sus\n**🎲 ID de Registro:** ||x41linbk2vfgsxlcpcp2q6zoh||",
      "color": 16438033,
      "timestamp": 1646866163839
    }
  ],
  "attachments": [
    "951250379897720853"
  ]
}
Message from RockyAloW#1177:
{
  "channelId": "472227733988966410",
  "guildId": "472200926820827157",
  "id": "951250392962957392",
  "createdTimestamp": 1646866167060,
  "type": "DEFAULT",
  "content": "entra",
  "authorId": "389563969540456458",
  "nonce": "951250368866549760",
  "cleanContent": "entra"
}
Message from Barman#1975:
{
  "channelId": "831174452606926929",
  "guildId": "472200926820827157",
  "id": "951250393545998336",
  "createdTimestamp": 1646866167199,
  "type": "DEFAULT",
  "authorId": "903730942286364702",
  "embeds": [
    {
      "type": "rich",
      "title": "✏️ Mensagem Recebida",
      "description": "**⏰ Data:** 09/03/2022 19:49:27\n**🎯 Canal:** <#472227733988966410>\n**📝 Conteúdo:** entra\n**🎲 ID de Registro:** ||zy5hzq7oy5830ki3jokd3b6cb||",
      "color": 16438033,
      "timestamp": 1646866167060
    }
  ],
  "attachments": [
    "951250393596321862"
  ]
}
Message from RockyAloW#1177:
{
  "channelId": "472227733988966410",
  "guildId": "472200926820827157",
  "id": "951250397924819054",
  "createdTimestamp": 1646866168243,
  "type": "DEFAULT",
  "content": "pls",
  "authorId": "389563969540456458",
  "nonce": "951250373945851904",
  "cleanContent": "pls"
}
Message from Barman#1975:
{
  "channelId": "831174452606926929",
  "guildId": "472200926820827157",
  "id": "951250398423973958",
  "createdTimestamp": 1646866168362,
  "type": "DEFAULT",
  "authorId": "903730942286364702",
  "embeds": [
    {
      "type": "rich",
      "title": "✏️ Mensagem Recebida",
      "description": "**⏰ Data:** 09/03/2022 19:49:28\n**🎯 Canal:** <#472227733988966410>\n**📝 Conteúdo:** pls\n**🎲 ID de Registro:** ||79tkmtzt1mnvcdik7gmi3ebxh||",
      "color": 16438033,
      "timestamp": 1646866168243
    }
  ],
  "attachments": [
    "951250398453309451"
  ]
}
Message from valentine ☾#5642:
{
  "channelId": "472227733988966410",
  "guildId": "472200926820827157",
  "id": "951250420842500106",
  "createdTimestamp": 1646866173707,
  "type": "DEFAULT",
  "content": "meu fã",
  "authorId": "654405767922974751",
  "nonce": "957421201628594176",
  "cleanContent": "meu fã"
}
Message from Barman#1975:
{
  "channelId": "831174452606926929",
  "guildId": "472200926820827157",
  "id": "951250421417144330",
  "createdTimestamp": 1646866173844,
  "type": "DEFAULT",
  "authorId": "903730942286364702",
  "embeds": [
    {
      "type": "rich",
      "title": "✏️ Mensagem Recebida",
      "description": "**⏰ Data:** 09/03/2022 19:49:33\n**🎯 Canal:** <#472227733988966410>\n**📝 Conteúdo:** meu fã\n**🎲 ID de Registro:** ||qg3y6jobl0p6iqqm64odmalmc||",
      "color": 16438033,
      "timestamp": 1646866173707
    }
  ],
  "attachments": [
    "951250421475840110"
  ]
}
Message from RockyAloW#1177:
{
  "channelId": "472227733988966410",
  "guildId": "472200926820827157",
  "id": "951250423300374588",
  "createdTimestamp": 1646866174293,
  "type": "DEFAULT",
  "content": "queremos vc nico",
  "authorId": "389563969540456458",
  "nonce": "951250399237505024",
  "cleanContent": "queremos vc nico"
}
Message from Barman#1975:
{
  "channelId": "831174452606926929",
  "guildId": "472200926820827157",
  "id": "951250424009216060",
  "createdTimestamp": 1646866174462,
  "type": "DEFAULT",
  "authorId": "903730942286364702",
  "embeds": [
    {
      "type": "rich",
      "title": "✏️ Mensagem Recebida",
      "description": "**⏰ Data:** 09/03/2022 19:49:34\n**🎯 Canal:** <#472227733988966410>\n**📝 Conteúdo:** queremos vc nico\n**🎲 ID de Registro:** ||l4vvdagw46tbqj70vvl2huod7||",
      "color": 16438033,
      "timestamp": 1646866174293
    }
  ],
  "attachments": [
    "951250424038588466"
  ]
}
Message from RockyAloW#1177:
{
  "channelId": "472227733988966410",
  "guildId": "472200926820827157",
  "id": "951250443235909722",
  "createdTimestamp": 1646866179046,
  "type": "DEFAULT",
  "content": "viemos só pra te ver",
  "authorId": "389563969540456458",
  "nonce": "951250419303055360",
  "cleanContent": "viemos só pra te ver"
}
Message from Barman#1975:
{
  "channelId": "831174452606926929",
  "guildId": "472200926820827157",
  "id": "951250443709841469",
  "createdTimestamp": 1646866179159,
  "type": "DEFAULT",
  "authorId": "903730942286364702",
  "embeds": [
    {
      "type": "rich",
      "title": "✏️ Mensagem Recebida",
      "description": "**⏰ Data:** 09/03/2022 19:49:39\n**🎯 Canal:** <#472227733988966410>\n**📝 Conteúdo:** viemos só pra te ver\n**🎲 ID de Registro:** ||lmltt49bftuwpbglidyg6u8ne||",
      "color": 16438033,
      "timestamp": 1646866179046
    }
  ],
  "attachments": [
    "951250443810537532"
  ]
}
Message from valentine ☾#5642:
{
  "channelId": "472227733988966410",
  "guildId": "472200926820827157",
  "id": "951256714706051103",
  "createdTimestamp": 1646867674281,
  "type": "DEFAULT",
  "content": "nao",
  "authorId": "654405767922974751",
  "nonce": "957427495513096192",
  "cleanContent": "nao"
}
Message from Barman#1975:
{
  "channelId": "831174452606926929",
  "guildId": "472200926820827157",
  "id": "951256715930796092",
  "createdTimestamp": 1646867674573,
  "type": "DEFAULT",
  "authorId": "903730942286364702",
  "embeds": [
    {
      "type": "rich",
      "title": "✏️ Mensagem Recebida",
      "description": "**⏰ Data:** 09/03/2022 20:14:34\n**🎯 Canal:** <#472227733988966410>\n**📝 Conteúdo:** nao\n**🎲 ID de Registro:** ||mcoy1w94hng8sjhjqxnnlv84m||",
      "color": 16438033,
      "timestamp": 1646867674281
    }
  ],
  "attachments": [
    "951256715960135791"
  ]
}
Message from katsts3s#0946:
{
  "channelId": "472228705893351435",
  "guildId": "472200926820827157",
  "id": "951256716861923351",
  "createdTimestamp": 1646867674795,
  "type": "DEFAULT",
  "content": "3p",
  "authorId": "599059525189894165",
  "nonce": "951256717700628480",
  "cleanContent": "3p"
}
Message from Barman#1975:
{
  "channelId": "831174452606926929",
  "guildId": "472200926820827157",
  "id": "951256717784645712",
  "createdTimestamp": 1646867675015,
  "type": "DEFAULT",
  "authorId": "903730942286364702",
  "embeds": [
    {
      "type": "rich",
      "title": "✏️ Mensagem Recebida",
      "description": "**⏰ Data:** 09/03/2022 20:14:34\n**🎯 Canal:** <#472228705893351435>\n**📝 Conteúdo:** 3p\n**🎲 ID de Registro:** ||yyl3bgx7zb21eh0erw2xlcfe4||",
      "color": 16438033,
      "timestamp": 1646867674795
    }
  ],
  "attachments": [
    "951256717822427216"
  ]
}
Message from Miku Music#2160:
{
  "channelId": "472228705893351435",
  "guildId": "472200926820827157",
  "id": "951256718136999956",
  "createdTimestamp": 1646867675099,
  "type": "DEFAULT",
  "authorId": "822983883015454731",
  "embeds": [
    {
      "type": "rich",
      "description": "You didn't poivide want i want to play",
      "color": 15158332
    }
  ]
}
Message from Barman#1975:
{
  "channelId": "831174452606926929",
  "guildId": "472200926820827157",
  "id": "951256718581579786",
  "createdTimestamp": 1646867675205,
  "type": "DEFAULT",
  "authorId": "903730942286364702",
  "embeds": [
    {
      "type": "rich",
      "title": "✏️ Mensagem Recebida",
      "description": "**⏰ Data:** 09/03/2022 20:14:35\n**🎯 Canal:** <#472228705893351435>\n**📝 Conteúdo:** --\n**🎲 ID de Registro:** ||1hbog5g46bz14l5mhxiggpyhh||",
      "color": 16438033,
      "timestamp": 1646867675099
    }
  ],
  "attachments": [
    "951256718631899176"
  ]
}
Message from katsts3s#0946:
{
  "channelId": "472228705893351435",
  "guildId": "472200926820827157",
  "id": "951256801461018704",
  "createdTimestamp": 1646867694965,
  "type": "DEFAULT",
  "content": "3p musica do pou",
  "authorId": "599059525189894165",
  "nonce": "951256801574125568",
  "cleanContent": "3p musica do pou"
}
Message from Barman#1975:
{
  "channelId": "831174452606926929",
  "guildId": "472200926820827157",
  "id": "951256801947574352",
  "createdTimestamp": 1646867695081,
  "type": "DEFAULT",
  "authorId": "903730942286364702",
  "embeds": [
    {
      "type": "rich",
      "title": "✏️ Mensagem Recebida",
      "description": "**⏰ Data:** 09/03/2022 20:14:54\n**🎯 Canal:** <#472228705893351435>\n**📝 Conteúdo:** 3p musica do pou\n**🎲 ID de Registro:** ||bc1wvqcq7fjapqrojud34ly2c||",
      "color": 16438033,
      "timestamp": 1646867694965
    }
  ],
  "attachments": [
    "951256802044031046"
  ]
}
Message from Miku Music#2160:
{
  "channelId": "472228705893351435",
  "guildId": "472200926820827157",
  "id": "951256810633953280",
  "createdTimestamp": 1646867697152,
  "type": "DEFAULT",
  "authorId": "822983883015454731",
  "embeds": [
    {
      "type": "rich",
      "color": 3447003,
      "fields": [
        {
          "value": "cancion del pou 10 horas",
          "name": "Name",
          "inline": true
        },
        {
          "value": "36001 seconds (10:00:01)",
          "name": "Duration",
          "inline": true
        },
        {
          "value": "katsts3s#0946",
          "name": "Requested by",
          "inline": true
        }
      ]
    }
  ]
}
Message from Miku Music#2160 was updated:
{
  "old": {
    "channelId": "472228705893351435",
    "guildId": "472200926820827157",
    "id": "951256810633953280",
    "createdTimestamp": 1646867697152,
    "type": "DEFAULT",
    "authorId": "822983883015454731",
    "embeds": [
      {
        "type": "rich",
        "color": 3447003,
        "fields": [
          {
            "value": "cancion del pou 10 horas",
            "name": "Name",
            "inline": true
          },
          {
            "value": "36001 seconds (10:00:01)",
            "name": "Duration",
            "inline": true
          },
          {
            "value": "katsts3s#0946",
            "name": "Requested by",
            "inline": true
          }
        ]
      }
    ]
  },
  "new": {
    "channelId": "472228705893351435",
    "guildId": "472200926820827157",
    "id": "951256810633953280",
    "createdTimestamp": 1646867697152,
    "type": "DEFAULT",
    "authorId": "822983883015454731",
    "embeds": [
      {
        "type": "rich",
        "color": 3447003,
        "fields": [
          {
            "value": "cancion del pou 10 horas",
            "name": "Name",
            "inline": true
          },
          {
            "value": "36001 seconds (10:00:01)",
            "name": "Duration",
            "inline": true
          },
          {
            "value": "katsts3s#0946",
            "name": "Requested by",
            "inline": true
          }
        ]
      }
    ]
  }
}
Message from Barman#1975:
{
  "channelId": "831174452606926929",
  "guildId": "472200926820827157",
  "id": "951256811061776484",
  "createdTimestamp": 1646867697254,
  "type": "DEFAULT",
  "authorId": "903730942286364702",
  "embeds": [
    {
      "type": "rich",
      "title": "✏️ Mensagem Recebida",
      "description": "**⏰ Data:** 09/03/2022 20:14:57\n**🎯 Canal:** <#472228705893351435>\n**📝 Conteúdo:** --\n**🎲 ID de Registro:** ||bwjjcdu299c31f8p70rhczxq2||",
      "color": 16438033,
      "timestamp": 1646867697152
    }
  ],
  "attachments": [
    "951256811095334932"
  ]
}
Message from Barman#1975:
{
  "channelId": "831174452606926929",
  "guildId": "472200926820827157",
  "id": "951256811871281192",
  "createdTimestamp": 1646867697447,
  "type": "DEFAULT",
  "authorId": "903730942286364702",
  "embeds": [
    {
      "type": "rich",
      "title": "✂️ Mensagem Alterada",
      "description": "**⏰ Data:** 09/03/2022 20:14:57\n**🎯 Canal:** <#472228705893351435>\n**📝 Conteúdo Anterior:** --\n**📝 Conteúdo Novo:** --\n**🎲 ID de Registro:** mswvcwku3rdb74g23aljlh46o",
      "color": 16438033,
      "timestamp": 1646867697152
    }
  ],
  "attachments": [
    "951256811900633168"
  ]
}
Message from katsts3s#0946:
{
  "channelId": "472228705893351435",
  "guildId": "472200926820827157",
  "id": "951256874383212594",
  "createdTimestamp": 1646867712351,
  "type": "DEFAULT",
  "content": "3s",
  "authorId": "599059525189894165",
  "nonce": "951256874995417088",
  "cleanContent": "3s"
}
Message from Barman#1975:
{
  "channelId": "831174452606926929",
  "guildId": "472200926820827157",
  "id": "951256874945241138",
  "createdTimestamp": 1646867712485,
  "type": "DEFAULT",
  "authorId": "903730942286364702",
  "embeds": [
    {
      "type": "rich",
      "title": "✏️ Mensagem Recebida",
      "description": "**⏰ Data:** 09/03/2022 20:15:12\n**🎯 Canal:** <#472228705893351435>\n**📝 Conteúdo:** 3s\n**🎲 ID de Registro:** ||6mljgzhwq6z6n5t0g6rh68iut||",
      "color": 16438033,
      "timestamp": 1646867712351
    }
  ],
  "attachments": [
    "951256874991358002"
  ]
}
Message from valentine ☾#5642:
{
  "channelId": "472227733988966410",
  "guildId": "472200926820827157",
  "id": "951256937239052308",
  "createdTimestamp": 1646867727337,
  "type": "DEFAULT",
  "content": "n vejo",
  "authorId": "654405767922974751",
  "nonce": "957427717882511360",
  "cleanContent": "n vejo"
}
Message from Barman#1975:
{
  "channelId": "831174452606926929",
  "guildId": "472200926820827157",
  "id": "951256937675243570",
  "createdTimestamp": 1646867727441,
  "type": "DEFAULT",
  "authorId": "903730942286364702",
  "embeds": [
    {
      "type": "rich",
      "title": "✏️ Mensagem Recebida",
      "description": "**⏰ Data:** 09/03/2022 20:15:27\n**🎯 Canal:** <#472227733988966410>\n**📝 Conteúdo:** n vejo\n**🎲 ID de Registro:** ||puy0y0zj4b67yxtpxr7nfj95r||",
      "color": 16438033,
      "timestamp": 1646867727337
    }
  ],
  "attachments": [
    "951256937696206958"
  ]
}
Message from valentine ☾#5642:
{
  "channelId": "472227733988966410",
  "guildId": "472200926820827157",
  "id": "951259108928020491",
  "createdTimestamp": 1646868245108,
  "type": "DEFAULT",
  "content": "nicolas oq vc queria me perguntar",
  "authorId": "654405767922974751",
  "nonce": "957429889936392192",
  "cleanContent": "nicolas oq vc queria me perguntar"
}
Message from Barman#1975:
{
  "channelId": "831174452606926929",
  "guildId": "472200926820827157",
  "id": "951259109334859827",
  "createdTimestamp": 1646868245205,
  "type": "DEFAULT",
  "authorId": "903730942286364702",
  "embeds": [
    {
      "type": "rich",
      "title": "✏️ Mensagem Recebida",
      "description": "**⏰ Data:** 09/03/2022 20:24:05\n**🎯 Canal:** <#472227733988966410>\n**📝 Conteúdo:** nicolas oq vc queria me perguntar\n**🎲 ID de Registro:** ||ohisbez53v2jilcldr9ruyp9h||",
      "color": 16438033,
      "timestamp": 1646868245108
    }
  ],
  "attachments": [
    "951259109666226246"
  ]
}
Message from katsts3s#0946:
{
  "channelId": "472228705893351435",
  "guildId": "472200926820827157",
  "id": "951259580342628362",
  "createdTimestamp": 1646868357502,
  "type": "DEFAULT",
  "content": "3p evoluiu",
  "authorId": "599059525189894165",
  "nonce": "951259580690595840",
  "cleanContent": "3p evoluiu"
}
Message from Barman#1975:
{
  "channelId": "831174452606926929",
  "guildId": "472200926820827157",
  "id": "951259581030477874",
  "createdTimestamp": 1646868357666,
  "type": "DEFAULT",
  "authorId": "903730942286364702",
  "embeds": [
    {
      "type": "rich",
      "title": "✏️ Mensagem Recebida",
      "description": "**⏰ Data:** 09/03/2022 20:25:57\n**🎯 Canal:** <#472228705893351435>\n**📝 Conteúdo:** 3p evoluiu\n**🎲 ID de Registro:** ||cfd37tkzftz5ky45ouwqdzvj3||",
      "color": 16438033,
      "timestamp": 1646868357502
    }
  ],
  "attachments": [
    "951259581055631410"
  ]
}
Message from Miku Music#2160:
{
  "channelId": "472228705893351435",
  "guildId": "472200926820827157",
  "id": "951259593315586068",
  "createdTimestamp": 1646868360595,
  "type": "DEFAULT",
  "authorId": "822983883015454731",
  "embeds": [
    {
      "type": "rich",
      "color": 3447003,
      "fields": [
        {
          "value": "MC Kevin O Chris - Evoluiu Feat. Sodré (DJ JUNINHO 22 DA COLOMBIA)",
          "name": "Name",
          "inline": true
        },
        {
          "value": "182 seconds (3:02)",
          "name": "Duration",
          "inline": true
        },
        {
          "value": "katsts3s#0946",
          "name": "Requested by",
          "inline": true
        }
      ]
    }
  ]
}
Message from Miku Music#2160 was updated:
{
  "old": {
    "channelId": "472228705893351435",
    "guildId": "472200926820827157",
    "id": "951259593315586068",
    "createdTimestamp": 1646868360595,
    "type": "DEFAULT",
    "authorId": "822983883015454731",
    "embeds": [
      {
        "type": "rich",
        "color": 3447003,
        "fields": [
          {
            "value": "MC Kevin O Chris - Evoluiu Feat. Sodré (DJ JUNINHO 22 DA COLOMBIA)",
            "name": "Name",
            "inline": true
          },
          {
            "value": "182 seconds (3:02)",
            "name": "Duration",
            "inline": true
          },
          {
            "value": "katsts3s#0946",
            "name": "Requested by",
            "inline": true
          }
        ]
      }
    ]
  },
  "new": {
    "channelId": "472228705893351435",
    "guildId": "472200926820827157",
    "id": "951259593315586068",
    "createdTimestamp": 1646868360595,
    "type": "DEFAULT",
    "authorId": "822983883015454731",
    "embeds": [
      {
        "type": "rich",
        "color": 3447003,
        "fields": [
          {
            "value": "MC Kevin O Chris - Evoluiu Feat. Sodré (DJ JUNINHO 22 DA COLOMBIA)",
            "name": "Name",
            "inline": true
          },
          {
            "value": "182 seconds (3:02)",
            "name": "Duration",
            "inline": true
          },
          {
            "value": "katsts3s#0946",
            "name": "Requested by",
            "inline": true
          }
        ]
      }
    ]
  }
}
Message from Barman#1975:
{
  "channelId": "831174452606926929",
  "guildId": "472200926820827157",
  "id": "951259593781161994",
  "createdTimestamp": 1646868360706,
  "type": "DEFAULT",
  "authorId": "903730942286364702",
  "embeds": [
    {
      "type": "rich",
      "title": "✏️ Mensagem Recebida",
      "description": "**⏰ Data:** 09/03/2022 20:26:00\n**🎯 Canal:** <#472228705893351435>\n**📝 Conteúdo:** --\n**🎲 ID de Registro:** ||my9361da848rcosm195zfjdlg||",
      "color": 16438033,
      "timestamp": 1646868360595
    }
  ],
  "attachments": [
    "951259593848291328"
  ]
}
Message from Barman#1975:
{
  "channelId": "831174452606926929",
  "guildId": "472200926820827157",
  "id": "951259594745839638",
  "createdTimestamp": 1646868360936,
  "type": "DEFAULT",
  "authorId": "903730942286364702",
  "embeds": [
    {
      "type": "rich",
      "title": "✂️ Mensagem Alterada",
      "description": "**⏰ Data:** 09/03/2022 20:26:00\n**🎯 Canal:** <#472228705893351435>\n**📝 Conteúdo Anterior:** --\n**📝 Conteúdo Novo:** --\n**🎲 ID de Registro:** 7rgybuqt3l9k1avls0l8dwkpu",
      "color": 16438033,
      "timestamp": 1646868360595
    }
  ],
  "attachments": [
    "951259595240783902"
  ]
}
Message from katsts3s#0946:
{
  "channelId": "472228705893351435",
  "guildId": "472200926820827157",
  "id": "951259626769367080",
  "createdTimestamp": 1646868368571,
  "type": "DEFAULT",
  "content": "3s",
  "authorId": "599059525189894165",
  "nonce": "951259627075403776",
  "cleanContent": "3s"
}
Message from Barman#1975:
{
  "channelId": "831174452606926929",
  "guildId": "472200926820827157",
  "id": "951259627184611338",
  "createdTimestamp": 1646868368670,
  "type": "DEFAULT",
  "authorId": "903730942286364702",
  "embeds": [
    {
      "type": "rich",
      "title": "✏️ Mensagem Recebida",
      "description": "**⏰ Data:** 09/03/2022 20:26:08\n**🎯 Canal:** <#472228705893351435>\n**📝 Conteúdo:** 3s\n**🎲 ID de Registro:** ||nw6plmu971svwr3oecqm3prrl||",
      "color": 16438033,
      "timestamp": 1646868368571
    }
  ],
  "attachments": [
    "951259627209781278"
  ]
}
Message from katsts3s#0946:
{
  "channelId": "472228705893351435",
  "guildId": "472200926820827157",
  "id": "951259771586093146",
  "createdTimestamp": 1646868403098,
  "type": "DEFAULT",
  "content": "3p https://www.youtube.com/watch?v=ul3ANlwN6u8",
  "authorId": "599059525189894165",
  "nonce": "951259771938275328",
  "cleanContent": "3p https://www.youtube.com/watch?v=ul3ANlwN6u8"
}
Message from Barman#1975:
{
  "channelId": "831174452606926929",
  "guildId": "472200926820827157",
  "id": "951259772018130964",
  "createdTimestamp": 1646868403201,
  "type": "DEFAULT",
  "authorId": "903730942286364702",
  "embeds": [
    {
      "type": "rich",
      "title": "✏️ Mensagem Recebida",
      "description": "**⏰ Data:** 09/03/2022 20:26:43\n**🎯 Canal:** <#472228705893351435>\n**📝 Conteúdo:** 3p https://www.youtube.com/watch?v=ul3ANlwN6u8\n**🎲 ID de Registro:** ||624sqjnvhhlqdfv47nnp41q3r||",
      "color": 16438033,
      "timestamp": 1646868403098
    }
  ],
  "attachments": [
    "951259772043276298"
  ]
}
Message from katsts3s#0946 was updated:
{
  "old": {
    "channelId": "472228705893351435",
    "guildId": "472200926820827157",
    "id": "951259771586093146",
    "createdTimestamp": 1646868403098,
    "type": "DEFAULT",
    "content": "3p https://www.youtube.com/watch?v=ul3ANlwN6u8",
    "authorId": "599059525189894165",
    "nonce": "951259771938275328",
    "cleanContent": "3p https://www.youtube.com/watch?v=ul3ANlwN6u8"
  },
  "new": {
    "channelId": "472228705893351435",
    "guildId": "472200926820827157",
    "id": "951259771586093146",
    "createdTimestamp": 1646868403098,
    "type": "DEFAULT",
    "content": "3p https://www.youtube.com/watch?v=ul3ANlwN6u8",
    "authorId": "599059525189894165",
    "nonce": "951259771938275328",
    "embeds": [
      {
        "type": "video",
        "title": "OS MELHORES BEATS DO ANO 2020 | Pra Animar Seu Fim de Ano!  🧨 (FELI...",
        "description": "OS MELHORES BEATS DO ANO EM UMA PLAYLIST ESPECIAL DE FINAL DE ANO!\n\n00:00 | BEAT FESTA EM IPANEMA - Eu quero festa, eu quero samba\n01:52 | BEAT TREVO DE 4 FOLHAS ❤🥰 (ft. @DJ Lucas Beat )\n04:55 | BEAT TRAP NATION - Pra deixar você animado sz\n07:10 | hoje você me vê, amanhã talvez não veja mais.. 🌟✨🖤 (funk remix)\n09:24 | BEAT FESTA NO ȺPΞ - Pɵde a...",
        "url": "https://www.youtube.com/watch?v=ul3ANlwN6u8",
        "color": 16711680
      }
    ],
    "cleanContent": "3p https://www.youtube.com/watch?v=ul3ANlwN6u8"
  }
}
Message from Barman#1975:
{
  "channelId": "831174452606926929",
  "guildId": "472200926820827157",
  "id": "951259772877950976",
  "createdTimestamp": 1646868403406,
  "type": "DEFAULT",
  "authorId": "903730942286364702",
  "embeds": [
    {
      "type": "rich",
      "title": "✂️ Mensagem Alterada",
      "description": "**⏰ Data:** 09/03/2022 20:26:43\n**🎯 Canal:** <#472228705893351435>\n**📝 Conteúdo Anterior:** 3p https://www.youtube.com/watch?v=ul3ANlwN6u8\n**📝 Conteúdo Novo:** 3p https://www.youtube.com/watch?v=ul3ANlwN6u8\n**🎲 ID de Registro:** x0mnh1r3pirg4eccdnw7bwcii",
      "color": 16438033,
      "timestamp": 1646868403098
    }
  ],
  "attachments": [
    "951259773016346664"
  ]
}
Message from Miku Music#2160:
{
  "channelId": "472228705893351435",
  "guildId": "472200926820827157",
  "id": "951259775499391056",
  "createdTimestamp": 1646868404031,
  "type": "DEFAULT",
  "authorId": "822983883015454731",
  "embeds": [
    {
      "type": "rich",
      "color": 3447003,
      "fields": [
        {
          "value": "OS MELHORES BEATS DO ANO 2020 | Pra Animar Seu Fim de Ano!  🧨 (FELIZ 2021 E BOAS FESTAS!!)",
          "name": "Name",
          "inline": true
        },
        {
          "value": "5364",
          "name": "Duration",
          "inline": true
        },
        {
          "value": "katsts3s#0946",
          "name": "Requested by",
          "inline": true
        }
      ]
    }
  ]
}
Message from Miku Music#2160 was updated:
{
  "old": {
    "channelId": "472228705893351435",
    "guildId": "472200926820827157",
    "id": "951259775499391056",
    "createdTimestamp": 1646868404031,
    "type": "DEFAULT",
    "authorId": "822983883015454731",
    "embeds": [
      {
        "type": "rich",
        "color": 3447003,
        "fields": [
          {
            "value": "OS MELHORES BEATS DO ANO 2020 | Pra Animar Seu Fim de Ano!  🧨 (FELIZ 2021 E BOAS FESTAS!!)",
            "name": "Name",
            "inline": true
          },
          {
            "value": "5364",
            "name": "Duration",
            "inline": true
          },
          {
            "value": "katsts3s#0946",
            "name": "Requested by",
            "inline": true
          }
        ]
      }
    ]
  },
  "new": {
    "channelId": "472228705893351435",
    "guildId": "472200926820827157",
    "id": "951259775499391056",
    "createdTimestamp": 1646868404031,
    "type": "DEFAULT",
    "authorId": "822983883015454731",
    "embeds": [
      {
        "type": "rich",
        "color": 3447003,
        "fields": [
          {
            "value": "OS MELHORES BEATS DO ANO 2020 | Pra Animar Seu Fim de Ano!  🧨 (FELIZ 2021 E BOAS FESTAS!!)",
            "name": "Name",
            "inline": true
          },
          {
            "value": "5364",
            "name": "Duration",
            "inline": true
          },
          {
            "value": "katsts3s#0946",
            "name": "Requested by",
            "inline": true
          }
        ]
      }
    ]
  }
}
Message from Barman#1975:
{
  "channelId": "831174452606926929",
  "guildId": "472200926820827157",
  "id": "951259775943970826",
  "createdTimestamp": 1646868404137,
  "type": "DEFAULT",
  "authorId": "903730942286364702",
  "embeds": [
    {
      "type": "rich",
      "title": "✏️ Mensagem Recebida",
      "description": "**⏰ Data:** 09/03/2022 20:26:44\n**🎯 Canal:** <#472228705893351435>\n**📝 Conteúdo:** --\n**🎲 ID de Registro:** ||ygd87v86d5ot568xw23ubtdsf||",
      "color": 16438033,
      "timestamp": 1646868404031
    }
  ],
  "attachments": [
    "951259776006914048"
  ]
}
Message from Barman#1975:
{
  "channelId": "831174452606926929",
  "guildId": "472200926820827157",
  "id": "951259776657006602",
  "createdTimestamp": 1646868404307,
  "type": "DEFAULT",
  "authorId": "903730942286364702",
  "embeds": [
    {
      "type": "rich",
      "title": "✂️ Mensagem Alterada",
      "description": "**⏰ Data:** 09/03/2022 20:26:44\n**🎯 Canal:** <#472228705893351435>\n**📝 Conteúdo Anterior:** --\n**📝 Conteúdo Novo:** --\n**🎲 ID de Registro:** ds8a60icxdn03dmei3vkc7hz8",
      "color": 16438033,
      "timestamp": 1646868404031
    }
  ],
  "attachments": [
    "951259776808013925"
  ]
}
Message from katsts3s#0946:
{
  "channelId": "472228705893351435",
  "guildId": "472200926820827157",
  "id": "951259808940560454",
  "createdTimestamp": 1646868412004,
  "type": "DEFAULT",
  "content": "3s",
  "authorId": "599059525189894165",
  "nonce": "951259809364049920",
  "cleanContent": "3s"
}
Message from Barman#1975:
{
  "channelId": "831174452606926929",
  "guildId": "472200926820827157",
  "id": "951259809519390780",
  "createdTimestamp": 1646868412142,
  "type": "DEFAULT",
  "authorId": "903730942286364702",
  "embeds": [
    {
      "type": "rich",
      "title": "✏️ Mensagem Recebida",
      "description": "**⏰ Data:** 09/03/2022 20:26:52\n**🎯 Canal:** <#472228705893351435>\n**📝 Conteúdo:** 3s\n**🎲 ID de Registro:** ||ms82iemx4hqis6cmfnm6z04kk||",
      "color": 16438033,
      "timestamp": 1646868412004
    }
  ],
  "attachments": [
    "951259809552928848"
  ]
}
Message from katsts3s#0946:
{
  "channelId": "472228705893351435",
  "guildId": "472200926820827157",
  "id": "951259890876317786",
  "createdTimestamp": 1646868431539,
  "type": "DEFAULT",
  "content": "3s moonlight funk best",
  "authorId": "599059525189894165",
  "nonce": "951259891132006400",
  "cleanContent": "3s moonlight funk best"
}
Message from Miku Music#2160:
{
  "channelId": "472228705893351435",
  "guildId": "472200926820827157",
  "id": "951259891119562773",
  "createdTimestamp": 1646868431597,
  "type": "DEFAULT",
  "authorId": "822983883015454731",
  "embeds": [
    {
      "type": "rich",
      "description": "There is nothing playing that I could skip for you.",
      "color": 15158332
    }
  ]
}
Message from Barman#1975:
{
  "channelId": "831174452606926929",
  "guildId": "472200926820827157",
  "id": "951259891471896646",
  "createdTimestamp": 1646868431681,
  "type": "DEFAULT",
  "authorId": "903730942286364702",
  "embeds": [
    {
      "type": "rich",
      "title": "✏️ Mensagem Recebida",
      "description": "**⏰ Data:** 09/03/2022 20:27:11\n**🎯 Canal:** <#472228705893351435>\n**📝 Conteúdo:** 3s moonlight funk best\n**🎲 ID de Registro:** ||t6yahs89jidnmu7f2cntlijk2||",
      "color": 16438033,
      "timestamp": 1646868431539
    }
  ],
  "attachments": [
    "951259891518021652"
  ]
}
Message from Barman#1975:
{
  "channelId": "831174452606926929",
  "guildId": "472200926820827157",
  "id": "951259892298174494",
  "createdTimestamp": 1646868431878,
  "type": "DEFAULT",
  "authorId": "903730942286364702",
  "embeds": [
    {
      "type": "rich",
      "title": "✏️ Mensagem Recebida",
      "description": "**⏰ Data:** 09/03/2022 20:27:11\n**🎯 Canal:** <#472228705893351435>\n**📝 Conteúdo:** --\n**🎲 ID de Registro:** ||pvvkc84amn0f494rwyqwmnexz||",
      "color": 16438033,
      "timestamp": 1646868431597
    }
  ],
  "attachments": [
    "951259892319150120"
  ]
}
Message from katsts3s#0946:
{
  "channelId": "472228705893351435",
  "guildId": "472200926820827157",
  "id": "951259948896108554",
  "createdTimestamp": 1646868445372,
  "type": "DEFAULT",
  "content": "3p moonlight funk beat",
  "authorId": "599059525189894165",
  "nonce": "951259949407666176",
  "cleanContent": "3p moonlight funk beat"
}
Message from Barman#1975:
{
  "channelId": "831174452606926929",
  "guildId": "472200926820827157",
  "id": "951259949307146240",
  "createdTimestamp": 1646868445470,
  "type": "DEFAULT",
  "authorId": "903730942286364702",
  "embeds": [
    {
      "type": "rich",
      "title": "✏️ Mensagem Recebida",
      "description": "**⏰ Data:** 09/03/2022 20:27:25\n**🎯 Canal:** <#472228705893351435>\n**📝 Conteúdo:** 3p moonlight funk beat\n**🎲 ID de Registro:** ||mxrxgpe22meiycqemwmn0li5x||",
      "color": 16438033,
      "timestamp": 1646868445372
    }
  ],
  "attachments": [
    "951259949323935805"
  ]
}
Message from Miku Music#2160:
{
  "channelId": "472228705893351435",
  "guildId": "472200926820827157",
  "id": "951259957653819432",
  "createdTimestamp": 1646868447460,
  "type": "DEFAULT",
  "authorId": "822983883015454731",
  "embeds": [
    {
      "type": "rich",
      "color": 3447003,
      "fields": [
        {
          "value": "Moonlight beat funk edit",
          "name": "Name",
          "inline": true
        },
        {
          "value": "94 seconds (1:34)",
          "name": "Duration",
          "inline": true
        },
        {
          "value": "katsts3s#0946",
          "name": "Requested by",
          "inline": true
        }
      ]
    }
  ]
}
Message from Barman#1975:
{
  "channelId": "831174452606926929",
  "guildId": "472200926820827157",
  "id": "951259958064844930",
  "createdTimestamp": 1646868447558,
  "type": "DEFAULT",
  "authorId": "903730942286364702",
  "embeds": [
    {
      "type": "rich",
      "title": "✏️ Mensagem Recebida",
      "description": "**⏰ Data:** 09/03/2022 20:27:27\n**🎯 Canal:** <#472228705893351435>\n**📝 Conteúdo:** --\n**🎲 ID de Registro:** ||476s6andh6ec9smf82ko02cn3||",
      "color": 16438033,
      "timestamp": 1646868447460
    }
  ],
  "attachments": [
    "951259958085824532"
  ]
}
Message from Miku Music#2160 was updated:
{
  "old": {
    "channelId": "472228705893351435",
    "guildId": "472200926820827157",
    "id": "951259957653819432",
    "createdTimestamp": 1646868447460,
    "type": "DEFAULT",
    "authorId": "822983883015454731",
    "embeds": [
      {
        "type": "rich",
        "color": 3447003,
        "fields": [
          {
            "value": "Moonlight beat funk edit",
            "name": "Name",
            "inline": true
          },
          {
            "value": "94 seconds (1:34)",
            "name": "Duration",
            "inline": true
          },
          {
            "value": "katsts3s#0946",
            "name": "Requested by",
            "inline": true
          }
        ]
      }
    ]
  },
  "new": {
    "channelId": "472228705893351435",
    "guildId": "472200926820827157",
    "id": "951259957653819432",
    "createdTimestamp": 1646868447460,
    "type": "DEFAULT",
    "authorId": "822983883015454731",
    "embeds": [
      {
        "type": "rich",
        "color": 3447003,
        "fields": [
          {
            "value": "Moonlight beat funk edit",
            "name": "Name",
            "inline": true
          },
          {
            "value": "94 seconds (1:34)",
            "name": "Duration",
            "inline": true
          },
          {
            "value": "katsts3s#0946",
            "name": "Requested by",
            "inline": true
          }
        ]
      }
    ]
  }
}
Message from Barman#1975:
{
  "channelId": "831174452606926929",
  "guildId": "472200926820827157",
  "id": "951259958983417917",
  "createdTimestamp": 1646868447777,
  "type": "DEFAULT",
  "authorId": "903730942286364702",
  "embeds": [
    {
      "type": "rich",
      "title": "✂️ Mensagem Alterada",
      "description": "**⏰ Data:** 09/03/2022 20:27:27\n**🎯 Canal:** <#472228705893351435>\n**📝 Conteúdo Anterior:** --\n**📝 Conteúdo Novo:** --\n**🎲 ID de Registro:** ihdj2axbjc216b2luipez8u2k",
      "color": 16438033,
      "timestamp": 1646868447460
    }
  ],
  "attachments": [
    "951259959004397628"
  ]
}
Message from katsts3s#0946:
{
  "channelId": "472228705893351435",
  "guildId": "472200926820827157",
  "id": "951260085995319406",
  "createdTimestamp": 1646868478059,
  "type": "DEFAULT",
  "content": "3s",
  "authorId": "599059525189894165",
  "nonce": "951260086418800640",
  "cleanContent": "3s"
}
Message from Barman#1975:
{
  "channelId": "831174452606926929",
  "guildId": "472200926820827157",
  "id": "951260086540578847",
  "createdTimestamp": 1646868478189,
  "type": "DEFAULT",
  "authorId": "903730942286364702",
  "embeds": [
    {
      "type": "rich",
      "title": "✏️ Mensagem Recebida",
      "description": "**⏰ Data:** 09/03/2022 20:27:58\n**🎯 Canal:** <#472228705893351435>\n**📝 Conteúdo:** 3s\n**🎲 ID de Registro:** ||g1z24stslqldhj4zuy2vud8ut||",
      "color": 16438033,
      "timestamp": 1646868478059
    }
  ],
  "attachments": [
    "951260086565752952"
  ]
}
Message from katsts3s#0946:
{
  "channelId": "472227733988966410",
  "guildId": "472200926820827157",
  "id": "951260590540738590",
  "createdTimestamp": 1646868598352,
  "type": "DEFAULT",
  "authorId": "599059525189894165",
  "nonce": "951260590641250304",
  "attachments": [
    "951260590326816808"
  ]
}
Message from Barman#1975:
{
  "channelId": "831174452606926929",
  "guildId": "472200926820827157",
  "id": "951260590788186173",
  "createdTimestamp": 1646868598411,
  "type": "DEFAULT",
  "authorId": "903730942286364702",
  "embeds": [
    {
      "type": "rich",
      "title": "✏️ Mensagem Recebida",
      "description": "**⏰ Data:** 09/03/2022 20:29:58\n**🎯 Canal:** <#472227733988966410>\n**📝 Conteúdo:** --\n**📎 Itens Fixados:** • [unknown.png](https://media.discordapp.net/attachments/472227733988966410/951260590326816808/unknown.png) (38 Kb)\n\n**🎲 ID de Registro:** ||45pa8eymgj8tcr3iyz0y7rfet||",
      "color": 16438033,
      "timestamp": 1646868598352
    }
  ],
  "attachments": [
    "951260591153119242"
  ]
}
Message from vinicins#0946:
{
  "channelId": "472227733988966410",
  "guildId": "472200926820827157",
  "id": "951644979091087390",
  "createdTimestamp": 1646960243724,
  "type": "DEFAULT",
  "authorId": "599059525189894165",
  "nonce": "951644981720776704",
  "attachments": [
    "951644978898161664"
  ]
}
Message from Barman#1975:
{
  "channelId": "831174452606926929",
  "guildId": "472200926820827157",
  "id": "951644980454227979",
  "createdTimestamp": 1646960244049,
  "type": "DEFAULT",
  "authorId": "903730942286364702",
  "embeds": [
    {
      "type": "rich",
      "title": "✏️ Mensagem Recebida",
      "description": "**⏰ Data:** 10/03/2022 21:57:23\n**🎯 Canal:** <#472227733988966410>\n**📝 Conteúdo:** --\n**📎 Itens Fixados:** • [unknown.png](https://media.discordapp.net/attachments/472227733988966410/951644978898161664/unknown.png) (71 Kb)\n\n**🎲 ID de Registro:** ||ujm0cpgg21go63lu0kfo8tnxs||",
      "color": 16438033,
      "timestamp": 1646960243724
    }
  ],
  "attachments": [
    "951644980471009320"
  ]
}
