Message from RockyAloW#1177:
{
  "channelId": "472409959695384579",
  "guildId": "472200926820827157",
  "id": "964029213625708544",
  "createdTimestamp": 1649912875325,
  "type": "REPLY",
  "content": "cala boca calixto",
  "authorId": "389563969540456458",
  "nonce": "964029214367940608",
  "cleanContent": "cala boca calixto"
}
Message from Barman#1975:
{
  "channelId": "831174452606926929",
  "guildId": "472200926820827157",
  "id": "964029214774935572",
  "createdTimestamp": 1649912875599,
  "type": "DEFAULT",
  "authorId": "903730942286364702",
  "embeds": [
    {
      "type": "rich",
      "title": "✏️ Mensagem Recebida",
      "description": "**⏰ Data:** 14/04/2022 02:07:55\n**🎯 Canal:** <#472409959695384579>\n**📝 Conteúdo:** cala boca calixto\n**🎲 ID de Registro:** ||dsmiyklzevuwj7r63wz4slv8p||",
      "color": 16438033,
      "timestamp": 1649912875325
    }
  ],
  "attachments": [
    "964029214804299776"
  ]
}
Message from RockyAloW#1177:
{
  "channelId": "472409959695384579",
  "guildId": "472200926820827157",
  "id": "964029232835624990",
  "createdTimestamp": 1649912879905,
  "type": "DEFAULT",
  "content": "nem fala mais com a tropa",
  "authorId": "389563969540456458",
  "nonce": "964029233263280128",
  "cleanContent": "nem fala mais com a tropa"
}
Message from Barman#1975:
{
  "channelId": "831174452606926929",
  "guildId": "472200926820827157",
  "id": "964029233322164224",
  "createdTimestamp": 1649912880021,
  "type": "DEFAULT",
  "authorId": "903730942286364702",
  "embeds": [
    {
      "type": "rich",
      "title": "✏️ Mensagem Recebida",
      "description": "**⏰ Data:** 14/04/2022 02:07:59\n**🎯 Canal:** <#472409959695384579>\n**📝 Conteúdo:** nem fala mais com a tropa\n**🎲 ID de Registro:** ||e32ktz1udxxo3er048bs4hubi||",
      "color": 16438033,
      "timestamp": 1649912879905
    }
  ],
  "attachments": [
    "964029233355714560"
  ]
}
Message from RockyAloW#1177:
{
  "channelId": "472409959695384579",
  "guildId": "472200926820827157",
  "id": "964029309754941470",
  "createdTimestamp": 1649912898244,
  "type": "DEFAULT",
  "content": "pobre fudido<:condolencias:852725159651442688>",
  "authorId": "389563969540456458",
  "nonce": "964029311201837056",
  "cleanContent": "pobre fudido<:condolencias:852725159651442688>"
}
Message from Barman#1975:
{
  "channelId": "831174452606926929",
  "guildId": "472200926820827157",
  "id": "964029309847207967",
  "createdTimestamp": 1649912898266,
  "type": "DEFAULT",
  "authorId": "903730942286364702",
  "embeds": [
    {
      "type": "rich",
      "title": "✏️ Mensagem Recebida",
      "description": "**⏰ Data:** 14/04/2022 02:08:18\n**🎯 Canal:** <#472409959695384579>\n**📝 Conteúdo:** pobre fudido<:condolencias:852725159651442688>\n**🎲 ID de Registro:** ||ehk0sy543f83b6i92em8zqphq||",
      "color": 16438033,
      "timestamp": 1649912898244
    }
  ],
  "attachments": [
    "964029310245675018"
  ]
}
Message from henrique#0001:
{
  "channelId": "472409959695384579",
  "guildId": "472200926820827157",
  "id": "964174165529751552",
  "createdTimestamp": 1649947434552,
  "type": "REPLY",
  "content": "Com certeza irmão, mas se o seu nome assim, por um acaso, aparecer no SERASA com uma dívida do Itaú de R$27.856,42, não fui eu o responsável por isso",
  "authorId": "897291486285156362",
  "nonce": "970344945984471040",
  "cleanContent": "Com certeza irmão, mas se o seu nome assim, por um acaso, aparecer no SERASA com uma dívida do Itaú de R$27.856,42, não fui eu o responsável por isso"
}
Message from Barman#1975:
{
  "channelId": "831174452606926929",
  "guildId": "472200926820827157",
  "id": "964174167677227058",
  "createdTimestamp": 1649947435064,
  "type": "DEFAULT",
  "authorId": "903730942286364702",
  "embeds": [
    {
      "type": "rich",
      "title": "✏️ Mensagem Recebida",
      "description": "**⏰ Data:** 14/04/2022 11:43:54\n**🎯 Canal:** <#472409959695384579>\n**📝 Conteúdo:** Com certeza irmão, mas se o seu nome assim, por um acaso, aparecer no SERASA com uma dívida do Itaú de R$27.856,42, não fui eu o responsável por isso\n**🎲 ID de Registro:** ||x4lynxcphuitqu3rwpr420rk6||",
      "color": 16438033,
      "timestamp": 1649947434552
    }
  ],
  "attachments": [
    "964174167706566726"
  ]
}
