Message from Barman#1975:
{
  "channelId": "805791911558381568",
  "guildId": "472200926820827157",
  "id": "964923737692602449",
  "createdTimestamp": 1650126146482,
  "type": "DEFAULT",
  "content": "<@593969780797603841>",
  "authorId": "903730942286364702",
  "embeds": [
    {
      "type": "rich",
      "title": "🚩 Membro Novo! Seja muito bem-vindo(a) Marcelli_13 ao ButecoGamer🍻🎮",
      "description": "Que bom te conhecer Marcelli_13! Apresento à você o ButecoGamer🍻🎮, uma pequena sociedade onde convivemos jogando e se divertindo, espero que se de bem com geral!",
      "color": 16438033,
      "timestamp": 1650126146388,
      "fields": [
        {
          "value": "- 🔗 [Convite do Servidor](https://discord.gg/884HafWG9P)\n- 📞 [WhatsApp Oficial](https://chat.whatsapp.com/H2HidKT1AmyH9D6Gm55Aok)",
          "name": "📎 Links Relacionados:"
        },
        {
          "value": "- <#846106097663737887>\n- <#472225709738426368>\n- <#472225914114146315>",
          "name": "🗺 Seções Importantes:"
        },
        {
          "value": "- <#472409959695384579> 📝\n- <#472227733988966410> 📝\n- <#913210275379937331> 🔊",
          "name": "🌐 Comunidade:"
        }
      ]
    }
  ],
  "cleanContent": "@​Marcelli_13"
}
Message from Barman#1975:
{
  "channelId": "831174452606926929",
  "guildId": "472200926820827157",
  "id": "964923738544029826",
  "createdTimestamp": 1650126146685,
  "type": "DEFAULT",
  "authorId": "903730942286364702",
  "embeds": [
    {
      "type": "rich",
      "title": "✏️ Mensagem Recebida",
      "description": "**⏰ Data:** 16/04/2022 13:22:26\n**🎯 Canal:** <#805791911558381568>\n**📝 Conteúdo:** <@593969780797603841>\n**🎲 ID de Registro:** ||y25ijghurt0j51pwqcvkijuwk||",
      "color": 16438033,
      "timestamp": 1650126146482
    }
  ],
  "attachments": [
    "964923738632122478"
  ]
}
Message from Barman#1975 was updated:
{
  "old": {
    "channelId": "805791911558381568",
    "guildId": "472200926820827157",
    "id": "964923737692602449",
    "createdTimestamp": 1650126146482,
    "type": "DEFAULT",
    "content": "<@593969780797603841>",
    "authorId": "903730942286364702",
    "embeds": [
      {
        "type": "rich",
        "title": "🚩 Membro Novo! Seja muito bem-vindo(a) Marcelli_13 ao ButecoGamer🍻🎮",
        "description": "Que bom te conhecer Marcelli_13! Apresento à você o ButecoGamer🍻🎮, uma pequena sociedade onde convivemos jogando e se divertindo, espero que se de bem com geral!",
        "color": 16438033,
        "timestamp": 1650126146388,
        "fields": [
          {
            "value": "- 🔗 [Convite do Servidor](https://discord.gg/884HafWG9P)\n- 📞 [WhatsApp Oficial](https://chat.whatsapp.com/H2HidKT1AmyH9D6Gm55Aok)",
            "name": "📎 Links Relacionados:"
          },
          {
            "value": "- <#846106097663737887>\n- <#472225709738426368>\n- <#472225914114146315>",
            "name": "🗺 Seções Importantes:"
          },
          {
            "value": "- <#472409959695384579> 📝\n- <#472227733988966410> 📝\n- <#913210275379937331> 🔊",
            "name": "🌐 Comunidade:"
          }
        ]
      }
    ],
    "cleanContent": "@​Marcelli_13"
  },
  "new": {
    "channelId": "805791911558381568",
    "guildId": "472200926820827157",
    "id": "964923737692602449",
    "createdTimestamp": 1650126146482,
    "type": "DEFAULT",
    "content": "<@593969780797603841>",
    "authorId": "903730942286364702",
    "embeds": [
      {
        "type": "rich",
        "title": "🚩 Membro Novo! Seja muito bem-vindo(a) Marcelli_13 ao ButecoGamer🍻🎮",
        "description": "Que bom te conhecer Marcelli_13! Apresento à você o ButecoGamer🍻🎮, uma pequena sociedade onde convivemos jogando e se divertindo, espero que se de bem com geral!",
        "color": 16438033,
        "timestamp": 1650126146388,
        "fields": [
          {
            "value": "- 🔗 [Convite do Servidor](https://discord.gg/884HafWG9P)\n- 📞 [WhatsApp Oficial](https://chat.whatsapp.com/H2HidKT1AmyH9D6Gm55Aok)",
            "name": "📎 Links Relacionados:"
          },
          {
            "value": "- <#846106097663737887>\n- <#472225709738426368>\n- <#472225914114146315>",
            "name": "🗺 Seções Importantes:"
          },
          {
            "value": "- <#472409959695384579> 📝\n- <#472227733988966410> 📝\n- <#913210275379937331> 🔊",
            "name": "🌐 Comunidade:"
          }
        ]
      }
    ],
    "cleanContent": "@​Marcelli_13"
  }
}
Message from Barman#1975:
{
  "channelId": "831174452606926929",
  "guildId": "472200926820827157",
  "id": "964923746806808586",
  "createdTimestamp": 1650126148655,
  "type": "DEFAULT",
  "authorId": "903730942286364702",
  "embeds": [
    {
      "type": "rich",
      "title": "✂️ Mensagem Alterada",
      "description": "**⏰ Data:** 16/04/2022 13:22:26\n**🎯 Canal:** <#805791911558381568>\n**📝 Conteúdo Anterior:** <@593969780797603841>\n**📝 Conteúdo Novo:** <@593969780797603841>\n**🎲 ID de Registro:** r6tqh6osobifc07tdmuioe8se",
      "color": 16438033,
      "timestamp": 1650126146482
    }
  ],
  "attachments": [
    "964923746924261436"
  ]
}
Message from henrique#0001:
{
  "channelId": "472227733988966410",
  "guildId": "472200926820827157",
  "id": "964924387960709140",
  "createdTimestamp": 1650126301518,
  "type": "DEFAULT",
  "authorId": "897291486285156362",
  "nonce": "964924405517910016",
  "attachments": [
    "964924387671310426"
  ]
}
Message from Barman#1975:
{
  "channelId": "831174452606926929",
  "guildId": "472200926820827157",
  "id": "964924389378359416",
  "createdTimestamp": 1650126301856,
  "type": "DEFAULT",
  "authorId": "903730942286364702",
  "embeds": [
    {
      "type": "rich",
      "title": "✏️ Mensagem Recebida",
      "description": "**⏰ Data:** 16/04/2022 13:25:01\n**🎯 Canal:** <#472227733988966410>\n**📝 Conteúdo:** --\n**📎 Itens Fixados:** • [unknown.png](https://media.discordapp.net/attachments/472227733988966410/964924387671310426/unknown.png) (15 Kb)\n\n**🎲 ID de Registro:** ||8aelb849wdu7q27dllgnfe60u||",
      "color": 16438033,
      "timestamp": 1650126301518
    }
  ],
  "attachments": [
    "964924389416124526"
  ]
}
Message from vinicin#1658:
{
  "channelId": "472228705893351435",
  "guildId": "472200926820827157",
  "id": "964924945991888896",
  "createdTimestamp": 1650126434563,
  "type": "DEFAULT",
  "content": "OS MOLEQUE TEM FAL, OS ALEMÃO SABE SE BROTA PASSA MAL (LC SHEIK)",
  "authorId": "599059525189894165",
  "nonce": "964924952748752896",
  "cleanContent": "OS MOLEQUE TEM FAL, OS ALEMÃO SABE SE BROTA PASSA MAL (LC SHEIK)"
}
Message from Barman#1975:
{
  "channelId": "831174452606926929",
  "guildId": "472200926820827157",
  "id": "964924946767822848",
  "createdTimestamp": 1650126434748,
  "type": "DEFAULT",
  "authorId": "903730942286364702",
  "embeds": [
    {
      "type": "rich",
      "title": "✏️ Mensagem Recebida",
      "description": "**⏰ Data:** 16/04/2022 13:27:14\n**🎯 Canal:** <#472228705893351435>\n**📝 Conteúdo:** OS MOLEQUE TEM FAL, OS ALEMÃO SABE SE BROTA PASSA MAL (LC SHEIK)\n**🎲 ID de Registro:** ||5k2kqhomdp5yqr4kvt3sel8hn||",
      "color": 16438033,
      "timestamp": 1650126434563
    }
  ],
  "attachments": [
    "964924946818146404"
  ]
}
Message from vinicin#1658:
{
  "channelId": "472228705893351435",
  "guildId": "472200926820827157",
  "id": "964924975884693514",
  "createdTimestamp": 1650126441690,
  "type": "DEFAULT",
  "content": "3p OS MOLEQUE TEM FAL, OS ALEMÃO SABE SE BROTA PASSA MAL (LC SHEIK)",
  "authorId": "599059525189894165",
  "nonce": "964924981609758720",
  "cleanContent": "3p OS MOLEQUE TEM FAL, OS ALEMÃO SABE SE BROTA PASSA MAL (LC SHEIK)"
}
Message from Barman#1975:
{
  "channelId": "831174452606926929",
  "guildId": "472200926820827157",
  "id": "964924976467693589",
  "createdTimestamp": 1650126441829,
  "type": "DEFAULT",
  "authorId": "903730942286364702",
  "embeds": [
    {
      "type": "rich",
      "title": "✏️ Mensagem Recebida",
      "description": "**⏰ Data:** 16/04/2022 13:27:21\n**🎯 Canal:** <#472228705893351435>\n**📝 Conteúdo:** 3p OS MOLEQUE TEM FAL, OS ALEMÃO SABE SE BROTA PASSA MAL (LC SHEIK)\n**🎲 ID de Registro:** ||i0zwpe6uc1yolzr33nzdxgvp1||",
      "color": 16438033,
      "timestamp": 1650126441690
    }
  ],
  "attachments": [
    "964924976543178794"
  ]
}
Message from Miku Music#2160:
{
  "channelId": "472228705893351435",
  "guildId": "472200926820827157",
  "id": "964924994436079736",
  "createdTimestamp": 1650126446113,
  "type": "DEFAULT",
  "authorId": "822983883015454731",
  "embeds": [
    {
      "type": "rich",
      "color": 3447003,
      "fields": [
        {
          "value": "OS MOLEQUE TEM FAL, OS ALEMÃO SABE SE BROTA PASSA MAL (LC SHEIK)",
          "name": "Name",
          "inline": true
        },
        {
          "value": "128 seconds (2:08)",
          "name": "Duration",
          "inline": true
        },
        {
          "value": "vinicin#1658",
          "name": "Requested by",
          "inline": true
        }
      ]
    }
  ]
}
Message from Barman#1975:
{
  "channelId": "831174452606926929",
  "guildId": "472200926820827157",
  "id": "964924994914250803",
  "createdTimestamp": 1650126446227,
  "type": "DEFAULT",
  "authorId": "903730942286364702",
  "embeds": [
    {
      "type": "rich",
      "title": "✏️ Mensagem Recebida",
      "description": "**⏰ Data:** 16/04/2022 13:27:26\n**🎯 Canal:** <#472228705893351435>\n**📝 Conteúdo:** --\n**🎲 ID de Registro:** ||h2rpdqbbdhx9mdu9xje5h0aps||",
      "color": 16438033,
      "timestamp": 1650126446113
    }
  ],
  "attachments": [
    "964924994968756254"
  ]
}
Message from Miku Music#2160 was updated:
{
  "old": {
    "channelId": "472228705893351435",
    "guildId": "472200926820827157",
    "id": "964924994436079736",
    "createdTimestamp": 1650126446113,
    "type": "DEFAULT",
    "authorId": "822983883015454731",
    "embeds": [
      {
        "type": "rich",
        "color": 3447003,
        "fields": [
          {
            "value": "OS MOLEQUE TEM FAL, OS ALEMÃO SABE SE BROTA PASSA MAL (LC SHEIK)",
            "name": "Name",
            "inline": true
          },
          {
            "value": "128 seconds (2:08)",
            "name": "Duration",
            "inline": true
          },
          {
            "value": "vinicin#1658",
            "name": "Requested by",
            "inline": true
          }
        ]
      }
    ]
  },
  "new": {
    "channelId": "472228705893351435",
    "guildId": "472200926820827157",
    "id": "964924994436079736",
    "createdTimestamp": 1650126446113,
    "type": "DEFAULT",
    "authorId": "822983883015454731",
    "embeds": [
      {
        "type": "rich",
        "color": 3447003,
        "fields": [
          {
            "value": "OS MOLEQUE TEM FAL, OS ALEMÃO SABE SE BROTA PASSA MAL (LC SHEIK)",
            "name": "Name",
            "inline": true
          },
          {
            "value": "128 seconds (2:08)",
            "name": "Duration",
            "inline": true
          },
          {
            "value": "vinicin#1658",
            "name": "Requested by",
            "inline": true
          }
        ]
      }
    ]
  }
}
Message from Barman#1975:
{
  "channelId": "831174452606926929",
  "guildId": "472200926820827157",
  "id": "964924995836993606",
  "createdTimestamp": 1650126446447,
  "type": "DEFAULT",
  "authorId": "903730942286364702",
  "embeds": [
    {
      "type": "rich",
      "title": "✂️ Mensagem Alterada",
      "description": "**⏰ Data:** 16/04/2022 13:27:26\n**🎯 Canal:** <#472228705893351435>\n**📝 Conteúdo Anterior:** --\n**📝 Conteúdo Novo:** --\n**🎲 ID de Registro:** bejewsgny74wisglrz3z2vras",
      "color": 16438033,
      "timestamp": 1650126446113
    }
  ],
  "attachments": [
    "964924995954417726"
  ]
}
Message from vinicin#1658:
{
  "channelId": "472228705893351435",
  "guildId": "472200926820827157",
  "id": "964925013364981801",
  "createdTimestamp": 1650126450626,
  "type": "DEFAULT",
  "content": "3s",
  "authorId": "599059525189894165",
  "nonce": "964925020134440960",
  "cleanContent": "3s"
}
Message from Barman#1975:
{
  "channelId": "831174452606926929",
  "guildId": "472200926820827157",
  "id": "964925013763424326",
  "createdTimestamp": 1650126450721,
  "type": "DEFAULT",
  "authorId": "903730942286364702",
  "embeds": [
    {
      "type": "rich",
      "title": "✏️ Mensagem Recebida",
      "description": "**⏰ Data:** 16/04/2022 13:27:30\n**🎯 Canal:** <#472228705893351435>\n**📝 Conteúdo:** 3s\n**🎲 ID de Registro:** ||qviodlleovpusr3673259n7q6||",
      "color": 16438033,
      "timestamp": 1650126450626
    }
  ],
  "attachments": [
    "964925013784428614"
  ]
}
