Message from Barman#1975:
{
  "channelId": "805791964435316826",
  "guildId": "472200926820827157",
  "id": "959534558586478612",
  "createdTimestamp": 1648841266057,
  "type": "DEFAULT",
  "authorId": "903730942286364702",
  "embeds": [
    {
      "type": "rich",
      "title": "💨 Um Membro Saiu de nossa Rede",
      "description": "Batalhão, temos um soldado ferido! Deem adeus à Jota...",
      "color": 16438033,
      "timestamp": 1648841265859
    }
  ]
}
Message from Barman#1975:
{
  "channelId": "831174452606926929",
  "guildId": "472200926820827157",
  "id": "959534559983202325",
  "createdTimestamp": 1648841266390,
  "type": "DEFAULT",
  "authorId": "903730942286364702",
  "embeds": [
    {
      "type": "rich",
      "title": "✏️ Mensagem Recebida",
      "description": "**⏰ Data:** 01/04/2022 16:27:46\n**🎯 Canal:** <#805791964435316826>\n**📝 Conteúdo:** --\n**🎲 ID de Registro:** ||w2od8dq1la8sh6220snj5f3s7||",
      "color": 16438033,
      "timestamp": 1648841266057
    }
  ],
  "attachments": [
    "959534560138387466"
  ]
}
Message from Souszblessed7remkkjsz.#0001:
{
  "channelId": "472409959695384579",
  "guildId": "472200926820827157",
  "id": "959573910293196851",
  "createdTimestamp": 1648850648235,
  "type": "DEFAULT",
  "content": "//////////",
  "authorId": "382248616749694976",
  "nonce": "959573897324265472",
  "cleanContent": "//////////"
}
Message from Barman#1975:
{
  "channelId": "831174452606926929",
  "guildId": "472200926820827157",
  "id": "959573911392092190",
  "createdTimestamp": 1648850648497,
  "type": "DEFAULT",
  "authorId": "903730942286364702",
  "embeds": [
    {
      "type": "rich",
      "title": "✏️ Mensagem Recebida",
      "description": "**⏰ Data:** 01/04/2022 19:04:08\n**🎯 Canal:** <#472409959695384579>\n**📝 Conteúdo:** //////////\n**🎲 ID de Registro:** ||bmfkhq9ybvp10ma6w6zbql2dw||",
      "color": 16438033,
      "timestamp": 1648850648235
    }
  ],
  "attachments": [
    "959573911413071882"
  ]
}
Message from vinicin#1658:
{
  "channelId": "472227733988966410",
  "guildId": "472200926820827157",
  "id": "959585090705432636",
  "createdTimestamp": 1648853313853,
  "type": "DEFAULT",
  "authorId": "599059525189894165",
  "nonce": "959585095876870144",
  "attachments": [
    "959585090214694962"
  ]
}
Message from Barman#1975:
{
  "channelId": "831174452606926929",
  "guildId": "472200926820827157",
  "id": "959585091569459250",
  "createdTimestamp": 1648853314059,
  "type": "DEFAULT",
  "authorId": "903730942286364702",
  "embeds": [
    {
      "type": "rich",
      "title": "✏️ Mensagem Recebida",
      "description": "**⏰ Data:** 01/04/2022 19:48:33\n**🎯 Canal:** <#472227733988966410>\n**📝 Conteúdo:** --\n**📎 Itens Fixados:** • [unknown.png](https://media.discordapp.net/attachments/472227733988966410/959585090214694962/unknown.png) (82 Kb)\n\n**🎲 ID de Registro:** ||uzqduqmwjd6h5tn9bkkxi7jnz||",
      "color": 16438033,
      "timestamp": 1648853313853
    }
  ],
  "attachments": [
    "959585091619803146"
  ]
}
Message from vinicin#1658:
{
  "channelId": "472227733988966410",
  "guildId": "472200926820827157",
  "id": "959585108019531797",
  "createdTimestamp": 1648853317981,
  "type": "DEFAULT",
  "content": "EITA POHAAA",
  "authorId": "599059525189894165",
  "nonce": "959585114579271680",
  "cleanContent": "EITA POHAAA"
}
Message from Barman#1975:
{
  "channelId": "831174452606926929",
  "guildId": "472200926820827157",
  "id": "959585108782891079",
  "createdTimestamp": 1648853318163,
  "type": "DEFAULT",
  "authorId": "903730942286364702",
  "embeds": [
    {
      "type": "rich",
      "title": "✏️ Mensagem Recebida",
      "description": "**⏰ Data:** 01/04/2022 19:48:37\n**🎯 Canal:** <#472227733988966410>\n**📝 Conteúdo:** EITA POHAAA\n**🎲 ID de Registro:** ||mo4d9vtqupwujxsax6gi2lzao||",
      "color": 16438033,
      "timestamp": 1648853317981
    }
  ],
  "attachments": [
    "959585108833230918"
  ]
}
Message from vinicin#1658:
{
  "channelId": "472227733988966410",
  "guildId": "472200926820827157",
  "id": "959585155020902462",
  "createdTimestamp": 1648853329187,
  "type": "DEFAULT",
  "content": "só 500? aakkakakaka",
  "authorId": "599059525189894165",
  "nonce": "959585161404481536",
  "cleanContent": "só 500? aakkakakaka"
}
Message from Barman#1975:
{
  "channelId": "831174452606926929",
  "guildId": "472200926820827157",
  "id": "959585156732157962",
  "createdTimestamp": 1648853329595,
  "type": "DEFAULT",
  "authorId": "903730942286364702",
  "embeds": [
    {
      "type": "rich",
      "title": "✏️ Mensagem Recebida",
      "description": "**⏰ Data:** 01/04/2022 19:48:49\n**🎯 Canal:** <#472227733988966410>\n**📝 Conteúdo:** só 500? aakkakakaka\n**🎲 ID de Registro:** ||k1rp5xfie66pcvz72t75iooso||",
      "color": 16438033,
      "timestamp": 1648853329187
    }
  ],
  "attachments": [
    "959585156807663686"
  ]
}
