Message from vinicin#1658:
{
  "channelId": "472227733988966410",
  "guildId": "472200926820827157",
  "id": "967471518743404564",
  "createdTimestamp": 1650733584820,
  "type": "DEFAULT",
  "authorId": "599059525189894165",
  "nonce": "967471520211271680",
  "attachments": [
    "967471518554656818"
  ]
}
Message from Barman#1975:
{
  "channelId": "831174452606926929",
  "guildId": "472200926820827157",
  "id": "967471521079648346",
  "createdTimestamp": 1650733585377,
  "type": "DEFAULT",
  "authorId": "903730942286364702",
  "embeds": [
    {
      "type": "rich",
      "title": "✏️ Mensagem Recebida",
      "description": "**⏰ Data:** 23/04/2022 14:06:24\n**🎯 Canal:** <#472227733988966410>\n**📝 Conteúdo:** --\n**📎 Itens Fixados:** • [unknown.png](https://media.discordapp.net/attachments/472227733988966410/967471518554656818/unknown.png) (341 Kb)\n\n**🎲 ID de Registro:** ||pkjhnwye3f248sp6qcwxn5fu4||",
      "color": 16438033,
      "timestamp": 1650733584820
    }
  ],
  "attachments": [
    "967471521104818217"
  ]
}
Message from vinicin#1658:
{
  "channelId": "472228705893351435",
  "guildId": "472200926820827157",
  "id": "967471818841661470",
  "createdTimestamp": 1650733656369,
  "type": "DEFAULT",
  "content": "3s quando eu morrer quero ir de fal e de beretta",
  "authorId": "599059525189894165",
  "nonce": "967471821853032448",
  "cleanContent": "3s quando eu morrer quero ir de fal e de beretta"
}
Message from Barman#1975:
{
  "channelId": "831174452606926929",
  "guildId": "472200926820827157",
  "id": "967471819126870167",
  "createdTimestamp": 1650733656437,
  "type": "DEFAULT",
  "authorId": "903730942286364702",
  "embeds": [
    {
      "type": "rich",
      "title": "✏️ Mensagem Recebida",
      "description": "**⏰ Data:** 23/04/2022 14:07:36\n**🎯 Canal:** <#472228705893351435>\n**📝 Conteúdo:** 3s quando eu morrer quero ir de fal e de beretta\n**🎲 ID de Registro:** ||60fuxqd9edxdnrz4ocl7ytz2h||",
      "color": 16438033,
      "timestamp": 1650733656369
    }
  ],
  "attachments": [
    "967471819491778660"
  ]
}
Message from Miku Music#2160:
{
  "channelId": "472228705893351435",
  "guildId": "472200926820827157",
  "id": "967471819667951616",
  "createdTimestamp": 1650733656566,
  "type": "DEFAULT",
  "authorId": "822983883015454731",
  "embeds": [
    {
      "type": "rich",
      "description": "There is nothing playing that I could skip for you.",
      "color": 15158332
    }
  ]
}
Message from Barman#1975:
{
  "channelId": "831174452606926929",
  "guildId": "472200926820827157",
  "id": "967471822184521748",
  "createdTimestamp": 1650733657166,
  "type": "DEFAULT",
  "authorId": "903730942286364702",
  "embeds": [
    {
      "type": "rich",
      "title": "✏️ Mensagem Recebida",
      "description": "**⏰ Data:** 23/04/2022 14:07:36\n**🎯 Canal:** <#472228705893351435>\n**📝 Conteúdo:** --\n**🎲 ID de Registro:** ||xt6z2516co2j2ue0nket69r9k||",
      "color": 16438033,
      "timestamp": 1650733656566
    }
  ],
  "attachments": [
    "967471822218092574"
  ]
}
Message from henrique#0001:
{
  "channelId": "472228705893351435",
  "guildId": "472200926820827157",
  "id": "967471874135167048",
  "createdTimestamp": 1650733669552,
  "type": "DEFAULT",
  "content": "3p quando eu morrer quero ir de fal e de beretta",
  "authorId": "897291486285156362",
  "nonce": "967471874952921088",
  "cleanContent": "3p quando eu morrer quero ir de fal e de beretta"
}
Message from Barman#1975:
{
  "channelId": "831174452606926929",
  "guildId": "472200926820827157",
  "id": "967471874911117382",
  "createdTimestamp": 1650733669737,
  "type": "DEFAULT",
  "authorId": "903730942286364702",
  "embeds": [
    {
      "type": "rich",
      "title": "✏️ Mensagem Recebida",
      "description": "**⏰ Data:** 23/04/2022 14:07:49\n**🎯 Canal:** <#472228705893351435>\n**📝 Conteúdo:** 3p quando eu morrer quero ir de fal e de beretta\n**🎲 ID de Registro:** ||i5v9yi5p7vonuo5gvdh620qsm||",
      "color": 16438033,
      "timestamp": 1650733669552
    }
  ],
  "attachments": [
    "967471874965639248"
  ]
}
Message from Miku Music#2160:
{
  "channelId": "472228705893351435",
  "guildId": "472200926820827157",
  "id": "967471893974249643",
  "createdTimestamp": 1650733674282,
  "type": "DEFAULT",
  "authorId": "822983883015454731",
  "embeds": [
    {
      "type": "rich",
      "color": 3447003,
      "fields": [
        {
          "value": "QUANDO EU MORRER QUERO IR DE FAL E DE BERETTA - CANÇÕES DE TFM",
          "name": "Name",
          "inline": true
        },
        {
          "value": "71 seconds (1:11)",
          "name": "Duration",
          "inline": true
        },
        {
          "value": "henrique#0001",
          "name": "Requested by",
          "inline": true
        }
      ]
    }
  ]
}
Message from Barman#1975:
{
  "channelId": "831174452606926929",
  "guildId": "472200926820827157",
  "id": "967471894423019570",
  "createdTimestamp": 1650733674389,
  "type": "DEFAULT",
  "authorId": "903730942286364702",
  "embeds": [
    {
      "type": "rich",
      "title": "✏️ Mensagem Recebida",
      "description": "**⏰ Data:** 23/04/2022 14:07:54\n**🎯 Canal:** <#472228705893351435>\n**📝 Conteúdo:** --\n**🎲 ID de Registro:** ||e01q494fu9pc45exhsjiw57bg||",
      "color": 16438033,
      "timestamp": 1650733674282
    }
  ],
  "attachments": [
    "967471894515298355"
  ]
}
Message from Miku Music#2160 was updated:
{
  "old": {
    "channelId": "472228705893351435",
    "guildId": "472200926820827157",
    "id": "967471893974249643",
    "createdTimestamp": 1650733674282,
    "type": "DEFAULT",
    "authorId": "822983883015454731",
    "embeds": [
      {
        "type": "rich",
        "color": 3447003,
        "fields": [
          {
            "value": "QUANDO EU MORRER QUERO IR DE FAL E DE BERETTA - CANÇÕES DE TFM",
            "name": "Name",
            "inline": true
          },
          {
            "value": "71 seconds (1:11)",
            "name": "Duration",
            "inline": true
          },
          {
            "value": "henrique#0001",
            "name": "Requested by",
            "inline": true
          }
        ]
      }
    ]
  },
  "new": {
    "channelId": "472228705893351435",
    "guildId": "472200926820827157",
    "id": "967471893974249643",
    "createdTimestamp": 1650733674282,
    "type": "DEFAULT",
    "authorId": "822983883015454731",
    "embeds": [
      {
        "type": "rich",
        "color": 3447003,
        "fields": [
          {
            "value": "QUANDO EU MORRER QUERO IR DE FAL E DE BERETTA - CANÇÕES DE TFM",
            "name": "Name",
            "inline": true
          },
          {
            "value": "71 seconds (1:11)",
            "name": "Duration",
            "inline": true
          },
          {
            "value": "henrique#0001",
            "name": "Requested by",
            "inline": true
          }
        ]
      }
    ]
  }
}
Message from Barman#1975:
{
  "channelId": "831174452606926929",
  "guildId": "472200926820827157",
  "id": "967471895647756290",
  "createdTimestamp": 1650733674681,
  "type": "DEFAULT",
  "authorId": "903730942286364702",
  "embeds": [
    {
      "type": "rich",
      "title": "✂️ Mensagem Alterada",
      "description": "**⏰ Data:** 23/04/2022 14:07:54\n**🎯 Canal:** <#472228705893351435>\n**📝 Conteúdo Anterior:** --\n**📝 Conteúdo Novo:** --\n**🎲 ID de Registro:** 30jjs43ie6puoep4ygv5k834d",
      "color": 16438033,
      "timestamp": 1650733674282
    }
  ],
  "attachments": [
    "967471896130125894"
  ]
}
Message from vinicin#1658:
{
  "channelId": "472228705893351435",
  "guildId": "472200926820827157",
  "id": "967472261319770123",
  "createdTimestamp": 1650733761864,
  "type": "DEFAULT",
  "content": "3p troquei meu playstatio por um fuzil",
  "authorId": "599059525189894165",
  "nonce": "967472264243052544",
  "cleanContent": "3p troquei meu playstatio por um fuzil"
}
Message from Barman#1975:
{
  "channelId": "831174452606926929",
  "guildId": "472200926820827157",
  "id": "967472261919567903",
  "createdTimestamp": 1650733762007,
  "type": "DEFAULT",
  "authorId": "903730942286364702",
  "embeds": [
    {
      "type": "rich",
      "title": "✏️ Mensagem Recebida",
      "description": "**⏰ Data:** 23/04/2022 14:09:21\n**🎯 Canal:** <#472228705893351435>\n**📝 Conteúdo:** 3p troquei meu playstatio por um fuzil\n**🎲 ID de Registro:** ||t6r4vueb7lyi1oc1tox6uiq6g||",
      "color": 16438033,
      "timestamp": 1650733761864
    }
  ],
  "attachments": [
    "967472261995049050"
  ]
}
Message from Miku Music#2160:
{
  "channelId": "472228705893351435",
  "guildId": "472200926820827157",
  "id": "967472270366879805",
  "createdTimestamp": 1650733764021,
  "type": "DEFAULT",
  "authorId": "822983883015454731",
  "embeds": [
    {
      "type": "rich",
      "color": 3447003,
      "fields": [
        {
          "value": "TROQUEI MEU PLAYSTATION POR UM FUZIL - @CANÇÕES DE TFM",
          "name": "Name",
          "inline": true
        },
        {
          "value": "54 seconds (0:54)",
          "name": "Duration",
          "inline": true
        },
        {
          "value": "vinicin#1658",
          "name": "Requested by",
          "inline": true
        }
      ]
    }
  ]
}
Message from Miku Music#2160 was updated:
{
  "old": {
    "channelId": "472228705893351435",
    "guildId": "472200926820827157",
    "id": "967472270366879805",
    "createdTimestamp": 1650733764021,
    "type": "DEFAULT",
    "authorId": "822983883015454731",
    "embeds": [
      {
        "type": "rich",
        "color": 3447003,
        "fields": [
          {
            "value": "TROQUEI MEU PLAYSTATION POR UM FUZIL - @CANÇÕES DE TFM",
            "name": "Name",
            "inline": true
          },
          {
            "value": "54 seconds (0:54)",
            "name": "Duration",
            "inline": true
          },
          {
            "value": "vinicin#1658",
            "name": "Requested by",
            "inline": true
          }
        ]
      }
    ]
  },
  "new": {
    "channelId": "472228705893351435",
    "guildId": "472200926820827157",
    "id": "967472270366879805",
    "createdTimestamp": 1650733764021,
    "type": "DEFAULT",
    "authorId": "822983883015454731",
    "embeds": [
      {
        "type": "rich",
        "color": 3447003,
        "fields": [
          {
            "value": "TROQUEI MEU PLAYSTATION POR UM FUZIL - @CANÇÕES DE TFM",
            "name": "Name",
            "inline": true
          },
          {
            "value": "54 seconds (0:54)",
            "name": "Duration",
            "inline": true
          },
          {
            "value": "vinicin#1658",
            "name": "Requested by",
            "inline": true
          }
        ]
      }
    ]
  }
}
Message from Barman#1975:
{
  "channelId": "831174452606926929",
  "guildId": "472200926820827157",
  "id": "967472271260282950",
  "createdTimestamp": 1650733764234,
  "type": "DEFAULT",
  "authorId": "903730942286364702",
  "embeds": [
    {
      "type": "rich",
      "title": "✏️ Mensagem Recebida",
      "description": "**⏰ Data:** 23/04/2022 14:09:24\n**🎯 Canal:** <#472228705893351435>\n**📝 Conteúdo:** --\n**🎲 ID de Registro:** ||ow8su0ec5uip7woucdxvgr2a3||",
      "color": 16438033,
      "timestamp": 1650733764021
    }
  ],
  "attachments": [
    "967472271323201576"
  ]
}
Message from Barman#1975:
{
  "channelId": "831174452606926929",
  "guildId": "472200926820827157",
  "id": "967472272136884234",
  "createdTimestamp": 1650733764443,
  "type": "DEFAULT",
  "authorId": "903730942286364702",
  "embeds": [
    {
      "type": "rich",
      "title": "✂️ Mensagem Alterada",
      "description": "**⏰ Data:** 23/04/2022 14:09:24\n**🎯 Canal:** <#472228705893351435>\n**📝 Conteúdo Anterior:** --\n**📝 Conteúdo Novo:** --\n**🎲 ID de Registro:** tm7hz5cyvcgjtwckzxxqrm6qs",
      "color": 16438033,
      "timestamp": 1650733764021
    }
  ],
  "attachments": [
    "967472272220766219"
  ]
}
Message from vinicin#1658:
{
  "channelId": "472228705893351435",
  "guildId": "472200926820827157",
  "id": "967472481667547197",
  "createdTimestamp": 1650733814399,
  "type": "DEFAULT",
  "content": "3p se munição eu não tiver dou tapa na cara",
  "authorId": "599059525189894165",
  "nonce": "967472484720836608",
  "cleanContent": "3p se munição eu não tiver dou tapa na cara"
}
Message from Barman#1975:
{
  "channelId": "831174452606926929",
  "guildId": "472200926820827157",
  "id": "967472482011476039",
  "createdTimestamp": 1650733814481,
  "type": "DEFAULT",
  "authorId": "903730942286364702",
  "embeds": [
    {
      "type": "rich",
      "title": "✏️ Mensagem Recebida",
      "description": "**⏰ Data:** 23/04/2022 14:10:14\n**🎯 Canal:** <#472228705893351435>\n**📝 Conteúdo:** 3p se munição eu não tiver dou tapa na cara\n**🎲 ID de Registro:** ||rh7mebsutm7ct7vedwninvz1d||",
      "color": 16438033,
      "timestamp": 1650733814399
    }
  ],
  "attachments": [
    "967472482489622528"
  ]
}
Message from Miku Music#2160:
{
  "channelId": "472228705893351435",
  "guildId": "472200926820827157",
  "id": "967472497006100481",
  "createdTimestamp": 1650733818056,
  "type": "DEFAULT",
  "authorId": "822983883015454731",
  "embeds": [
    {
      "type": "rich",
      "color": 16776960,
      "fields": [
        {
          "value": "CANÇÃO DE TFM - EU SOU A MORTE",
          "name": "Name",
          "inline": true
        },
        {
          "value": "66 seconds (1:06)",
          "name": "Duration",
          "inline": true
        },
        {
          "value": "vinicin#1658",
          "name": "Requested by",
          "inline": true
        }
      ]
    }
  ]
}
Message from Barman#1975:
{
  "channelId": "831174452606926929",
  "guildId": "472200926820827157",
  "id": "967472497463279667",
  "createdTimestamp": 1650733818165,
  "type": "DEFAULT",
  "authorId": "903730942286364702",
  "embeds": [
    {
      "type": "rich",
      "title": "✏️ Mensagem Recebida",
      "description": "**⏰ Data:** 23/04/2022 14:10:18\n**🎯 Canal:** <#472228705893351435>\n**📝 Conteúdo:** --\n**🎲 ID de Registro:** ||3kbw10ivevddfc4qb8ulyfxpd||",
      "color": 16438033,
      "timestamp": 1650733818056
    }
  ],
  "attachments": [
    "967472497824002048"
  ]
}
Message from Miku Music#2160 was updated:
{
  "old": {
    "channelId": "472228705893351435",
    "guildId": "472200926820827157",
    "id": "967472497006100481",
    "createdTimestamp": 1650733818056,
    "type": "DEFAULT",
    "authorId": "822983883015454731",
    "embeds": [
      {
        "type": "rich",
        "color": 16776960,
        "fields": [
          {
            "value": "CANÇÃO DE TFM - EU SOU A MORTE",
            "name": "Name",
            "inline": true
          },
          {
            "value": "66 seconds (1:06)",
            "name": "Duration",
            "inline": true
          },
          {
            "value": "vinicin#1658",
            "name": "Requested by",
            "inline": true
          }
        ]
      }
    ]
  },
  "new": {
    "channelId": "472228705893351435",
    "guildId": "472200926820827157",
    "id": "967472497006100481",
    "createdTimestamp": 1650733818056,
    "type": "DEFAULT",
    "authorId": "822983883015454731",
    "embeds": [
      {
        "type": "rich",
        "color": 16776960,
        "fields": [
          {
            "value": "CANÇÃO DE TFM - EU SOU A MORTE",
            "name": "Name",
            "inline": true
          },
          {
            "value": "66 seconds (1:06)",
            "name": "Duration",
            "inline": true
          },
          {
            "value": "vinicin#1658",
            "name": "Requested by",
            "inline": true
          }
        ]
      }
    ]
  }
}
Message from Miku Music#2160:
{
  "channelId": "472228705893351435",
  "guildId": "472200926820827157",
  "id": "967472498805473280",
  "createdTimestamp": 1650733818485,
  "type": "DEFAULT",
  "authorId": "822983883015454731",
  "embeds": [
    {
      "type": "rich",
      "color": 3447003,
      "fields": [
        {
          "value": "CANÇÃO DE TFM - EU SOU A MORTE",
          "name": "Name",
          "inline": true
        },
        {
          "value": "66 seconds (1:06)",
          "name": "Duration",
          "inline": true
        },
        {
          "value": "vinicin#1658",
          "name": "Requested by",
          "inline": true
        }
      ]
    }
  ]
}
Message from Barman#1975:
{
  "channelId": "831174452606926929",
  "guildId": "472200926820827157",
  "id": "967472499363311636",
  "createdTimestamp": 1650733818618,
  "type": "DEFAULT",
  "authorId": "903730942286364702",
  "embeds": [
    {
      "type": "rich",
      "title": "✂️ Mensagem Alterada",
      "description": "**⏰ Data:** 23/04/2022 14:10:18\n**🎯 Canal:** <#472228705893351435>\n**📝 Conteúdo Anterior:** --\n**📝 Conteúdo Novo:** --\n**🎲 ID de Registro:** kb0gd530wy3r0uyu2xmbb3n25",
      "color": 16438033,
      "timestamp": 1650733818056
    }
  ],
  "attachments": [
    "967472499505922058"
  ]
}
Message from Barman#1975:
{
  "channelId": "831174452606926929",
  "guildId": "472200926820827157",
  "id": "967472503066873876",
  "createdTimestamp": 1650733819501,
  "type": "DEFAULT",
  "authorId": "903730942286364702",
  "embeds": [
    {
      "type": "rich",
      "title": "✏️ Mensagem Recebida",
      "description": "**⏰ Data:** 23/04/2022 14:10:18\n**🎯 Canal:** <#472228705893351435>\n**📝 Conteúdo:** --\n**🎲 ID de Registro:** ||7u8wqi86vtvyer05wndo0ubiy||",
      "color": 16438033,
      "timestamp": 1650733818485
    }
  ],
  "attachments": [
    "967472503129772143"
  ]
}
Message from vinicin#1658:
{
  "channelId": "472228705893351435",
  "guildId": "472200926820827157",
  "id": "967472766024560762",
  "createdTimestamp": 1650733882195,
  "type": "DEFAULT",
  "content": "3s",
  "authorId": "599059525189894165",
  "nonce": "967472768712966144",
  "cleanContent": "3s"
}
Message from Barman#1975:
{
  "channelId": "831174452606926929",
  "guildId": "472200926820827157",
  "id": "967472766645338172",
  "createdTimestamp": 1650733882343,
  "type": "DEFAULT",
  "authorId": "903730942286364702",
  "embeds": [
    {
      "type": "rich",
      "title": "✏️ Mensagem Recebida",
      "description": "**⏰ Data:** 23/04/2022 14:11:22\n**🎯 Canal:** <#472228705893351435>\n**📝 Conteúdo:** 3s\n**🎲 ID de Registro:** ||0bbnydgbxuwi14yub7yq3vl58||",
      "color": 16438033,
      "timestamp": 1650733882195
    }
  ],
  "attachments": [
    "967472766691459072"
  ]
}
