[23:01:16] undefined:1
[23:01:16] undefined
[23:01:16] ^
[23:01:16] 
[23:01:16] SyntaxError: Unexpected token u in JSON at position 0
[23:01:16]     at JSON.parse (<anonymous>)
[23:01:16]     at Client.execute (/home/container/src/events/guildMemberUpdate.js:7:38)
[23:01:16]     at runMicrotasks (<anonymous>)
[23:01:16]     at processTicksAndRejections (node:internal/process/task_queues:96:5)
[23:01:16] Exiting application with code 1.
[23:01:19] Bot foi iniciado.
[23:01:27] [ DiscordJS ] Connected as Barman#1975.
[23:01:27] Initializing "/home/container/src/apis/MySQL/index.js"...
[23:01:27] [ MySQL ] Initializing...
[23:01:28] [ MySQL ] Connected to "database.haskhosting.com.br:3306" as "u387_OwpXLRBeV3" in "s387_barman"
[23:01:28] Initializing "/home/container/src/handlers/utility.js"...
[23:01:28] [ DiscordJS ] Handling utilities...
[23:01:28] Initializing "/home/container/src/handlers/commands.js"...
[23:01:28] [ DiscordJS ] Handling commands...
[23:01:28] [ DiscordJS ] All commands successfully imported.
[23:01:28] Initializing "/home/container/src/handlers/events.js"...
[23:01:28] [ DiscordJS ] Handling events...
[23:01:28] [ DiscordJS ] Listening to all events.
[23:01:28] Initializing "/home/container/src/systems/timers.js"...
[23:01:28] [ System ] The system is ready and running.
