[13:30:43] undefined:1
[13:30:43] undefined
[13:30:43] ^
[13:30:43] 
[13:30:43] SyntaxError: Unexpected token u in JSON at position 0
[13:30:43]     at JSON.parse (<anonymous>)
[13:30:43]     at Client.execute (/home/container/src/events/guildMemberUpdate.js:7:38)
[13:30:43]     at runMicrotasks (<anonymous>)
[13:30:43]     at processTicksAndRejections (node:internal/process/task_queues:96:5)
[13:30:43] Exiting application with code 1.
[13:30:45] Bot foi iniciado.
[13:30:54] [ DiscordJS ] Connected as Barman#1975.
[13:30:54] Initializing "/home/container/src/apis/MySQL/index.js"...
[13:30:54] [ MySQL ] Initializing...
[13:30:54] [ MySQL ] Connected to "database.haskhosting.com.br:3306" as "u387_OwpXLRBeV3" in "s387_barman"
[13:30:54] Initializing "/home/container/src/handlers/utility.js"...
[13:30:54] [ DiscordJS ] Handling utilities...
[13:30:54] Initializing "/home/container/src/handlers/commands.js"...
[13:30:54] [ DiscordJS ] Handling commands...
[13:30:55] [ DiscordJS ] All commands successfully imported.
[13:30:55] Initializing "/home/container/src/handlers/events.js"...
[13:30:55] [ DiscordJS ] Handling events...
[13:30:55] [ DiscordJS ] Listening to all events.
[13:30:55] Initializing "/home/container/src/systems/timers.js"...
[13:30:55] [ System ] The system is ready and running.
