[18:24:12] /home/container/src/utility/db.js:22
[18:24:12]         coins: typeof fields.coins === "number" && Number.isInteger(fields.coins) ? fields.coins : 0,
[18:24:12]                              ^
[18:24:12] 
[18:24:12] TypeError: Cannot read properties of undefined (reading 'coins')
[18:24:12]     at Object.setUser (/home/container/src/utility/db.js:22:30)
[18:24:12]     at runMicrotasks (<anonymous>)
[18:24:12]     at processTicksAndRejections (node:internal/process/task_queues:96:5)
[18:24:12]     at async Object.getUser (/home/container/src/utility/db.js:13:63)
[18:24:12]     at async Client.execute (/home/container/src/events/guildMemberAdd.js:9:28)
[18:24:12] Exiting application with code 1.
[18:24:13] Bot foi iniciado.
[18:24:23] [ DiscordJS ] Connected as Barman#1975.
[18:24:23] Initializing "/home/container/src/apis/MySQL/index.js"...
[18:24:23] [ MySQL ] Initializing...
[18:24:23] [ MySQL ] Connected to "database.haskhosting.com.br:3306" as "u387_OwpXLRBeV3" in "s387_barman"
[18:24:23] Initializing "/home/container/src/handlers/utility.js"...
[18:24:23] [ DiscordJS ] Handling utilities...
[18:24:23] Initializing "/home/container/src/handlers/commands.js"...
[18:24:23] [ DiscordJS ] Handling commands...
[18:24:23] [ DiscordJS ] All commands successfully imported.
[18:24:23] Initializing "/home/container/src/handlers/events.js"...
[18:24:23] [ DiscordJS ] Handling events...
[18:24:23] [ DiscordJS ] Listening to all events.
[18:24:23] Initializing "/home/container/src/systems/timers.js"...
[18:24:24] [ System ] The system is ready and running.
