[19:38:53] /home/container/src/utility/db.js:22
[19:38:53]         coins: typeof fields.coins === "number" && Number.isInteger(fields.coins) ? fields.coins : 0,
[19:38:53]                              ^
[19:38:53] 
[19:38:53] TypeError: Cannot read properties of undefined (reading 'coins')
[19:38:53]     at Object.setUser (/home/container/src/utility/db.js:22:30)
[19:38:53]     at runMicrotasks (<anonymous>)
[19:38:53]     at processTicksAndRejections (node:internal/process/task_queues:96:5)
[19:38:53]     at async Object.getUser (/home/container/src/utility/db.js:13:63)
[19:38:53]     at async Client.execute (/home/container/src/events/guildMemberUpdate.js:6:28)
[19:38:53] Exiting application with code 1.
[19:38:54] Bot foi iniciado.
[19:39:04] [ DiscordJS ] Connected as Barman#1975.
[19:39:04] Initializing "/home/container/src/apis/MySQL/index.js"...
[19:39:04] [ MySQL ] Initializing...
[19:39:04] [ MySQL ] Connected to "database.haskhosting.com.br:3306" as "u387_OwpXLRBeV3" in "s387_barman"
[19:39:04] Initializing "/home/container/src/handlers/utility.js"...
[19:39:04] [ DiscordJS ] Handling utilities...
[19:39:04] Initializing "/home/container/src/handlers/commands.js"...
[19:39:04] [ DiscordJS ] Handling commands...
[19:39:04] [ DiscordJS ] All commands successfully imported.
[19:39:04] Initializing "/home/container/src/handlers/events.js"...
[19:39:04] [ DiscordJS ] Handling events...
[19:39:04] [ DiscordJS ] Listening to all events.
[19:39:04] Initializing "/home/container/src/systems/timers.js"...
[19:39:04] [ System ] The system is ready and running.
[19:39:40] /home/container/src/utility/db.js:22
[19:39:40]         coins: typeof fields.coins === "number" && Number.isInteger(fields.coins) ? fields.coins : 0,
[19:39:40]                              ^
[19:39:40] 
[19:39:40] TypeError: Cannot read properties of undefined (reading 'coins')
[19:39:40]     at Object.setUser (/home/container/src/utility/db.js:22:30)
[19:39:40]     at processTicksAndRejections (node:internal/process/task_queues:96:5)
[19:39:40]     at async Object.getUser (/home/container/src/utility/db.js:13:63)
[19:39:40]     at async Client.execute (/home/container/src/events/guildMemberUpdate.js:6:28)
[19:39:40] Exiting application with code 1.
[19:39:41] Bot foi iniciado.
[19:39:51] [ DiscordJS ] Connected as Barman#1975.
[19:39:51] Initializing "/home/container/src/apis/MySQL/index.js"...
[19:39:51] [ MySQL ] Initializing...
[19:39:51] [ MySQL ] Connected to "database.haskhosting.com.br:3306" as "u387_OwpXLRBeV3" in "s387_barman"
[19:39:51] Initializing "/home/container/src/handlers/utility.js"...
[19:39:51] [ DiscordJS ] Handling utilities...
[19:39:51] Initializing "/home/container/src/handlers/commands.js"...
[19:39:51] [ DiscordJS ] Handling commands...
[19:39:51] [ DiscordJS ] All commands successfully imported.
[19:39:51] Initializing "/home/container/src/handlers/events.js"...
[19:39:51] [ DiscordJS ] Handling events...
[19:39:51] [ DiscordJS ] Listening to all events.
[19:39:51] Initializing "/home/container/src/systems/timers.js"...
[19:39:51] [ System ] The system is ready and running.
[19:51:25] /home/container/src/utility/db.js:22
[19:51:25]         coins: typeof fields.coins === "number" && Number.isInteger(fields.coins) ? fields.coins : 0,
[19:51:25]                              ^
[19:51:25] 
[19:51:25] TypeError: Cannot read properties of undefined (reading 'coins')
[19:51:25]     at Object.setUser (/home/container/src/utility/db.js:22:30)
[19:51:25]     at processTicksAndRejections (node:internal/process/task_queues:96:5)
[19:51:25]     at async Object.getUser (/home/container/src/utility/db.js:13:63)
[19:51:25]     at async Client.execute (/home/container/src/events/guildMemberUpdate.js:6:28)
[19:51:25] Exiting application with code 1.
[19:51:26] Bot foi iniciado.
[19:51:35] [ DiscordJS ] Connected as Barman#1975.
[19:51:35] Initializing "/home/container/src/apis/MySQL/index.js"...
[19:51:35] [ MySQL ] Initializing...
[19:51:36] [ MySQL ] Connected to "database.haskhosting.com.br:3306" as "u387_OwpXLRBeV3" in "s387_barman"
[19:51:36] Initializing "/home/container/src/handlers/utility.js"...
[19:51:36] [ DiscordJS ] Handling utilities...
[19:51:36] Initializing "/home/container/src/handlers/commands.js"...
[19:51:36] [ DiscordJS ] Handling commands...
[19:51:36] [ DiscordJS ] All commands successfully imported.
[19:51:36] Initializing "/home/container/src/handlers/events.js"...
[19:51:36] [ DiscordJS ] Handling events...
[19:51:36] [ DiscordJS ] Listening to all events.
[19:51:36] Initializing "/home/container/src/systems/timers.js"...
[19:51:36] [ System ] The system is ready and running.
[19:53:46] /home/container/src/utility/db.js:22
[19:53:46]         coins: typeof fields.coins === "number" && Number.isInteger(fields.coins) ? fields.coins : 0,
[19:53:46]                              ^
[19:53:46] 
[19:53:46] TypeError: Cannot read properties of undefined (reading 'coins')
[19:53:46]     at Object.setUser (/home/container/src/utility/db.js:22:30)
[19:53:46]     at processTicksAndRejections (node:internal/process/task_queues:96:5)
[19:53:46]     at async Object.getUser (/home/container/src/utility/db.js:13:63)
[19:53:46]     at async Client.execute (/home/container/src/events/guildMemberUpdate.js:6:28)
[19:53:46] Exiting application with code 1.
[19:53:47] Bot foi iniciado.
[19:53:57] [ DiscordJS ] Connected as Barman#1975.
[19:53:57] Initializing "/home/container/src/apis/MySQL/index.js"...
[19:53:57] [ MySQL ] Initializing...
[19:53:57] [ MySQL ] Connected to "database.haskhosting.com.br:3306" as "u387_OwpXLRBeV3" in "s387_barman"
[19:53:57] Initializing "/home/container/src/handlers/utility.js"...
[19:53:57] [ DiscordJS ] Handling utilities...
[19:53:57] Initializing "/home/container/src/handlers/commands.js"...
[19:53:57] [ DiscordJS ] Handling commands...
[19:53:57] [ DiscordJS ] All commands successfully imported.
[19:53:57] Initializing "/home/container/src/handlers/events.js"...
[19:53:57] [ DiscordJS ] Handling events...
[19:53:57] [ DiscordJS ] Listening to all events.
[19:53:57] Initializing "/home/container/src/systems/timers.js"...
[19:53:57] [ System ] The system is ready and running.
