[14:36:20] /home/container/src/utility/db.js:22
[14:36:20]         coins: typeof fields.coins === "number" && Number.isInteger(fields.coins) ? fields.coins : 0,
[14:36:20]                              ^
[14:36:20] 
[14:36:20] TypeError: Cannot read properties of undefined (reading 'coins')
[14:36:20]     at Object.setUser (/home/container/src/utility/db.js:22:30)
[14:36:20]     at runMicrotasks (<anonymous>)
[14:36:20]     at processTicksAndRejections (node:internal/process/task_queues:96:5)
[14:36:20]     at async Object.getUser (/home/container/src/utility/db.js:13:63)
[14:36:20]     at async Client.execute (/home/container/src/events/guildMemberUpdate.js:6:28)
[14:36:21] Exiting application with code 1.
[14:36:22] Bot foi iniciado.
[14:36:31] [ DiscordJS ] Connected as Barman#1975.
[14:36:31] Initializing "/home/container/src/apis/MySQL/index.js"...
[14:36:31] [ MySQL ] Initializing...
[14:36:32] [ MySQL ] Connected to "database.haskhosting.com.br:3306" as "u387_OwpXLRBeV3" in "s387_barman"
[14:36:32] Initializing "/home/container/src/handlers/utility.js"...
[14:36:32] [ DiscordJS ] Handling utilities...
[14:36:32] Initializing "/home/container/src/handlers/commands.js"...
[14:36:32] [ DiscordJS ] Handling commands...
[14:36:32] [ DiscordJS ] All commands successfully imported.
[14:36:32] Initializing "/home/container/src/handlers/events.js"...
[14:36:32] [ DiscordJS ] Handling events...
[14:36:32] [ DiscordJS ] Listening to all events.
[14:36:32] Initializing "/home/container/src/systems/timers.js"...
[14:36:32] [ System ] The system is ready and running.
[18:31:53] /home/container/src/utility/db.js:22
[18:31:53]         coins: typeof fields.coins === "number" && Number.isInteger(fields.coins) ? fields.coins : 0,
[18:31:53]                              ^
[18:31:53] 
[18:31:53] TypeError: Cannot read properties of undefined (reading 'coins')
[18:31:53]     at Object.setUser (/home/container/src/utility/db.js:22:30)
[18:31:53]     at runMicrotasks (<anonymous>)
[18:31:53]     at processTicksAndRejections (node:internal/process/task_queues:96:5)
[18:31:53]     at async Object.getUser (/home/container/src/utility/db.js:13:63)
[18:31:53]     at async Client.execute (/home/container/src/events/guildMemberAdd.js:9:28)
[18:31:53] Exiting application with code 1.
[18:31:54] Bot foi iniciado.
[18:32:04] [ DiscordJS ] Connected as Barman#1975.
[18:32:04] Initializing "/home/container/src/apis/MySQL/index.js"...
[18:32:04] [ MySQL ] Initializing...
[18:32:04] [ MySQL ] Connected to "database.haskhosting.com.br:3306" as "u387_OwpXLRBeV3" in "s387_barman"
[18:32:04] Initializing "/home/container/src/handlers/utility.js"...
[18:32:04] [ DiscordJS ] Handling utilities...
[18:32:04] Initializing "/home/container/src/handlers/commands.js"...
[18:32:04] [ DiscordJS ] Handling commands...
[18:32:04] [ DiscordJS ] All commands successfully imported.
[18:32:04] Initializing "/home/container/src/handlers/events.js"...
[18:32:04] [ DiscordJS ] Handling events...
[18:32:04] [ DiscordJS ] Listening to all events.
[18:32:04] Initializing "/home/container/src/systems/timers.js"...
[18:32:04] [ System ] The system is ready and running.
[21:42:40] /home/container/src/utility/db.js:22
[21:42:40]         coins: typeof fields.coins === "number" && Number.isInteger(fields.coins) ? fields.coins : 0,
[21:42:40]                              ^
[21:42:40] 
[21:42:40] TypeError: Cannot read properties of undefined (reading 'coins')
[21:42:40]     at Object.setUser (/home/container/src/utility/db.js:22:30)
[21:42:40]     at runMicrotasks (<anonymous>)
[21:42:40]     at processTicksAndRejections (node:internal/process/task_queues:96:5)
[21:42:40]     at async Object.getUser (/home/container/src/utility/db.js:13:63)
[21:42:40]     at async Client.execute (/home/container/src/events/guildMemberUpdate.js:6:28)
[21:42:40] Exiting application with code 1.
[21:42:41] Bot foi iniciado.
[21:42:50] [ DiscordJS ] Connected as Barman#1975.
[21:42:50] Initializing "/home/container/src/apis/MySQL/index.js"...
[21:42:50] [ MySQL ] Initializing...
[21:42:51] [ MySQL ] Connected to "database.haskhosting.com.br:3306" as "u387_OwpXLRBeV3" in "s387_barman"
[21:42:51] Initializing "/home/container/src/handlers/utility.js"...
[21:42:51] [ DiscordJS ] Handling utilities...
[21:42:51] Initializing "/home/container/src/handlers/commands.js"...
[21:42:51] [ DiscordJS ] Handling commands...
[21:42:51] [ DiscordJS ] All commands successfully imported.
[21:42:51] Initializing "/home/container/src/handlers/events.js"...
[21:42:51] [ DiscordJS ] Handling events...
[21:42:51] [ DiscordJS ] Listening to all events.
[21:42:51] Initializing "/home/container/src/systems/timers.js"...
[21:42:51] [ System ] The system is ready and running.
