[17:27:46] Bot foi iniciado.
[17:27:46] [ DiscordJS ] Connected as Barman#1975.
[17:27:46] Initializing "/home/container/src/apis/MySQL/index.js"...
[17:27:46] [ MySQL ] Initializing...
[17:27:47] [ MySQL ] Connected to "database.haskhosting.com.br:3306" as "u387_OwpXLRBeV3" in "s387_barman"
[17:27:47] Initializing "/home/container/src/handlers/utility.js"...
[17:27:47] [ DiscordJS ] Handling utilities...
[17:27:47] Initializing "/home/container/src/handlers/commands.js"...
[17:27:47] [ DiscordJS ] Handling commands...
[17:27:47] [ DiscordJS ] All commands successfully imported.
[17:27:47] Initializing "/home/container/src/handlers/events.js"...
[17:27:47] [ DiscordJS ] Handling events...
[17:27:47] [ DiscordJS ] Listening to all events.
[17:27:47] [ System ] The system is ready and running.
[17:46:39] Bot foi iniciado.
[17:46:40] [ DiscordJS ] Connected as Barman#1975.
[17:46:40] Initializing "/home/container/src/apis/MySQL/index.js"...
[17:46:40] [ MySQL ] Initializing...
[17:46:40] [ MySQL ] Connected to "database.haskhosting.com.br:3306" as "u387_OwpXLRBeV3" in "s387_barman"
[17:46:40] Initializing "/home/container/src/handlers/utility.js"...
[17:46:40] [ DiscordJS ] Handling utilities...
[17:46:40] Initializing "/home/container/src/handlers/commands.js"...
[17:46:40] [ DiscordJS ] Handling commands...
[17:46:40] [ DiscordJS ] All commands successfully imported.
[17:46:40] Initializing "/home/container/src/handlers/events.js"...
[17:46:40] [ DiscordJS ] Handling events...
[17:46:40] [ DiscordJS ] Listening to all events.
[17:46:40] [ System ] The system is ready and running.
