[08:22:56] [ DiscordJS ] Command rl executed by henrique#0001 (897291486285156362)
[08:22:57] Exiting application with code 71.
[08:22:58] Bot foi iniciado.
[08:23:08] [ DiscordJS ] Connected as Barman#1975.
[08:23:08] Initializing "/home/container/src/apis/MySQL/index.js"...
[08:23:08] [ MySQL ] Initializing...
[08:23:08] [ MySQL ] Connected to "database.haskhosting.com.br:3306" as "u387_OwpXLRBeV3" in "s387_barman"
[08:23:08] Initializing "/home/container/src/handlers/utility.js"...
[08:23:08] [ DiscordJS ] Handling utilities...
[08:23:08] Initializing "/home/container/src/handlers/commands.js"...
[08:23:08] [ DiscordJS ] Handling commands...
[08:23:08] [ DiscordJS ] All commands successfully imported.
[08:23:08] Initializing "/home/container/src/handlers/events.js"...
[08:23:08] [ DiscordJS ] Handling events...
[08:23:08] [ DiscordJS ] Listening to all events.
[08:23:08] [ System ] The system is ready and running.
[08:49:51] Bot foi iniciado.
[08:49:51] [ DiscordJS ] Connected as Barman#1975.
[08:49:51] Initializing "/home/container/src/apis/MySQL/index.js"...
[08:49:51] [ MySQL ] Initializing...
[08:49:52] [ MySQL ] Connected to "database.haskhosting.com.br:3306" as "u387_OwpXLRBeV3" in "s387_barman"
[08:49:52] Initializing "/home/container/src/handlers/utility.js"...
[08:49:52] [ DiscordJS ] Handling utilities...
[08:49:52] Initializing "/home/container/src/handlers/commands.js"...
[08:49:52] [ DiscordJS ] Handling commands...
[08:49:52] [ DiscordJS ] All commands successfully imported.
[08:49:52] Initializing "/home/container/src/handlers/events.js"...
[08:49:52] [ DiscordJS ] Handling events...
[08:49:52] [ DiscordJS ] Listening to all events.
[08:49:52] [ System ] The system is ready and running.
[08:49:52] undefined:1
[08:49:52] [\"CREATE TABLE IF NOT EXISTS `users` (`id` VARCHAR(20) PRIMARY KEY, `coins` INT(11), `punishments` TEXT)\"]
[08:49:52]  ^
[08:49:52] 
[08:49:52] SyntaxError: Unexpected token \ in JSON at position 1
[08:49:52]     at JSON.parse (<anonymous>)
[08:49:52]     at Connection.<anonymous> (/home/container/src/apis/MySQL/index.js:31:36)
[08:49:52]     at Object.onceWrapper (node:events:509:28)
[08:49:52]     at Connection.emit (node:events:390:28)
[08:49:52]     at Connection._handleProtocolConnect (/home/container/node_modules/mysql/lib/Connection.js:432:8)
[08:49:52]     at Socket.emit (node:events:402:35)
[08:49:52]     at TCPConnectWrap.afterConnect [as oncomplete] (node:net:1147:10)
[08:49:52] Exiting application with code 1.
[08:50:04] Bot foi iniciado.
[08:50:11] [ DiscordJS ] Connected as Barman#1975.
[08:50:11] Initializing "/home/container/src/apis/MySQL/index.js"...
[08:50:11] [ MySQL ] Initializing...
[08:50:12] [ MySQL ] Connected to "database.haskhosting.com.br:3306" as "u387_OwpXLRBeV3" in "s387_barman"
[08:50:12] Initializing "/home/container/src/handlers/utility.js"...
[08:50:12] [ DiscordJS ] Handling utilities...
[08:50:12] Initializing "/home/container/src/handlers/commands.js"...
[08:50:12] [ DiscordJS ] Handling commands...
[08:50:12] [ DiscordJS ] All commands successfully imported.
[08:50:12] Initializing "/home/container/src/handlers/events.js"...
[08:50:12] [ DiscordJS ] Handling events...
[08:50:12] [ DiscordJS ] Listening to all events.
[08:50:12] [ System ] The system is ready and running.
[08:50:12] undefined:1
[08:50:12] [\"CREATE TABLE IF NOT EXISTS `users` (`id` VARCHAR(20) PRIMARY KEY, `coins` INT(11), `punishments` TEXT)\"]
[08:50:12]  ^
[08:50:12] 
[08:50:12] SyntaxError: Unexpected token \ in JSON at position 1
[08:50:12]     at JSON.parse (<anonymous>)
[08:50:12]     at Connection.<anonymous> (/home/container/src/apis/MySQL/index.js:31:36)
[08:50:12]     at Object.onceWrapper (node:events:509:28)
[08:50:12]     at Connection.emit (node:events:390:28)
[08:50:12]     at Connection._handleProtocolConnect (/home/container/node_modules/mysql/lib/Connection.js:432:8)
[08:50:12]     at Socket.emit (node:events:402:35)
[08:50:12]     at TCPConnectWrap.afterConnect [as oncomplete] (node:net:1147:10)
[08:50:12] Exiting application with code 1.
[08:50:22] Bot foi iniciado.
[08:50:31] [ DiscordJS ] Connected as Barman#1975.
[08:50:31] Initializing "/home/container/src/apis/MySQL/index.js"...
[08:50:31] [ MySQL ] Initializing...
[08:50:32] [ MySQL ] Connected to "database.haskhosting.com.br:3306" as "u387_OwpXLRBeV3" in "s387_barman"
[08:50:32] Initializing "/home/container/src/handlers/utility.js"...
[08:50:32] [ DiscordJS ] Handling utilities...
[08:50:32] Initializing "/home/container/src/handlers/commands.js"...
[08:50:32] [ DiscordJS ] Handling commands...
[08:50:32] [ DiscordJS ] All commands successfully imported.
[08:50:32] Initializing "/home/container/src/handlers/events.js"...
[08:50:32] [ DiscordJS ] Handling events...
[08:50:32] [ DiscordJS ] Listening to all events.
[08:50:32] [ System ] The system is ready and running.
[08:50:32] undefined:1
[08:50:32] [\"CREATE TABLE IF NOT EXISTS `users` (`id` VARCHAR(20) PRIMARY KEY, `coins` INT(11), `punishments` TEXT)\"]
[08:50:32]  ^
[08:50:32] 
[08:50:32] SyntaxError: Unexpected token \ in JSON at position 1
[08:50:32]     at JSON.parse (<anonymous>)
[08:50:32]     at Connection.<anonymous> (/home/container/src/apis/MySQL/index.js:31:36)
[08:50:32]     at Object.onceWrapper (node:events:509:28)
[08:50:32]     at Connection.emit (node:events:390:28)
[08:50:32]     at Connection._handleProtocolConnect (/home/container/node_modules/mysql/lib/Connection.js:432:8)
[08:50:32]     at Socket.emit (node:events:402:35)
[08:50:32]     at TCPConnectWrap.afterConnect [as oncomplete] (node:net:1147:10)
[08:50:32] Exiting application with code 1.
[08:50:42] Bot foi iniciado.
[08:50:52] [ DiscordJS ] Connected as Barman#1975.
[08:50:52] Initializing "/home/container/src/apis/MySQL/index.js"...
[08:50:52] [ MySQL ] Initializing...
[08:50:52] [ MySQL ] Connected to "database.haskhosting.com.br:3306" as "u387_OwpXLRBeV3" in "s387_barman"
[08:50:52] Initializing "/home/container/src/handlers/utility.js"...
[08:50:52] [ DiscordJS ] Handling utilities...
[08:50:52] Initializing "/home/container/src/handlers/commands.js"...
[08:50:52] [ DiscordJS ] Handling commands...
[08:50:52] [ DiscordJS ] All commands successfully imported.
[08:50:52] Initializing "/home/container/src/handlers/events.js"...
[08:50:52] [ DiscordJS ] Handling events...
[08:50:52] [ DiscordJS ] Listening to all events.
[08:50:52] [ System ] The system is ready and running.
[08:50:52] undefined:1
[08:50:52] [\"CREATE TABLE IF NOT EXISTS `users` (`id` VARCHAR(20) PRIMARY KEY, `coins` INT(11), `punishments` TEXT)\"]
[08:50:52]  ^
[08:50:52] 
[08:50:52] SyntaxError: Unexpected token \ in JSON at position 1
[08:50:52]     at JSON.parse (<anonymous>)
[08:50:52]     at Connection.<anonymous> (/home/container/src/apis/MySQL/index.js:31:36)
[08:50:52]     at Object.onceWrapper (node:events:509:28)
[08:50:52]     at Connection.emit (node:events:390:28)
[08:50:52]     at Connection._handleProtocolConnect (/home/container/node_modules/mysql/lib/Connection.js:432:8)
[08:50:52]     at Socket.emit (node:events:402:35)
[08:50:52]     at TCPConnectWrap.afterConnect [as oncomplete] (node:net:1147:10)
[08:50:52] Exiting application with code 1.
[08:51:04] Bot foi iniciado.
[08:51:04] [ DiscordJS ] Connected as Barman#1975.
[08:51:04] Initializing "/home/container/src/apis/MySQL/index.js"...
[08:51:04] [ MySQL ] Initializing...
[08:51:04] [ MySQL ] Connected to "database.haskhosting.com.br:3306" as "u387_OwpXLRBeV3" in "s387_barman"
[08:51:04] Initializing "/home/container/src/handlers/utility.js"...
[08:51:04] [ DiscordJS ] Handling utilities...
[08:51:04] Initializing "/home/container/src/handlers/commands.js"...
[08:51:04] [ DiscordJS ] Handling commands...
[08:51:04] [ DiscordJS ] All commands successfully imported.
[08:51:04] Initializing "/home/container/src/handlers/events.js"...
[08:51:04] [ DiscordJS ] Handling events...
[08:51:04] [ DiscordJS ] Listening to all events.
[08:51:04] [ System ] The system is ready and running.
[10:08:26] [ MySQL ] Received an error on query "INSERT INTO `users` (`id`, `xp`) VALUES ("850913914543013898", 0)".
[10:08:26] Error: ER_BAD_FIELD_ERROR: Unknown column 'xp' in 'field list'
[10:08:26]     at Query.Sequence._packetToError (/home/container/node_modules/mysql/lib/protocol/sequences/Sequence.js:47:14)
[10:08:26]     at Query.ErrorPacket (/home/container/node_modules/mysql/lib/protocol/sequences/Query.js:79:18)
[10:08:26]     at Protocol._parsePacket (/home/container/node_modules/mysql/lib/protocol/Protocol.js:291:23)
[10:08:26]     at Parser._parsePacket (/home/container/node_modules/mysql/lib/protocol/Parser.js:433:10)
[10:08:26]     at Parser.write (/home/container/node_modules/mysql/lib/protocol/Parser.js:43:10)
[10:08:26]     at Protocol.write (/home/container/node_modules/mysql/lib/protocol/Protocol.js:38:16)
[10:08:26]     at Socket.<anonymous> (/home/container/node_modules/mysql/lib/Connection.js:88:28)
[10:08:26]     at Socket.<anonymous> (/home/container/node_modules/mysql/lib/Connection.js:526:10)
[10:08:26]     at Socket.emit (node:events:390:28)
[10:08:26]     at addChunk (node:internal/streams/readable:315:12)
[10:08:26]     --------------------
[10:08:26]     at Protocol._enqueue (/home/container/node_modules/mysql/lib/protocol/Protocol.js:144:48)
[10:08:26]     at Connection.query (/home/container/node_modules/mysql/lib/Connection.js:198:25)
[10:08:26]     at /home/container/src/apis/MySQL/index.js:23:71
[10:08:26]     at new Promise (<anonymous>)
[10:08:26]     at global.query (/home/container/src/apis/MySQL/index.js:23:34)
[10:08:26]     at Client.execute (/home/container/src/events/guildMemberAdd.js:10:32)
[10:08:26]     at processTicksAndRejections (node:internal/process/task_queues:96:5) {
[10:08:26]   code: 'ER_BAD_FIELD_ERROR',
[10:08:26]   errno: 1054,
[10:08:26]   sqlMessage: "Unknown column 'xp' in 'field list'",
[10:08:26]   sqlState: '42S22',
[10:08:26]   index: 0,
[10:08:26]   sql: 'INSERT INTO `users` (`id`, `xp`) VALUES ("850913914543013898", 0)'
[10:08:26] }
[10:08:26] node:internal/process/promises:246
[10:08:26]           triggerUncaughtException(err, true /* fromPromise */);
[10:08:26]           ^
[10:08:26] 
[10:08:26] Error: ER_BAD_FIELD_ERROR: Unknown column 'xp' in 'field list'
[10:08:26]     at Query.Sequence._packetToError (/home/container/node_modules/mysql/lib/protocol/sequences/Sequence.js:47:14)
[10:08:26]     at Query.ErrorPacket (/home/container/node_modules/mysql/lib/protocol/sequences/Query.js:79:18)
[10:08:26]     at Protocol._parsePacket (/home/container/node_modules/mysql/lib/protocol/Protocol.js:291:23)
[10:08:26]     at Parser._parsePacket (/home/container/node_modules/mysql/lib/protocol/Parser.js:433:10)
[10:08:26]     at Parser.write (/home/container/node_modules/mysql/lib/protocol/Parser.js:43:10)
[10:08:26]     at Protocol.write (/home/container/node_modules/mysql/lib/protocol/Protocol.js:38:16)
[10:08:26]     at Socket.<anonymous> (/home/container/node_modules/mysql/lib/Connection.js:88:28)
[10:08:26]     at Socket.<anonymous> (/home/container/node_modules/mysql/lib/Connection.js:526:10)
[10:08:26]     at Socket.emit (node:events:390:28)
[10:08:26]     at addChunk (node:internal/streams/readable:315:12)
[10:08:26]     --------------------
[10:08:26]     at Protocol._enqueue (/home/container/node_modules/mysql/lib/protocol/Protocol.js:144:48)
[10:08:26]     at Connection.query (/home/container/node_modules/mysql/lib/Connection.js:198:25)
[10:08:26]     at /home/container/src/apis/MySQL/index.js:23:71
[10:08:26]     at new Promise (<anonymous>)
[10:08:26]     at global.query (/home/container/src/apis/MySQL/index.js:23:34)
[10:08:26]     at Client.execute (/home/container/src/events/guildMemberAdd.js:10:32)
[10:08:26]     at processTicksAndRejections (node:internal/process/task_queues:96:5) {
[10:08:26]   code: 'ER_BAD_FIELD_ERROR',
[10:08:26]   errno: 1054,
[10:08:26]   sqlMessage: "Unknown column 'xp' in 'field list'",
[10:08:26]   sqlState: '42S22',
[10:08:26]   index: 0,
[10:08:26]   sql: 'INSERT INTO `users` (`id`, `xp`) VALUES ("850913914543013898", 0)'
[10:08:26] }
[10:08:26] Exiting application with code 1.
[10:08:27] Bot foi iniciado.
[10:08:37] [ DiscordJS ] Connected as Barman#1975.
[10:08:37] Initializing "/home/container/src/apis/MySQL/index.js"...
[10:08:37] [ MySQL ] Initializing...
[10:08:37] [ MySQL ] Connected to "database.haskhosting.com.br:3306" as "u387_OwpXLRBeV3" in "s387_barman"
[10:08:37] Initializing "/home/container/src/handlers/utility.js"...
[10:08:37] [ DiscordJS ] Handling utilities...
[10:08:38] Initializing "/home/container/src/handlers/commands.js"...
[10:08:38] [ DiscordJS ] Handling commands...
[10:08:38] [ DiscordJS ] All commands successfully imported.
[10:08:38] Initializing "/home/container/src/handlers/events.js"...
[10:08:38] [ DiscordJS ] Handling events...
[10:08:38] [ DiscordJS ] Listening to all events.
[10:08:38] Initializing "/home/container/src/systems/timers.js"...
[10:08:38] /home/container/src/index.js:126
[10:08:38]             throw new Error(error);
[10:08:38]                   ^
[10:08:38] 
[10:08:38] Error: TypeError: require(...).catch is not a function
[10:08:38]     at Client.<anonymous> (/home/container/src/index.js:126:19)
[10:08:38]     at processTicksAndRejections (node:internal/process/task_queues:96:5)
[10:08:38] Exiting application with code 1.
[10:08:48] Bot foi iniciado.
[10:08:57] [ DiscordJS ] Connected as Barman#1975.
[10:08:57] Initializing "/home/container/src/apis/MySQL/index.js"...
[10:08:57] [ MySQL ] Initializing...
[10:08:58] [ MySQL ] Connected to "database.haskhosting.com.br:3306" as "u387_OwpXLRBeV3" in "s387_barman"
[10:08:58] Initializing "/home/container/src/handlers/utility.js"...
[10:08:58] [ DiscordJS ] Handling utilities...
[10:08:58] Initializing "/home/container/src/handlers/commands.js"...
[10:08:58] [ DiscordJS ] Handling commands...
[10:08:58] [ DiscordJS ] All commands successfully imported.
[10:08:58] Initializing "/home/container/src/handlers/events.js"...
[10:08:58] [ DiscordJS ] Handling events...
[10:08:58] [ DiscordJS ] Listening to all events.
[10:08:58] Initializing "/home/container/src/systems/timers.js"...
[10:08:58] /home/container/src/index.js:126
[10:08:58]             throw new Error(error);
[10:08:58]                   ^
[10:08:58] 
[10:08:58] Error: TypeError: require(...).catch is not a function
[10:08:58]     at Client.<anonymous> (/home/container/src/index.js:126:19)
[10:08:58]     at processTicksAndRejections (node:internal/process/task_queues:96:5)
[10:08:58] Exiting application with code 1.
[10:09:08] Bot foi iniciado.
[10:09:18] [ DiscordJS ] Connected as Barman#1975.
[10:09:18] Initializing "/home/container/src/apis/MySQL/index.js"...
[10:09:18] [ MySQL ] Initializing...
[10:09:18] [ MySQL ] Connected to "database.haskhosting.com.br:3306" as "u387_OwpXLRBeV3" in "s387_barman"
[10:09:18] Initializing "/home/container/src/handlers/utility.js"...
[10:09:18] [ DiscordJS ] Handling utilities...
[10:09:18] Initializing "/home/container/src/handlers/commands.js"...
[10:09:18] [ DiscordJS ] Handling commands...
[10:09:18] [ DiscordJS ] All commands successfully imported.
[10:09:18] Initializing "/home/container/src/handlers/events.js"...
[10:09:18] [ DiscordJS ] Handling events...
[10:09:18] [ DiscordJS ] Listening to all events.
[10:09:18] Initializing "/home/container/src/systems/timers.js"...
[10:09:18] /home/container/src/index.js:126
[10:09:18]             throw new Error(error);
[10:09:18]                   ^
[10:09:18] 
[10:09:18] Error: TypeError: require(...).catch is not a function
[10:09:18]     at Client.<anonymous> (/home/container/src/index.js:126:19)
[10:09:18]     at processTicksAndRejections (node:internal/process/task_queues:96:5)
[10:09:18] Exiting application with code 1.
[10:09:28] Bot foi iniciado.
[10:09:36] Bot foi iniciado.
[10:09:36] [ DiscordJS ] Connected as Barman#1975.
[10:09:36] Initializing "/home/container/src/apis/MySQL/index.js"...
[10:09:36] [ MySQL ] Initializing...
[10:09:37] [ MySQL ] Connected to "database.haskhosting.com.br:3306" as "u387_OwpXLRBeV3" in "s387_barman"
[10:09:37] Initializing "/home/container/src/handlers/utility.js"...
[10:09:37] [ DiscordJS ] Handling utilities...
[10:09:37] Initializing "/home/container/src/handlers/commands.js"...
[10:09:37] [ DiscordJS ] Handling commands...
[10:09:37] [ DiscordJS ] All commands successfully imported.
[10:09:37] Initializing "/home/container/src/handlers/events.js"...
[10:09:37] [ DiscordJS ] Handling events...
[10:09:37] [ DiscordJS ] Listening to all events.
[10:09:37] Initializing "/home/container/src/systems/timers.js"...
[10:09:37] [ System ] The system is ready and running.
[10:15:17] Bot foi iniciado.
[10:15:18] [ DiscordJS ] Connected as Barman#1975.
[10:15:18] Initializing "/home/container/src/apis/MySQL/index.js"...
[10:15:18] [ MySQL ] Initializing...
[10:15:18] [ MySQL ] Connected to "database.haskhosting.com.br:3306" as "u387_OwpXLRBeV3" in "s387_barman"
[10:15:18] Initializing "/home/container/src/handlers/utility.js"...
[10:15:18] [ DiscordJS ] Handling utilities...
[10:15:18] Initializing "/home/container/src/handlers/commands.js"...
[10:15:18] [ DiscordJS ] Handling commands...
[10:15:18] [ DiscordJS ] All commands successfully imported.
[10:15:18] Initializing "/home/container/src/handlers/events.js"...
[10:15:18] [ DiscordJS ] Handling events...
[10:15:18] [ DiscordJS ] Listening to all events.
[10:15:18] Initializing "/home/container/src/systems/timers.js"...
[10:15:18] [ System ] The system is ready and running.
[10:18:20] /home/container/src/utility/db.js:12
[10:18:20]         const users = await this.getUsers();
[10:18:20]                                  ^
[10:18:20] 
[10:18:20] TypeError: this.getUsers is not a function
[10:18:20]     at Object.getUser (/home/container/src/utility/db.js:12:34)
[10:18:20]     at processTicksAndRejections (node:internal/process/task_queues:96:5)
[10:18:20]     at async Client.execute (/home/container/src/events/guildMemberAdd.js:9:28)
[10:18:20] Exiting application with code 1.
[10:18:21] Bot foi iniciado.
[10:18:31] [ DiscordJS ] Connected as Barman#1975.
[10:18:31] Initializing "/home/container/src/apis/MySQL/index.js"...
[10:18:31] [ MySQL ] Initializing...
[10:18:31] [ MySQL ] Connected to "database.haskhosting.com.br:3306" as "u387_OwpXLRBeV3" in "s387_barman"
[10:18:31] Initializing "/home/container/src/handlers/utility.js"...
[10:18:31] [ DiscordJS ] Handling utilities...
[10:18:31] Initializing "/home/container/src/handlers/commands.js"...
[10:18:31] [ DiscordJS ] Handling commands...
[10:18:31] [ DiscordJS ] All commands successfully imported.
[10:18:31] Initializing "/home/container/src/handlers/events.js"...
[10:18:31] [ DiscordJS ] Handling events...
[10:18:31] [ DiscordJS ] Listening to all events.
[10:18:31] Initializing "/home/container/src/systems/timers.js"...
[10:18:31] [ System ] The system is ready and running.
[10:20:43] /home/container/src/utility/db.js:12
[10:20:43]         const users = await this.getUsers();
[10:20:43]                                  ^
[10:20:43] 
[10:20:43] TypeError: this.getUsers is not a function
[10:20:43]     at Object.getUser (/home/container/src/utility/db.js:12:34)
[10:20:43]     at processTicksAndRejections (node:internal/process/task_queues:96:5)
[10:20:43]     at async Client.execute (/home/container/src/events/guildMemberAdd.js:9:28)
[10:20:43] Exiting application with code 1.
[10:20:43] Bot foi iniciado.
[10:20:53] [ DiscordJS ] Connected as Barman#1975.
[10:20:53] Initializing "/home/container/src/apis/MySQL/index.js"...
[10:20:53] [ MySQL ] Initializing...
[10:20:53] [ MySQL ] Connected to "database.haskhosting.com.br:3306" as "u387_OwpXLRBeV3" in "s387_barman"
[10:20:53] Initializing "/home/container/src/handlers/utility.js"...
[10:20:53] [ DiscordJS ] Handling utilities...
[10:20:53] Initializing "/home/container/src/handlers/commands.js"...
[10:20:53] [ DiscordJS ] Handling commands...
[10:20:53] [ DiscordJS ] All commands successfully imported.
[10:20:53] Initializing "/home/container/src/handlers/events.js"...
[10:20:53] [ DiscordJS ] Handling events...
[10:20:53] [ DiscordJS ] Listening to all events.
[10:20:53] Initializing "/home/container/src/systems/timers.js"...
[10:20:53] [ System ] The system is ready and running.
[10:23:26] /home/container/src/utility/db.js:12
[10:23:26]         const users = await this.getUsers();
[10:23:26]                                  ^
[10:23:26] 
[10:23:26] TypeError: this.getUsers is not a function
[10:23:26]     at Object.getUser (/home/container/src/utility/db.js:12:34)
[10:23:26]     at processTicksAndRejections (node:internal/process/task_queues:96:5)
[10:23:26]     at async Client.execute (/home/container/src/events/guildMemberAdd.js:9:28)
[10:23:26] Exiting application with code 1.
[10:23:27] Bot foi iniciado.
[10:23:36] [ DiscordJS ] Connected as Barman#1975.
[10:23:36] Initializing "/home/container/src/apis/MySQL/index.js"...
[10:23:36] [ MySQL ] Initializing...
[10:23:36] [ MySQL ] Connected to "database.haskhosting.com.br:3306" as "u387_OwpXLRBeV3" in "s387_barman"
[10:23:36] Initializing "/home/container/src/handlers/utility.js"...
[10:23:36] [ DiscordJS ] Handling utilities...
[10:23:36] Initializing "/home/container/src/handlers/commands.js"...
[10:23:36] [ DiscordJS ] Handling commands...
[10:23:36] [ DiscordJS ] All commands successfully imported.
[10:23:36] Initializing "/home/container/src/handlers/events.js"...
[10:23:36] [ DiscordJS ] Handling events...
[10:23:36] [ DiscordJS ] Listening to all events.
[10:23:36] Initializing "/home/container/src/systems/timers.js"...
[10:23:36] [ System ] The system is ready and running.
[10:31:27] /home/container/src/utility/db.js:12
[10:31:27]         const users = await this.getUsers();
[10:31:27]                                  ^
[10:31:27] 
[10:31:27] TypeError: this.getUsers is not a function
[10:31:27]     at Object.getUser (/home/container/src/utility/db.js:12:34)
[10:31:27]     at processTicksAndRejections (node:internal/process/task_queues:96:5)
[10:31:27]     at async Client.execute (/home/container/src/events/guildMemberAdd.js:9:28)
[10:31:27] Exiting application with code 1.
[10:31:27] Bot foi iniciado.
[10:31:37] [ DiscordJS ] Connected as Barman#1975.
[10:31:37] Initializing "/home/container/src/apis/MySQL/index.js"...
[10:31:37] [ MySQL ] Initializing...
[10:31:37] [ MySQL ] Connected to "database.haskhosting.com.br:3306" as "u387_OwpXLRBeV3" in "s387_barman"
[10:31:37] Initializing "/home/container/src/handlers/utility.js"...
[10:31:37] [ DiscordJS ] Handling utilities...
[10:31:37] Initializing "/home/container/src/handlers/commands.js"...
[10:31:37] [ DiscordJS ] Handling commands...
[10:31:37] [ DiscordJS ] All commands successfully imported.
[10:31:37] Initializing "/home/container/src/handlers/events.js"...
[10:31:37] [ DiscordJS ] Handling events...
[10:31:37] [ DiscordJS ] Listening to all events.
[10:31:37] Initializing "/home/container/src/systems/timers.js"...
[10:31:37] [ System ] The system is ready and running.
[10:34:52] /home/container/src/utility/db.js:12
[10:34:52]         const users = await this.getUsers();
[10:34:52]                                  ^
[10:34:52] 
[10:34:52] TypeError: this.getUsers is not a function
[10:34:52]     at Object.getUser (/home/container/src/utility/db.js:12:34)
[10:34:52]     at processTicksAndRejections (node:internal/process/task_queues:96:5)
[10:34:52]     at async Client.execute (/home/container/src/events/guildMemberAdd.js:9:28)
[10:34:52] Exiting application with code 1.
[10:34:53] Bot foi iniciado.
[10:35:11] [ DiscordJS ] Connected as Barman#1975.
[10:35:11] Initializing "/home/container/src/apis/MySQL/index.js"...
[10:35:11] [ MySQL ] Initializing...
[10:35:11] [ MySQL ] Connected to "database.haskhosting.com.br:3306" as "u387_OwpXLRBeV3" in "s387_barman"
[10:35:11] Initializing "/home/container/src/handlers/utility.js"...
[10:35:11] [ DiscordJS ] Handling utilities...
[10:35:11] Initializing "/home/container/src/handlers/commands.js"...
[10:35:11] [ DiscordJS ] Handling commands...
[10:35:11] [ DiscordJS ] All commands successfully imported.
[10:35:11] Initializing "/home/container/src/handlers/events.js"...
[10:35:11] [ DiscordJS ] Handling events...
[10:35:11] [ DiscordJS ] Listening to all events.
[10:35:11] Initializing "/home/container/src/systems/timers.js"...
[10:35:11] [ System ] The system is ready and running.
[10:36:38] /home/container/src/utility/db.js:12
[10:36:38]         const users = await this.getUsers();
[10:36:38]                                  ^
[10:36:38] 
[10:36:38] TypeError: this.getUsers is not a function
[10:36:38]     at Object.getUser (/home/container/src/utility/db.js:12:34)
[10:36:38]     at processTicksAndRejections (node:internal/process/task_queues:96:5)
[10:36:38]     at async Client.execute (/home/container/src/events/guildMemberAdd.js:9:28)
[10:36:38] Exiting application with code 1.
[10:36:38] Bot foi iniciado.
[10:36:48] [ DiscordJS ] Connected as Barman#1975.
[10:36:48] Initializing "/home/container/src/apis/MySQL/index.js"...
[10:36:48] [ MySQL ] Initializing...
[10:36:48] [ MySQL ] Connected to "database.haskhosting.com.br:3306" as "u387_OwpXLRBeV3" in "s387_barman"
[10:36:48] Initializing "/home/container/src/handlers/utility.js"...
[10:36:48] [ DiscordJS ] Handling utilities...
[10:36:48] Initializing "/home/container/src/handlers/commands.js"...
[10:36:48] [ DiscordJS ] Handling commands...
[10:36:48] [ DiscordJS ] All commands successfully imported.
[10:36:48] Initializing "/home/container/src/handlers/events.js"...
[10:36:48] [ DiscordJS ] Handling events...
[10:36:48] [ DiscordJS ] Listening to all events.
[10:36:48] Initializing "/home/container/src/systems/timers.js"...
[10:36:48] [ System ] The system is ready and running.
[10:48:33] Bot foi iniciado.
[10:48:33] [ DiscordJS ] Connected as Barman#1975.
[10:48:33] Initializing "/home/container/src/apis/MySQL/index.js"...
[10:48:33] [ MySQL ] Initializing...
[10:48:34] [ MySQL ] Connected to "database.haskhosting.com.br:3306" as "u387_OwpXLRBeV3" in "s387_barman"
[10:48:34] Initializing "/home/container/src/handlers/utility.js"...
[10:48:34] [ DiscordJS ] Handling utilities...
[10:48:34] Initializing "/home/container/src/handlers/commands.js"...
[10:48:34] [ DiscordJS ] Handling commands...
[10:48:34] [ DiscordJS ] All commands successfully imported.
[10:48:34] Initializing "/home/container/src/handlers/events.js"...
[10:48:34] [ DiscordJS ] Handling events...
[10:48:34] [ DiscordJS ] Listening to all events.
[10:48:34] Initializing "/home/container/src/systems/timers.js"...
[10:48:34] [ System ] The system is ready and running.
[11:09:10] Bot foi iniciado.
[11:09:10] [ DiscordJS ] Connected as Barman#1975.
[11:09:10] Initializing "/home/container/src/apis/MySQL/index.js"...
[11:09:10] [ MySQL ] Initializing...
[11:09:11] [ MySQL ] Connected to "database.haskhosting.com.br:3306" as "u387_OwpXLRBeV3" in "s387_barman"
[11:09:11] Initializing "/home/container/src/handlers/utility.js"...
[11:09:11] [ DiscordJS ] Handling utilities...
[11:09:11] Initializing "/home/container/src/handlers/commands.js"...
[11:09:11] [ DiscordJS ] Handling commands...
[11:09:11] [ DiscordJS ] All commands successfully imported.
[11:09:11] Initializing "/home/container/src/handlers/events.js"...
[11:09:11] [ DiscordJS ] Handling events...
[11:09:11] [ DiscordJS ] Listening to all events.
[11:09:11] Initializing "/home/container/src/systems/timers.js"...
[11:09:11] [ System ] The system is ready and running.
[11:10:18] Bot foi iniciado.
[11:10:18] [ DiscordJS ] Connected as Barman#1975.
[11:10:18] Initializing "/home/container/src/apis/MySQL/index.js"...
[11:10:18] [ MySQL ] Initializing...
[11:10:18] [ MySQL ] Connected to "database.haskhosting.com.br:3306" as "u387_OwpXLRBeV3" in "s387_barman"
[11:10:18] Initializing "/home/container/src/handlers/utility.js"...
[11:10:18] [ DiscordJS ] Handling utilities...
[11:10:18] Initializing "/home/container/src/handlers/commands.js"...
[11:10:18] [ DiscordJS ] Handling commands...
[11:10:18] [ DiscordJS ] All commands successfully imported.
[11:10:18] Initializing "/home/container/src/handlers/events.js"...
[11:10:18] [ DiscordJS ] Handling events...
[11:10:18] [ DiscordJS ] Listening to all events.
[11:10:18] Initializing "/home/container/src/systems/timers.js"...
[11:10:18] [ System ] The system is ready and running.
[11:10:25] [ DiscordJS ] Command ajuda executed by henrique#0001 (897291486285156362)
[11:11:06] Bot foi iniciado.
[11:11:06] [ DiscordJS ] Connected as Barman#1975.
[11:11:06] Initializing "/home/container/src/apis/MySQL/index.js"...
[11:11:06] [ MySQL ] Initializing...
[11:11:06] [ MySQL ] Connected to "database.haskhosting.com.br:3306" as "u387_OwpXLRBeV3" in "s387_barman"
[11:11:06] Initializing "/home/container/src/handlers/utility.js"...
[11:11:06] [ DiscordJS ] Handling utilities...
[11:11:06] Initializing "/home/container/src/handlers/commands.js"...
[11:11:06] [ DiscordJS ] Handling commands...
[11:11:06] [ DiscordJS ] All commands successfully imported.
[11:11:06] Initializing "/home/container/src/handlers/events.js"...
[11:11:06] [ DiscordJS ] Handling events...
[11:11:06] [ DiscordJS ] Listening to all events.
[11:11:06] Initializing "/home/container/src/systems/timers.js"...
[11:11:06] [ System ] The system is ready and running.
[11:11:40] [ DiscordJS ] Command ajuda executed by henrique#0001 (897291486285156362)
[11:50:06] Bot foi iniciado.
[11:50:07] [ DiscordJS ] Connected as Barman#1975.
[11:50:07] Initializing "/home/container/src/apis/MySQL/index.js"...
[11:50:07] [ MySQL ] Initializing...
[11:50:07] [ MySQL ] Connected to "database.haskhosting.com.br:3306" as "u387_OwpXLRBeV3" in "s387_barman"
[11:50:07] Initializing "/home/container/src/handlers/utility.js"...
[11:50:07] [ DiscordJS ] Handling utilities...
[11:50:07] Initializing "/home/container/src/handlers/commands.js"...
[11:50:07] [ DiscordJS ] Handling commands...
[11:50:07] [ DiscordJS ] All commands successfully imported.
[11:50:07] Initializing "/home/container/src/handlers/events.js"...
[11:50:07] [ DiscordJS ] Handling events...
[11:50:07] [ DiscordJS ] Listening to all events.
[11:50:07] Initializing "/home/container/src/systems/timers.js"...
[11:50:07] [ System ] The system is ready and running.
[11:50:11] [ DiscordJS ] Command ajuda executed by henrique#0001 (897291486285156362)
[11:50:42] [ DiscordJS ] Command ajuda executed by henrique#0001 (897291486285156362)
[11:52:20] Bot foi iniciado.
[11:52:21] [ DiscordJS ] Connected as Barman#1975.
[11:52:21] Initializing "/home/container/src/apis/MySQL/index.js"...
[11:52:21] [ MySQL ] Initializing...
[11:52:21] [ MySQL ] Connected to "database.haskhosting.com.br:3306" as "u387_OwpXLRBeV3" in "s387_barman"
[11:52:21] Initializing "/home/container/src/handlers/utility.js"...
[11:52:21] [ DiscordJS ] Handling utilities...
[11:52:21] Initializing "/home/container/src/handlers/commands.js"...
[11:52:21] [ DiscordJS ] Handling commands...
[11:52:21] [ DiscordJS ] All commands successfully imported.
[11:52:21] Initializing "/home/container/src/handlers/events.js"...
[11:52:21] [ DiscordJS ] Handling events...
[11:52:21] [ DiscordJS ] Listening to all events.
[11:52:21] Initializing "/home/container/src/systems/timers.js"...
[11:52:21] [ System ] The system is ready and running.
[11:52:32] [ DiscordJS ] Command ajuda executed by henrique#0001 (897291486285156362)
[11:52:43] [ DiscordJS ] Command ajuda executed by henrique#0001 (897291486285156362)
[11:54:01] Bot foi iniciado.
[11:54:02] [ DiscordJS ] Connected as Barman#1975.
[11:54:02] Initializing "/home/container/src/apis/MySQL/index.js"...
[11:54:02] [ MySQL ] Initializing...
[11:54:02] [ MySQL ] Connected to "database.haskhosting.com.br:3306" as "u387_OwpXLRBeV3" in "s387_barman"
[11:54:02] Initializing "/home/container/src/handlers/utility.js"...
[11:54:02] [ DiscordJS ] Handling utilities...
[11:54:02] Initializing "/home/container/src/handlers/commands.js"...
[11:54:02] [ DiscordJS ] Handling commands...
[11:54:02] [ DiscordJS ] All commands successfully imported.
[11:54:02] Initializing "/home/container/src/handlers/events.js"...
[11:54:02] [ DiscordJS ] Handling events...
[11:54:02] [ DiscordJS ] Listening to all events.
[11:54:02] Initializing "/home/container/src/systems/timers.js"...
[11:54:02] [ System ] The system is ready and running.
[11:54:10] [ DiscordJS ] Command ajuda executed by henrique#0001 (897291486285156362)
[11:54:57] Bot foi iniciado.
[11:54:58] [ DiscordJS ] Connected as Barman#1975.
[11:54:58] Initializing "/home/container/src/apis/MySQL/index.js"...
[11:54:58] [ MySQL ] Initializing...
[11:54:58] [ MySQL ] Connected to "database.haskhosting.com.br:3306" as "u387_OwpXLRBeV3" in "s387_barman"
[11:54:58] Initializing "/home/container/src/handlers/utility.js"...
[11:54:58] [ DiscordJS ] Handling utilities...
[11:54:58] Initializing "/home/container/src/handlers/commands.js"...
[11:54:58] [ DiscordJS ] Handling commands...
[11:54:58] [ DiscordJS ] All commands successfully imported.
[11:54:58] Initializing "/home/container/src/handlers/events.js"...
[11:54:58] [ DiscordJS ] Handling events...
[11:54:58] [ DiscordJS ] Listening to all events.
[11:54:58] Initializing "/home/container/src/systems/timers.js"...
[11:54:58] [ System ] The system is ready and running.
[11:55:57] [ DiscordJS ] Command ajuda executed by henrique#0001 (897291486285156362)
[11:57:52] Bot foi iniciado.
[11:57:53] [ DiscordJS ] Connected as Barman#1975.
[11:57:53] Initializing "/home/container/src/apis/MySQL/index.js"...
[11:57:53] [ MySQL ] Initializing...
[11:57:53] [ MySQL ] Connected to "database.haskhosting.com.br:3306" as "u387_OwpXLRBeV3" in "s387_barman"
[11:57:53] Initializing "/home/container/src/handlers/utility.js"...
[11:57:53] [ DiscordJS ] Handling utilities...
[11:57:53] Initializing "/home/container/src/handlers/commands.js"...
[11:57:53] [ DiscordJS ] Handling commands...
[11:57:53] [ DiscordJS ] All commands successfully imported.
[11:57:53] Initializing "/home/container/src/handlers/events.js"...
[11:57:53] [ DiscordJS ] Handling events...
[11:57:53] [ DiscordJS ] Listening to all events.
[11:57:53] Initializing "/home/container/src/systems/timers.js"...
[11:57:53] [ System ] The system is ready and running.
[11:57:57] [ DiscordJS ] Command ajuda executed by henrique#0001 (897291486285156362)
[12:04:31] Bot foi iniciado.
[12:04:31] [ DiscordJS ] Connected as Barman#1975.
[12:04:31] Initializing "/home/container/src/apis/MySQL/index.js"...
[12:04:31] [ MySQL ] Initializing...
[12:04:31] [ MySQL ] Connected to "database.haskhosting.com.br:3306" as "u387_OwpXLRBeV3" in "s387_barman"
[12:04:31] Initializing "/home/container/src/handlers/utility.js"...
[12:04:31] [ DiscordJS ] Handling utilities...
[12:04:31] Initializing "/home/container/src/handlers/commands.js"...
[12:04:31] [ DiscordJS ] Handling commands...
[12:04:31] [ DiscordJS ] All commands successfully imported.
[12:04:31] Initializing "/home/container/src/handlers/events.js"...
[12:04:31] [ DiscordJS ] Handling events...
[12:04:31] [ DiscordJS ] Listening to all events.
[12:04:31] Initializing "/home/container/src/systems/timers.js"...
[12:04:31] [ System ] The system is ready and running.
[12:04:35] [ DiscordJS ] Command ajuda executed by henrique#0001 (897291486285156362)
[12:06:55] Bot foi iniciado.
[12:06:55] [ DiscordJS ] Connected as Barman#1975.
[12:06:55] Initializing "/home/container/src/apis/MySQL/index.js"...
[12:06:55] [ MySQL ] Initializing...
[12:06:56] [ MySQL ] Connected to "database.haskhosting.com.br:3306" as "u387_OwpXLRBeV3" in "s387_barman"
[12:06:56] Initializing "/home/container/src/handlers/utility.js"...
[12:06:56] [ DiscordJS ] Handling utilities...
[12:06:56] Initializing "/home/container/src/handlers/commands.js"...
[12:06:56] [ DiscordJS ] Handling commands...
[12:06:56] [ DiscordJS ] All commands successfully imported.
[12:06:56] Initializing "/home/container/src/handlers/events.js"...
[12:06:56] [ DiscordJS ] Handling events...
[12:06:56] [ DiscordJS ] Listening to all events.
[12:06:56] Initializing "/home/container/src/systems/timers.js"...
[12:06:56] [ System ] The system is ready and running.
[12:06:59] [ DiscordJS ] Command ajuda executed by henrique#0001 (897291486285156362)
[12:07:30] Bot foi iniciado.
[12:07:31] [ DiscordJS ] Connected as Barman#1975.
[12:07:31] Initializing "/home/container/src/apis/MySQL/index.js"...
[12:07:31] [ MySQL ] Initializing...
[12:07:31] [ MySQL ] Connected to "database.haskhosting.com.br:3306" as "u387_OwpXLRBeV3" in "s387_barman"
[12:07:31] Initializing "/home/container/src/handlers/utility.js"...
[12:07:31] [ DiscordJS ] Handling utilities...
[12:07:31] Initializing "/home/container/src/handlers/commands.js"...
[12:07:31] [ DiscordJS ] Handling commands...
[12:07:31] [ DiscordJS ] All commands successfully imported.
[12:07:31] Initializing "/home/container/src/handlers/events.js"...
[12:07:31] [ DiscordJS ] Handling events...
[12:07:31] [ DiscordJS ] Listening to all events.
[12:07:31] Initializing "/home/container/src/systems/timers.js"...
[12:07:31] [ System ] The system is ready and running.
[12:07:33] [ DiscordJS ] Command ajuda executed by henrique#0001 (897291486285156362)
[12:08:23] Bot foi iniciado.
[12:08:23] [ DiscordJS ] Connected as Barman#1975.
[12:08:23] Initializing "/home/container/src/apis/MySQL/index.js"...
[12:08:23] [ MySQL ] Initializing...
[12:08:23] [ MySQL ] Connected to "database.haskhosting.com.br:3306" as "u387_OwpXLRBeV3" in "s387_barman"
[12:08:23] Initializing "/home/container/src/handlers/utility.js"...
[12:08:23] [ DiscordJS ] Handling utilities...
[12:08:23] Initializing "/home/container/src/handlers/commands.js"...
[12:08:23] [ DiscordJS ] Handling commands...
[12:08:23] [ DiscordJS ] All commands successfully imported.
[12:08:23] Initializing "/home/container/src/handlers/events.js"...
[12:08:23] [ DiscordJS ] Handling events...
[12:08:23] [ DiscordJS ] Listening to all events.
[12:08:23] Initializing "/home/container/src/systems/timers.js"...
[12:08:24] [ System ] The system is ready and running.
[12:10:47] Bot foi iniciado.
[12:10:47] [ DiscordJS ] Connected as Barman#1975.
[12:10:47] Initializing "/home/container/src/apis/MySQL/index.js"...
[12:10:47] [ MySQL ] Initializing...
[12:10:47] [ MySQL ] Connected to "database.haskhosting.com.br:3306" as "u387_OwpXLRBeV3" in "s387_barman"
[12:10:47] Initializing "/home/container/src/handlers/utility.js"...
[12:10:47] [ DiscordJS ] Handling utilities...
[12:10:47] Initializing "/home/container/src/handlers/commands.js"...
[12:10:47] [ DiscordJS ] Handling commands...
[12:10:47] [ DiscordJS ] All commands successfully imported.
[12:10:47] Initializing "/home/container/src/handlers/events.js"...
[12:10:47] [ DiscordJS ] Handling events...
[12:10:47] [ DiscordJS ] Listening to all events.
[12:10:47] Initializing "/home/container/src/systems/timers.js"...
[12:10:48] [ System ] The system is ready and running.
[12:11:31] Bot foi iniciado.
[12:11:32] [ DiscordJS ] Connected as Barman#1975.
[12:11:32] Initializing "/home/container/src/apis/MySQL/index.js"...
[12:11:32] [ MySQL ] Initializing...
[12:11:32] [ MySQL ] Connected to "database.haskhosting.com.br:3306" as "u387_OwpXLRBeV3" in "s387_barman"
[12:11:32] Initializing "/home/container/src/handlers/utility.js"...
[12:11:32] [ DiscordJS ] Handling utilities...
[12:11:32] Initializing "/home/container/src/handlers/commands.js"...
[12:11:32] [ DiscordJS ] Handling commands...
[12:11:32] [ DiscordJS ] All commands successfully imported.
[12:11:32] Initializing "/home/container/src/handlers/events.js"...
[12:11:32] [ DiscordJS ] Handling events...
[12:11:32] [ DiscordJS ] Listening to all events.
[12:11:32] Initializing "/home/container/src/systems/timers.js"...
[12:11:32] [ System ] The system is ready and running.
[12:11:36] [ DiscordJS ] Command ajuda executed by henrique#0001 (897291486285156362)
[12:12:00] [ DiscordJS ] Command ajuda executed by henrique#0001 (897291486285156362)
[12:12:31] Bot foi iniciado.
[12:12:32] [ DiscordJS ] Connected as Barman#1975.
[12:12:32] Initializing "/home/container/src/apis/MySQL/index.js"...
[12:12:32] [ MySQL ] Initializing...
[12:12:32] [ MySQL ] Connected to "database.haskhosting.com.br:3306" as "u387_OwpXLRBeV3" in "s387_barman"
[12:12:32] Initializing "/home/container/src/handlers/utility.js"...
[12:12:32] [ DiscordJS ] Handling utilities...
[12:12:32] Initializing "/home/container/src/handlers/commands.js"...
[12:12:32] [ DiscordJS ] Handling commands...
[12:12:32] [ DiscordJS ] All commands successfully imported.
[12:12:32] Initializing "/home/container/src/handlers/events.js"...
[12:12:32] [ DiscordJS ] Handling events...
[12:12:32] [ DiscordJS ] Listening to all events.
[12:12:32] Initializing "/home/container/src/systems/timers.js"...
[12:12:32] [ System ] The system is ready and running.
[12:12:35] [ DiscordJS ] Command ajuda executed by henrique#0001 (897291486285156362)
[12:13:39] [ DiscordJS ] Command ajuda executed by henrique#0001 (897291486285156362)
[12:37:35] Bot foi iniciado.
[12:37:35] [ DiscordJS ] Connected as Barman#1975.
[12:37:35] Initializing "/home/container/src/apis/MySQL/index.js"...
[12:37:35] [ MySQL ] Initializing...
[12:37:36] [ MySQL ] Connected to "database.haskhosting.com.br:3306" as "u387_OwpXLRBeV3" in "s387_barman"
[12:37:36] Initializing "/home/container/src/handlers/utility.js"...
[12:37:36] [ DiscordJS ] Handling utilities...
[12:37:36] Initializing "/home/container/src/handlers/commands.js"...
[12:37:36] [ DiscordJS ] Handling commands...
[12:37:36] [ DiscordJS ] All commands successfully imported.
[12:37:36] Initializing "/home/container/src/handlers/events.js"...
[12:37:36] [ DiscordJS ] Handling events...
[12:37:36] [ DiscordJS ] Listening to all events.
[12:37:36] Initializing "/home/container/src/systems/timers.js"...
[12:37:36] [ System ] The system is ready and running.
[12:42:48] Bot foi iniciado.
[12:42:49] [ DiscordJS ] Connected as Barman#1975.
[12:42:49] Initializing "/home/container/src/apis/MySQL/index.js"...
[12:42:49] [ MySQL ] Initializing...
[12:42:49] [ MySQL ] Connected to "database.haskhosting.com.br:3306" as "u387_OwpXLRBeV3" in "s387_barman"
[12:42:49] Initializing "/home/container/src/handlers/utility.js"...
[12:42:49] [ DiscordJS ] Handling utilities...
[12:42:49] Initializing "/home/container/src/handlers/commands.js"...
[12:42:49] [ DiscordJS ] Handling commands...
[12:42:49] [ DiscordJS ] All commands successfully imported.
[12:42:49] Initializing "/home/container/src/handlers/events.js"...
[12:42:49] [ DiscordJS ] Handling events...
[12:42:49] [ DiscordJS ] Listening to all events.
[12:42:49] Initializing "/home/container/src/systems/timers.js"...
[12:42:49] [ System ] The system is ready and running.
[12:58:59] Bot foi iniciado.
[12:58:59] [ DiscordJS ] Connected as Barman#1975.
[12:58:59] Initializing "/home/container/src/apis/MySQL/index.js"...
[12:58:59] [ MySQL ] Initializing...
[12:58:59] [ MySQL ] Connected to "database.haskhosting.com.br:3306" as "u387_OwpXLRBeV3" in "s387_barman"
[12:58:59] Initializing "/home/container/src/handlers/utility.js"...
[12:58:59] [ DiscordJS ] Handling utilities...
[12:58:59] Initializing "/home/container/src/handlers/commands.js"...
[12:58:59] [ DiscordJS ] Handling commands...
[12:58:59] [ DiscordJS ] All commands successfully imported.
[12:58:59] Initializing "/home/container/src/handlers/events.js"...
[12:58:59] [ DiscordJS ] Handling events...
[12:58:59] [ DiscordJS ] Listening to all events.
[12:58:59] Initializing "/home/container/src/systems/timers.js"...
[12:58:59] [ System ] The system is ready and running.
[12:59:06] [ DiscordJS ] Command ajuda executed by henrique#0001 (897291486285156362)
[13:14:55] Bot foi iniciado.
[13:14:56] [ DiscordJS ] Connected as Barman#1975.
[13:14:56] Initializing "/home/container/src/apis/MySQL/index.js"...
[13:14:56] [ MySQL ] Initializing...
[13:14:56] [ MySQL ] Connected to "database.haskhosting.com.br:3306" as "u387_OwpXLRBeV3" in "s387_barman"
[13:14:56] Initializing "/home/container/src/handlers/utility.js"...
[13:14:56] [ DiscordJS ] Handling utilities...
[13:14:56] Initializing "/home/container/src/handlers/commands.js"...
[13:14:56] [ DiscordJS ] Handling commands...
[13:14:56] [ DiscordJS ] All commands successfully imported.
[13:14:56] Initializing "/home/container/src/handlers/events.js"...
[13:14:56] [ DiscordJS ] Handling events...
[13:14:56] [ DiscordJS ] Listening to all events.
[13:14:56] Initializing "/home/container/src/systems/timers.js"...
[13:14:56] [ System ] The system is ready and running.
[13:14:56] /home/container/src/systems/timers.js:28
[13:14:56]                         await log(resolve(process.cwd(), "src/internalLogs/errors", `e_mute_roleremove_${target.id}_${Date.now()}`), `Couldn't remove (unmute) ${target.user.tag}'s role:\nAuthor: ${author.id}\nTarget: ${target.id}\nDuration: ${duration}\nReason: ${reason}\nError:\n${e}`, true);
[13:14:56]                         ^
[13:14:56] 
[13:14:56] ReferenceError: resolve is not defined
[13:14:56]     at /home/container/src/systems/timers.js:28:25
[13:14:56]     at processTicksAndRejections (node:internal/process/task_queues:96:5)
[13:14:56]     at async Timeout._onTimeout (/home/container/src/systems/timers.js:27:21)
[13:14:56] Exiting application with code 1.
[13:15:51] Bot foi iniciado.
[13:15:51] [ DiscordJS ] Connected as Barman#1975.
[13:15:51] Initializing "/home/container/src/apis/MySQL/index.js"...
[13:15:51] [ MySQL ] Initializing...
[13:15:51] [ MySQL ] Connected to "database.haskhosting.com.br:3306" as "u387_OwpXLRBeV3" in "s387_barman"
[13:15:51] Initializing "/home/container/src/handlers/utility.js"...
[13:15:51] [ DiscordJS ] Handling utilities...
[13:15:51] Initializing "/home/container/src/handlers/commands.js"...
[13:15:51] [ DiscordJS ] Handling commands...
[13:15:51] [ DiscordJS ] All commands successfully imported.
[13:15:51] Initializing "/home/container/src/handlers/events.js"...
[13:15:51] [ DiscordJS ] Handling events...
[13:15:51] [ DiscordJS ] Listening to all events.
[13:15:51] Initializing "/home/container/src/systems/timers.js"...
[13:15:51] [ System ] The system is ready and running.
[13:15:51] Couldn't remove (unmute) baatyz#5104's role:
[13:15:51] Author: 897291486285156362
[13:15:51] Target: 850913914543013898
[13:15:51] Duration: 60000
[13:15:51] Reason: Não definido.
[13:15:51] Error:
[13:15:51] TypeError [INVALID_TYPE]: Supplied roles is not a Role, Snowflake or Array or Collection of Roles or Snowflakes.
[13:15:51] Couldn't remove (unmute) baatyz#5104's role:
[13:15:51] Author: 897291486285156362
[13:15:51] Target: 850913914543013898
[13:15:51] Duration: 60000
[13:15:51] Reason: Não definido.
[13:15:51] Error:
[13:15:51] TypeError [INVALID_TYPE]: Supplied roles is not a Role, Snowflake or Array or Collection of Roles or Snowflakes.
[13:17:54] Bot foi iniciado.
[13:17:55] [ DiscordJS ] Connected as Barman#1975.
[13:17:55] Initializing "/home/container/src/apis/MySQL/index.js"...
[13:17:55] [ MySQL ] Initializing...
[13:17:55] [ MySQL ] Connected to "database.haskhosting.com.br:3306" as "u387_OwpXLRBeV3" in "s387_barman"
[13:17:55] Initializing "/home/container/src/handlers/utility.js"...
[13:17:55] [ DiscordJS ] Handling utilities...
[13:17:55] Initializing "/home/container/src/handlers/commands.js"...
[13:17:55] [ DiscordJS ] Handling commands...
[13:17:55] [ DiscordJS ] All commands successfully imported.
[13:17:55] Initializing "/home/container/src/handlers/events.js"...
[13:17:55] [ DiscordJS ] Handling events...
[13:17:55] [ DiscordJS ] Listening to all events.
[13:17:55] Initializing "/home/container/src/systems/timers.js"...
[13:17:55] [ System ] The system is ready and running.
[13:58:55] Bot foi iniciado.
[13:58:56] [ DiscordJS ] Connected as Barman#1975.
[13:58:56] Initializing "/home/container/src/apis/MySQL/index.js"...
[13:58:56] [ MySQL ] Initializing...
[13:58:56] [ MySQL ] Connected to "database.haskhosting.com.br:3306" as "u387_OwpXLRBeV3" in "s387_barman"
[13:58:56] Initializing "/home/container/src/handlers/utility.js"...
[13:58:56] [ DiscordJS ] Handling utilities...
[13:58:56] Initializing "/home/container/src/handlers/commands.js"...
[13:58:56] [ DiscordJS ] Handling commands...
[13:58:56] [ DiscordJS ] All commands successfully imported.
[13:58:56] Initializing "/home/container/src/handlers/events.js"...
[13:58:56] [ DiscordJS ] Handling events...
[13:58:56] [ DiscordJS ] Listening to all events.
[13:58:56] Initializing "/home/container/src/systems/timers.js"...
[13:58:56] [ System ] The system is ready and running.
[14:07:20] /home/container/src/utility/db.js:22
[14:07:20]         coins: typeof fields.coins === "number" && Number.isInteger(fields.coins) ? fields.coins : 0,
[14:07:20]                              ^
[14:07:20] 
[14:07:20] TypeError: Cannot read properties of undefined (reading 'coins')
[14:07:20]     at Object.setUser (/home/container/src/utility/db.js:22:30)
[14:07:20]     at processTicksAndRejections (node:internal/process/task_queues:96:5)
[14:07:20]     at async Object.getUser (/home/container/src/utility/db.js:13:63)
[14:07:20]     at async Client.execute (/home/container/src/events/guildMemberUpdate.js:6:28)
[14:07:20] Exiting application with code 1.
[14:07:21] Bot foi iniciado.
[14:07:31] [ DiscordJS ] Connected as Barman#1975.
[14:07:31] Initializing "/home/container/src/apis/MySQL/index.js"...
[14:07:31] [ MySQL ] Initializing...
[14:07:31] [ MySQL ] Connected to "database.haskhosting.com.br:3306" as "u387_OwpXLRBeV3" in "s387_barman"
[14:07:31] Initializing "/home/container/src/handlers/utility.js"...
[14:07:31] [ DiscordJS ] Handling utilities...
[14:07:31] Initializing "/home/container/src/handlers/commands.js"...
[14:07:31] [ DiscordJS ] Handling commands...
[14:07:31] [ DiscordJS ] All commands successfully imported.
[14:07:31] Initializing "/home/container/src/handlers/events.js"...
[14:07:31] [ DiscordJS ] Handling events...
[14:07:31] [ DiscordJS ] Listening to all events.
[14:07:31] Initializing "/home/container/src/systems/timers.js"...
[14:07:31] [ System ] The system is ready and running.
[14:07:42] [ DiscordJS ] Command ajuda executed by henrique#0001 (897291486285156362)
[14:08:25] [ DiscordJS ] Command ajuda executed by henrique#0001 (897291486285156362)
[15:17:51] /home/container/src/utility/db.js:22
[15:17:51]         coins: typeof fields.coins === "number" && Number.isInteger(fields.coins) ? fields.coins : 0,
[15:17:51]                              ^
[15:17:51] 
[15:17:51] TypeError: Cannot read properties of undefined (reading 'coins')
[15:17:51]     at Object.setUser (/home/container/src/utility/db.js:22:30)
[15:17:51]     at processTicksAndRejections (node:internal/process/task_queues:96:5)
[15:17:51]     at async Object.getUser (/home/container/src/utility/db.js:13:63)
[15:17:51]     at async Client.execute (/home/container/src/events/guildMemberAdd.js:9:28)
[15:17:51] Exiting application with code 1.
[15:17:52] Bot foi iniciado.
[15:18:02] [ DiscordJS ] Connected as Barman#1975.
[15:18:02] Initializing "/home/container/src/apis/MySQL/index.js"...
[15:18:02] [ MySQL ] Initializing...
[15:18:02] [ MySQL ] Connected to "database.haskhosting.com.br:3306" as "u387_OwpXLRBeV3" in "s387_barman"
[15:18:02] Initializing "/home/container/src/handlers/utility.js"...
[15:18:02] [ DiscordJS ] Handling utilities...
[15:18:02] Initializing "/home/container/src/handlers/commands.js"...
[15:18:02] [ DiscordJS ] Handling commands...
[15:18:02] [ DiscordJS ] All commands successfully imported.
[15:18:02] Initializing "/home/container/src/handlers/events.js"...
[15:18:02] [ DiscordJS ] Handling events...
[15:18:02] [ DiscordJS ] Listening to all events.
[15:18:02] Initializing "/home/container/src/systems/timers.js"...
[15:18:02] [ System ] The system is ready and running.
[22:42:11] [ DiscordJS ] Command ajuda executed by henrique#0001 (897291486285156362)
