[07:27:41] [ DiscordJS ] Command ajuda executed by henrique#0001 (897291486285156362)
[07:28:44] [ DiscordJS ] Command silenciar executed by henrique#0001 (897291486285156362)
[07:35:16] Bot foi iniciado.
[07:35:16] [ DiscordJS ] Connected as Barman#1975.
[07:35:16] Initializing "/home/container/src/apis/MySQL/index.js"...
[07:35:16] [ MySQL ] Initializing...
[07:35:17] [ MySQL ] Connected to "database.haskhosting.com.br:3306" as "u387_OwpXLRBeV3" in "s387_barman"
[07:35:17] Initializing "/home/container/src/handlers/utility.js"...
[07:35:17] [ DiscordJS ] Handling utilities...
[07:35:17] Initializing "/home/container/src/handlers/commands.js"...
[07:35:17] [ DiscordJS ] Handling commands...
[07:35:17] [ DiscordJS ] All commands successfully imported.
[07:35:17] Initializing "/home/container/src/handlers/events.js"...
[07:35:17] [ DiscordJS ] Handling events...
[07:35:17] [ DiscordJS ] Listening to all events.
[07:35:17] Initializing "/home/container/src/systems/timers.js"...
[07:35:17] [ System ] The system is ready and running.
[07:36:31] [ DiscordJS ] Command silenciar executed by henrique#0001 (897291486285156362)
[08:24:23] [ DiscordJS ] Command rl executed by henrique#0001 (897291486285156362)
[08:24:23] Exiting application with code 71.
[08:24:25] Bot foi iniciado.
[08:24:34] [ DiscordJS ] Connected as Barman#1975.
[08:24:34] Initializing "/home/container/src/apis/MySQL/index.js"...
[08:24:34] [ MySQL ] Initializing...
[08:24:35] [ MySQL ] Connected to "database.haskhosting.com.br:3306" as "u387_OwpXLRBeV3" in "s387_barman"
[08:24:35] Initializing "/home/container/src/handlers/utility.js"...
[08:24:35] [ DiscordJS ] Handling utilities...
[08:24:35] Initializing "/home/container/src/handlers/commands.js"...
[08:24:35] [ DiscordJS ] Handling commands...
[08:24:35] /home/container/src/commands/development/reload.js:19
[08:24:35]                 await reply(message, { embeds: [ embed({ color: color_blue, title: ":arrows_counterclockwise: Reiniciando aplicação...", description: `Meu sistema será reinciado e logo estará pronto para ser utilizado novamente.\nDica: minha **atividade** será definida como "Jogando **Online novamente!**" quando eu estiver com os sistemas novamente disponíveis.`, footer: { text: `Por ${message.author.tag} (${message.author.id})`, image: userAvatar(message.author)}})]});
[08:24:35]                 ^^^^^
[08:24:35] 
[08:24:35] SyntaxError: await is only valid in async functions and the top level bodies of modules
[08:24:35]     at Object.compileFunction (node:vm:352:18)
[08:24:35]     at wrapSafe (node:internal/modules/cjs/loader:1032:15)
[08:24:35]     at Module._compile (node:internal/modules/cjs/loader:1067:27)
[08:24:35]     at Object.Module._extensions..js (node:internal/modules/cjs/loader:1155:10)
[08:24:35]     at Module.load (node:internal/modules/cjs/loader:981:32)
[08:24:35]     at Function.Module._load (node:internal/modules/cjs/loader:822:12)
[08:24:35]     at Module.require (node:internal/modules/cjs/loader:1005:19)
[08:24:35]     at require (node:internal/modules/cjs/helpers:102:18)
[08:24:35]     at /home/container/src/handlers/commands.js:13:39
[08:24:35]     at processTicksAndRejections (node:internal/process/task_queues:96:5)
[08:24:35] Exiting application with code 1.
[08:24:45] Bot foi iniciado.
[08:24:54] [ DiscordJS ] Connected as Barman#1975.
[08:24:54] Initializing "/home/container/src/apis/MySQL/index.js"...
[08:24:54] [ MySQL ] Initializing...
[08:24:55] [ MySQL ] Connected to "database.haskhosting.com.br:3306" as "u387_OwpXLRBeV3" in "s387_barman"
[08:24:55] Initializing "/home/container/src/handlers/utility.js"...
[08:24:55] [ DiscordJS ] Handling utilities...
[08:24:55] Initializing "/home/container/src/handlers/commands.js"...
[08:24:55] [ DiscordJS ] Handling commands...
[08:24:55] /home/container/src/commands/development/reload.js:19
[08:24:55]                 await reply(message, { embeds: [ embed({ color: color_blue, title: ":arrows_counterclockwise: Reiniciando aplicação...", description: `Meu sistema será reinciado e logo estará pronto para ser utilizado novamente.\nDica: minha **atividade** será definida como "Jogando **Online novamente!**" quando eu estiver com os sistemas novamente disponíveis.`, footer: { text: `Por ${message.author.tag} (${message.author.id})`, image: userAvatar(message.author)}})]});
[08:24:55]                 ^^^^^
[08:24:55] 
[08:24:55] SyntaxError: await is only valid in async functions and the top level bodies of modules
[08:24:55]     at Object.compileFunction (node:vm:352:18)
[08:24:55]     at wrapSafe (node:internal/modules/cjs/loader:1032:15)
[08:24:55]     at Module._compile (node:internal/modules/cjs/loader:1067:27)
[08:24:55]     at Object.Module._extensions..js (node:internal/modules/cjs/loader:1155:10)
[08:24:55]     at Module.load (node:internal/modules/cjs/loader:981:32)
[08:24:55]     at Function.Module._load (node:internal/modules/cjs/loader:822:12)
[08:24:55]     at Module.require (node:internal/modules/cjs/loader:1005:19)
[08:24:55]     at require (node:internal/modules/cjs/helpers:102:18)
[08:24:55]     at /home/container/src/handlers/commands.js:13:39
[08:24:55]     at processTicksAndRejections (node:internal/process/task_queues:96:5)
[08:24:55] Exiting application with code 1.
[08:25:05] Bot foi iniciado.
[08:25:15] [ DiscordJS ] Connected as Barman#1975.
[08:25:15] Initializing "/home/container/src/apis/MySQL/index.js"...
[08:25:15] [ MySQL ] Initializing...
[08:25:15] [ MySQL ] Connected to "database.haskhosting.com.br:3306" as "u387_OwpXLRBeV3" in "s387_barman"
[08:25:15] Initializing "/home/container/src/handlers/utility.js"...
[08:25:15] [ DiscordJS ] Handling utilities...
[08:25:15] Initializing "/home/container/src/handlers/commands.js"...
[08:25:15] [ DiscordJS ] Handling commands...
[08:25:15] /home/container/src/commands/development/reload.js:19
[08:25:15]                 await reply(message, { embeds: [ embed({ color: color_blue, title: ":arrows_counterclockwise: Reiniciando aplicação...", description: `Meu sistema será reinciado e logo estará pronto para ser utilizado novamente.\nDica: minha **atividade** será definida como "Jogando **Online novamente!**" quando eu estiver com os sistemas novamente disponíveis.`, footer: { text: `Por ${message.author.tag} (${message.author.id})`, image: userAvatar(message.author)}})]});
[08:25:15]                 ^^^^^
[08:25:15] 
[08:25:15] SyntaxError: await is only valid in async functions and the top level bodies of modules
[08:25:15]     at Object.compileFunction (node:vm:352:18)
[08:25:15]     at wrapSafe (node:internal/modules/cjs/loader:1032:15)
[08:25:15]     at Module._compile (node:internal/modules/cjs/loader:1067:27)
[08:25:15]     at Object.Module._extensions..js (node:internal/modules/cjs/loader:1155:10)
[08:25:15]     at Module.load (node:internal/modules/cjs/loader:981:32)
[08:25:15]     at Function.Module._load (node:internal/modules/cjs/loader:822:12)
[08:25:15]     at Module.require (node:internal/modules/cjs/loader:1005:19)
[08:25:15]     at require (node:internal/modules/cjs/helpers:102:18)
[08:25:15]     at /home/container/src/handlers/commands.js:13:39
[08:25:15]     at processTicksAndRejections (node:internal/process/task_queues:96:5)
[08:25:15] Exiting application with code 1.
[08:25:25] Bot foi iniciado.
[08:25:35] [ DiscordJS ] Connected as Barman#1975.
[08:25:35] Initializing "/home/container/src/apis/MySQL/index.js"...
[08:25:35] [ MySQL ] Initializing...
[08:25:35] [ MySQL ] Connected to "database.haskhosting.com.br:3306" as "u387_OwpXLRBeV3" in "s387_barman"
[08:25:35] Initializing "/home/container/src/handlers/utility.js"...
[08:25:35] [ DiscordJS ] Handling utilities...
[08:25:35] Initializing "/home/container/src/handlers/commands.js"...
[08:25:35] [ DiscordJS ] Handling commands...
[08:25:35] /home/container/src/commands/development/reload.js:19
[08:25:35]                 await reply(message, { embeds: [ embed({ color: color_blue, title: ":arrows_counterclockwise: Reiniciando aplicação...", description: `Meu sistema será reinciado e logo estará pronto para ser utilizado novamente.\nDica: minha **atividade** será definida como "Jogando **Online novamente!**" quando eu estiver com os sistemas novamente disponíveis.`, footer: { text: `Por ${message.author.tag} (${message.author.id})`, image: userAvatar(message.author)}})]});
[08:25:35]                 ^^^^^
[08:25:35] 
[08:25:35] SyntaxError: await is only valid in async functions and the top level bodies of modules
[08:25:35]     at Object.compileFunction (node:vm:352:18)
[08:25:35]     at wrapSafe (node:internal/modules/cjs/loader:1032:15)
[08:25:35]     at Module._compile (node:internal/modules/cjs/loader:1067:27)
[08:25:35]     at Object.Module._extensions..js (node:internal/modules/cjs/loader:1155:10)
[08:25:35]     at Module.load (node:internal/modules/cjs/loader:981:32)
[08:25:35]     at Function.Module._load (node:internal/modules/cjs/loader:822:12)
[08:25:35]     at Module.require (node:internal/modules/cjs/loader:1005:19)
[08:25:35]     at require (node:internal/modules/cjs/helpers:102:18)
[08:25:35]     at /home/container/src/handlers/commands.js:13:39
[08:25:35]     at processTicksAndRejections (node:internal/process/task_queues:96:5)
[08:25:35] Exiting application with code 1.
[08:25:45] Bot foi iniciado.
[08:25:55] [ DiscordJS ] Connected as Barman#1975.
[08:25:55] Initializing "/home/container/src/apis/MySQL/index.js"...
[08:25:55] [ MySQL ] Initializing...
[08:25:55] [ MySQL ] Connected to "database.haskhosting.com.br:3306" as "u387_OwpXLRBeV3" in "s387_barman"
[08:25:55] Initializing "/home/container/src/handlers/utility.js"...
[08:25:55] [ DiscordJS ] Handling utilities...
[08:25:55] Initializing "/home/container/src/handlers/commands.js"...
[08:25:55] [ DiscordJS ] Handling commands...
[08:25:55] /home/container/src/commands/development/reload.js:19
[08:25:55]                 await reply(message, { embeds: [ embed({ color: color_blue, title: ":arrows_counterclockwise: Reiniciando aplicação...", description: `Meu sistema será reinciado e logo estará pronto para ser utilizado novamente.\nDica: minha **atividade** será definida como "Jogando **Online novamente!**" quando eu estiver com os sistemas novamente disponíveis.`, footer: { text: `Por ${message.author.tag} (${message.author.id})`, image: userAvatar(message.author)}})]});
[08:25:55]                 ^^^^^
[08:25:55] 
[08:25:55] SyntaxError: await is only valid in async functions and the top level bodies of modules
[08:25:55]     at Object.compileFunction (node:vm:352:18)
[08:25:55]     at wrapSafe (node:internal/modules/cjs/loader:1032:15)
[08:25:55]     at Module._compile (node:internal/modules/cjs/loader:1067:27)
[08:25:55]     at Object.Module._extensions..js (node:internal/modules/cjs/loader:1155:10)
[08:25:55]     at Module.load (node:internal/modules/cjs/loader:981:32)
[08:25:55]     at Function.Module._load (node:internal/modules/cjs/loader:822:12)
[08:25:55]     at Module.require (node:internal/modules/cjs/loader:1005:19)
[08:25:55]     at require (node:internal/modules/cjs/helpers:102:18)
[08:25:55]     at /home/container/src/handlers/commands.js:13:39
[08:25:55]     at processTicksAndRejections (node:internal/process/task_queues:96:5)
[08:25:55] Exiting application with code 1.
[08:26:05] Bot foi iniciado.
[08:26:15] [ DiscordJS ] Connected as Barman#1975.
[08:26:15] Initializing "/home/container/src/apis/MySQL/index.js"...
[08:26:15] [ MySQL ] Initializing...
[08:26:15] [ MySQL ] Connected to "database.haskhosting.com.br:3306" as "u387_OwpXLRBeV3" in "s387_barman"
[08:26:15] Initializing "/home/container/src/handlers/utility.js"...
[08:26:15] [ DiscordJS ] Handling utilities...
[08:26:15] Initializing "/home/container/src/handlers/commands.js"...
[08:26:15] [ DiscordJS ] Handling commands...
[08:26:15] /home/container/src/commands/development/reload.js:19
[08:26:15]                 await reply(message, { embeds: [ embed({ color: color_blue, title: ":arrows_counterclockwise: Reiniciando aplicação...", description: `Meu sistema será reinciado e logo estará pronto para ser utilizado novamente.\nDica: minha **atividade** será definida como "Jogando **Online novamente!**" quando eu estiver com os sistemas novamente disponíveis.`, footer: { text: `Por ${message.author.tag} (${message.author.id})`, image: userAvatar(message.author)}})]});
[08:26:15]                 ^^^^^
[08:26:15] 
[08:26:15] SyntaxError: await is only valid in async functions and the top level bodies of modules
[08:26:15]     at Object.compileFunction (node:vm:352:18)
[08:26:15]     at wrapSafe (node:internal/modules/cjs/loader:1032:15)
[08:26:15]     at Module._compile (node:internal/modules/cjs/loader:1067:27)
[08:26:15]     at Object.Module._extensions..js (node:internal/modules/cjs/loader:1155:10)
[08:26:15]     at Module.load (node:internal/modules/cjs/loader:981:32)
[08:26:15]     at Function.Module._load (node:internal/modules/cjs/loader:822:12)
[08:26:15]     at Module.require (node:internal/modules/cjs/loader:1005:19)
[08:26:15]     at require (node:internal/modules/cjs/helpers:102:18)
[08:26:15]     at /home/container/src/handlers/commands.js:13:39
[08:26:15]     at processTicksAndRejections (node:internal/process/task_queues:96:5)
[08:26:15] Exiting application with code 1.
[08:26:26] Bot foi iniciado.
[08:26:35] [ DiscordJS ] Connected as Barman#1975.
[08:26:35] Initializing "/home/container/src/apis/MySQL/index.js"...
[08:26:35] [ MySQL ] Initializing...
[08:26:35] [ MySQL ] Connected to "database.haskhosting.com.br:3306" as "u387_OwpXLRBeV3" in "s387_barman"
[08:26:35] Initializing "/home/container/src/handlers/utility.js"...
[08:26:35] [ DiscordJS ] Handling utilities...
[08:26:35] Initializing "/home/container/src/handlers/commands.js"...
[08:26:35] [ DiscordJS ] Handling commands...
[08:26:35] /home/container/src/commands/development/reload.js:19
[08:26:35]                 await reply(message, { embeds: [ embed({ color: color_blue, title: ":arrows_counterclockwise: Reiniciando aplicação...", description: `Meu sistema será reinciado e logo estará pronto para ser utilizado novamente.\nDica: minha **atividade** será definida como "Jogando **Online novamente!**" quando eu estiver com os sistemas novamente disponíveis.`, footer: { text: `Por ${message.author.tag} (${message.author.id})`, image: userAvatar(message.author)}})]});
[08:26:35]                 ^^^^^
[08:26:35] 
[08:26:35] SyntaxError: await is only valid in async functions and the top level bodies of modules
[08:26:35]     at Object.compileFunction (node:vm:352:18)
[08:26:35]     at wrapSafe (node:internal/modules/cjs/loader:1032:15)
[08:26:35]     at Module._compile (node:internal/modules/cjs/loader:1067:27)
[08:26:35]     at Object.Module._extensions..js (node:internal/modules/cjs/loader:1155:10)
[08:26:35]     at Module.load (node:internal/modules/cjs/loader:981:32)
[08:26:35]     at Function.Module._load (node:internal/modules/cjs/loader:822:12)
[08:26:35]     at Module.require (node:internal/modules/cjs/loader:1005:19)
[08:26:35]     at require (node:internal/modules/cjs/helpers:102:18)
[08:26:35]     at /home/container/src/handlers/commands.js:13:39
[08:26:35]     at processTicksAndRejections (node:internal/process/task_queues:96:5)
[08:26:35] Exiting application with code 1.
[08:26:46] Bot foi iniciado.
[08:26:55] [ DiscordJS ] Connected as Barman#1975.
[08:26:55] Initializing "/home/container/src/apis/MySQL/index.js"...
[08:26:55] [ MySQL ] Initializing...
[08:26:55] [ MySQL ] Connected to "database.haskhosting.com.br:3306" as "u387_OwpXLRBeV3" in "s387_barman"
[08:26:55] Initializing "/home/container/src/handlers/utility.js"...
[08:26:55] [ DiscordJS ] Handling utilities...
[08:26:55] Initializing "/home/container/src/handlers/commands.js"...
[08:26:55] [ DiscordJS ] Handling commands...
[08:26:55] [ DiscordJS ] All commands successfully imported.
[08:26:55] Initializing "/home/container/src/handlers/events.js"...
[08:26:55] [ DiscordJS ] Handling events...
[08:26:55] [ DiscordJS ] Listening to all events.
[08:26:55] Initializing "/home/container/src/systems/timers.js"...
[08:26:55] [ System ] The system is ready and running.
[08:27:40] Bot foi iniciado.
[08:27:40] [ DiscordJS ] Connected as Barman#1975.
[08:27:40] Initializing "/home/container/src/apis/MySQL/index.js"...
[08:27:40] [ MySQL ] Initializing...
[08:27:40] [ MySQL ] Connected to "database.haskhosting.com.br:3306" as "u387_OwpXLRBeV3" in "s387_barman"
[08:27:40] Initializing "/home/container/src/handlers/utility.js"...
[08:27:40] [ DiscordJS ] Handling utilities...
[08:27:41] Initializing "/home/container/src/handlers/commands.js"...
[08:27:41] [ DiscordJS ] Handling commands...
[08:27:41] [ DiscordJS ] All commands successfully imported.
[08:27:41] Initializing "/home/container/src/handlers/events.js"...
[08:27:41] [ DiscordJS ] Handling events...
[08:27:41] [ DiscordJS ] Listening to all events.
[08:27:41] Initializing "/home/container/src/systems/timers.js"...
[08:27:41] [ System ] The system is ready and running.
[08:28:13] [ DiscordJS ] Command rl executed by henrique#0001 (897291486285156362)
[08:28:24] Exiting application with code 71.
[08:28:25] Bot foi iniciado.
[08:28:35] [ DiscordJS ] Connected as Barman#1975.
[08:28:35] Initializing "/home/container/src/apis/MySQL/index.js"...
[08:28:35] [ MySQL ] Initializing...
[08:28:35] [ MySQL ] Connected to "database.haskhosting.com.br:3306" as "u387_OwpXLRBeV3" in "s387_barman"
[08:28:35] Initializing "/home/container/src/handlers/utility.js"...
[08:28:35] [ DiscordJS ] Handling utilities...
[08:28:35] Initializing "/home/container/src/handlers/commands.js"...
[08:28:35] [ DiscordJS ] Handling commands...
[08:28:35] [ DiscordJS ] All commands successfully imported.
[08:28:35] Initializing "/home/container/src/handlers/events.js"...
[08:28:35] [ DiscordJS ] Handling events...
[08:28:35] [ DiscordJS ] Listening to all events.
[08:28:35] Initializing "/home/container/src/systems/timers.js"...
[08:28:35] [ System ] The system is ready and running.
[08:37:25] Bot foi iniciado.
[08:37:26] [ DiscordJS ] Connected as Barman#1975.
[08:37:26] Initializing "/home/container/src/apis/MySQL/index.js"...
[08:37:26] [ MySQL ] Initializing...
[08:37:26] [ MySQL ] Connected to "database.haskhosting.com.br:3306" as "u387_OwpXLRBeV3" in "s387_barman"
[08:37:26] Initializing "/home/container/src/handlers/utility.js"...
[08:37:26] [ DiscordJS ] Handling utilities...
[08:37:26] Initializing "/home/container/src/handlers/commands.js"...
[08:37:26] [ DiscordJS ] Handling commands...
[08:37:26] [ DiscordJS ] All commands successfully imported.
[08:37:26] Initializing "/home/container/src/handlers/events.js"...
[08:37:26] [ DiscordJS ] Handling events...
[08:37:26] [ DiscordJS ] Listening to all events.
[08:37:26] Initializing "/home/container/src/systems/timers.js"...
[08:37:26] [ System ] The system is ready and running.
[08:37:39] [ DiscordJS ] Command rl executed by henrique#0001 (897291486285156362)
[08:37:40] Exiting application with code 71.
[08:37:41] Bot foi iniciado.
[08:37:52] [ DiscordJS ] Connected as Barman#1975.
[08:37:52] Initializing "/home/container/src/apis/MySQL/index.js"...
[08:37:52] [ MySQL ] Initializing...
[08:37:52] [ MySQL ] Connected to "database.haskhosting.com.br:3306" as "u387_OwpXLRBeV3" in "s387_barman"
[08:37:52] Initializing "/home/container/src/handlers/utility.js"...
[08:37:52] [ DiscordJS ] Handling utilities...
[08:37:52] Initializing "/home/container/src/handlers/commands.js"...
[08:37:52] [ DiscordJS ] Handling commands...
[08:37:52] [ DiscordJS ] All commands successfully imported.
[08:37:52] Initializing "/home/container/src/handlers/events.js"...
[08:37:52] [ DiscordJS ] Handling events...
[08:37:52] [ DiscordJS ] Listening to all events.
[08:37:52] Initializing "/home/container/src/systems/timers.js"...
[08:37:52] [ System ] The system is ready and running.
[08:43:43] Bot foi iniciado.
[08:43:43] [ DiscordJS ] Connected as Barman#1975.
[08:43:43] Initializing "/home/container/src/apis/MySQL/index.js"...
[08:43:43] [ MySQL ] Initializing...
[08:43:43] [ MySQL ] Connected to "database.haskhosting.com.br:3306" as "u387_OwpXLRBeV3" in "s387_barman"
[08:43:43] Initializing "/home/container/src/handlers/utility.js"...
[08:43:43] [ DiscordJS ] Handling utilities...
[08:43:43] Initializing "/home/container/src/handlers/commands.js"...
[08:43:43] [ DiscordJS ] Handling commands...
[08:43:43] [ DiscordJS ] All commands successfully imported.
[08:43:43] Initializing "/home/container/src/handlers/events.js"...
[08:43:43] [ DiscordJS ] Handling events...
[08:43:43] [ DiscordJS ] Listening to all events.
[08:43:43] Initializing "/home/container/src/systems/timers.js"...
[08:43:43] [ System ] The system is ready and running.
[08:43:53] [ DiscordJS ] Command rl executed by henrique#0001 (897291486285156362)
[08:43:53] Exiting application with code 71.
[08:43:54] Bot foi iniciado.
[08:44:04] [ DiscordJS ] Connected as Barman#1975.
[08:44:04] Initializing "/home/container/src/apis/MySQL/index.js"...
[08:44:04] [ MySQL ] Initializing...
[08:44:04] [ MySQL ] Connected to "database.haskhosting.com.br:3306" as "u387_OwpXLRBeV3" in "s387_barman"
[08:44:04] Initializing "/home/container/src/handlers/utility.js"...
[08:44:04] [ DiscordJS ] Handling utilities...
[08:44:04] Initializing "/home/container/src/handlers/commands.js"...
[08:44:04] [ DiscordJS ] Handling commands...
[08:44:04] [ DiscordJS ] All commands successfully imported.
[08:44:04] Initializing "/home/container/src/handlers/events.js"...
[08:44:04] [ DiscordJS ] Handling events...
[08:44:04] [ DiscordJS ] Listening to all events.
[08:44:04] Initializing "/home/container/src/systems/timers.js"...
[08:44:04] [ System ] The system is ready and running.
[19:04:10] /home/container/src/utility/db.js:22
[19:04:10]         coins: typeof fields.coins === "number" && Number.isInteger(fields.coins) ? fields.coins : 0,
[19:04:10]                              ^
[19:04:10] 
[19:04:10] TypeError: Cannot read properties of undefined (reading 'coins')
[19:04:10]     at Object.setUser (/home/container/src/utility/db.js:22:30)
[19:04:10]     at runMicrotasks (<anonymous>)
[19:04:10]     at processTicksAndRejections (node:internal/process/task_queues:96:5)
[19:04:10]     at async Object.getUser (/home/container/src/utility/db.js:13:63)
[19:04:10]     at async Client.execute (/home/container/src/events/guildMemberAdd.js:9:28)
[19:04:10] Exiting application with code 1.
[19:04:12] Bot foi iniciado.
[19:04:21] [ DiscordJS ] Connected as Barman#1975.
[19:04:21] Initializing "/home/container/src/apis/MySQL/index.js"...
[19:04:21] [ MySQL ] Initializing...
[19:04:21] [ MySQL ] Connected to "database.haskhosting.com.br:3306" as "u387_OwpXLRBeV3" in "s387_barman"
[19:04:21] Initializing "/home/container/src/handlers/utility.js"...
[19:04:21] [ DiscordJS ] Handling utilities...
[19:04:21] Initializing "/home/container/src/handlers/commands.js"...
[19:04:21] [ DiscordJS ] Handling commands...
[19:04:21] [ DiscordJS ] All commands successfully imported.
[19:04:21] Initializing "/home/container/src/handlers/events.js"...
[19:04:21] [ DiscordJS ] Handling events...
[19:04:21] [ DiscordJS ] Listening to all events.
[19:04:21] Initializing "/home/container/src/systems/timers.js"...
[19:04:22] [ System ] The system is ready and running.
[19:06:42] /home/container/src/utility/db.js:22
[19:06:42]         coins: typeof fields.coins === "number" && Number.isInteger(fields.coins) ? fields.coins : 0,
[19:06:42]                              ^
[19:06:42] 
[19:06:42] TypeError: Cannot read properties of undefined (reading 'coins')
[19:06:42]     at Object.setUser (/home/container/src/utility/db.js:22:30)
[19:06:42]     at processTicksAndRejections (node:internal/process/task_queues:96:5)
[19:06:42]     at async Object.getUser (/home/container/src/utility/db.js:13:63)
[19:06:42]     at async Client.execute (/home/container/src/events/guildMemberAdd.js:9:28)
[19:06:42] Exiting application with code 1.
[19:06:43] Bot foi iniciado.
[19:06:53] [ DiscordJS ] Connected as Barman#1975.
[19:06:53] Initializing "/home/container/src/apis/MySQL/index.js"...
[19:06:53] [ MySQL ] Initializing...
[19:06:53] [ MySQL ] Connected to "database.haskhosting.com.br:3306" as "u387_OwpXLRBeV3" in "s387_barman"
[19:06:53] Initializing "/home/container/src/handlers/utility.js"...
[19:06:53] [ DiscordJS ] Handling utilities...
[19:06:53] Initializing "/home/container/src/handlers/commands.js"...
[19:06:53] [ DiscordJS ] Handling commands...
[19:06:53] [ DiscordJS ] All commands successfully imported.
[19:06:53] Initializing "/home/container/src/handlers/events.js"...
[19:06:53] [ DiscordJS ] Handling events...
[19:06:53] [ DiscordJS ] Listening to all events.
[19:06:53] Initializing "/home/container/src/systems/timers.js"...
[19:06:53] [ System ] The system is ready and running.
