[17:03:58] /home/container/src/utility/db.js:22
[17:03:58]         coins: typeof fields.coins === "number" && Number.isInteger(fields.coins) ? fields.coins : 0,
[17:03:58]                              ^
[17:03:58] 
[17:03:58] TypeError: Cannot read properties of undefined (reading 'coins')
[17:03:58]     at Object.setUser (/home/container/src/utility/db.js:22:30)
[17:03:58]     at runMicrotasks (<anonymous>)
[17:03:58]     at processTicksAndRejections (node:internal/process/task_queues:96:5)
[17:03:58]     at async Object.getUser (/home/container/src/utility/db.js:13:63)
[17:03:58]     at async Client.execute (/home/container/src/events/guildMemberAdd.js:9:28)
[17:03:58] Exiting application with code 1.
[17:04:02] Bot foi iniciado.
[17:04:09] [ DiscordJS ] Connected as Barman#1975.
[17:04:09] Initializing "/home/container/src/apis/MySQL/index.js"...
[17:04:10] [ MySQL ] Initializing...
[17:04:10] [ MySQL ] Connected to "database.haskhosting.com.br:3306" as "u387_OwpXLRBeV3" in "s387_barman"
[17:04:10] Initializing "/home/container/src/handlers/utility.js"...
[17:04:10] [ DiscordJS ] Handling utilities...
[17:04:10] Initializing "/home/container/src/handlers/commands.js"...
[17:04:10] [ DiscordJS ] Handling commands...
[17:04:10] [ DiscordJS ] All commands successfully imported.
[17:04:10] Initializing "/home/container/src/handlers/events.js"...
[17:04:10] [ DiscordJS ] Handling events...
[17:04:10] [ DiscordJS ] Listening to all events.
[17:04:10] Initializing "/home/container/src/systems/timers.js"...
[17:04:10] [ System ] The system is ready and running.
