[19:28:45] undefined:1
[19:28:45] undefined
[19:28:45] ^
[19:28:45] 
[19:28:45] SyntaxError: Unexpected token u in JSON at position 0
[19:28:45]     at JSON.parse (<anonymous>)
[19:28:45]     at Client.execute (/home/container/src/events/guildMemberUpdate.js:7:38)
[19:28:45]     at runMicrotasks (<anonymous>)
[19:28:45]     at processTicksAndRejections (node:internal/process/task_queues:96:5)
[19:28:45] Exiting application with code 1.
[19:28:47] Bot foi iniciado.
[19:28:56] [ DiscordJS ] Connected as Barman#1975.
[19:28:56] Initializing "/home/container/src/apis/MySQL/index.js"...
[19:28:56] [ MySQL ] Initializing...
[19:28:56] [ MySQL ] Connected to "database.haskhosting.com.br:3306" as "u387_OwpXLRBeV3" in "s387_barman"
[19:28:56] Initializing "/home/container/src/handlers/utility.js"...
[19:28:56] [ DiscordJS ] Handling utilities...
[19:28:56] Initializing "/home/container/src/handlers/commands.js"...
[19:28:56] [ DiscordJS ] Handling commands...
[19:28:56] [ DiscordJS ] All commands successfully imported.
[19:28:56] Initializing "/home/container/src/handlers/events.js"...
[19:28:56] [ DiscordJS ] Handling events...
[19:28:56] [ DiscordJS ] Listening to all events.
[19:28:56] Initializing "/home/container/src/systems/timers.js"...
[19:28:56] undefined:1
[19:28:56] undefined
[19:28:56] ^
[19:28:56] 
[19:28:56] SyntaxError: Unexpected token u in JSON at position 0
[19:28:56]     at JSON.parse (<anonymous>)
[19:28:56]     at /home/container/src/systems/timers.js:5:66
[19:28:56]     at Array.map (<anonymous>)
[19:28:56]     at /home/container/src/systems/timers.js:5:52
[19:28:56]     at processTicksAndRejections (node:internal/process/task_queues:96:5)
[19:28:56] Exiting application with code 1.
[19:29:07] Bot foi iniciado.
[19:29:16] [ DiscordJS ] Connected as Barman#1975.
[19:29:16] Initializing "/home/container/src/apis/MySQL/index.js"...
[19:29:16] [ MySQL ] Initializing...
[19:29:16] [ MySQL ] Connected to "database.haskhosting.com.br:3306" as "u387_OwpXLRBeV3" in "s387_barman"
[19:29:16] Initializing "/home/container/src/handlers/utility.js"...
[19:29:16] [ DiscordJS ] Handling utilities...
[19:29:16] Initializing "/home/container/src/handlers/commands.js"...
[19:29:16] [ DiscordJS ] Handling commands...
[19:29:16] [ DiscordJS ] All commands successfully imported.
[19:29:16] Initializing "/home/container/src/handlers/events.js"...
[19:29:16] [ DiscordJS ] Handling events...
[19:29:16] [ DiscordJS ] Listening to all events.
[19:29:16] Initializing "/home/container/src/systems/timers.js"...
[19:29:16] undefined:1
[19:29:16] undefined
[19:29:16] ^
[19:29:16] 
[19:29:16] SyntaxError: Unexpected token u in JSON at position 0
[19:29:16]     at JSON.parse (<anonymous>)
[19:29:16]     at /home/container/src/systems/timers.js:5:66
[19:29:16]     at Array.map (<anonymous>)
[19:29:16]     at /home/container/src/systems/timers.js:5:52
[19:29:16]     at processTicksAndRejections (node:internal/process/task_queues:96:5)
[19:29:16] Exiting application with code 1.
[19:29:27] Bot foi iniciado.
[19:29:36] [ DiscordJS ] Connected as Barman#1975.
[19:29:36] Initializing "/home/container/src/apis/MySQL/index.js"...
[19:29:36] [ MySQL ] Initializing...
[19:29:37] [ MySQL ] Connected to "database.haskhosting.com.br:3306" as "u387_OwpXLRBeV3" in "s387_barman"
[19:29:37] Initializing "/home/container/src/handlers/utility.js"...
[19:29:37] [ DiscordJS ] Handling utilities...
[19:29:37] Initializing "/home/container/src/handlers/commands.js"...
[19:29:37] [ DiscordJS ] Handling commands...
[19:29:37] [ DiscordJS ] All commands successfully imported.
[19:29:37] Initializing "/home/container/src/handlers/events.js"...
[19:29:37] [ DiscordJS ] Handling events...
[19:29:37] [ DiscordJS ] Listening to all events.
[19:29:37] Initializing "/home/container/src/systems/timers.js"...
[19:29:37] undefined:1
[19:29:37] undefined
[19:29:37] ^
[19:29:37] 
[19:29:37] SyntaxError: Unexpected token u in JSON at position 0
[19:29:37]     at JSON.parse (<anonymous>)
[19:29:37]     at /home/container/src/systems/timers.js:5:66
[19:29:37]     at Array.map (<anonymous>)
[19:29:37]     at /home/container/src/systems/timers.js:5:52
[19:29:37]     at processTicksAndRejections (node:internal/process/task_queues:96:5)
[19:29:37] Exiting application with code 1.
[19:29:47] Bot foi iniciado.
[19:29:57] [ DiscordJS ] Connected as Barman#1975.
[19:29:57] Initializing "/home/container/src/apis/MySQL/index.js"...
[19:29:57] [ MySQL ] Initializing...
[19:29:57] [ MySQL ] Connected to "database.haskhosting.com.br:3306" as "u387_OwpXLRBeV3" in "s387_barman"
[19:29:57] Initializing "/home/container/src/handlers/utility.js"...
[19:29:57] [ DiscordJS ] Handling utilities...
[19:29:57] Initializing "/home/container/src/handlers/commands.js"...
[19:29:57] [ DiscordJS ] Handling commands...
[19:29:57] [ DiscordJS ] All commands successfully imported.
[19:29:57] Initializing "/home/container/src/handlers/events.js"...
[19:29:57] [ DiscordJS ] Handling events...
[19:29:57] [ DiscordJS ] Listening to all events.
[19:29:57] Initializing "/home/container/src/systems/timers.js"...
[19:29:57] undefined:1
[19:29:57] undefined
[19:29:57] ^
[19:29:57] 
[19:29:57] SyntaxError: Unexpected token u in JSON at position 0
[19:29:57]     at JSON.parse (<anonymous>)
[19:29:57]     at /home/container/src/systems/timers.js:5:66
[19:29:57]     at Array.map (<anonymous>)
[19:29:57]     at /home/container/src/systems/timers.js:5:52
[19:29:57]     at processTicksAndRejections (node:internal/process/task_queues:96:5)
[19:29:57] Exiting application with code 1.
[19:30:07] Bot foi iniciado.
[19:30:17] [ DiscordJS ] Connected as Barman#1975.
[19:30:17] Initializing "/home/container/src/apis/MySQL/index.js"...
[19:30:17] [ MySQL ] Initializing...
[19:30:17] [ MySQL ] Connected to "database.haskhosting.com.br:3306" as "u387_OwpXLRBeV3" in "s387_barman"
[19:30:17] Initializing "/home/container/src/handlers/utility.js"...
[19:30:17] [ DiscordJS ] Handling utilities...
[19:30:17] Initializing "/home/container/src/handlers/commands.js"...
[19:30:17] [ DiscordJS ] Handling commands...
[19:30:17] [ DiscordJS ] All commands successfully imported.
[19:30:17] Initializing "/home/container/src/handlers/events.js"...
[19:30:17] [ DiscordJS ] Handling events...
[19:30:17] [ DiscordJS ] Listening to all events.
[19:30:17] Initializing "/home/container/src/systems/timers.js"...
[19:30:17] undefined:1
[19:30:17] undefined
[19:30:17] ^
[19:30:17] 
[19:30:17] SyntaxError: Unexpected token u in JSON at position 0
[19:30:17]     at JSON.parse (<anonymous>)
[19:30:17]     at /home/container/src/systems/timers.js:5:66
[19:30:17]     at Array.map (<anonymous>)
[19:30:17]     at /home/container/src/systems/timers.js:5:52
[19:30:17]     at processTicksAndRejections (node:internal/process/task_queues:96:5)
[19:30:17] Exiting application with code 1.
[19:30:27] Bot foi iniciado.
[19:30:37] [ DiscordJS ] Connected as Barman#1975.
[19:30:37] Initializing "/home/container/src/apis/MySQL/index.js"...
[19:30:37] [ MySQL ] Initializing...
[19:30:37] [ MySQL ] Connected to "database.haskhosting.com.br:3306" as "u387_OwpXLRBeV3" in "s387_barman"
[19:30:37] Initializing "/home/container/src/handlers/utility.js"...
[19:30:37] [ DiscordJS ] Handling utilities...
[19:30:37] Initializing "/home/container/src/handlers/commands.js"...
[19:30:37] [ DiscordJS ] Handling commands...
[19:30:37] [ DiscordJS ] All commands successfully imported.
[19:30:37] Initializing "/home/container/src/handlers/events.js"...
[19:30:37] [ DiscordJS ] Handling events...
[19:30:37] [ DiscordJS ] Listening to all events.
[19:30:37] Initializing "/home/container/src/systems/timers.js"...
[19:30:37] undefined:1
[19:30:37] undefined
[19:30:37] ^
[19:30:37] 
[19:30:37] SyntaxError: Unexpected token u in JSON at position 0
[19:30:37]     at JSON.parse (<anonymous>)
[19:30:37]     at /home/container/src/systems/timers.js:5:66
[19:30:37]     at Array.map (<anonymous>)
[19:30:37]     at /home/container/src/systems/timers.js:5:52
[19:30:37]     at processTicksAndRejections (node:internal/process/task_queues:96:5)
[19:30:37] Exiting application with code 1.
[19:30:47] Bot foi iniciado.
[19:30:57] [ DiscordJS ] Connected as Barman#1975.
[19:30:57] Initializing "/home/container/src/apis/MySQL/index.js"...
[19:30:57] [ MySQL ] Initializing...
[19:30:57] [ MySQL ] Connected to "database.haskhosting.com.br:3306" as "u387_OwpXLRBeV3" in "s387_barman"
[19:30:57] Initializing "/home/container/src/handlers/utility.js"...
[19:30:57] [ DiscordJS ] Handling utilities...
[19:30:57] Initializing "/home/container/src/handlers/commands.js"...
[19:30:57] [ DiscordJS ] Handling commands...
[19:30:57] [ DiscordJS ] All commands successfully imported.
[19:30:57] Initializing "/home/container/src/handlers/events.js"...
[19:30:57] [ DiscordJS ] Handling events...
[19:30:57] [ DiscordJS ] Listening to all events.
[19:30:57] Initializing "/home/container/src/systems/timers.js"...
[19:30:57] undefined:1
[19:30:57] undefined
[19:30:57] ^
[19:30:57] 
[19:30:57] SyntaxError: Unexpected token u in JSON at position 0
[19:30:57]     at JSON.parse (<anonymous>)
[19:30:57]     at /home/container/src/systems/timers.js:5:66
[19:30:57]     at Array.map (<anonymous>)
[19:30:57]     at /home/container/src/systems/timers.js:5:52
[19:30:57]     at processTicksAndRejections (node:internal/process/task_queues:96:5)
[19:30:57] Exiting application with code 1.
[19:31:08] Bot foi iniciado.
[19:31:17] [ DiscordJS ] Connected as Barman#1975.
[19:31:17] Initializing "/home/container/src/apis/MySQL/index.js"...
[19:31:17] [ MySQL ] Initializing...
[19:31:17] [ MySQL ] Connected to "database.haskhosting.com.br:3306" as "u387_OwpXLRBeV3" in "s387_barman"
[19:31:17] Initializing "/home/container/src/handlers/utility.js"...
[19:31:17] [ DiscordJS ] Handling utilities...
[19:31:17] Initializing "/home/container/src/handlers/commands.js"...
[19:31:17] [ DiscordJS ] Handling commands...
[19:31:17] [ DiscordJS ] All commands successfully imported.
[19:31:17] Initializing "/home/container/src/handlers/events.js"...
[19:31:17] [ DiscordJS ] Handling events...
[19:31:17] [ DiscordJS ] Listening to all events.
[19:31:17] Initializing "/home/container/src/systems/timers.js"...
[19:31:17] undefined:1
[19:31:17] undefined
[19:31:17] ^
[19:31:17] 
[19:31:17] SyntaxError: Unexpected token u in JSON at position 0
[19:31:17]     at JSON.parse (<anonymous>)
[19:31:17]     at /home/container/src/systems/timers.js:5:66
[19:31:17]     at Array.map (<anonymous>)
[19:31:17]     at /home/container/src/systems/timers.js:5:52
[19:31:17]     at processTicksAndRejections (node:internal/process/task_queues:96:5)
[19:31:17] Exiting application with code 1.
[19:31:28] Bot foi iniciado.
[19:31:37] [ DiscordJS ] Connected as Barman#1975.
[19:31:37] Initializing "/home/container/src/apis/MySQL/index.js"...
[19:31:38] [ MySQL ] Initializing...
[19:31:38] [ MySQL ] Connected to "database.haskhosting.com.br:3306" as "u387_OwpXLRBeV3" in "s387_barman"
[19:31:38] Initializing "/home/container/src/handlers/utility.js"...
[19:31:38] [ DiscordJS ] Handling utilities...
[19:31:38] Initializing "/home/container/src/handlers/commands.js"...
[19:31:38] [ DiscordJS ] Handling commands...
[19:31:38] [ DiscordJS ] All commands successfully imported.
[19:31:38] Initializing "/home/container/src/handlers/events.js"...
[19:31:38] [ DiscordJS ] Handling events...
[19:31:38] [ DiscordJS ] Listening to all events.
[19:31:38] Initializing "/home/container/src/systems/timers.js"...
[19:31:38] undefined:1
[19:31:38] undefined
[19:31:38] ^
[19:31:38] 
[19:31:38] SyntaxError: Unexpected token u in JSON at position 0
[19:31:38]     at JSON.parse (<anonymous>)
[19:31:38]     at /home/container/src/systems/timers.js:5:66
[19:31:38]     at Array.map (<anonymous>)
[19:31:38]     at /home/container/src/systems/timers.js:5:52
[19:31:38]     at processTicksAndRejections (node:internal/process/task_queues:96:5)
[19:31:38] Exiting application with code 1.
[19:31:48] Bot foi iniciado.
[19:31:57] [ DiscordJS ] Connected as Barman#1975.
[19:31:57] Initializing "/home/container/src/apis/MySQL/index.js"...
[19:31:57] [ MySQL ] Initializing...
[19:31:58] [ MySQL ] Connected to "database.haskhosting.com.br:3306" as "u387_OwpXLRBeV3" in "s387_barman"
[19:31:58] Initializing "/home/container/src/handlers/utility.js"...
[19:31:58] [ DiscordJS ] Handling utilities...
[19:31:58] Initializing "/home/container/src/handlers/commands.js"...
[19:31:58] [ DiscordJS ] Handling commands...
[19:31:58] [ DiscordJS ] All commands successfully imported.
[19:31:58] Initializing "/home/container/src/handlers/events.js"...
[19:31:58] [ DiscordJS ] Handling events...
[19:31:58] [ DiscordJS ] Listening to all events.
[19:31:58] Initializing "/home/container/src/systems/timers.js"...
[19:31:58] undefined:1
[19:31:58] undefined
[19:31:58] ^
[19:31:58] 
[19:31:58] SyntaxError: Unexpected token u in JSON at position 0
[19:31:58]     at JSON.parse (<anonymous>)
[19:31:58]     at /home/container/src/systems/timers.js:5:66
[19:31:58]     at Array.map (<anonymous>)
[19:31:58]     at /home/container/src/systems/timers.js:5:52
[19:31:58]     at processTicksAndRejections (node:internal/process/task_queues:96:5)
[19:31:58] Exiting application with code 1.
[19:32:08] Bot foi iniciado.
[19:32:18] [ DiscordJS ] Connected as Barman#1975.
[19:32:18] Initializing "/home/container/src/apis/MySQL/index.js"...
[19:32:18] [ MySQL ] Initializing...
[19:32:18] [ MySQL ] Connected to "database.haskhosting.com.br:3306" as "u387_OwpXLRBeV3" in "s387_barman"
[19:32:18] Initializing "/home/container/src/handlers/utility.js"...
[19:32:18] [ DiscordJS ] Handling utilities...
[19:32:18] Initializing "/home/container/src/handlers/commands.js"...
[19:32:18] [ DiscordJS ] Handling commands...
[19:32:18] [ DiscordJS ] All commands successfully imported.
[19:32:18] Initializing "/home/container/src/handlers/events.js"...
[19:32:18] [ DiscordJS ] Handling events...
[19:32:18] [ DiscordJS ] Listening to all events.
[19:32:18] Initializing "/home/container/src/systems/timers.js"...
[19:32:18] undefined:1
[19:32:18] undefined
[19:32:18] ^
[19:32:18] 
[19:32:18] SyntaxError: Unexpected token u in JSON at position 0
[19:32:18]     at JSON.parse (<anonymous>)
[19:32:18]     at /home/container/src/systems/timers.js:5:66
[19:32:18]     at Array.map (<anonymous>)
[19:32:18]     at /home/container/src/systems/timers.js:5:52
[19:32:18]     at processTicksAndRejections (node:internal/process/task_queues:96:5)
[19:32:18] Exiting application with code 1.
[19:32:28] Bot foi iniciado.
[19:32:38] [ DiscordJS ] Connected as Barman#1975.
[19:32:38] Initializing "/home/container/src/apis/MySQL/index.js"...
[19:32:38] [ MySQL ] Initializing...
[19:32:38] [ MySQL ] Connected to "database.haskhosting.com.br:3306" as "u387_OwpXLRBeV3" in "s387_barman"
[19:32:38] Initializing "/home/container/src/handlers/utility.js"...
[19:32:38] [ DiscordJS ] Handling utilities...
[19:32:38] Initializing "/home/container/src/handlers/commands.js"...
[19:32:38] [ DiscordJS ] Handling commands...
[19:32:38] [ DiscordJS ] All commands successfully imported.
[19:32:38] Initializing "/home/container/src/handlers/events.js"...
[19:32:38] [ DiscordJS ] Handling events...
[19:32:38] [ DiscordJS ] Listening to all events.
[19:32:38] Initializing "/home/container/src/systems/timers.js"...
[19:32:38] undefined:1
[19:32:38] undefined
[19:32:38] ^
[19:32:38] 
[19:32:38] SyntaxError: Unexpected token u in JSON at position 0
[19:32:38]     at JSON.parse (<anonymous>)
[19:32:38]     at /home/container/src/systems/timers.js:5:66
[19:32:38]     at Array.map (<anonymous>)
[19:32:38]     at /home/container/src/systems/timers.js:5:52
[19:32:38]     at processTicksAndRejections (node:internal/process/task_queues:96:5)
[19:32:38] Exiting application with code 1.
[19:32:48] Bot foi iniciado.
[19:32:58] [ DiscordJS ] Connected as Barman#1975.
[19:32:58] Initializing "/home/container/src/apis/MySQL/index.js"...
[19:32:58] [ MySQL ] Initializing...
[19:32:58] [ MySQL ] Connected to "database.haskhosting.com.br:3306" as "u387_OwpXLRBeV3" in "s387_barman"
[19:32:58] Initializing "/home/container/src/handlers/utility.js"...
[19:32:58] [ DiscordJS ] Handling utilities...
[19:32:58] Initializing "/home/container/src/handlers/commands.js"...
[19:32:58] [ DiscordJS ] Handling commands...
[19:32:58] [ DiscordJS ] All commands successfully imported.
[19:32:58] Initializing "/home/container/src/handlers/events.js"...
[19:32:58] [ DiscordJS ] Handling events...
[19:32:58] [ DiscordJS ] Listening to all events.
[19:32:58] Initializing "/home/container/src/systems/timers.js"...
[19:32:58] undefined:1
[19:32:58] undefined
[19:32:58] ^
[19:32:58] 
[19:32:58] SyntaxError: Unexpected token u in JSON at position 0
[19:32:58]     at JSON.parse (<anonymous>)
[19:32:58]     at /home/container/src/systems/timers.js:5:66
[19:32:58]     at Array.map (<anonymous>)
[19:32:58]     at /home/container/src/systems/timers.js:5:52
[19:32:58]     at processTicksAndRejections (node:internal/process/task_queues:96:5)
[19:32:58] Exiting application with code 1.
[19:33:08] Bot foi iniciado.
[19:33:18] [ DiscordJS ] Connected as Barman#1975.
[19:33:18] Initializing "/home/container/src/apis/MySQL/index.js"...
[19:33:18] [ MySQL ] Initializing...
[19:33:18] [ MySQL ] Connected to "database.haskhosting.com.br:3306" as "u387_OwpXLRBeV3" in "s387_barman"
[19:33:18] Initializing "/home/container/src/handlers/utility.js"...
[19:33:18] [ DiscordJS ] Handling utilities...
[19:33:18] Initializing "/home/container/src/handlers/commands.js"...
[19:33:18] [ DiscordJS ] Handling commands...
[19:33:18] [ DiscordJS ] All commands successfully imported.
[19:33:18] Initializing "/home/container/src/handlers/events.js"...
[19:33:18] [ DiscordJS ] Handling events...
[19:33:18] [ DiscordJS ] Listening to all events.
[19:33:18] Initializing "/home/container/src/systems/timers.js"...
[19:33:18] undefined:1
[19:33:18] undefined
[19:33:18] ^
[19:33:18] 
[19:33:18] SyntaxError: Unexpected token u in JSON at position 0
[19:33:18]     at JSON.parse (<anonymous>)
[19:33:18]     at /home/container/src/systems/timers.js:5:66
[19:33:18]     at Array.map (<anonymous>)
[19:33:18]     at /home/container/src/systems/timers.js:5:52
[19:33:18]     at processTicksAndRejections (node:internal/process/task_queues:96:5)
[19:33:18] Exiting application with code 1.
[19:33:29] Bot foi iniciado.
[19:33:38] [ DiscordJS ] Connected as Barman#1975.
[19:33:38] Initializing "/home/container/src/apis/MySQL/index.js"...
[19:33:38] [ MySQL ] Initializing...
[19:33:39] [ MySQL ] Connected to "database.haskhosting.com.br:3306" as "u387_OwpXLRBeV3" in "s387_barman"
[19:33:39] Initializing "/home/container/src/handlers/utility.js"...
[19:33:39] [ DiscordJS ] Handling utilities...
[19:33:39] Initializing "/home/container/src/handlers/commands.js"...
[19:33:39] [ DiscordJS ] Handling commands...
[19:33:39] [ DiscordJS ] All commands successfully imported.
[19:33:39] Initializing "/home/container/src/handlers/events.js"...
[19:33:39] [ DiscordJS ] Handling events...
[19:33:39] [ DiscordJS ] Listening to all events.
[19:33:39] Initializing "/home/container/src/systems/timers.js"...
[19:33:39] undefined:1
[19:33:39] undefined
[19:33:39] ^
[19:33:39] 
[19:33:39] SyntaxError: Unexpected token u in JSON at position 0
[19:33:39]     at JSON.parse (<anonymous>)
[19:33:39]     at /home/container/src/systems/timers.js:5:66
[19:33:39]     at Array.map (<anonymous>)
[19:33:39]     at /home/container/src/systems/timers.js:5:52
[19:33:39]     at processTicksAndRejections (node:internal/process/task_queues:96:5)
[19:33:39] Exiting application with code 1.
[19:33:49] Bot foi iniciado.
[19:33:59] [ DiscordJS ] Connected as Barman#1975.
[19:33:59] Initializing "/home/container/src/apis/MySQL/index.js"...
[19:33:59] [ MySQL ] Initializing...
[19:33:59] [ MySQL ] Connected to "database.haskhosting.com.br:3306" as "u387_OwpXLRBeV3" in "s387_barman"
[19:33:59] Initializing "/home/container/src/handlers/utility.js"...
[19:33:59] [ DiscordJS ] Handling utilities...
[19:33:59] Initializing "/home/container/src/handlers/commands.js"...
[19:33:59] [ DiscordJS ] Handling commands...
[19:33:59] [ DiscordJS ] All commands successfully imported.
[19:33:59] Initializing "/home/container/src/handlers/events.js"...
[19:33:59] [ DiscordJS ] Handling events...
[19:33:59] [ DiscordJS ] Listening to all events.
[19:33:59] Initializing "/home/container/src/systems/timers.js"...
[19:33:59] undefined:1
[19:33:59] undefined
[19:33:59] ^
[19:33:59] 
[19:33:59] SyntaxError: Unexpected token u in JSON at position 0
[19:33:59]     at JSON.parse (<anonymous>)
[19:33:59]     at /home/container/src/systems/timers.js:5:66
[19:33:59]     at Array.map (<anonymous>)
[19:33:59]     at /home/container/src/systems/timers.js:5:52
[19:33:59]     at processTicksAndRejections (node:internal/process/task_queues:96:5)
[19:33:59] Exiting application with code 1.
[19:34:09] Bot foi iniciado.
[19:34:19] [ DiscordJS ] Connected as Barman#1975.
[19:34:19] Initializing "/home/container/src/apis/MySQL/index.js"...
[19:34:19] [ MySQL ] Initializing...
[19:34:19] [ MySQL ] Connected to "database.haskhosting.com.br:3306" as "u387_OwpXLRBeV3" in "s387_barman"
[19:34:19] Initializing "/home/container/src/handlers/utility.js"...
[19:34:19] [ DiscordJS ] Handling utilities...
[19:34:19] Initializing "/home/container/src/handlers/commands.js"...
[19:34:19] [ DiscordJS ] Handling commands...
[19:34:19] [ DiscordJS ] All commands successfully imported.
[19:34:19] Initializing "/home/container/src/handlers/events.js"...
[19:34:19] [ DiscordJS ] Handling events...
[19:34:19] [ DiscordJS ] Listening to all events.
[19:34:19] Initializing "/home/container/src/systems/timers.js"...
[19:34:19] undefined:1
[19:34:19] undefined
[19:34:19] ^
[19:34:19] 
[19:34:19] SyntaxError: Unexpected token u in JSON at position 0
[19:34:19]     at JSON.parse (<anonymous>)
[19:34:19]     at /home/container/src/systems/timers.js:5:66
[19:34:19]     at Array.map (<anonymous>)
[19:34:19]     at /home/container/src/systems/timers.js:5:52
[19:34:19]     at processTicksAndRejections (node:internal/process/task_queues:96:5)
[19:34:19] Exiting application with code 1.
[19:34:29] Bot foi iniciado.
[19:34:39] [ DiscordJS ] Connected as Barman#1975.
[19:34:39] Initializing "/home/container/src/apis/MySQL/index.js"...
[19:34:39] [ MySQL ] Initializing...
[19:34:39] [ MySQL ] Connected to "database.haskhosting.com.br:3306" as "u387_OwpXLRBeV3" in "s387_barman"
[19:34:39] Initializing "/home/container/src/handlers/utility.js"...
[19:34:39] [ DiscordJS ] Handling utilities...
[19:34:39] Initializing "/home/container/src/handlers/commands.js"...
[19:34:39] [ DiscordJS ] Handling commands...
[19:34:39] [ DiscordJS ] All commands successfully imported.
[19:34:39] Initializing "/home/container/src/handlers/events.js"...
[19:34:39] [ DiscordJS ] Handling events...
[19:34:39] [ DiscordJS ] Listening to all events.
[19:34:39] Initializing "/home/container/src/systems/timers.js"...
[19:34:39] undefined:1
[19:34:39] undefined
[19:34:39] ^
[19:34:39] 
[19:34:39] SyntaxError: Unexpected token u in JSON at position 0
[19:34:39]     at JSON.parse (<anonymous>)
[19:34:39]     at /home/container/src/systems/timers.js:5:66
[19:34:39]     at Array.map (<anonymous>)
[19:34:39]     at /home/container/src/systems/timers.js:5:52
[19:34:39]     at processTicksAndRejections (node:internal/process/task_queues:96:5)
[19:34:39] Exiting application with code 1.
[19:34:49] Bot foi iniciado.
[19:34:59] [ DiscordJS ] Connected as Barman#1975.
[19:34:59] Initializing "/home/container/src/apis/MySQL/index.js"...
[19:34:59] [ MySQL ] Initializing...
[19:34:59] [ MySQL ] Connected to "database.haskhosting.com.br:3306" as "u387_OwpXLRBeV3" in "s387_barman"
[19:34:59] Initializing "/home/container/src/handlers/utility.js"...
[19:34:59] [ DiscordJS ] Handling utilities...
[19:34:59] Initializing "/home/container/src/handlers/commands.js"...
[19:34:59] [ DiscordJS ] Handling commands...
[19:34:59] [ DiscordJS ] All commands successfully imported.
[19:34:59] Initializing "/home/container/src/handlers/events.js"...
[19:34:59] [ DiscordJS ] Handling events...
[19:34:59] [ DiscordJS ] Listening to all events.
[19:34:59] Initializing "/home/container/src/systems/timers.js"...
[19:34:59] undefined:1
[19:34:59] undefined
[19:34:59] ^
[19:34:59] 
[19:34:59] SyntaxError: Unexpected token u in JSON at position 0
[19:34:59]     at JSON.parse (<anonymous>)
[19:34:59]     at /home/container/src/systems/timers.js:5:66
[19:34:59]     at Array.map (<anonymous>)
[19:34:59]     at /home/container/src/systems/timers.js:5:52
[19:34:59]     at processTicksAndRejections (node:internal/process/task_queues:96:5)
[19:34:59] Exiting application with code 1.
[19:35:09] Bot foi iniciado.
[19:35:19] [ DiscordJS ] Connected as Barman#1975.
[19:35:19] Initializing "/home/container/src/apis/MySQL/index.js"...
[19:35:19] [ MySQL ] Initializing...
[19:35:19] [ MySQL ] Connected to "database.haskhosting.com.br:3306" as "u387_OwpXLRBeV3" in "s387_barman"
[19:35:19] Initializing "/home/container/src/handlers/utility.js"...
[19:35:19] [ DiscordJS ] Handling utilities...
[19:35:19] Initializing "/home/container/src/handlers/commands.js"...
[19:35:19] [ DiscordJS ] Handling commands...
[19:35:19] [ DiscordJS ] All commands successfully imported.
[19:35:19] Initializing "/home/container/src/handlers/events.js"...
[19:35:19] [ DiscordJS ] Handling events...
[19:35:19] [ DiscordJS ] Listening to all events.
[19:35:19] Initializing "/home/container/src/systems/timers.js"...
[19:35:19] undefined:1
[19:35:19] undefined
[19:35:19] ^
[19:35:19] 
[19:35:19] SyntaxError: Unexpected token u in JSON at position 0
[19:35:19]     at JSON.parse (<anonymous>)
[19:35:19]     at /home/container/src/systems/timers.js:5:66
[19:35:19]     at Array.map (<anonymous>)
[19:35:19]     at /home/container/src/systems/timers.js:5:52
[19:35:19]     at processTicksAndRejections (node:internal/process/task_queues:96:5)
[19:35:19] Exiting application with code 1.
[19:35:30] Bot foi iniciado.
[19:35:39] [ DiscordJS ] Connected as Barman#1975.
[19:35:39] Initializing "/home/container/src/apis/MySQL/index.js"...
[19:35:39] [ MySQL ] Initializing...
[19:35:39] [ MySQL ] Connected to "database.haskhosting.com.br:3306" as "u387_OwpXLRBeV3" in "s387_barman"
[19:35:39] Initializing "/home/container/src/handlers/utility.js"...
[19:35:39] [ DiscordJS ] Handling utilities...
[19:35:39] Initializing "/home/container/src/handlers/commands.js"...
[19:35:39] [ DiscordJS ] Handling commands...
[19:35:39] [ DiscordJS ] All commands successfully imported.
[19:35:39] Initializing "/home/container/src/handlers/events.js"...
[19:35:39] [ DiscordJS ] Handling events...
[19:35:39] [ DiscordJS ] Listening to all events.
[19:35:39] Initializing "/home/container/src/systems/timers.js"...
[19:35:39] undefined:1
[19:35:39] undefined
[19:35:39] ^
[19:35:39] 
[19:35:39] SyntaxError: Unexpected token u in JSON at position 0
[19:35:39]     at JSON.parse (<anonymous>)
[19:35:39]     at /home/container/src/systems/timers.js:5:66
[19:35:39]     at Array.map (<anonymous>)
[19:35:39]     at /home/container/src/systems/timers.js:5:52
[19:35:39]     at processTicksAndRejections (node:internal/process/task_queues:96:5)
[19:35:39] Exiting application with code 1.
[19:35:50] Bot foi iniciado.
[19:35:59] [ DiscordJS ] Connected as Barman#1975.
[19:35:59] Initializing "/home/container/src/apis/MySQL/index.js"...
[19:35:59] [ MySQL ] Initializing...
[19:35:59] [ MySQL ] Connected to "database.haskhosting.com.br:3306" as "u387_OwpXLRBeV3" in "s387_barman"
[19:35:59] Initializing "/home/container/src/handlers/utility.js"...
[19:35:59] [ DiscordJS ] Handling utilities...
[19:35:59] Initializing "/home/container/src/handlers/commands.js"...
[19:35:59] [ DiscordJS ] Handling commands...
[19:35:59] [ DiscordJS ] All commands successfully imported.
[19:35:59] Initializing "/home/container/src/handlers/events.js"...
[19:35:59] [ DiscordJS ] Handling events...
[19:35:59] [ DiscordJS ] Listening to all events.
[19:35:59] Initializing "/home/container/src/systems/timers.js"...
[19:35:59] undefined:1
[19:35:59] undefined
[19:35:59] ^
[19:35:59] 
[19:35:59] SyntaxError: Unexpected token u in JSON at position 0
[19:35:59]     at JSON.parse (<anonymous>)
[19:35:59]     at /home/container/src/systems/timers.js:5:66
[19:35:59]     at Array.map (<anonymous>)
[19:35:59]     at /home/container/src/systems/timers.js:5:52
[19:35:59]     at processTicksAndRejections (node:internal/process/task_queues:96:5)
[19:35:59] Exiting application with code 1.
[19:36:10] Bot foi iniciado.
[19:36:19] [ DiscordJS ] Connected as Barman#1975.
[19:36:19] Initializing "/home/container/src/apis/MySQL/index.js"...
[19:36:19] [ MySQL ] Initializing...
[19:36:19] [ MySQL ] Connected to "database.haskhosting.com.br:3306" as "u387_OwpXLRBeV3" in "s387_barman"
[19:36:19] Initializing "/home/container/src/handlers/utility.js"...
[19:36:19] [ DiscordJS ] Handling utilities...
[19:36:19] Initializing "/home/container/src/handlers/commands.js"...
[19:36:19] [ DiscordJS ] Handling commands...
[19:36:19] [ DiscordJS ] All commands successfully imported.
[19:36:19] Initializing "/home/container/src/handlers/events.js"...
[19:36:19] [ DiscordJS ] Handling events...
[19:36:20] [ DiscordJS ] Listening to all events.
[19:36:20] Initializing "/home/container/src/systems/timers.js"...
[19:36:20] undefined:1
[19:36:20] undefined
[19:36:20] ^
[19:36:20] 
[19:36:20] SyntaxError: Unexpected token u in JSON at position 0
[19:36:20]     at JSON.parse (<anonymous>)
[19:36:20]     at /home/container/src/systems/timers.js:5:66
[19:36:20]     at Array.map (<anonymous>)
[19:36:20]     at /home/container/src/systems/timers.js:5:52
[19:36:20]     at processTicksAndRejections (node:internal/process/task_queues:96:5)
[19:36:20] Exiting application with code 1.
[19:36:30] Bot foi iniciado.
[19:36:40] [ DiscordJS ] Connected as Barman#1975.
[19:36:40] Initializing "/home/container/src/apis/MySQL/index.js"...
[19:36:40] [ MySQL ] Initializing...
[19:36:40] [ MySQL ] Connected to "database.haskhosting.com.br:3306" as "u387_OwpXLRBeV3" in "s387_barman"
[19:36:40] Initializing "/home/container/src/handlers/utility.js"...
[19:36:40] [ DiscordJS ] Handling utilities...
[19:36:40] Initializing "/home/container/src/handlers/commands.js"...
[19:36:40] [ DiscordJS ] Handling commands...
[19:36:40] [ DiscordJS ] All commands successfully imported.
[19:36:40] Initializing "/home/container/src/handlers/events.js"...
[19:36:40] [ DiscordJS ] Handling events...
[19:36:40] [ DiscordJS ] Listening to all events.
[19:36:40] Initializing "/home/container/src/systems/timers.js"...
[19:36:40] undefined:1
[19:36:40] undefined
[19:36:40] ^
[19:36:40] 
[19:36:40] SyntaxError: Unexpected token u in JSON at position 0
[19:36:40]     at JSON.parse (<anonymous>)
[19:36:40]     at /home/container/src/systems/timers.js:5:66
[19:36:40]     at Array.map (<anonymous>)
[19:36:40]     at /home/container/src/systems/timers.js:5:52
[19:36:40]     at processTicksAndRejections (node:internal/process/task_queues:96:5)
[19:36:40] Exiting application with code 1.
[19:36:50] Bot foi iniciado.
[19:37:00] [ DiscordJS ] Connected as Barman#1975.
[19:37:00] Initializing "/home/container/src/apis/MySQL/index.js"...
[19:37:00] [ MySQL ] Initializing...
[19:37:00] [ MySQL ] Connected to "database.haskhosting.com.br:3306" as "u387_OwpXLRBeV3" in "s387_barman"
[19:37:00] Initializing "/home/container/src/handlers/utility.js"...
[19:37:00] [ DiscordJS ] Handling utilities...
[19:37:00] Initializing "/home/container/src/handlers/commands.js"...
[19:37:00] [ DiscordJS ] Handling commands...
[19:37:00] [ DiscordJS ] All commands successfully imported.
[19:37:00] Initializing "/home/container/src/handlers/events.js"...
[19:37:00] [ DiscordJS ] Handling events...
[19:37:00] [ DiscordJS ] Listening to all events.
[19:37:00] Initializing "/home/container/src/systems/timers.js"...
[19:37:00] undefined:1
[19:37:00] undefined
[19:37:00] ^
[19:37:00] 
[19:37:00] SyntaxError: Unexpected token u in JSON at position 0
[19:37:00]     at JSON.parse (<anonymous>)
[19:37:00]     at /home/container/src/systems/timers.js:5:66
[19:37:00]     at Array.map (<anonymous>)
[19:37:00]     at /home/container/src/systems/timers.js:5:52
[19:37:00]     at processTicksAndRejections (node:internal/process/task_queues:96:5)
[19:37:00] Exiting application with code 1.
[19:37:11] Bot foi iniciado.
[19:37:20] [ DiscordJS ] Connected as Barman#1975.
[19:37:20] Initializing "/home/container/src/apis/MySQL/index.js"...
[19:37:20] [ MySQL ] Initializing...
[19:37:20] [ MySQL ] Connected to "database.haskhosting.com.br:3306" as "u387_OwpXLRBeV3" in "s387_barman"
[19:37:20] Initializing "/home/container/src/handlers/utility.js"...
[19:37:20] [ DiscordJS ] Handling utilities...
[19:37:20] Initializing "/home/container/src/handlers/commands.js"...
[19:37:20] [ DiscordJS ] Handling commands...
[19:37:20] [ DiscordJS ] All commands successfully imported.
[19:37:20] Initializing "/home/container/src/handlers/events.js"...
[19:37:20] [ DiscordJS ] Handling events...
[19:37:20] [ DiscordJS ] Listening to all events.
[19:37:20] Initializing "/home/container/src/systems/timers.js"...
[19:37:20] undefined:1
[19:37:20] undefined
[19:37:20] ^
[19:37:20] 
[19:37:20] SyntaxError: Unexpected token u in JSON at position 0
[19:37:20]     at JSON.parse (<anonymous>)
[19:37:20]     at /home/container/src/systems/timers.js:5:66
[19:37:20]     at Array.map (<anonymous>)
[19:37:20]     at /home/container/src/systems/timers.js:5:52
[19:37:20]     at processTicksAndRejections (node:internal/process/task_queues:96:5)
[19:37:20] Exiting application with code 1.
[19:37:31] Bot foi iniciado.
[19:37:40] [ DiscordJS ] Connected as Barman#1975.
[19:37:40] Initializing "/home/container/src/apis/MySQL/index.js"...
[19:37:40] [ MySQL ] Initializing...
[19:37:40] [ MySQL ] Connected to "database.haskhosting.com.br:3306" as "u387_OwpXLRBeV3" in "s387_barman"
[19:37:40] Initializing "/home/container/src/handlers/utility.js"...
[19:37:40] [ DiscordJS ] Handling utilities...
[19:37:40] Initializing "/home/container/src/handlers/commands.js"...
[19:37:40] [ DiscordJS ] Handling commands...
[19:37:40] [ DiscordJS ] All commands successfully imported.
[19:37:40] Initializing "/home/container/src/handlers/events.js"...
[19:37:40] [ DiscordJS ] Handling events...
[19:37:40] [ DiscordJS ] Listening to all events.
[19:37:40] Initializing "/home/container/src/systems/timers.js"...
[19:37:40] undefined:1
[19:37:40] undefined
[19:37:40] ^
[19:37:40] 
[19:37:40] SyntaxError: Unexpected token u in JSON at position 0
[19:37:40]     at JSON.parse (<anonymous>)
[19:37:40]     at /home/container/src/systems/timers.js:5:66
[19:37:40]     at Array.map (<anonymous>)
[19:37:40]     at /home/container/src/systems/timers.js:5:52
[19:37:40]     at processTicksAndRejections (node:internal/process/task_queues:96:5)
[19:37:40] Exiting application with code 1.
[19:37:51] Bot foi iniciado.
[19:38:01] [ DiscordJS ] Connected as Barman#1975.
[19:38:01] Initializing "/home/container/src/apis/MySQL/index.js"...
[19:38:01] [ MySQL ] Initializing...
[19:38:01] [ MySQL ] Connected to "database.haskhosting.com.br:3306" as "u387_OwpXLRBeV3" in "s387_barman"
[19:38:01] Initializing "/home/container/src/handlers/utility.js"...
[19:38:01] [ DiscordJS ] Handling utilities...
[19:38:01] Initializing "/home/container/src/handlers/commands.js"...
[19:38:01] [ DiscordJS ] Handling commands...
[19:38:01] [ DiscordJS ] All commands successfully imported.
[19:38:01] Initializing "/home/container/src/handlers/events.js"...
[19:38:01] [ DiscordJS ] Handling events...
[19:38:01] [ DiscordJS ] Listening to all events.
[19:38:01] Initializing "/home/container/src/systems/timers.js"...
[19:38:01] undefined:1
[19:38:01] undefined
[19:38:01] ^
[19:38:01] 
[19:38:01] SyntaxError: Unexpected token u in JSON at position 0
[19:38:01]     at JSON.parse (<anonymous>)
[19:38:01]     at /home/container/src/systems/timers.js:5:66
[19:38:01]     at Array.map (<anonymous>)
[19:38:01]     at /home/container/src/systems/timers.js:5:52
[19:38:01]     at processTicksAndRejections (node:internal/process/task_queues:96:5)
[19:38:01] Exiting application with code 1.
[19:38:11] Bot foi iniciado.
[19:38:21] [ DiscordJS ] Connected as Barman#1975.
[19:38:21] Initializing "/home/container/src/apis/MySQL/index.js"...
[19:38:21] [ MySQL ] Initializing...
[19:38:21] [ MySQL ] Connected to "database.haskhosting.com.br:3306" as "u387_OwpXLRBeV3" in "s387_barman"
[19:38:21] Initializing "/home/container/src/handlers/utility.js"...
[19:38:21] [ DiscordJS ] Handling utilities...
[19:38:21] Initializing "/home/container/src/handlers/commands.js"...
[19:38:21] [ DiscordJS ] Handling commands...
[19:38:21] [ DiscordJS ] All commands successfully imported.
[19:38:21] Initializing "/home/container/src/handlers/events.js"...
[19:38:21] [ DiscordJS ] Handling events...
[19:38:21] [ DiscordJS ] Listening to all events.
[19:38:21] Initializing "/home/container/src/systems/timers.js"...
[19:38:21] undefined:1
[19:38:21] undefined
[19:38:21] ^
[19:38:21] 
[19:38:21] SyntaxError: Unexpected token u in JSON at position 0
[19:38:21]     at JSON.parse (<anonymous>)
[19:38:21]     at /home/container/src/systems/timers.js:5:66
[19:38:21]     at Array.map (<anonymous>)
[19:38:21]     at /home/container/src/systems/timers.js:5:52
[19:38:21]     at processTicksAndRejections (node:internal/process/task_queues:96:5)
[19:38:21] Exiting application with code 1.
[19:38:31] Bot foi iniciado.
[19:38:41] [ DiscordJS ] Connected as Barman#1975.
[19:38:41] Initializing "/home/container/src/apis/MySQL/index.js"...
[19:38:41] [ MySQL ] Initializing...
[19:38:41] [ MySQL ] Connected to "database.haskhosting.com.br:3306" as "u387_OwpXLRBeV3" in "s387_barman"
[19:38:41] Initializing "/home/container/src/handlers/utility.js"...
[19:38:41] [ DiscordJS ] Handling utilities...
[19:38:41] Initializing "/home/container/src/handlers/commands.js"...
[19:38:41] [ DiscordJS ] Handling commands...
[19:38:41] [ DiscordJS ] All commands successfully imported.
[19:38:41] Initializing "/home/container/src/handlers/events.js"...
[19:38:41] [ DiscordJS ] Handling events...
[19:38:41] [ DiscordJS ] Listening to all events.
[19:38:41] Initializing "/home/container/src/systems/timers.js"...
[19:38:41] undefined:1
[19:38:41] undefined
[19:38:41] ^
[19:38:41] 
[19:38:41] SyntaxError: Unexpected token u in JSON at position 0
[19:38:41]     at JSON.parse (<anonymous>)
[19:38:41]     at /home/container/src/systems/timers.js:5:66
[19:38:41]     at Array.map (<anonymous>)
[19:38:41]     at /home/container/src/systems/timers.js:5:52
[19:38:41]     at processTicksAndRejections (node:internal/process/task_queues:96:5)
[19:38:41] Exiting application with code 1.
[19:38:51] Bot foi iniciado.
[19:39:01] [ DiscordJS ] Connected as Barman#1975.
[19:39:01] Initializing "/home/container/src/apis/MySQL/index.js"...
[19:39:01] [ MySQL ] Initializing...
[19:39:01] [ MySQL ] Connected to "database.haskhosting.com.br:3306" as "u387_OwpXLRBeV3" in "s387_barman"
[19:39:01] Initializing "/home/container/src/handlers/utility.js"...
[19:39:01] [ DiscordJS ] Handling utilities...
[19:39:01] Initializing "/home/container/src/handlers/commands.js"...
[19:39:01] [ DiscordJS ] Handling commands...
[19:39:01] [ DiscordJS ] All commands successfully imported.
[19:39:01] Initializing "/home/container/src/handlers/events.js"...
[19:39:01] [ DiscordJS ] Handling events...
[19:39:01] [ DiscordJS ] Listening to all events.
[19:39:01] Initializing "/home/container/src/systems/timers.js"...
[19:39:01] undefined:1
[19:39:01] undefined
[19:39:01] ^
[19:39:01] 
[19:39:01] SyntaxError: Unexpected token u in JSON at position 0
[19:39:01]     at JSON.parse (<anonymous>)
[19:39:01]     at /home/container/src/systems/timers.js:5:66
[19:39:01]     at Array.map (<anonymous>)
[19:39:01]     at /home/container/src/systems/timers.js:5:52
[19:39:01]     at processTicksAndRejections (node:internal/process/task_queues:96:5)
[19:39:01] Exiting application with code 1.
[19:39:12] Bot foi iniciado.
[19:39:21] [ DiscordJS ] Connected as Barman#1975.
[19:39:21] Initializing "/home/container/src/apis/MySQL/index.js"...
[19:39:21] [ MySQL ] Initializing...
[19:39:21] [ MySQL ] Connected to "database.haskhosting.com.br:3306" as "u387_OwpXLRBeV3" in "s387_barman"
[19:39:21] Initializing "/home/container/src/handlers/utility.js"...
[19:39:21] [ DiscordJS ] Handling utilities...
[19:39:21] Initializing "/home/container/src/handlers/commands.js"...
[19:39:21] [ DiscordJS ] Handling commands...
[19:39:21] [ DiscordJS ] All commands successfully imported.
[19:39:21] Initializing "/home/container/src/handlers/events.js"...
[19:39:21] [ DiscordJS ] Handling events...
[19:39:21] [ DiscordJS ] Listening to all events.
[19:39:21] Initializing "/home/container/src/systems/timers.js"...
[19:39:21] undefined:1
[19:39:21] undefined
[19:39:21] ^
[19:39:21] 
[19:39:21] SyntaxError: Unexpected token u in JSON at position 0
[19:39:21]     at JSON.parse (<anonymous>)
[19:39:21]     at /home/container/src/systems/timers.js:5:66
[19:39:21]     at Array.map (<anonymous>)
[19:39:21]     at /home/container/src/systems/timers.js:5:52
[19:39:21]     at processTicksAndRejections (node:internal/process/task_queues:96:5)
[19:39:21] Exiting application with code 1.
[19:39:32] Bot foi iniciado.
[19:39:41] [ DiscordJS ] Connected as Barman#1975.
[19:39:41] Initializing "/home/container/src/apis/MySQL/index.js"...
[19:39:41] [ MySQL ] Initializing...
[19:39:41] [ MySQL ] Connected to "database.haskhosting.com.br:3306" as "u387_OwpXLRBeV3" in "s387_barman"
[19:39:41] Initializing "/home/container/src/handlers/utility.js"...
[19:39:41] [ DiscordJS ] Handling utilities...
[19:39:41] Initializing "/home/container/src/handlers/commands.js"...
[19:39:41] [ DiscordJS ] Handling commands...
[19:39:41] [ DiscordJS ] All commands successfully imported.
[19:39:41] Initializing "/home/container/src/handlers/events.js"...
[19:39:41] [ DiscordJS ] Handling events...
[19:39:41] [ DiscordJS ] Listening to all events.
[19:39:41] Initializing "/home/container/src/systems/timers.js"...
[19:39:42] undefined:1
[19:39:42] undefined
[19:39:42] ^
[19:39:42] 
[19:39:42] SyntaxError: Unexpected token u in JSON at position 0
[19:39:42]     at JSON.parse (<anonymous>)
[19:39:42]     at /home/container/src/systems/timers.js:5:66
[19:39:42]     at Array.map (<anonymous>)
[19:39:42]     at /home/container/src/systems/timers.js:5:52
[19:39:42]     at processTicksAndRejections (node:internal/process/task_queues:96:5)
[19:39:42] Exiting application with code 1.
[19:39:52] Bot foi iniciado.
[19:40:02] [ DiscordJS ] Connected as Barman#1975.
[19:40:02] Initializing "/home/container/src/apis/MySQL/index.js"...
[19:40:02] [ MySQL ] Initializing...
[19:40:02] [ MySQL ] Connected to "database.haskhosting.com.br:3306" as "u387_OwpXLRBeV3" in "s387_barman"
[19:40:02] Initializing "/home/container/src/handlers/utility.js"...
[19:40:02] [ DiscordJS ] Handling utilities...
[19:40:02] Initializing "/home/container/src/handlers/commands.js"...
[19:40:02] [ DiscordJS ] Handling commands...
[19:40:02] [ DiscordJS ] All commands successfully imported.
[19:40:02] Initializing "/home/container/src/handlers/events.js"...
[19:40:02] [ DiscordJS ] Handling events...
[19:40:02] [ DiscordJS ] Listening to all events.
[19:40:02] Initializing "/home/container/src/systems/timers.js"...
[19:40:02] undefined:1
[19:40:02] undefined
[19:40:02] ^
[19:40:02] 
[19:40:02] SyntaxError: Unexpected token u in JSON at position 0
[19:40:02]     at JSON.parse (<anonymous>)
[19:40:02]     at /home/container/src/systems/timers.js:5:66
[19:40:02]     at Array.map (<anonymous>)
[19:40:02]     at /home/container/src/systems/timers.js:5:52
[19:40:02]     at processTicksAndRejections (node:internal/process/task_queues:96:5)
[19:40:02] Exiting application with code 1.
[19:40:12] Bot foi iniciado.
[19:40:22] [ DiscordJS ] Connected as Barman#1975.
[19:40:22] Initializing "/home/container/src/apis/MySQL/index.js"...
[19:40:22] [ MySQL ] Initializing...
[19:40:22] [ MySQL ] Connected to "database.haskhosting.com.br:3306" as "u387_OwpXLRBeV3" in "s387_barman"
[19:40:22] Initializing "/home/container/src/handlers/utility.js"...
[19:40:22] [ DiscordJS ] Handling utilities...
[19:40:22] Initializing "/home/container/src/handlers/commands.js"...
[19:40:22] [ DiscordJS ] Handling commands...
[19:40:22] [ DiscordJS ] All commands successfully imported.
[19:40:22] Initializing "/home/container/src/handlers/events.js"...
[19:40:22] [ DiscordJS ] Handling events...
[19:40:22] [ DiscordJS ] Listening to all events.
[19:40:22] Initializing "/home/container/src/systems/timers.js"...
[19:40:22] undefined:1
[19:40:22] undefined
[19:40:22] ^
[19:40:22] 
[19:40:22] SyntaxError: Unexpected token u in JSON at position 0
[19:40:22]     at JSON.parse (<anonymous>)
[19:40:22]     at /home/container/src/systems/timers.js:5:66
[19:40:22]     at Array.map (<anonymous>)
[19:40:22]     at /home/container/src/systems/timers.js:5:52
[19:40:22]     at processTicksAndRejections (node:internal/process/task_queues:96:5)
[19:40:22] Exiting application with code 1.
[19:40:32] Bot foi iniciado.
[19:40:42] [ DiscordJS ] Connected as Barman#1975.
[19:40:42] Initializing "/home/container/src/apis/MySQL/index.js"...
[19:40:42] [ MySQL ] Initializing...
[19:40:42] [ MySQL ] Connected to "database.haskhosting.com.br:3306" as "u387_OwpXLRBeV3" in "s387_barman"
[19:40:42] Initializing "/home/container/src/handlers/utility.js"...
[19:40:42] [ DiscordJS ] Handling utilities...
[19:40:42] Initializing "/home/container/src/handlers/commands.js"...
[19:40:42] [ DiscordJS ] Handling commands...
[19:40:42] [ DiscordJS ] All commands successfully imported.
[19:40:42] Initializing "/home/container/src/handlers/events.js"...
[19:40:42] [ DiscordJS ] Handling events...
[19:40:42] [ DiscordJS ] Listening to all events.
[19:40:42] Initializing "/home/container/src/systems/timers.js"...
[19:40:42] undefined:1
[19:40:42] undefined
[19:40:42] ^
[19:40:42] 
[19:40:42] SyntaxError: Unexpected token u in JSON at position 0
[19:40:42]     at JSON.parse (<anonymous>)
[19:40:42]     at /home/container/src/systems/timers.js:5:66
[19:40:42]     at Array.map (<anonymous>)
[19:40:42]     at /home/container/src/systems/timers.js:5:52
[19:40:42]     at processTicksAndRejections (node:internal/process/task_queues:96:5)
[19:40:42] Exiting application with code 1.
[19:40:52] Bot foi iniciado.
[19:41:02] [ DiscordJS ] Connected as Barman#1975.
[19:41:02] Initializing "/home/container/src/apis/MySQL/index.js"...
[19:41:02] [ MySQL ] Initializing...
[19:41:02] [ MySQL ] Connected to "database.haskhosting.com.br:3306" as "u387_OwpXLRBeV3" in "s387_barman"
[19:41:02] Initializing "/home/container/src/handlers/utility.js"...
[19:41:02] [ DiscordJS ] Handling utilities...
[19:41:02] Initializing "/home/container/src/handlers/commands.js"...
[19:41:02] [ DiscordJS ] Handling commands...
[19:41:02] [ DiscordJS ] All commands successfully imported.
[19:41:02] Initializing "/home/container/src/handlers/events.js"...
[19:41:02] [ DiscordJS ] Handling events...
[19:41:02] [ DiscordJS ] Listening to all events.
[19:41:02] Initializing "/home/container/src/systems/timers.js"...
[19:41:02] undefined:1
[19:41:02] undefined
[19:41:02] ^
[19:41:02] 
[19:41:02] SyntaxError: Unexpected token u in JSON at position 0
[19:41:02]     at JSON.parse (<anonymous>)
[19:41:02]     at /home/container/src/systems/timers.js:5:66
[19:41:02]     at Array.map (<anonymous>)
[19:41:02]     at /home/container/src/systems/timers.js:5:52
[19:41:02]     at processTicksAndRejections (node:internal/process/task_queues:96:5)
[19:41:02] Exiting application with code 1.
[19:41:12] Bot foi iniciado.
[19:41:22] [ DiscordJS ] Connected as Barman#1975.
[19:41:22] Initializing "/home/container/src/apis/MySQL/index.js"...
[19:41:22] [ MySQL ] Initializing...
[19:41:22] [ MySQL ] Connected to "database.haskhosting.com.br:3306" as "u387_OwpXLRBeV3" in "s387_barman"
[19:41:22] Initializing "/home/container/src/handlers/utility.js"...
[19:41:22] [ DiscordJS ] Handling utilities...
[19:41:22] Initializing "/home/container/src/handlers/commands.js"...
[19:41:22] [ DiscordJS ] Handling commands...
[19:41:22] [ DiscordJS ] All commands successfully imported.
[19:41:22] Initializing "/home/container/src/handlers/events.js"...
[19:41:22] [ DiscordJS ] Handling events...
[19:41:22] [ DiscordJS ] Listening to all events.
[19:41:22] Initializing "/home/container/src/systems/timers.js"...
[19:41:22] undefined:1
[19:41:22] undefined
[19:41:22] ^
[19:41:22] 
[19:41:22] SyntaxError: Unexpected token u in JSON at position 0
[19:41:22]     at JSON.parse (<anonymous>)
[19:41:22]     at /home/container/src/systems/timers.js:5:66
[19:41:22]     at Array.map (<anonymous>)
[19:41:22]     at /home/container/src/systems/timers.js:5:52
[19:41:22]     at processTicksAndRejections (node:internal/process/task_queues:96:5)
[19:41:22] Exiting application with code 1.
[19:41:32] Bot foi iniciado.
[19:41:42] [ DiscordJS ] Connected as Barman#1975.
[19:41:42] Initializing "/home/container/src/apis/MySQL/index.js"...
[19:41:42] [ MySQL ] Initializing...
[19:41:43] [ MySQL ] Connected to "database.haskhosting.com.br:3306" as "u387_OwpXLRBeV3" in "s387_barman"
[19:41:43] Initializing "/home/container/src/handlers/utility.js"...
[19:41:43] [ DiscordJS ] Handling utilities...
[19:41:43] Initializing "/home/container/src/handlers/commands.js"...
[19:41:43] [ DiscordJS ] Handling commands...
[19:41:43] [ DiscordJS ] All commands successfully imported.
[19:41:43] Initializing "/home/container/src/handlers/events.js"...
[19:41:43] [ DiscordJS ] Handling events...
[19:41:43] [ DiscordJS ] Listening to all events.
[19:41:43] Initializing "/home/container/src/systems/timers.js"...
[19:41:43] undefined:1
[19:41:43] undefined
[19:41:43] ^
[19:41:43] 
[19:41:43] SyntaxError: Unexpected token u in JSON at position 0
[19:41:43]     at JSON.parse (<anonymous>)
[19:41:43]     at /home/container/src/systems/timers.js:5:66
[19:41:43]     at Array.map (<anonymous>)
[19:41:43]     at /home/container/src/systems/timers.js:5:52
[19:41:43]     at processTicksAndRejections (node:internal/process/task_queues:96:5)
[19:41:43] Exiting application with code 1.
[19:41:53] Bot foi iniciado.
[19:42:02] [ DiscordJS ] Connected as Barman#1975.
[19:42:02] Initializing "/home/container/src/apis/MySQL/index.js"...
[19:42:02] [ MySQL ] Initializing...
[19:42:02] [ MySQL ] Connected to "database.haskhosting.com.br:3306" as "u387_OwpXLRBeV3" in "s387_barman"
[19:42:02] Initializing "/home/container/src/handlers/utility.js"...
[19:42:02] [ DiscordJS ] Handling utilities...
[19:42:02] Initializing "/home/container/src/handlers/commands.js"...
[19:42:03] [ DiscordJS ] Handling commands...
[19:42:03] [ DiscordJS ] All commands successfully imported.
[19:42:03] Initializing "/home/container/src/handlers/events.js"...
[19:42:03] [ DiscordJS ] Handling events...
[19:42:03] [ DiscordJS ] Listening to all events.
[19:42:03] Initializing "/home/container/src/systems/timers.js"...
[19:42:03] undefined:1
[19:42:03] undefined
[19:42:03] ^
[19:42:03] 
[19:42:03] SyntaxError: Unexpected token u in JSON at position 0
[19:42:03]     at JSON.parse (<anonymous>)
[19:42:03]     at /home/container/src/systems/timers.js:5:66
[19:42:03]     at Array.map (<anonymous>)
[19:42:03]     at /home/container/src/systems/timers.js:5:52
[19:42:03]     at processTicksAndRejections (node:internal/process/task_queues:96:5)
[19:42:03] Exiting application with code 1.
[19:42:13] Bot foi iniciado.
[19:42:22] [ DiscordJS ] Connected as Barman#1975.
[19:42:22] Initializing "/home/container/src/apis/MySQL/index.js"...
[19:42:22] [ MySQL ] Initializing...
[19:42:22] [ MySQL ] Connected to "database.haskhosting.com.br:3306" as "u387_OwpXLRBeV3" in "s387_barman"
[19:42:22] Initializing "/home/container/src/handlers/utility.js"...
[19:42:22] [ DiscordJS ] Handling utilities...
[19:42:22] Initializing "/home/container/src/handlers/commands.js"...
[19:42:22] [ DiscordJS ] Handling commands...
[19:42:22] [ DiscordJS ] All commands successfully imported.
[19:42:22] Initializing "/home/container/src/handlers/events.js"...
[19:42:22] [ DiscordJS ] Handling events...
[19:42:22] [ DiscordJS ] Listening to all events.
[19:42:22] Initializing "/home/container/src/systems/timers.js"...
[19:42:22] undefined:1
[19:42:22] undefined
[19:42:22] ^
[19:42:22] 
[19:42:22] SyntaxError: Unexpected token u in JSON at position 0
[19:42:22]     at JSON.parse (<anonymous>)
[19:42:22]     at /home/container/src/systems/timers.js:5:66
[19:42:22]     at Array.map (<anonymous>)
[19:42:22]     at /home/container/src/systems/timers.js:5:52
[19:42:22]     at processTicksAndRejections (node:internal/process/task_queues:96:5)
[19:42:23] Exiting application with code 1.
[19:42:33] Bot foi iniciado.
[19:42:42] [ DiscordJS ] Connected as Barman#1975.
[19:42:42] Initializing "/home/container/src/apis/MySQL/index.js"...
[19:42:42] [ MySQL ] Initializing...
[19:42:43] [ MySQL ] Connected to "database.haskhosting.com.br:3306" as "u387_OwpXLRBeV3" in "s387_barman"
[19:42:43] Initializing "/home/container/src/handlers/utility.js"...
[19:42:43] [ DiscordJS ] Handling utilities...
[19:42:43] Initializing "/home/container/src/handlers/commands.js"...
[19:42:43] [ DiscordJS ] Handling commands...
[19:42:43] [ DiscordJS ] All commands successfully imported.
[19:42:43] Initializing "/home/container/src/handlers/events.js"...
[19:42:43] [ DiscordJS ] Handling events...
[19:42:43] [ DiscordJS ] Listening to all events.
[19:42:43] Initializing "/home/container/src/systems/timers.js"...
[19:42:43] undefined:1
[19:42:43] undefined
[19:42:43] ^
[19:42:43] 
[19:42:43] SyntaxError: Unexpected token u in JSON at position 0
[19:42:43]     at JSON.parse (<anonymous>)
[19:42:43]     at /home/container/src/systems/timers.js:5:66
[19:42:43]     at Array.map (<anonymous>)
[19:42:43]     at /home/container/src/systems/timers.js:5:52
[19:42:43]     at processTicksAndRejections (node:internal/process/task_queues:96:5)
[19:42:43] Exiting application with code 1.
[19:42:53] Bot foi iniciado.
[19:43:03] [ DiscordJS ] Connected as Barman#1975.
[19:43:03] Initializing "/home/container/src/apis/MySQL/index.js"...
[19:43:03] [ MySQL ] Initializing...
[19:43:03] [ MySQL ] Connected to "database.haskhosting.com.br:3306" as "u387_OwpXLRBeV3" in "s387_barman"
[19:43:03] Initializing "/home/container/src/handlers/utility.js"...
[19:43:03] [ DiscordJS ] Handling utilities...
[19:43:03] Initializing "/home/container/src/handlers/commands.js"...
[19:43:03] [ DiscordJS ] Handling commands...
[19:43:03] [ DiscordJS ] All commands successfully imported.
[19:43:03] Initializing "/home/container/src/handlers/events.js"...
[19:43:03] [ DiscordJS ] Handling events...
[19:43:03] [ DiscordJS ] Listening to all events.
[19:43:03] Initializing "/home/container/src/systems/timers.js"...
[19:43:03] undefined:1
[19:43:03] undefined
[19:43:03] ^
[19:43:03] 
[19:43:03] SyntaxError: Unexpected token u in JSON at position 0
[19:43:03]     at JSON.parse (<anonymous>)
[19:43:03]     at /home/container/src/systems/timers.js:5:66
[19:43:03]     at Array.map (<anonymous>)
[19:43:03]     at /home/container/src/systems/timers.js:5:52
[19:43:03]     at processTicksAndRejections (node:internal/process/task_queues:96:5)
[19:43:03] Exiting application with code 1.
[19:43:13] Bot foi iniciado.
[19:43:23] [ DiscordJS ] Connected as Barman#1975.
[19:43:23] Initializing "/home/container/src/apis/MySQL/index.js"...
[19:43:23] [ MySQL ] Initializing...
[19:43:23] [ MySQL ] Connected to "database.haskhosting.com.br:3306" as "u387_OwpXLRBeV3" in "s387_barman"
[19:43:23] Initializing "/home/container/src/handlers/utility.js"...
[19:43:23] [ DiscordJS ] Handling utilities...
[19:43:23] Initializing "/home/container/src/handlers/commands.js"...
[19:43:23] [ DiscordJS ] Handling commands...
[19:43:23] [ DiscordJS ] All commands successfully imported.
[19:43:23] Initializing "/home/container/src/handlers/events.js"...
[19:43:23] [ DiscordJS ] Handling events...
[19:43:23] [ DiscordJS ] Listening to all events.
[19:43:23] Initializing "/home/container/src/systems/timers.js"...
[19:43:23] undefined:1
[19:43:23] undefined
[19:43:23] ^
[19:43:23] 
[19:43:23] SyntaxError: Unexpected token u in JSON at position 0
[19:43:23]     at JSON.parse (<anonymous>)
[19:43:23]     at /home/container/src/systems/timers.js:5:66
[19:43:23]     at Array.map (<anonymous>)
[19:43:23]     at /home/container/src/systems/timers.js:5:52
[19:43:23]     at processTicksAndRejections (node:internal/process/task_queues:96:5)
[19:43:23] Exiting application with code 1.
[19:43:33] Bot foi iniciado.
[19:43:43] [ DiscordJS ] Connected as Barman#1975.
[19:43:43] Initializing "/home/container/src/apis/MySQL/index.js"...
[19:43:43] [ MySQL ] Initializing...
[19:43:43] [ MySQL ] Connected to "database.haskhosting.com.br:3306" as "u387_OwpXLRBeV3" in "s387_barman"
[19:43:43] Initializing "/home/container/src/handlers/utility.js"...
[19:43:43] [ DiscordJS ] Handling utilities...
[19:43:43] Initializing "/home/container/src/handlers/commands.js"...
[19:43:43] [ DiscordJS ] Handling commands...
[19:43:43] [ DiscordJS ] All commands successfully imported.
[19:43:43] Initializing "/home/container/src/handlers/events.js"...
[19:43:43] [ DiscordJS ] Handling events...
[19:43:43] [ DiscordJS ] Listening to all events.
[19:43:43] Initializing "/home/container/src/systems/timers.js"...
[19:43:43] undefined:1
[19:43:43] undefined
[19:43:43] ^
[19:43:43] 
[19:43:43] SyntaxError: Unexpected token u in JSON at position 0
[19:43:43]     at JSON.parse (<anonymous>)
[19:43:43]     at /home/container/src/systems/timers.js:5:66
[19:43:43]     at Array.map (<anonymous>)
[19:43:43]     at /home/container/src/systems/timers.js:5:52
[19:43:43]     at processTicksAndRejections (node:internal/process/task_queues:96:5)
[19:43:43] Exiting application with code 1.
[19:43:53] Bot foi iniciado.
[19:44:03] [ DiscordJS ] Connected as Barman#1975.
[19:44:03] Initializing "/home/container/src/apis/MySQL/index.js"...
[19:44:03] [ MySQL ] Initializing...
[19:44:03] [ MySQL ] Connected to "database.haskhosting.com.br:3306" as "u387_OwpXLRBeV3" in "s387_barman"
[19:44:03] Initializing "/home/container/src/handlers/utility.js"...
[19:44:03] [ DiscordJS ] Handling utilities...
[19:44:03] Initializing "/home/container/src/handlers/commands.js"...
[19:44:03] [ DiscordJS ] Handling commands...
[19:44:03] [ DiscordJS ] All commands successfully imported.
[19:44:03] Initializing "/home/container/src/handlers/events.js"...
[19:44:03] [ DiscordJS ] Handling events...
[19:44:03] [ DiscordJS ] Listening to all events.
[19:44:03] Initializing "/home/container/src/systems/timers.js"...
[19:44:03] undefined:1
[19:44:03] undefined
[19:44:03] ^
[19:44:03] 
[19:44:03] SyntaxError: Unexpected token u in JSON at position 0
[19:44:03]     at JSON.parse (<anonymous>)
[19:44:03]     at /home/container/src/systems/timers.js:5:66
[19:44:03]     at Array.map (<anonymous>)
[19:44:03]     at /home/container/src/systems/timers.js:5:52
[19:44:03]     at processTicksAndRejections (node:internal/process/task_queues:96:5)
[19:44:03] Exiting application with code 1.
[19:44:14] Bot foi iniciado.
[19:44:23] [ DiscordJS ] Connected as Barman#1975.
[19:44:23] Initializing "/home/container/src/apis/MySQL/index.js"...
[19:44:23] [ MySQL ] Initializing...
[19:44:23] [ MySQL ] Connected to "database.haskhosting.com.br:3306" as "u387_OwpXLRBeV3" in "s387_barman"
[19:44:23] Initializing "/home/container/src/handlers/utility.js"...
[19:44:23] [ DiscordJS ] Handling utilities...
[19:44:23] Initializing "/home/container/src/handlers/commands.js"...
[19:44:23] [ DiscordJS ] Handling commands...
[19:44:23] [ DiscordJS ] All commands successfully imported.
[19:44:23] Initializing "/home/container/src/handlers/events.js"...
[19:44:23] [ DiscordJS ] Handling events...
[19:44:23] [ DiscordJS ] Listening to all events.
[19:44:23] Initializing "/home/container/src/systems/timers.js"...
[19:44:23] undefined:1
[19:44:23] undefined
[19:44:23] ^
[19:44:23] 
[19:44:23] SyntaxError: Unexpected token u in JSON at position 0
[19:44:23]     at JSON.parse (<anonymous>)
[19:44:23]     at /home/container/src/systems/timers.js:5:66
[19:44:23]     at Array.map (<anonymous>)
[19:44:23]     at /home/container/src/systems/timers.js:5:52
[19:44:23]     at processTicksAndRejections (node:internal/process/task_queues:96:5)
[19:44:23] Exiting application with code 1.
[19:44:34] Bot foi iniciado.
[19:44:43] [ DiscordJS ] Connected as Barman#1975.
[19:44:43] Initializing "/home/container/src/apis/MySQL/index.js"...
[19:44:43] [ MySQL ] Initializing...
[19:44:44] [ MySQL ] Connected to "database.haskhosting.com.br:3306" as "u387_OwpXLRBeV3" in "s387_barman"
[19:44:44] Initializing "/home/container/src/handlers/utility.js"...
[19:44:44] [ DiscordJS ] Handling utilities...
[19:44:44] Initializing "/home/container/src/handlers/commands.js"...
[19:44:44] [ DiscordJS ] Handling commands...
[19:44:44] [ DiscordJS ] All commands successfully imported.
[19:44:44] Initializing "/home/container/src/handlers/events.js"...
[19:44:44] [ DiscordJS ] Handling events...
[19:44:44] [ DiscordJS ] Listening to all events.
[19:44:44] Initializing "/home/container/src/systems/timers.js"...
[19:44:44] undefined:1
[19:44:44] undefined
[19:44:44] ^
[19:44:44] 
[19:44:44] SyntaxError: Unexpected token u in JSON at position 0
[19:44:44]     at JSON.parse (<anonymous>)
[19:44:44]     at /home/container/src/systems/timers.js:5:66
[19:44:44]     at Array.map (<anonymous>)
[19:44:44]     at /home/container/src/systems/timers.js:5:52
[19:44:44]     at processTicksAndRejections (node:internal/process/task_queues:96:5)
[19:44:44] Exiting application with code 1.
[19:44:54] Bot foi iniciado.
[19:45:04] [ DiscordJS ] Connected as Barman#1975.
[19:45:04] Initializing "/home/container/src/apis/MySQL/index.js"...
[19:45:04] [ MySQL ] Initializing...
[19:45:04] [ MySQL ] Connected to "database.haskhosting.com.br:3306" as "u387_OwpXLRBeV3" in "s387_barman"
[19:45:04] Initializing "/home/container/src/handlers/utility.js"...
[19:45:04] [ DiscordJS ] Handling utilities...
[19:45:04] Initializing "/home/container/src/handlers/commands.js"...
[19:45:04] [ DiscordJS ] Handling commands...
[19:45:04] [ DiscordJS ] All commands successfully imported.
[19:45:04] Initializing "/home/container/src/handlers/events.js"...
[19:45:04] [ DiscordJS ] Handling events...
[19:45:04] [ DiscordJS ] Listening to all events.
[19:45:04] Initializing "/home/container/src/systems/timers.js"...
[19:45:04] undefined:1
[19:45:04] undefined
[19:45:04] ^
[19:45:04] 
[19:45:04] SyntaxError: Unexpected token u in JSON at position 0
[19:45:04]     at JSON.parse (<anonymous>)
[19:45:04]     at /home/container/src/systems/timers.js:5:66
[19:45:04]     at Array.map (<anonymous>)
[19:45:04]     at /home/container/src/systems/timers.js:5:52
[19:45:04]     at processTicksAndRejections (node:internal/process/task_queues:96:5)
[19:45:04] Exiting application with code 1.
[19:45:14] Bot foi iniciado.
[19:54:39] Bot foi iniciado.
[19:54:39] [ DiscordJS ] Connected as Barman#1975.
[19:54:39] Initializing "/home/container/src/apis/MySQL/index.js"...
[19:54:39] [ MySQL ] Initializing...
[19:54:39] [ MySQL ] Connected to "database.haskhosting.com.br:3306" as "u387_OwpXLRBeV3" in "s387_barman"
[19:54:39] Initializing "/home/container/src/handlers/utility.js"...
[19:54:39] [ DiscordJS ] Handling utilities...
[19:54:39] Initializing "/home/container/src/handlers/commands.js"...
[19:54:39] [ DiscordJS ] Handling commands...
[19:54:39] [ DiscordJS ] All commands successfully imported.
[19:54:39] Initializing "/home/container/src/handlers/events.js"...
[19:54:39] [ DiscordJS ] Handling events...
[19:54:39] [ DiscordJS ] Listening to all events.
[19:54:39] Initializing "/home/container/src/systems/timers.js"...
[19:54:39] undefined:1
[19:54:39] undefined
[19:54:39] ^
[19:54:39] 
[19:54:39] SyntaxError: Unexpected token u in JSON at position 0
[19:54:39]     at JSON.parse (<anonymous>)
[19:54:39]     at /home/container/src/systems/timers.js:6:25
[19:54:39]     at Array.map (<anonymous>)
[19:54:39]     at /home/container/src/systems/timers.js:5:52
[19:54:39]     at processTicksAndRejections (node:internal/process/task_queues:96:5)
[19:54:39] Exiting application with code 1.
[19:55:17] Bot foi iniciado.
[19:55:18] [ DiscordJS ] Connected as Barman#1975.
[19:55:18] Initializing "/home/container/src/apis/MySQL/index.js"...
[19:55:18] [ MySQL ] Initializing...
[19:55:18] [ MySQL ] Connected to "database.haskhosting.com.br:3306" as "u387_OwpXLRBeV3" in "s387_barman"
[19:55:18] Initializing "/home/container/src/handlers/utility.js"...
[19:55:18] [ DiscordJS ] Handling utilities...
[19:55:18] Initializing "/home/container/src/handlers/commands.js"...
[19:55:18] [ DiscordJS ] Handling commands...
[19:55:18] [ DiscordJS ] All commands successfully imported.
[19:55:18] Initializing "/home/container/src/handlers/events.js"...
[19:55:18] [ DiscordJS ] Handling events...
[19:55:18] [ DiscordJS ] Listening to all events.
[19:55:18] Initializing "/home/container/src/systems/timers.js"...
[19:55:18] RowDataPacket {
[19:55:18]   id: '272042298898907137',
[19:55:18]   coins: 0,
[19:55:18]   punishments: 'undefined'
[19:55:18] }
[19:55:18] undefined:1
[19:55:18] undefined
[19:55:18] ^
[19:55:18] 
[19:55:18] SyntaxError: Unexpected token u in JSON at position 0
[19:55:18]     at JSON.parse (<anonymous>)
[19:55:18]     at /home/container/src/systems/timers.js:7:25
[19:55:18]     at Array.map (<anonymous>)
[19:55:18]     at /home/container/src/systems/timers.js:5:52
[19:55:18]     at processTicksAndRejections (node:internal/process/task_queues:96:5)
[19:55:18] Exiting application with code 1.
[19:58:02] Bot foi iniciado.
[19:58:03] [ DiscordJS ] Connected as Barman#1975.
[19:58:03] Initializing "/home/container/src/apis/MySQL/index.js"...
[19:58:03] [ MySQL ] Initializing...
[19:58:03] [ MySQL ] Connected to "database.haskhosting.com.br:3306" as "u387_OwpXLRBeV3" in "s387_barman"
[19:58:03] Initializing "/home/container/src/handlers/utility.js"...
[19:58:03] [ DiscordJS ] Handling utilities...
[19:58:03] Initializing "/home/container/src/handlers/commands.js"...
[19:58:03] [ DiscordJS ] Handling commands...
[19:58:03] [ DiscordJS ] All commands successfully imported.
[19:58:03] Initializing "/home/container/src/handlers/events.js"...
[19:58:03] [ DiscordJS ] Handling events...
[19:58:03] [ DiscordJS ] Listening to all events.
[19:58:03] Initializing "/home/container/src/systems/timers.js"...
[19:58:03] undefined:1
[19:58:03] undefined
[19:58:03] ^
[19:58:03] 
[19:58:03] SyntaxError: Unexpected token u in JSON at position 0
[19:58:03]     at JSON.parse (<anonymous>)
[19:58:03]     at /home/container/src/systems/timers.js:6:25
[19:58:03]     at Array.map (<anonymous>)
[19:58:03]     at /home/container/src/systems/timers.js:5:52
[19:58:03]     at processTicksAndRejections (node:internal/process/task_queues:96:5)
[19:58:03] Exiting application with code 1.
[19:58:28] Bot foi iniciado.
[19:58:28] [ DiscordJS ] Connected as Barman#1975.
[19:58:28] Initializing "/home/container/src/apis/MySQL/index.js"...
[19:58:28] [ MySQL ] Initializing...
[19:58:29] [ MySQL ] Connected to "database.haskhosting.com.br:3306" as "u387_OwpXLRBeV3" in "s387_barman"
[19:58:29] Initializing "/home/container/src/handlers/utility.js"...
[19:58:29] [ DiscordJS ] Handling utilities...
[19:58:29] Initializing "/home/container/src/handlers/commands.js"...
[19:58:29] [ DiscordJS ] Handling commands...
[19:58:29] [ DiscordJS ] All commands successfully imported.
[19:58:29] Initializing "/home/container/src/handlers/events.js"...
[19:58:29] [ DiscordJS ] Handling events...
[19:58:29] [ DiscordJS ] Listening to all events.
[19:58:29] Initializing "/home/container/src/systems/timers.js"...
[19:58:29] RowDataPacket {
[19:58:29]   id: '272042298898907137',
[19:58:29]   coins: 0,
[19:58:29]   punishments: 'undefined'
[19:58:29] }
[19:58:29] undefined:1
[19:58:29] undefined
[19:58:29] ^
[19:58:29] 
[19:58:29] SyntaxError: Unexpected token u in JSON at position 0
[19:58:29]     at JSON.parse (<anonymous>)
[19:58:29]     at /home/container/src/systems/timers.js:7:25
[19:58:29]     at Array.map (<anonymous>)
[19:58:29]     at /home/container/src/systems/timers.js:5:52
[19:58:29]     at processTicksAndRejections (node:internal/process/task_queues:96:5)
[19:58:29] Exiting application with code 1.
[19:58:39] Bot foi iniciado.
[20:01:04] Bot foi iniciado.
[20:01:05] [ DiscordJS ] Connected as Barman#1975.
[20:01:05] Initializing "/home/container/src/apis/MySQL/index.js"...
[20:01:05] [ MySQL ] Initializing...
[20:01:05] [ MySQL ] Connected to "database.haskhosting.com.br:3306" as "u387_OwpXLRBeV3" in "s387_barman"
[20:01:05] Initializing "/home/container/src/handlers/utility.js"...
[20:01:05] [ DiscordJS ] Handling utilities...
[20:01:05] Initializing "/home/container/src/handlers/commands.js"...
[20:01:05] [ DiscordJS ] Handling commands...
[20:01:05] [ DiscordJS ] All commands successfully imported.
[20:01:05] Initializing "/home/container/src/handlers/events.js"...
[20:01:05] [ DiscordJS ] Handling events...
[20:01:05] [ DiscordJS ] Listening to all events.
[20:01:05] Initializing "/home/container/src/systems/timers.js"...
