[00:04:28] Bot foi iniciado.
[00:04:29] [ DiscordJS ] Connected as Barman#1975.
[00:04:29] Initializing "/home/container/src/apis/MySQL/index.js"...
[00:04:29] [ MySQL ] Initializing...
[00:04:30] [ MySQL ] Connected to "database.haskhosting.com.br:3306" as "u387_OwpXLRBeV3" in "s387_barman"
[00:04:30] Initializing "/home/container/src/handlers/utility.js"...
[00:04:30] [ DiscordJS ] Handling utilities...
[00:04:30] Initializing "/home/container/src/handlers/commands.js"...
[00:04:30] [ DiscordJS ] Handling commands...
[00:04:30] [ DiscordJS ] All commands successfully imported.
[00:04:30] Initializing "/home/container/src/handlers/events.js"...
[00:04:30] [ DiscordJS ] Handling events...
[00:04:30] [ DiscordJS ] Listening to all events.
[00:04:30] Initializing "/home/container/src/systems/timers.js"...
[00:04:30] [ System ] The system is ready and running.
[14:51:00] /home/container/src/utility/db.js:22
[14:51:00]         coins: typeof fields.coins === "number" && Number.isInteger(fields.coins) ? fields.coins : 0,
[14:51:00]                              ^
[14:51:00] 
[14:51:00] TypeError: Cannot read properties of undefined (reading 'coins')
[14:51:00]     at Object.setUser (/home/container/src/utility/db.js:22:30)
[14:51:00]     at runMicrotasks (<anonymous>)
[14:51:00]     at processTicksAndRejections (node:internal/process/task_queues:96:5)
[14:51:00]     at async Object.getUser (/home/container/src/utility/db.js:13:63)
[14:51:00]     at async Client.execute (/home/container/src/events/guildMemberAdd.js:9:28)
[14:51:00] Exiting application with code 1.
[14:51:02] Bot foi iniciado.
[14:51:11] [ DiscordJS ] Connected as Barman#1975.
[14:51:11] Initializing "/home/container/src/apis/MySQL/index.js"...
[14:51:11] [ MySQL ] Initializing...
[14:51:12] [ MySQL ] Connected to "database.haskhosting.com.br:3306" as "u387_OwpXLRBeV3" in "s387_barman"
[14:51:12] Initializing "/home/container/src/handlers/utility.js"...
[14:51:12] [ DiscordJS ] Handling utilities...
[14:51:12] Initializing "/home/container/src/handlers/commands.js"...
[14:51:12] [ DiscordJS ] Handling commands...
[14:51:12] [ DiscordJS ] All commands successfully imported.
[14:51:12] Initializing "/home/container/src/handlers/events.js"...
[14:51:12] [ DiscordJS ] Handling events...
[14:51:12] [ DiscordJS ] Listening to all events.
[14:51:12] Initializing "/home/container/src/systems/timers.js"...
[14:51:12] [ System ] The system is ready and running.
[15:03:33] /home/container/src/utility/db.js:22
[15:03:33]         coins: typeof fields.coins === "number" && Number.isInteger(fields.coins) ? fields.coins : 0,
[15:03:33]                              ^
[15:03:33] 
[15:03:33] TypeError: Cannot read properties of undefined (reading 'coins')
[15:03:33]     at Object.setUser (/home/container/src/utility/db.js:22:30)
[15:03:33]     at processTicksAndRejections (node:internal/process/task_queues:96:5)
[15:03:33]     at async Object.getUser (/home/container/src/utility/db.js:13:63)
[15:03:33]     at async Client.execute (/home/container/src/events/guildMemberAdd.js:9:28)
[15:03:33] Exiting application with code 1.
[15:03:34] Bot foi iniciado.
[15:03:43] [ DiscordJS ] Connected as Barman#1975.
[15:03:43] Initializing "/home/container/src/apis/MySQL/index.js"...
[15:03:43] [ MySQL ] Initializing...
[15:03:43] [ MySQL ] Connected to "database.haskhosting.com.br:3306" as "u387_OwpXLRBeV3" in "s387_barman"
[15:03:43] Initializing "/home/container/src/handlers/utility.js"...
[15:03:43] [ DiscordJS ] Handling utilities...
[15:03:43] Initializing "/home/container/src/handlers/commands.js"...
[15:03:43] [ DiscordJS ] Handling commands...
[15:03:43] [ DiscordJS ] All commands successfully imported.
[15:03:43] Initializing "/home/container/src/handlers/events.js"...
[15:03:43] [ DiscordJS ] Handling events...
[15:03:43] [ DiscordJS ] Listening to all events.
[15:03:43] Initializing "/home/container/src/systems/timers.js"...
[15:03:43] [ System ] The system is ready and running.
[16:30:24] /home/container/src/utility/db.js:22
[16:30:24]         coins: typeof fields.coins === "number" && Number.isInteger(fields.coins) ? fields.coins : 0,
[16:30:24]                              ^
[16:30:24] 
[16:30:24] TypeError: Cannot read properties of undefined (reading 'coins')
[16:30:24]     at Object.setUser (/home/container/src/utility/db.js:22:30)
[16:30:24]     at processTicksAndRejections (node:internal/process/task_queues:96:5)
[16:30:24]     at async Object.getUser (/home/container/src/utility/db.js:13:63)
[16:30:24]     at async Client.execute (/home/container/src/events/guildMemberAdd.js:9:28)
[16:30:24] Exiting application with code 1.
[16:30:25] Bot foi iniciado.
[16:30:35] [ DiscordJS ] Connected as Barman#1975.
[16:30:35] Initializing "/home/container/src/apis/MySQL/index.js"...
[16:30:35] [ MySQL ] Initializing...
[16:30:35] [ MySQL ] Connected to "database.haskhosting.com.br:3306" as "u387_OwpXLRBeV3" in "s387_barman"
[16:30:35] Initializing "/home/container/src/handlers/utility.js"...
[16:30:35] [ DiscordJS ] Handling utilities...
[16:30:35] Initializing "/home/container/src/handlers/commands.js"...
[16:30:35] [ DiscordJS ] Handling commands...
[16:30:35] [ DiscordJS ] All commands successfully imported.
[16:30:35] Initializing "/home/container/src/handlers/events.js"...
[16:30:35] [ DiscordJS ] Handling events...
[16:30:35] [ DiscordJS ] Listening to all events.
[16:30:35] Initializing "/home/container/src/systems/timers.js"...
[16:30:35] [ System ] The system is ready and running.
