[10:30:11] Bot foi iniciado.
[10:30:11] [ DiscordJS ] Connected as Barman#1975.
[10:30:11] Initializing "/home/container/src/apis/MySQL/index.js"...
[10:30:11] [ MySQL ] Initializing...
[10:30:11] [ MySQL ] Connected to "database.haskhosting.com.br:3306" as "u387_OwpXLRBeV3" in "s387_barman"
[10:30:11] Initializing "/home/container/src/handlers/utility.js"...
[10:30:11] [ DiscordJS ] Handling utilities...
[10:30:12] Initializing "/home/container/src/handlers/commands.js"...
[10:30:12] [ DiscordJS ] Handling commands...
[10:30:12] [ DiscordJS ] All commands successfully imported.
[10:30:12] Initializing "/home/container/src/handlers/events.js"...
[10:30:12] [ DiscordJS ] Handling events...
[10:30:12] [ DiscordJS ] Listening to all events.
[10:30:12] Initializing "/home/container/src/systems/timers.js"...
[10:31:21] Bot foi iniciado.
[10:31:21] [ DiscordJS ] Connected as Barman#1975.
[10:31:21] Initializing "/home/container/src/apis/MySQL/index.js"...
[10:31:21] [ MySQL ] Initializing...
[10:31:22] [ MySQL ] Connected to "database.haskhosting.com.br:3306" as "u387_OwpXLRBeV3" in "s387_barman"
[10:31:22] Initializing "/home/container/src/handlers/utility.js"...
[10:31:22] [ DiscordJS ] Handling utilities...
[10:31:22] Initializing "/home/container/src/handlers/commands.js"...
[10:31:22] [ DiscordJS ] Handling commands...
[10:31:22] [ DiscordJS ] All commands successfully imported.
[10:31:22] Initializing "/home/container/src/handlers/events.js"...
[10:31:22] [ DiscordJS ] Handling events...
[10:31:22] [ DiscordJS ] Listening to all events.
[10:31:22] Initializing "/home/container/src/systems/timers.js"...
[10:31:22] [ System ] The system is ready and running.
