[13:05:37] undefined:1
[13:05:37] undefined
[13:05:37] ^
[13:05:37] 
[13:05:37] SyntaxError: Unexpected token u in JSON at position 0
[13:05:37]     at JSON.parse (<anonymous>)
[13:05:37]     at Client.execute (/home/container/src/events/guildMemberUpdate.js:7:38)
[13:05:37]     at runMicrotasks (<anonymous>)
[13:05:37]     at processTicksAndRejections (node:internal/process/task_queues:96:5)
[13:05:37] Exiting application with code 1.
[13:05:40] Bot foi iniciado.
[13:05:49] [ DiscordJS ] Connected as Barman#1975.
[13:05:49] Initializing "/home/container/src/apis/MySQL/index.js"...
[13:05:49] [ MySQL ] Initializing...
[13:05:49] [ MySQL ] Connected to "database.haskhosting.com.br:3306" as "u387_OwpXLRBeV3" in "s387_barman"
[13:05:49] Initializing "/home/container/src/handlers/utility.js"...
[13:05:49] [ DiscordJS ] Handling utilities...
[13:05:50] Initializing "/home/container/src/handlers/commands.js"...
[13:05:50] [ DiscordJS ] Handling commands...
[13:05:50] [ DiscordJS ] All commands successfully imported.
[13:05:50] Initializing "/home/container/src/handlers/events.js"...
[13:05:50] [ DiscordJS ] Handling events...
[13:05:50] [ DiscordJS ] Listening to all events.
[13:05:50] Initializing "/home/container/src/systems/timers.js"...
[13:05:50] [ System ] The system is ready and running.
